ARM GAS  C:\Users\kateb\AppData\Local\Temp\ccYZEhfz.s 			page 1


   1              		.syntax unified
   2              		.cpu cortex-m4
   3              		.eabi_attribute 27, 1
   4              		.fpu fpv4-sp-d16
   5              		.eabi_attribute 20, 1
   6              		.eabi_attribute 21, 1
   7              		.eabi_attribute 23, 3
   8              		.eabi_attribute 24, 1
   9              		.eabi_attribute 25, 1
  10              		.eabi_attribute 26, 1
  11              		.eabi_attribute 30, 1
  12              		.eabi_attribute 34, 1
  13              		.eabi_attribute 18, 4
  14              		.thumb
  15              		.syntax unified
  16              		.file	"ADC_PM.c"
  17              		.text
  18              	.Ltext0:
  19              		.cfi_sections	.debug_frame
  20              		.global	ADC_DeepSleepCallbackStruct
  21              		.data
  22              		.align	2
  23              		.type	ADC_DeepSleepCallbackStruct, %object
  24              		.size	ADC_DeepSleepCallbackStruct, 24
  25              	ADC_DeepSleepCallbackStruct:
  26 0000 00000000 		.word	Cy_SAR_DeepSleepCallback
  27 0004 01       		.byte	1
  28 0005 00000000 		.space	7
  28      000000
  29 000c 18000000 		.word	ADC_DeepSleepCallbackParams
  30 0010 00000000 		.space	8
  30      00000000 
  31              		.type	ADC_DeepSleepCallbackParams, %object
  32              		.size	ADC_DeepSleepCallbackParams, 12
  33              	ADC_DeepSleepCallbackParams:
  34 0018 00000000 		.space	4
  35 001c 00001D41 		.word	1092419584
  36 0020 00000000 		.space	4
  37              		.text
  38              	.Letext0:
  39              		.file 1 "c:\\program files (x86)\\cypress\\psoc creator\\4.2\\psoc creator\\import\\gnu\\arm\\5.4.
  40              		.file 2 "c:\\program files (x86)\\cypress\\psoc creator\\4.2\\psoc creator\\import\\gnu\\arm\\5.4.
  41              		.file 3 "Generated_Source\\PSoC6\\pdl\\devices/psoc6/ip/cyip_sar.h"
  42              		.file 4 "Generated_Source\\PSoC6\\pdl\\drivers/peripheral/syspm/cy_syspm.h"
  43              		.file 5 "Generated_Source\\PSoC6\\pdl\\drivers/peripheral/sar/cy_sar.h"
  44              		.file 6 "Generated_Source\\PSoC6\\ADC.h"
  45              		.file 7 "Generated_Source\\PSoC6\\pdl\\cmsis/include/core_cm4.h"
  46              		.file 8 "Generated_Source\\PSoC6\\ADC_PM.c"
  47              		.section	.debug_info,"",%progbits
  48              	.Ldebug_info0:
  49 0000 C1070000 		.4byte	0x7c1
  50 0004 0400     		.2byte	0x4
  51 0006 00000000 		.4byte	.Ldebug_abbrev0
  52 000a 04       		.byte	0x4
  53 000b 01       		.uleb128 0x1
  54 000c EC070000 		.4byte	.LASF131
  55 0010 0C       		.byte	0xc
ARM GAS  C:\Users\kateb\AppData\Local\Temp\ccYZEhfz.s 			page 2


  56 0011 8F030000 		.4byte	.LASF132
  57 0015 2D040000 		.4byte	.LASF133
  58 0019 00000000 		.4byte	.Ldebug_line0
  59 001d 02       		.uleb128 0x2
  60 001e 02       		.byte	0x2
  61 001f 05       		.byte	0x5
  62 0020 F8050000 		.4byte	.LASF0
  63 0024 02       		.uleb128 0x2
  64 0025 01       		.byte	0x1
  65 0026 06       		.byte	0x6
  66 0027 EF000000 		.4byte	.LASF1
  67 002b 02       		.uleb128 0x2
  68 002c 01       		.byte	0x1
  69 002d 08       		.byte	0x8
  70 002e D9050000 		.4byte	.LASF2
  71 0032 02       		.uleb128 0x2
  72 0033 02       		.byte	0x2
  73 0034 07       		.byte	0x7
  74 0035 08030000 		.4byte	.LASF3
  75 0039 03       		.uleb128 0x3
  76 003a 76030000 		.4byte	.LASF5
  77 003e 01       		.byte	0x1
  78 003f 3F       		.byte	0x3f
  79 0040 44000000 		.4byte	0x44
  80 0044 02       		.uleb128 0x2
  81 0045 04       		.byte	0x4
  82 0046 05       		.byte	0x5
  83 0047 5A010000 		.4byte	.LASF4
  84 004b 03       		.uleb128 0x3
  85 004c 2C020000 		.4byte	.LASF6
  86 0050 01       		.byte	0x1
  87 0051 41       		.byte	0x41
  88 0052 56000000 		.4byte	0x56
  89 0056 02       		.uleb128 0x2
  90 0057 04       		.byte	0x4
  91 0058 07       		.byte	0x7
  92 0059 B5020000 		.4byte	.LASF7
  93 005d 02       		.uleb128 0x2
  94 005e 08       		.byte	0x8
  95 005f 05       		.byte	0x5
  96 0060 E1000000 		.4byte	.LASF8
  97 0064 02       		.uleb128 0x2
  98 0065 08       		.byte	0x8
  99 0066 07       		.byte	0x7
 100 0067 7A000000 		.4byte	.LASF9
 101 006b 04       		.uleb128 0x4
 102 006c 04       		.byte	0x4
 103 006d 05       		.byte	0x5
 104 006e 696E7400 		.ascii	"int\000"
 105 0072 02       		.uleb128 0x2
 106 0073 04       		.byte	0x4
 107 0074 07       		.byte	0x7
 108 0075 94020000 		.4byte	.LASF10
 109 0079 03       		.uleb128 0x3
 110 007a D1050000 		.4byte	.LASF11
 111 007e 02       		.byte	0x2
 112 007f 2C       		.byte	0x2c
ARM GAS  C:\Users\kateb\AppData\Local\Temp\ccYZEhfz.s 			page 3


 113 0080 39000000 		.4byte	0x39
 114 0084 03       		.uleb128 0x3
 115 0085 3C060000 		.4byte	.LASF12
 116 0089 02       		.byte	0x2
 117 008a 30       		.byte	0x30
 118 008b 4B000000 		.4byte	0x4b
 119 008f 02       		.uleb128 0x2
 120 0090 04       		.byte	0x4
 121 0091 07       		.byte	0x7
 122 0092 F3030000 		.4byte	.LASF13
 123 0096 05       		.uleb128 0x5
 124 0097 84000000 		.4byte	0x84
 125 009b 06       		.uleb128 0x6
 126 009c 96000000 		.4byte	0x96
 127 00a0 07       		.uleb128 0x7
 128 00a1 9B000000 		.4byte	0x9b
 129 00a5 B0000000 		.4byte	0xb0
 130 00a9 08       		.uleb128 0x8
 131 00aa 8F000000 		.4byte	0x8f
 132 00ae 01       		.byte	0x1
 133 00af 00       		.byte	0
 134 00b0 07       		.uleb128 0x7
 135 00b1 96000000 		.4byte	0x96
 136 00b5 C0000000 		.4byte	0xc0
 137 00b9 08       		.uleb128 0x8
 138 00ba 8F000000 		.4byte	0x8f
 139 00be 0F       		.byte	0xf
 140 00bf 00       		.byte	0
 141 00c0 07       		.uleb128 0x7
 142 00c1 9B000000 		.4byte	0x9b
 143 00c5 D0000000 		.4byte	0xd0
 144 00c9 08       		.uleb128 0x8
 145 00ca 8F000000 		.4byte	0x8f
 146 00ce 02       		.byte	0x2
 147 00cf 00       		.byte	0
 148 00d0 07       		.uleb128 0x7
 149 00d1 9B000000 		.4byte	0x9b
 150 00d5 E0000000 		.4byte	0xe0
 151 00d9 08       		.uleb128 0x8
 152 00da 8F000000 		.4byte	0x8f
 153 00de 0F       		.byte	0xf
 154 00df 00       		.byte	0
 155 00e0 07       		.uleb128 0x7
 156 00e1 9B000000 		.4byte	0x9b
 157 00e5 F0000000 		.4byte	0xf0
 158 00e9 08       		.uleb128 0x8
 159 00ea 8F000000 		.4byte	0x8f
 160 00ee 0E       		.byte	0xe
 161 00ef 00       		.byte	0
 162 00f0 09       		.uleb128 0x9
 163 00f1 080F     		.2byte	0xf08
 164 00f3 03       		.byte	0x3
 165 00f4 21       		.byte	0x21
 166 00f5 78030000 		.4byte	0x378
 167 00f9 0A       		.uleb128 0xa
 168 00fa D4060000 		.4byte	.LASF14
 169 00fe 03       		.byte	0x3
ARM GAS  C:\Users\kateb\AppData\Local\Temp\ccYZEhfz.s 			page 4


 170 00ff 22       		.byte	0x22
 171 0100 96000000 		.4byte	0x96
 172 0104 00       		.byte	0
 173 0105 0A       		.uleb128 0xa
 174 0106 9D040000 		.4byte	.LASF15
 175 010a 03       		.byte	0x3
 176 010b 23       		.byte	0x23
 177 010c 96000000 		.4byte	0x96
 178 0110 04       		.byte	0x4
 179 0111 0A       		.uleb128 0xa
 180 0112 15060000 		.4byte	.LASF16
 181 0116 03       		.byte	0x3
 182 0117 24       		.byte	0x24
 183 0118 7D030000 		.4byte	0x37d
 184 011c 08       		.byte	0x8
 185 011d 0A       		.uleb128 0xa
 186 011e 55020000 		.4byte	.LASF17
 187 0122 03       		.byte	0x3
 188 0123 25       		.byte	0x25
 189 0124 96000000 		.4byte	0x96
 190 0128 10       		.byte	0x10
 191 0129 0A       		.uleb128 0xa
 192 012a E7040000 		.4byte	.LASF18
 193 012e 03       		.byte	0x3
 194 012f 26       		.byte	0x26
 195 0130 96000000 		.4byte	0x96
 196 0134 14       		.byte	0x14
 197 0135 0A       		.uleb128 0xa
 198 0136 A9040000 		.4byte	.LASF19
 199 013a 03       		.byte	0x3
 200 013b 27       		.byte	0x27
 201 013c 96000000 		.4byte	0x96
 202 0140 18       		.byte	0x18
 203 0141 0A       		.uleb128 0xa
 204 0142 5D000000 		.4byte	.LASF20
 205 0146 03       		.byte	0x3
 206 0147 28       		.byte	0x28
 207 0148 96000000 		.4byte	0x96
 208 014c 1C       		.byte	0x1c
 209 014d 0A       		.uleb128 0xa
 210 014e DF040000 		.4byte	.LASF21
 211 0152 03       		.byte	0x3
 212 0153 29       		.byte	0x29
 213 0154 96000000 		.4byte	0x96
 214 0158 20       		.byte	0x20
 215 0159 0A       		.uleb128 0xa
 216 015a 09070000 		.4byte	.LASF22
 217 015e 03       		.byte	0x3
 218 015f 2A       		.byte	0x2a
 219 0160 96000000 		.4byte	0x96
 220 0164 24       		.byte	0x24
 221 0165 0A       		.uleb128 0xa
 222 0166 51050000 		.4byte	.LASF23
 223 016a 03       		.byte	0x3
 224 016b 2B       		.byte	0x2b
 225 016c 97030000 		.4byte	0x397
 226 0170 28       		.byte	0x28
ARM GAS  C:\Users\kateb\AppData\Local\Temp\ccYZEhfz.s 			page 5


 227 0171 0A       		.uleb128 0xa
 228 0172 71020000 		.4byte	.LASF24
 229 0176 03       		.byte	0x3
 230 0177 2C       		.byte	0x2c
 231 0178 9C030000 		.4byte	0x39c
 232 017c 80       		.byte	0x80
 233 017d 0A       		.uleb128 0xa
 234 017e 5B050000 		.4byte	.LASF25
 235 0182 03       		.byte	0x3
 236 0183 2D       		.byte	0x2d
 237 0184 A6030000 		.4byte	0x3a6
 238 0188 C0       		.byte	0xc0
 239 0189 0B       		.uleb128 0xb
 240 018a B7060000 		.4byte	.LASF26
 241 018e 03       		.byte	0x3
 242 018f 2E       		.byte	0x2e
 243 0190 B0030000 		.4byte	0x3b0
 244 0194 0001     		.2byte	0x100
 245 0196 0B       		.uleb128 0xb
 246 0197 65050000 		.4byte	.LASF27
 247 019b 03       		.byte	0x3
 248 019c 2F       		.byte	0x2f
 249 019d BA030000 		.4byte	0x3ba
 250 01a1 4001     		.2byte	0x140
 251 01a3 0B       		.uleb128 0xb
 252 01a4 14040000 		.4byte	.LASF28
 253 01a8 03       		.byte	0x3
 254 01a9 30       		.byte	0x30
 255 01aa C4030000 		.4byte	0x3c4
 256 01ae 8001     		.2byte	0x180
 257 01b0 0B       		.uleb128 0xb
 258 01b1 6F050000 		.4byte	.LASF29
 259 01b5 03       		.byte	0x3
 260 01b6 31       		.byte	0x31
 261 01b7 CE030000 		.4byte	0x3ce
 262 01bb C001     		.2byte	0x1c0
 263 01bd 0B       		.uleb128 0xb
 264 01be 31030000 		.4byte	.LASF30
 265 01c2 03       		.byte	0x3
 266 01c3 32       		.byte	0x32
 267 01c4 9B000000 		.4byte	0x9b
 268 01c8 0002     		.2byte	0x200
 269 01ca 0B       		.uleb128 0xb
 270 01cb 34070000 		.4byte	.LASF31
 271 01cf 03       		.byte	0x3
 272 01d0 33       		.byte	0x33
 273 01d1 9B000000 		.4byte	0x9b
 274 01d5 0402     		.2byte	0x204
 275 01d7 0B       		.uleb128 0xb
 276 01d8 C7020000 		.4byte	.LASF32
 277 01dc 03       		.byte	0x3
 278 01dd 34       		.byte	0x34
 279 01de 9B000000 		.4byte	0x9b
 280 01e2 0802     		.2byte	0x208
 281 01e4 0B       		.uleb128 0xb
 282 01e5 1E060000 		.4byte	.LASF33
 283 01e9 03       		.byte	0x3
ARM GAS  C:\Users\kateb\AppData\Local\Temp\ccYZEhfz.s 			page 6


 284 01ea 35       		.byte	0x35
 285 01eb 9B000000 		.4byte	0x9b
 286 01ef 0C02     		.2byte	0x20c
 287 01f1 0B       		.uleb128 0xb
 288 01f2 9B060000 		.4byte	.LASF34
 289 01f6 03       		.byte	0x3
 290 01f7 36       		.byte	0x36
 291 01f8 96000000 		.4byte	0x96
 292 01fc 1002     		.2byte	0x210
 293 01fe 0B       		.uleb128 0xb
 294 01ff E5030000 		.4byte	.LASF35
 295 0203 03       		.byte	0x3
 296 0204 37       		.byte	0x37
 297 0205 96000000 		.4byte	0x96
 298 0209 1402     		.2byte	0x214
 299 020b 0B       		.uleb128 0xb
 300 020c ED020000 		.4byte	.LASF36
 301 0210 03       		.byte	0x3
 302 0211 38       		.byte	0x38
 303 0212 96000000 		.4byte	0x96
 304 0216 1802     		.2byte	0x218
 305 0218 0B       		.uleb128 0xb
 306 0219 3F050000 		.4byte	.LASF37
 307 021d 03       		.byte	0x3
 308 021e 39       		.byte	0x39
 309 021f 9B000000 		.4byte	0x9b
 310 0223 1C02     		.2byte	0x21c
 311 0225 0B       		.uleb128 0xb
 312 0226 63020000 		.4byte	.LASF38
 313 022a 03       		.byte	0x3
 314 022b 3A       		.byte	0x3a
 315 022c 96000000 		.4byte	0x96
 316 0230 2002     		.2byte	0x220
 317 0232 0B       		.uleb128 0xb
 318 0233 11050000 		.4byte	.LASF39
 319 0237 03       		.byte	0x3
 320 0238 3B       		.byte	0x3b
 321 0239 96000000 		.4byte	0x96
 322 023d 2402     		.2byte	0x224
 323 023f 0B       		.uleb128 0xb
 324 0240 91000000 		.4byte	.LASF40
 325 0244 03       		.byte	0x3
 326 0245 3C       		.byte	0x3c
 327 0246 96000000 		.4byte	0x96
 328 024a 2802     		.2byte	0x228
 329 024c 0B       		.uleb128 0xb
 330 024d 86060000 		.4byte	.LASF41
 331 0251 03       		.byte	0x3
 332 0252 3D       		.byte	0x3d
 333 0253 9B000000 		.4byte	0x9b
 334 0257 2C02     		.2byte	0x22c
 335 0259 0B       		.uleb128 0xb
 336 025a 26030000 		.4byte	.LASF42
 337 025e 03       		.byte	0x3
 338 025f 3E       		.byte	0x3e
 339 0260 96000000 		.4byte	0x96
 340 0264 3002     		.2byte	0x230
ARM GAS  C:\Users\kateb\AppData\Local\Temp\ccYZEhfz.s 			page 7


 341 0266 0B       		.uleb128 0xb
 342 0267 B0070000 		.4byte	.LASF43
 343 026b 03       		.byte	0x3
 344 026c 3F       		.byte	0x3f
 345 026d 96000000 		.4byte	0x96
 346 0271 3402     		.2byte	0x234
 347 0273 0B       		.uleb128 0xb
 348 0274 76060000 		.4byte	.LASF44
 349 0278 03       		.byte	0x3
 350 0279 40       		.byte	0x40
 351 027a 96000000 		.4byte	0x96
 352 027e 3802     		.2byte	0x238
 353 0280 0B       		.uleb128 0xb
 354 0281 9F080000 		.4byte	.LASF45
 355 0285 03       		.byte	0x3
 356 0286 41       		.byte	0x41
 357 0287 9B000000 		.4byte	0x9b
 358 028b 3C02     		.2byte	0x23c
 359 028d 0B       		.uleb128 0xb
 360 028e 75010000 		.4byte	.LASF46
 361 0292 03       		.byte	0x3
 362 0293 42       		.byte	0x42
 363 0294 9B000000 		.4byte	0x9b
 364 0298 4002     		.2byte	0x240
 365 029a 0B       		.uleb128 0xb
 366 029b 79050000 		.4byte	.LASF47
 367 029f 03       		.byte	0x3
 368 02a0 43       		.byte	0x43
 369 02a1 D8030000 		.4byte	0x3d8
 370 02a5 4402     		.2byte	0x244
 371 02a7 0B       		.uleb128 0xb
 372 02a8 FC030000 		.4byte	.LASF48
 373 02ac 03       		.byte	0x3
 374 02ad 44       		.byte	0x44
 375 02ae 96000000 		.4byte	0x96
 376 02b2 8002     		.2byte	0x280
 377 02b4 0B       		.uleb128 0xb
 378 02b5 83050000 		.4byte	.LASF49
 379 02b9 03       		.byte	0x3
 380 02ba 45       		.byte	0x45
 381 02bb E2030000 		.4byte	0x3e2
 382 02bf 8402     		.2byte	0x284
 383 02c1 0B       		.uleb128 0xb
 384 02c2 80010000 		.4byte	.LASF50
 385 02c6 03       		.byte	0x3
 386 02c7 46       		.byte	0x46
 387 02c8 9B000000 		.4byte	0x9b
 388 02cc 9002     		.2byte	0x290
 389 02ce 0B       		.uleb128 0xb
 390 02cf 8D050000 		.4byte	.LASF51
 391 02d3 03       		.byte	0x3
 392 02d4 47       		.byte	0x47
 393 02d5 EC030000 		.4byte	0x3ec
 394 02d9 9402     		.2byte	0x294
 395 02db 0B       		.uleb128 0xb
 396 02dc A5060000 		.4byte	.LASF52
 397 02e0 03       		.byte	0x3
ARM GAS  C:\Users\kateb\AppData\Local\Temp\ccYZEhfz.s 			page 8


 398 02e1 48       		.byte	0x48
 399 02e2 9B000000 		.4byte	0x9b
 400 02e6 A002     		.2byte	0x2a0
 401 02e8 0B       		.uleb128 0xb
 402 02e9 F5040000 		.4byte	.LASF53
 403 02ed 03       		.byte	0x3
 404 02ee 49       		.byte	0x49
 405 02ef 9B000000 		.4byte	0x9b
 406 02f3 A402     		.2byte	0x2a4
 407 02f5 0B       		.uleb128 0xb
 408 02f6 97050000 		.4byte	.LASF54
 409 02fa 03       		.byte	0x3
 410 02fb 4A       		.byte	0x4a
 411 02fc F6030000 		.4byte	0x3f6
 412 0300 A802     		.2byte	0x2a8
 413 0302 0B       		.uleb128 0xb
 414 0303 4C000000 		.4byte	.LASF55
 415 0307 03       		.byte	0x3
 416 0308 4B       		.byte	0x4b
 417 0309 96000000 		.4byte	0x96
 418 030d 0003     		.2byte	0x300
 419 030f 0B       		.uleb128 0xb
 420 0310 AA010000 		.4byte	.LASF56
 421 0314 03       		.byte	0x3
 422 0315 4C       		.byte	0x4c
 423 0316 96000000 		.4byte	0x96
 424 031a 0403     		.2byte	0x304
 425 031c 0B       		.uleb128 0xb
 426 031d A1050000 		.4byte	.LASF57
 427 0321 03       		.byte	0x3
 428 0322 4D       		.byte	0x4d
 429 0323 10040000 		.4byte	0x410
 430 0327 0803     		.2byte	0x308
 431 0329 0B       		.uleb128 0xb
 432 032a DA020000 		.4byte	.LASF58
 433 032e 03       		.byte	0x3
 434 032f 4E       		.byte	0x4e
 435 0330 96000000 		.4byte	0x96
 436 0334 4003     		.2byte	0x340
 437 0336 0B       		.uleb128 0xb
 438 0337 C1060000 		.4byte	.LASF59
 439 033b 03       		.byte	0x3
 440 033c 4F       		.byte	0x4f
 441 033d 96000000 		.4byte	0x96
 442 0341 4403     		.2byte	0x344
 443 0343 0B       		.uleb128 0xb
 444 0344 63010000 		.4byte	.LASF60
 445 0348 03       		.byte	0x3
 446 0349 50       		.byte	0x50
 447 034a 9B000000 		.4byte	0x9b
 448 034e 4803     		.2byte	0x348
 449 0350 0B       		.uleb128 0xb
 450 0351 29010000 		.4byte	.LASF61
 451 0355 03       		.byte	0x3
 452 0356 51       		.byte	0x51
 453 0357 2B040000 		.4byte	0x42b
 454 035b 4C03     		.2byte	0x34c
ARM GAS  C:\Users\kateb\AppData\Local\Temp\ccYZEhfz.s 			page 9


 455 035d 0B       		.uleb128 0xb
 456 035e B9000000 		.4byte	.LASF62
 457 0362 03       		.byte	0x3
 458 0363 52       		.byte	0x52
 459 0364 96000000 		.4byte	0x96
 460 0368 000F     		.2byte	0xf00
 461 036a 0B       		.uleb128 0xb
 462 036b C3000000 		.4byte	.LASF63
 463 036f 03       		.byte	0x3
 464 0370 53       		.byte	0x53
 465 0371 96000000 		.4byte	0x96
 466 0375 040F     		.2byte	0xf04
 467 0377 00       		.byte	0
 468 0378 05       		.uleb128 0x5
 469 0379 A0000000 		.4byte	0xa0
 470 037d 06       		.uleb128 0x6
 471 037e 78030000 		.4byte	0x378
 472 0382 07       		.uleb128 0x7
 473 0383 9B000000 		.4byte	0x9b
 474 0387 92030000 		.4byte	0x392
 475 038b 08       		.uleb128 0x8
 476 038c 8F000000 		.4byte	0x8f
 477 0390 15       		.byte	0x15
 478 0391 00       		.byte	0
 479 0392 05       		.uleb128 0x5
 480 0393 82030000 		.4byte	0x382
 481 0397 06       		.uleb128 0x6
 482 0398 92030000 		.4byte	0x392
 483 039c 05       		.uleb128 0x5
 484 039d B0000000 		.4byte	0xb0
 485 03a1 05       		.uleb128 0x5
 486 03a2 D0000000 		.4byte	0xd0
 487 03a6 06       		.uleb128 0x6
 488 03a7 A1030000 		.4byte	0x3a1
 489 03ab 05       		.uleb128 0x5
 490 03ac D0000000 		.4byte	0xd0
 491 03b0 06       		.uleb128 0x6
 492 03b1 AB030000 		.4byte	0x3ab
 493 03b5 05       		.uleb128 0x5
 494 03b6 D0000000 		.4byte	0xd0
 495 03ba 06       		.uleb128 0x6
 496 03bb B5030000 		.4byte	0x3b5
 497 03bf 05       		.uleb128 0x5
 498 03c0 D0000000 		.4byte	0xd0
 499 03c4 06       		.uleb128 0x6
 500 03c5 BF030000 		.4byte	0x3bf
 501 03c9 05       		.uleb128 0x5
 502 03ca D0000000 		.4byte	0xd0
 503 03ce 06       		.uleb128 0x6
 504 03cf C9030000 		.4byte	0x3c9
 505 03d3 05       		.uleb128 0x5
 506 03d4 E0000000 		.4byte	0xe0
 507 03d8 06       		.uleb128 0x6
 508 03d9 D3030000 		.4byte	0x3d3
 509 03dd 05       		.uleb128 0x5
 510 03de C0000000 		.4byte	0xc0
 511 03e2 06       		.uleb128 0x6
ARM GAS  C:\Users\kateb\AppData\Local\Temp\ccYZEhfz.s 			page 10


 512 03e3 DD030000 		.4byte	0x3dd
 513 03e7 05       		.uleb128 0x5
 514 03e8 C0000000 		.4byte	0xc0
 515 03ec 06       		.uleb128 0x6
 516 03ed E7030000 		.4byte	0x3e7
 517 03f1 05       		.uleb128 0x5
 518 03f2 82030000 		.4byte	0x382
 519 03f6 06       		.uleb128 0x6
 520 03f7 F1030000 		.4byte	0x3f1
 521 03fb 07       		.uleb128 0x7
 522 03fc 9B000000 		.4byte	0x9b
 523 0400 0B040000 		.4byte	0x40b
 524 0404 08       		.uleb128 0x8
 525 0405 8F000000 		.4byte	0x8f
 526 0409 0D       		.byte	0xd
 527 040a 00       		.byte	0
 528 040b 05       		.uleb128 0x5
 529 040c FB030000 		.4byte	0x3fb
 530 0410 06       		.uleb128 0x6
 531 0411 0B040000 		.4byte	0x40b
 532 0415 07       		.uleb128 0x7
 533 0416 9B000000 		.4byte	0x9b
 534 041a 26040000 		.4byte	0x426
 535 041e 0C       		.uleb128 0xc
 536 041f 8F000000 		.4byte	0x8f
 537 0423 EC02     		.2byte	0x2ec
 538 0425 00       		.byte	0
 539 0426 05       		.uleb128 0x5
 540 0427 15040000 		.4byte	0x415
 541 042b 06       		.uleb128 0x6
 542 042c 26040000 		.4byte	0x426
 543 0430 03       		.uleb128 0x3
 544 0431 33060000 		.4byte	.LASF64
 545 0435 03       		.byte	0x3
 546 0436 54       		.byte	0x54
 547 0437 F0000000 		.4byte	0xf0
 548 043b 02       		.uleb128 0x2
 549 043c 08       		.byte	0x8
 550 043d 04       		.byte	0x4
 551 043e 51060000 		.4byte	.LASF65
 552 0442 02       		.uleb128 0x2
 553 0443 01       		.byte	0x1
 554 0444 08       		.byte	0x8
 555 0445 5D060000 		.4byte	.LASF66
 556 0449 02       		.uleb128 0x2
 557 044a 04       		.byte	0x4
 558 044b 04       		.byte	0x4
 559 044c 4B050000 		.4byte	.LASF67
 560 0450 02       		.uleb128 0x2
 561 0451 08       		.byte	0x8
 562 0452 04       		.byte	0x4
 563 0453 A3010000 		.4byte	.LASF68
 564 0457 0D       		.uleb128 0xd
 565 0458 04       		.byte	0x4
 566 0459 72000000 		.4byte	0x72
 567 045d 04       		.byte	0x4
 568 045e BF03     		.2byte	0x3bf
ARM GAS  C:\Users\kateb\AppData\Local\Temp\ccYZEhfz.s 			page 11


 569 0460 98040000 		.4byte	0x498
 570 0464 0E       		.uleb128 0xe
 571 0465 48070000 		.4byte	.LASF69
 572 0469 00       		.byte	0
 573 046a 0F       		.uleb128 0xf
 574 046b 39000000 		.4byte	.LASF70
 575 046f 01004200 		.4byte	0x420001
 576 0473 0F       		.uleb128 0xf
 577 0474 1C000000 		.4byte	.LASF71
 578 0478 02004200 		.4byte	0x420002
 579 047c 0F       		.uleb128 0xf
 580 047d 7D020000 		.4byte	.LASF72
 581 0481 03004200 		.4byte	0x420003
 582 0485 0F       		.uleb128 0xf
 583 0486 43020000 		.4byte	.LASF73
 584 048a 04004200 		.4byte	0x420004
 585 048e 0F       		.uleb128 0xf
 586 048f D9060000 		.4byte	.LASF74
 587 0493 FF004200 		.4byte	0x4200ff
 588 0497 00       		.byte	0
 589 0498 10       		.uleb128 0x10
 590 0499 14070000 		.4byte	.LASF75
 591 049d 04       		.byte	0x4
 592 049e C703     		.2byte	0x3c7
 593 04a0 57040000 		.4byte	0x457
 594 04a4 0D       		.uleb128 0xd
 595 04a5 01       		.byte	0x1
 596 04a6 2B000000 		.4byte	0x2b
 597 04aa 04       		.byte	0x4
 598 04ab 5904     		.2byte	0x459
 599 04ad D0040000 		.4byte	0x4d0
 600 04b1 0E       		.uleb128 0xe
 601 04b2 B5040000 		.4byte	.LASF76
 602 04b6 00       		.byte	0
 603 04b7 0E       		.uleb128 0xe
 604 04b8 63030000 		.4byte	.LASF77
 605 04bc 01       		.byte	0x1
 606 04bd 0E       		.uleb128 0xe
 607 04be FE040000 		.4byte	.LASF78
 608 04c2 02       		.byte	0x2
 609 04c3 0E       		.uleb128 0xe
 610 04c4 CF070000 		.4byte	.LASF79
 611 04c8 03       		.byte	0x3
 612 04c9 0E       		.uleb128 0xe
 613 04ca AF030000 		.4byte	.LASF80
 614 04ce 04       		.byte	0x4
 615 04cf 00       		.byte	0
 616 04d0 10       		.uleb128 0x10
 617 04d1 00000000 		.4byte	.LASF81
 618 04d5 04       		.byte	0x4
 619 04d6 5F04     		.2byte	0x45f
 620 04d8 A4040000 		.4byte	0x4a4
 621 04dc 0D       		.uleb128 0xd
 622 04dd 01       		.byte	0x1
 623 04de 2B000000 		.4byte	0x2b
 624 04e2 04       		.byte	0x4
 625 04e3 6304     		.2byte	0x463
ARM GAS  C:\Users\kateb\AppData\Local\Temp\ccYZEhfz.s 			page 12


 626 04e5 02050000 		.4byte	0x502
 627 04e9 0E       		.uleb128 0xe
 628 04ea 73070000 		.4byte	.LASF82
 629 04ee 01       		.byte	0x1
 630 04ef 0E       		.uleb128 0xe
 631 04f0 A1020000 		.4byte	.LASF83
 632 04f4 02       		.byte	0x2
 633 04f5 0E       		.uleb128 0xe
 634 04f6 C4040000 		.4byte	.LASF84
 635 04fa 04       		.byte	0x4
 636 04fb 0E       		.uleb128 0xe
 637 04fc CB030000 		.4byte	.LASF85
 638 0500 08       		.byte	0x8
 639 0501 00       		.byte	0
 640 0502 10       		.uleb128 0x10
 641 0503 23050000 		.4byte	.LASF86
 642 0507 04       		.byte	0x4
 643 0508 6D04     		.2byte	0x46d
 644 050a DC040000 		.4byte	0x4dc
 645 050e 11       		.uleb128 0x11
 646 050f 0C       		.byte	0xc
 647 0510 04       		.byte	0x4
 648 0511 8904     		.2byte	0x489
 649 0513 3F050000 		.4byte	0x53f
 650 0517 12       		.uleb128 0x12
 651 0518 62060000 		.4byte	.LASF87
 652 051c 04       		.byte	0x4
 653 051d 8B04     		.2byte	0x48b
 654 051f 02050000 		.4byte	0x502
 655 0523 00       		.byte	0
 656 0524 12       		.uleb128 0x12
 657 0525 EE030000 		.4byte	.LASF88
 658 0529 04       		.byte	0x4
 659 052a 8F04     		.2byte	0x48f
 660 052c 3F050000 		.4byte	0x53f
 661 0530 04       		.byte	0x4
 662 0531 12       		.uleb128 0x12
 663 0532 00030000 		.4byte	.LASF89
 664 0536 04       		.byte	0x4
 665 0537 9104     		.2byte	0x491
 666 0539 3F050000 		.4byte	0x53f
 667 053d 08       		.byte	0x8
 668 053e 00       		.byte	0
 669 053f 13       		.uleb128 0x13
 670 0540 04       		.byte	0x4
 671 0541 10       		.uleb128 0x10
 672 0542 F7010000 		.4byte	.LASF90
 673 0546 04       		.byte	0x4
 674 0547 9404     		.2byte	0x494
 675 0549 0E050000 		.4byte	0x50e
 676 054d 10       		.uleb128 0x10
 677 054e E7050000 		.4byte	.LASF91
 678 0552 04       		.byte	0x4
 679 0553 9704     		.2byte	0x497
 680 0555 59050000 		.4byte	0x559
 681 0559 14       		.uleb128 0x14
 682 055a 04       		.byte	0x4
ARM GAS  C:\Users\kateb\AppData\Local\Temp\ccYZEhfz.s 			page 13


 683 055b 5F050000 		.4byte	0x55f
 684 055f 15       		.uleb128 0x15
 685 0560 98040000 		.4byte	0x498
 686 0564 6E050000 		.4byte	0x56e
 687 0568 16       		.uleb128 0x16
 688 0569 6E050000 		.4byte	0x56e
 689 056d 00       		.byte	0
 690 056e 14       		.uleb128 0x14
 691 056f 04       		.byte	0x4
 692 0570 41050000 		.4byte	0x541
 693 0574 17       		.uleb128 0x17
 694 0575 16020000 		.4byte	.LASF134
 695 0579 18       		.byte	0x18
 696 057a 04       		.byte	0x4
 697 057b 9A04     		.2byte	0x49a
 698 057d D0050000 		.4byte	0x5d0
 699 0581 12       		.uleb128 0x12
 700 0582 43030000 		.4byte	.LASF92
 701 0586 04       		.byte	0x4
 702 0587 9C04     		.2byte	0x49c
 703 0589 4D050000 		.4byte	0x54d
 704 058d 00       		.byte	0
 705 058e 12       		.uleb128 0x12
 706 058f 58000000 		.4byte	.LASF93
 707 0593 04       		.byte	0x4
 708 0594 9D04     		.2byte	0x49d
 709 0596 D0040000 		.4byte	0x4d0
 710 059a 04       		.byte	0x4
 711 059b 12       		.uleb128 0x12
 712 059c F7020000 		.4byte	.LASF94
 713 05a0 04       		.byte	0x4
 714 05a1 9E04     		.2byte	0x49e
 715 05a3 84000000 		.4byte	0x84
 716 05a7 08       		.byte	0x8
 717 05a8 12       		.uleb128 0x12
 718 05a9 80030000 		.4byte	.LASF95
 719 05ad 04       		.byte	0x4
 720 05ae A504     		.2byte	0x4a5
 721 05b0 6E050000 		.4byte	0x56e
 722 05b4 0C       		.byte	0xc
 723 05b5 12       		.uleb128 0x12
 724 05b6 B1000000 		.4byte	.LASF96
 725 05ba 04       		.byte	0x4
 726 05bb A804     		.2byte	0x4a8
 727 05bd D0050000 		.4byte	0x5d0
 728 05c1 10       		.byte	0x10
 729 05c2 12       		.uleb128 0x12
 730 05c3 0C040000 		.4byte	.LASF97
 731 05c7 04       		.byte	0x4
 732 05c8 AE04     		.2byte	0x4ae
 733 05ca D0050000 		.4byte	0x5d0
 734 05ce 14       		.byte	0x14
 735 05cf 00       		.byte	0
 736 05d0 14       		.uleb128 0x14
 737 05d1 04       		.byte	0x4
 738 05d2 74050000 		.4byte	0x574
 739 05d6 10       		.uleb128 0x10
ARM GAS  C:\Users\kateb\AppData\Local\Temp\ccYZEhfz.s 			page 14


 740 05d7 E7060000 		.4byte	.LASF98
 741 05db 04       		.byte	0x4
 742 05dc B304     		.2byte	0x4b3
 743 05de 74050000 		.4byte	0x574
 744 05e2 0D       		.uleb128 0xd
 745 05e3 01       		.byte	0x1
 746 05e4 2B000000 		.4byte	0x2b
 747 05e8 05       		.byte	0x5
 748 05e9 0504     		.2byte	0x405
 749 05eb 08060000 		.4byte	0x608
 750 05ef 0E       		.uleb128 0xe
 751 05f0 42010000 		.4byte	.LASF99
 752 05f4 00       		.byte	0
 753 05f5 0E       		.uleb128 0xe
 754 05f6 B2050000 		.4byte	.LASF100
 755 05fa 01       		.byte	0x1
 756 05fb 0E       		.uleb128 0xe
 757 05fc 8B010000 		.4byte	.LASF101
 758 0600 02       		.byte	0x2
 759 0601 0E       		.uleb128 0xe
 760 0602 59070000 		.4byte	.LASF102
 761 0606 03       		.byte	0x3
 762 0607 00       		.byte	0
 763 0608 10       		.uleb128 0x10
 764 0609 FB000000 		.4byte	.LASF103
 765 060d 05       		.byte	0x5
 766 060e 0A04     		.2byte	0x40a
 767 0610 E2050000 		.4byte	0x5e2
 768 0614 11       		.uleb128 0x11
 769 0615 78       		.byte	0x78
 770 0616 05       		.byte	0x5
 771 0617 F404     		.2byte	0x4f4
 772 0619 E1060000 		.4byte	0x6e1
 773 061d 12       		.uleb128 0x12
 774 061e A0060000 		.4byte	.LASF104
 775 0622 05       		.byte	0x5
 776 0623 F604     		.2byte	0x4f6
 777 0625 84000000 		.4byte	0x84
 778 0629 00       		.byte	0
 779 062a 12       		.uleb128 0x12
 780 062b 29070000 		.4byte	.LASF105
 781 062f 05       		.byte	0x5
 782 0630 F704     		.2byte	0x4f7
 783 0632 84000000 		.4byte	0x84
 784 0636 04       		.byte	0x4
 785 0637 12       		.uleb128 0x12
 786 0638 EA010000 		.4byte	.LASF106
 787 063c 05       		.byte	0x5
 788 063d F804     		.2byte	0x4f8
 789 063f 84000000 		.4byte	0x84
 790 0643 08       		.byte	0x8
 791 0644 12       		.uleb128 0x12
 792 0645 20040000 		.4byte	.LASF107
 793 0649 05       		.byte	0x5
 794 064a F904     		.2byte	0x4f9
 795 064c 84000000 		.4byte	0x84
 796 0650 0C       		.byte	0xc
ARM GAS  C:\Users\kateb\AppData\Local\Temp\ccYZEhfz.s 			page 15


 797 0651 12       		.uleb128 0x12
 798 0652 1B030000 		.4byte	.LASF108
 799 0656 05       		.byte	0x5
 800 0657 FA04     		.2byte	0x4fa
 801 0659 84000000 		.4byte	0x84
 802 065d 10       		.byte	0x10
 803 065e 12       		.uleb128 0x12
 804 065f FF060000 		.4byte	.LASF109
 805 0663 05       		.byte	0x5
 806 0664 FB04     		.2byte	0x4fb
 807 0666 08060000 		.4byte	0x608
 808 066a 14       		.byte	0x14
 809 066b 12       		.uleb128 0x12
 810 066c AB050000 		.4byte	.LASF110
 811 0670 05       		.byte	0x5
 812 0671 FC04     		.2byte	0x4fc
 813 0673 84000000 		.4byte	0x84
 814 0677 18       		.byte	0x18
 815 0678 12       		.uleb128 0x12
 816 0679 58030000 		.4byte	.LASF111
 817 067d 05       		.byte	0x5
 818 067e FD04     		.2byte	0x4fd
 819 0680 E1060000 		.4byte	0x6e1
 820 0684 1C       		.byte	0x1c
 821 0685 12       		.uleb128 0x12
 822 0686 0C060000 		.4byte	.LASF112
 823 068a 05       		.byte	0x5
 824 068b FE04     		.2byte	0x4fe
 825 068d 84000000 		.4byte	0x84
 826 0691 5C       		.byte	0x5c
 827 0692 12       		.uleb128 0x12
 828 0693 2D000000 		.4byte	.LASF113
 829 0697 05       		.byte	0x5
 830 0698 FF04     		.2byte	0x4ff
 831 069a 84000000 		.4byte	0x84
 832 069e 60       		.byte	0x60
 833 069f 12       		.uleb128 0x12
 834 06a0 34010000 		.4byte	.LASF114
 835 06a4 05       		.byte	0x5
 836 06a5 0005     		.2byte	0x500
 837 06a7 84000000 		.4byte	0x84
 838 06ab 64       		.byte	0x64
 839 06ac 12       		.uleb128 0x12
 840 06ad 02060000 		.4byte	.LASF115
 841 06b1 05       		.byte	0x5
 842 06b2 0105     		.2byte	0x501
 843 06b4 84000000 		.4byte	0x84
 844 06b8 68       		.byte	0x68
 845 06b9 12       		.uleb128 0x12
 846 06ba BF070000 		.4byte	.LASF116
 847 06be 05       		.byte	0x5
 848 06bf 0205     		.2byte	0x502
 849 06c1 84000000 		.4byte	0x84
 850 06c5 6C       		.byte	0x6c
 851 06c6 12       		.uleb128 0x12
 852 06c7 8F040000 		.4byte	.LASF117
 853 06cb 05       		.byte	0x5
ARM GAS  C:\Users\kateb\AppData\Local\Temp\ccYZEhfz.s 			page 16


 854 06cc 0305     		.2byte	0x503
 855 06ce F1060000 		.4byte	0x6f1
 856 06d2 70       		.byte	0x70
 857 06d3 12       		.uleb128 0x12
 858 06d4 45060000 		.4byte	.LASF118
 859 06d8 05       		.byte	0x5
 860 06d9 0405     		.2byte	0x504
 861 06db 84000000 		.4byte	0x84
 862 06df 74       		.byte	0x74
 863 06e0 00       		.byte	0
 864 06e1 07       		.uleb128 0x7
 865 06e2 84000000 		.4byte	0x84
 866 06e6 F1060000 		.4byte	0x6f1
 867 06ea 08       		.uleb128 0x8
 868 06eb 8F000000 		.4byte	0x8f
 869 06ef 0F       		.byte	0xf
 870 06f0 00       		.byte	0
 871 06f1 02       		.uleb128 0x2
 872 06f2 01       		.byte	0x1
 873 06f3 02       		.byte	0x2
 874 06f4 CB050000 		.4byte	.LASF119
 875 06f8 10       		.uleb128 0x10
 876 06f9 CD000000 		.4byte	.LASF120
 877 06fd 05       		.byte	0x5
 878 06fe 0505     		.2byte	0x505
 879 0700 14060000 		.4byte	0x614
 880 0704 18       		.uleb128 0x18
 881 0705 14       		.byte	0x14
 882 0706 06       		.byte	0x6
 883 0707 3B       		.byte	0x3b
 884 0708 49070000 		.4byte	0x749
 885 070c 0A       		.uleb128 0xa
 886 070d A4070000 		.4byte	.LASF121
 887 0711 06       		.byte	0x6
 888 0712 3D       		.byte	0x3d
 889 0713 84000000 		.4byte	0x84
 890 0717 00       		.byte	0
 891 0718 0A       		.uleb128 0xa
 892 0719 4C030000 		.4byte	.LASF122
 893 071d 06       		.byte	0x6
 894 071e 3E       		.byte	0x3e
 895 071f 84000000 		.4byte	0x84
 896 0723 04       		.byte	0x4
 897 0724 0A       		.uleb128 0xa
 898 0725 37020000 		.4byte	.LASF123
 899 0729 06       		.byte	0x6
 900 072a 3F       		.byte	0x3f
 901 072b 49070000 		.4byte	0x749
 902 072f 08       		.byte	0x8
 903 0730 0A       		.uleb128 0xa
 904 0731 AC060000 		.4byte	.LASF124
 905 0735 06       		.byte	0x6
 906 0736 40       		.byte	0x40
 907 0737 84000000 		.4byte	0x84
 908 073b 0C       		.byte	0xc
 909 073c 0A       		.uleb128 0xa
 910 073d 1E010000 		.4byte	.LASF125
ARM GAS  C:\Users\kateb\AppData\Local\Temp\ccYZEhfz.s 			page 17


 911 0741 06       		.byte	0x6
 912 0742 45       		.byte	0x45
 913 0743 84000000 		.4byte	0x84
 914 0747 10       		.byte	0x10
 915 0748 00       		.byte	0
 916 0749 14       		.uleb128 0x14
 917 074a 04       		.byte	0x4
 918 074b 4F070000 		.4byte	0x74f
 919 074f 06       		.uleb128 0x6
 920 0750 F8060000 		.4byte	0x6f8
 921 0754 03       		.uleb128 0x3
 922 0755 BC010000 		.4byte	.LASF126
 923 0759 06       		.byte	0x6
 924 075a 48       		.byte	0x48
 925 075b 04070000 		.4byte	0x704
 926 075f 19       		.uleb128 0x19
 927 0760 CE010000 		.4byte	.LASF135
 928 0764 08       		.byte	0x8
 929 0765 29       		.byte	0x29
 930 0766 41050000 		.4byte	0x541
 931 076a 05       		.uleb128 0x5
 932 076b 03       		.byte	0x3
 933 076c 18000000 		.4byte	ADC_DeepSleepCallbackParams
 934 0770 1A       		.uleb128 0x1a
 935 0771 A4000000 		.4byte	.LASF127
 936 0775 07       		.byte	0x7
 937 0776 EA07     		.2byte	0x7ea
 938 0778 7C070000 		.4byte	0x77c
 939 077c 05       		.uleb128 0x5
 940 077d 79000000 		.4byte	0x79
 941 0781 1A       		.uleb128 0x1a
 942 0782 68000000 		.4byte	.LASF128
 943 0786 06       		.byte	0x6
 944 0787 6001     		.2byte	0x160
 945 0789 84000000 		.4byte	0x84
 946 078d 07       		.uleb128 0x7
 947 078e 9D070000 		.4byte	0x79d
 948 0792 9D070000 		.4byte	0x79d
 949 0796 08       		.uleb128 0x8
 950 0797 8F000000 		.4byte	0x8f
 951 079b 00       		.byte	0
 952 079c 00       		.byte	0
 953 079d 06       		.uleb128 0x6
 954 079e 54070000 		.4byte	0x754
 955 07a2 1A       		.uleb128 0x1a
 956 07a3 67060000 		.4byte	.LASF129
 957 07a7 06       		.byte	0x6
 958 07a8 6401     		.2byte	0x164
 959 07aa AE070000 		.4byte	0x7ae
 960 07ae 06       		.uleb128 0x6
 961 07af 8D070000 		.4byte	0x78d
 962 07b3 1B       		.uleb128 0x1b
 963 07b4 88070000 		.4byte	.LASF130
 964 07b8 08       		.byte	0x8
 965 07b9 2D       		.byte	0x2d
 966 07ba D6050000 		.4byte	0x5d6
 967 07be 05       		.uleb128 0x5
ARM GAS  C:\Users\kateb\AppData\Local\Temp\ccYZEhfz.s 			page 18


 968 07bf 03       		.byte	0x3
 969 07c0 00000000 		.4byte	ADC_DeepSleepCallbackStruct
 970 07c4 00       		.byte	0
 971              		.section	.debug_abbrev,"",%progbits
 972              	.Ldebug_abbrev0:
 973 0000 01       		.uleb128 0x1
 974 0001 11       		.uleb128 0x11
 975 0002 01       		.byte	0x1
 976 0003 25       		.uleb128 0x25
 977 0004 0E       		.uleb128 0xe
 978 0005 13       		.uleb128 0x13
 979 0006 0B       		.uleb128 0xb
 980 0007 03       		.uleb128 0x3
 981 0008 0E       		.uleb128 0xe
 982 0009 1B       		.uleb128 0x1b
 983 000a 0E       		.uleb128 0xe
 984 000b 10       		.uleb128 0x10
 985 000c 17       		.uleb128 0x17
 986 000d 00       		.byte	0
 987 000e 00       		.byte	0
 988 000f 02       		.uleb128 0x2
 989 0010 24       		.uleb128 0x24
 990 0011 00       		.byte	0
 991 0012 0B       		.uleb128 0xb
 992 0013 0B       		.uleb128 0xb
 993 0014 3E       		.uleb128 0x3e
 994 0015 0B       		.uleb128 0xb
 995 0016 03       		.uleb128 0x3
 996 0017 0E       		.uleb128 0xe
 997 0018 00       		.byte	0
 998 0019 00       		.byte	0
 999 001a 03       		.uleb128 0x3
 1000 001b 16       		.uleb128 0x16
 1001 001c 00       		.byte	0
 1002 001d 03       		.uleb128 0x3
 1003 001e 0E       		.uleb128 0xe
 1004 001f 3A       		.uleb128 0x3a
 1005 0020 0B       		.uleb128 0xb
 1006 0021 3B       		.uleb128 0x3b
 1007 0022 0B       		.uleb128 0xb
 1008 0023 49       		.uleb128 0x49
 1009 0024 13       		.uleb128 0x13
 1010 0025 00       		.byte	0
 1011 0026 00       		.byte	0
 1012 0027 04       		.uleb128 0x4
 1013 0028 24       		.uleb128 0x24
 1014 0029 00       		.byte	0
 1015 002a 0B       		.uleb128 0xb
 1016 002b 0B       		.uleb128 0xb
 1017 002c 3E       		.uleb128 0x3e
 1018 002d 0B       		.uleb128 0xb
 1019 002e 03       		.uleb128 0x3
 1020 002f 08       		.uleb128 0x8
 1021 0030 00       		.byte	0
 1022 0031 00       		.byte	0
 1023 0032 05       		.uleb128 0x5
 1024 0033 35       		.uleb128 0x35
ARM GAS  C:\Users\kateb\AppData\Local\Temp\ccYZEhfz.s 			page 19


 1025 0034 00       		.byte	0
 1026 0035 49       		.uleb128 0x49
 1027 0036 13       		.uleb128 0x13
 1028 0037 00       		.byte	0
 1029 0038 00       		.byte	0
 1030 0039 06       		.uleb128 0x6
 1031 003a 26       		.uleb128 0x26
 1032 003b 00       		.byte	0
 1033 003c 49       		.uleb128 0x49
 1034 003d 13       		.uleb128 0x13
 1035 003e 00       		.byte	0
 1036 003f 00       		.byte	0
 1037 0040 07       		.uleb128 0x7
 1038 0041 01       		.uleb128 0x1
 1039 0042 01       		.byte	0x1
 1040 0043 49       		.uleb128 0x49
 1041 0044 13       		.uleb128 0x13
 1042 0045 01       		.uleb128 0x1
 1043 0046 13       		.uleb128 0x13
 1044 0047 00       		.byte	0
 1045 0048 00       		.byte	0
 1046 0049 08       		.uleb128 0x8
 1047 004a 21       		.uleb128 0x21
 1048 004b 00       		.byte	0
 1049 004c 49       		.uleb128 0x49
 1050 004d 13       		.uleb128 0x13
 1051 004e 2F       		.uleb128 0x2f
 1052 004f 0B       		.uleb128 0xb
 1053 0050 00       		.byte	0
 1054 0051 00       		.byte	0
 1055 0052 09       		.uleb128 0x9
 1056 0053 13       		.uleb128 0x13
 1057 0054 01       		.byte	0x1
 1058 0055 0B       		.uleb128 0xb
 1059 0056 05       		.uleb128 0x5
 1060 0057 3A       		.uleb128 0x3a
 1061 0058 0B       		.uleb128 0xb
 1062 0059 3B       		.uleb128 0x3b
 1063 005a 0B       		.uleb128 0xb
 1064 005b 01       		.uleb128 0x1
 1065 005c 13       		.uleb128 0x13
 1066 005d 00       		.byte	0
 1067 005e 00       		.byte	0
 1068 005f 0A       		.uleb128 0xa
 1069 0060 0D       		.uleb128 0xd
 1070 0061 00       		.byte	0
 1071 0062 03       		.uleb128 0x3
 1072 0063 0E       		.uleb128 0xe
 1073 0064 3A       		.uleb128 0x3a
 1074 0065 0B       		.uleb128 0xb
 1075 0066 3B       		.uleb128 0x3b
 1076 0067 0B       		.uleb128 0xb
 1077 0068 49       		.uleb128 0x49
 1078 0069 13       		.uleb128 0x13
 1079 006a 38       		.uleb128 0x38
 1080 006b 0B       		.uleb128 0xb
 1081 006c 00       		.byte	0
ARM GAS  C:\Users\kateb\AppData\Local\Temp\ccYZEhfz.s 			page 20


 1082 006d 00       		.byte	0
 1083 006e 0B       		.uleb128 0xb
 1084 006f 0D       		.uleb128 0xd
 1085 0070 00       		.byte	0
 1086 0071 03       		.uleb128 0x3
 1087 0072 0E       		.uleb128 0xe
 1088 0073 3A       		.uleb128 0x3a
 1089 0074 0B       		.uleb128 0xb
 1090 0075 3B       		.uleb128 0x3b
 1091 0076 0B       		.uleb128 0xb
 1092 0077 49       		.uleb128 0x49
 1093 0078 13       		.uleb128 0x13
 1094 0079 38       		.uleb128 0x38
 1095 007a 05       		.uleb128 0x5
 1096 007b 00       		.byte	0
 1097 007c 00       		.byte	0
 1098 007d 0C       		.uleb128 0xc
 1099 007e 21       		.uleb128 0x21
 1100 007f 00       		.byte	0
 1101 0080 49       		.uleb128 0x49
 1102 0081 13       		.uleb128 0x13
 1103 0082 2F       		.uleb128 0x2f
 1104 0083 05       		.uleb128 0x5
 1105 0084 00       		.byte	0
 1106 0085 00       		.byte	0
 1107 0086 0D       		.uleb128 0xd
 1108 0087 04       		.uleb128 0x4
 1109 0088 01       		.byte	0x1
 1110 0089 0B       		.uleb128 0xb
 1111 008a 0B       		.uleb128 0xb
 1112 008b 49       		.uleb128 0x49
 1113 008c 13       		.uleb128 0x13
 1114 008d 3A       		.uleb128 0x3a
 1115 008e 0B       		.uleb128 0xb
 1116 008f 3B       		.uleb128 0x3b
 1117 0090 05       		.uleb128 0x5
 1118 0091 01       		.uleb128 0x1
 1119 0092 13       		.uleb128 0x13
 1120 0093 00       		.byte	0
 1121 0094 00       		.byte	0
 1122 0095 0E       		.uleb128 0xe
 1123 0096 28       		.uleb128 0x28
 1124 0097 00       		.byte	0
 1125 0098 03       		.uleb128 0x3
 1126 0099 0E       		.uleb128 0xe
 1127 009a 1C       		.uleb128 0x1c
 1128 009b 0B       		.uleb128 0xb
 1129 009c 00       		.byte	0
 1130 009d 00       		.byte	0
 1131 009e 0F       		.uleb128 0xf
 1132 009f 28       		.uleb128 0x28
 1133 00a0 00       		.byte	0
 1134 00a1 03       		.uleb128 0x3
 1135 00a2 0E       		.uleb128 0xe
 1136 00a3 1C       		.uleb128 0x1c
 1137 00a4 06       		.uleb128 0x6
 1138 00a5 00       		.byte	0
ARM GAS  C:\Users\kateb\AppData\Local\Temp\ccYZEhfz.s 			page 21


 1139 00a6 00       		.byte	0
 1140 00a7 10       		.uleb128 0x10
 1141 00a8 16       		.uleb128 0x16
 1142 00a9 00       		.byte	0
 1143 00aa 03       		.uleb128 0x3
 1144 00ab 0E       		.uleb128 0xe
 1145 00ac 3A       		.uleb128 0x3a
 1146 00ad 0B       		.uleb128 0xb
 1147 00ae 3B       		.uleb128 0x3b
 1148 00af 05       		.uleb128 0x5
 1149 00b0 49       		.uleb128 0x49
 1150 00b1 13       		.uleb128 0x13
 1151 00b2 00       		.byte	0
 1152 00b3 00       		.byte	0
 1153 00b4 11       		.uleb128 0x11
 1154 00b5 13       		.uleb128 0x13
 1155 00b6 01       		.byte	0x1
 1156 00b7 0B       		.uleb128 0xb
 1157 00b8 0B       		.uleb128 0xb
 1158 00b9 3A       		.uleb128 0x3a
 1159 00ba 0B       		.uleb128 0xb
 1160 00bb 3B       		.uleb128 0x3b
 1161 00bc 05       		.uleb128 0x5
 1162 00bd 01       		.uleb128 0x1
 1163 00be 13       		.uleb128 0x13
 1164 00bf 00       		.byte	0
 1165 00c0 00       		.byte	0
 1166 00c1 12       		.uleb128 0x12
 1167 00c2 0D       		.uleb128 0xd
 1168 00c3 00       		.byte	0
 1169 00c4 03       		.uleb128 0x3
 1170 00c5 0E       		.uleb128 0xe
 1171 00c6 3A       		.uleb128 0x3a
 1172 00c7 0B       		.uleb128 0xb
 1173 00c8 3B       		.uleb128 0x3b
 1174 00c9 05       		.uleb128 0x5
 1175 00ca 49       		.uleb128 0x49
 1176 00cb 13       		.uleb128 0x13
 1177 00cc 38       		.uleb128 0x38
 1178 00cd 0B       		.uleb128 0xb
 1179 00ce 00       		.byte	0
 1180 00cf 00       		.byte	0
 1181 00d0 13       		.uleb128 0x13
 1182 00d1 0F       		.uleb128 0xf
 1183 00d2 00       		.byte	0
 1184 00d3 0B       		.uleb128 0xb
 1185 00d4 0B       		.uleb128 0xb
 1186 00d5 00       		.byte	0
 1187 00d6 00       		.byte	0
 1188 00d7 14       		.uleb128 0x14
 1189 00d8 0F       		.uleb128 0xf
 1190 00d9 00       		.byte	0
 1191 00da 0B       		.uleb128 0xb
 1192 00db 0B       		.uleb128 0xb
 1193 00dc 49       		.uleb128 0x49
 1194 00dd 13       		.uleb128 0x13
 1195 00de 00       		.byte	0
ARM GAS  C:\Users\kateb\AppData\Local\Temp\ccYZEhfz.s 			page 22


 1196 00df 00       		.byte	0
 1197 00e0 15       		.uleb128 0x15
 1198 00e1 15       		.uleb128 0x15
 1199 00e2 01       		.byte	0x1
 1200 00e3 27       		.uleb128 0x27
 1201 00e4 19       		.uleb128 0x19
 1202 00e5 49       		.uleb128 0x49
 1203 00e6 13       		.uleb128 0x13
 1204 00e7 01       		.uleb128 0x1
 1205 00e8 13       		.uleb128 0x13
 1206 00e9 00       		.byte	0
 1207 00ea 00       		.byte	0
 1208 00eb 16       		.uleb128 0x16
 1209 00ec 05       		.uleb128 0x5
 1210 00ed 00       		.byte	0
 1211 00ee 49       		.uleb128 0x49
 1212 00ef 13       		.uleb128 0x13
 1213 00f0 00       		.byte	0
 1214 00f1 00       		.byte	0
 1215 00f2 17       		.uleb128 0x17
 1216 00f3 13       		.uleb128 0x13
 1217 00f4 01       		.byte	0x1
 1218 00f5 03       		.uleb128 0x3
 1219 00f6 0E       		.uleb128 0xe
 1220 00f7 0B       		.uleb128 0xb
 1221 00f8 0B       		.uleb128 0xb
 1222 00f9 3A       		.uleb128 0x3a
 1223 00fa 0B       		.uleb128 0xb
 1224 00fb 3B       		.uleb128 0x3b
 1225 00fc 05       		.uleb128 0x5
 1226 00fd 01       		.uleb128 0x1
 1227 00fe 13       		.uleb128 0x13
 1228 00ff 00       		.byte	0
 1229 0100 00       		.byte	0
 1230 0101 18       		.uleb128 0x18
 1231 0102 13       		.uleb128 0x13
 1232 0103 01       		.byte	0x1
 1233 0104 0B       		.uleb128 0xb
 1234 0105 0B       		.uleb128 0xb
 1235 0106 3A       		.uleb128 0x3a
 1236 0107 0B       		.uleb128 0xb
 1237 0108 3B       		.uleb128 0x3b
 1238 0109 0B       		.uleb128 0xb
 1239 010a 01       		.uleb128 0x1
 1240 010b 13       		.uleb128 0x13
 1241 010c 00       		.byte	0
 1242 010d 00       		.byte	0
 1243 010e 19       		.uleb128 0x19
 1244 010f 34       		.uleb128 0x34
 1245 0110 00       		.byte	0
 1246 0111 03       		.uleb128 0x3
 1247 0112 0E       		.uleb128 0xe
 1248 0113 3A       		.uleb128 0x3a
 1249 0114 0B       		.uleb128 0xb
 1250 0115 3B       		.uleb128 0x3b
 1251 0116 0B       		.uleb128 0xb
 1252 0117 49       		.uleb128 0x49
ARM GAS  C:\Users\kateb\AppData\Local\Temp\ccYZEhfz.s 			page 23


 1253 0118 13       		.uleb128 0x13
 1254 0119 02       		.uleb128 0x2
 1255 011a 18       		.uleb128 0x18
 1256 011b 00       		.byte	0
 1257 011c 00       		.byte	0
 1258 011d 1A       		.uleb128 0x1a
 1259 011e 34       		.uleb128 0x34
 1260 011f 00       		.byte	0
 1261 0120 03       		.uleb128 0x3
 1262 0121 0E       		.uleb128 0xe
 1263 0122 3A       		.uleb128 0x3a
 1264 0123 0B       		.uleb128 0xb
 1265 0124 3B       		.uleb128 0x3b
 1266 0125 05       		.uleb128 0x5
 1267 0126 49       		.uleb128 0x49
 1268 0127 13       		.uleb128 0x13
 1269 0128 3F       		.uleb128 0x3f
 1270 0129 19       		.uleb128 0x19
 1271 012a 3C       		.uleb128 0x3c
 1272 012b 19       		.uleb128 0x19
 1273 012c 00       		.byte	0
 1274 012d 00       		.byte	0
 1275 012e 1B       		.uleb128 0x1b
 1276 012f 34       		.uleb128 0x34
 1277 0130 00       		.byte	0
 1278 0131 03       		.uleb128 0x3
 1279 0132 0E       		.uleb128 0xe
 1280 0133 3A       		.uleb128 0x3a
 1281 0134 0B       		.uleb128 0xb
 1282 0135 3B       		.uleb128 0x3b
 1283 0136 0B       		.uleb128 0xb
 1284 0137 49       		.uleb128 0x49
 1285 0138 13       		.uleb128 0x13
 1286 0139 3F       		.uleb128 0x3f
 1287 013a 19       		.uleb128 0x19
 1288 013b 02       		.uleb128 0x2
 1289 013c 18       		.uleb128 0x18
 1290 013d 00       		.byte	0
 1291 013e 00       		.byte	0
 1292 013f 00       		.byte	0
 1293              		.section	.debug_aranges,"",%progbits
 1294 0000 14000000 		.4byte	0x14
 1295 0004 0200     		.2byte	0x2
 1296 0006 00000000 		.4byte	.Ldebug_info0
 1297 000a 04       		.byte	0x4
 1298 000b 00       		.byte	0
 1299 000c 0000     		.2byte	0
 1300 000e 0000     		.2byte	0
 1301 0010 00000000 		.4byte	0
 1302 0014 00000000 		.4byte	0
 1303              		.section	.debug_line,"",%progbits
 1304              	.Ldebug_line0:
 1305 0000 33020000 		.section	.debug_str,"MS",%progbits,1
 1305      02002D02 
 1305      00000201 
 1305      FB0E0D00 
 1305      01010101 
ARM GAS  C:\Users\kateb\AppData\Local\Temp\ccYZEhfz.s 			page 24


 1306              	.LASF81:
 1307 0000 63795F65 		.ascii	"cy_en_syspm_callback_type_t\000"
 1307      6E5F7379 
 1307      73706D5F 
 1307      63616C6C 
 1307      6261636B 
 1308              	.LASF71:
 1309 001c 43595F53 		.ascii	"CY_SYSPM_TIMEOUT\000"
 1309      5953504D 
 1309      5F54494D 
 1309      454F5554 
 1309      00
 1310              	.LASF113:
 1311 002d 73617449 		.ascii	"satIntrMask\000"
 1311      6E74724D 
 1311      61736B00 
 1312              	.LASF70:
 1313 0039 43595F53 		.ascii	"CY_SYSPM_BAD_PARAM\000"
 1313      5953504D 
 1313      5F424144 
 1313      5F504152 
 1313      414D00
 1314              	.LASF55:
 1315 004c 4D55585F 		.ascii	"MUX_SWITCH0\000"
 1315      53574954 
 1315      43483000 
 1316              	.LASF93:
 1317 0058 74797065 		.ascii	"type\000"
 1317      00
 1318              	.LASF20:
 1319 005d 52414E47 		.ascii	"RANGE_COND\000"
 1319      455F434F 
 1319      4E4400
 1320              	.LASF128:
 1321 0068 4144435F 		.ascii	"ADC_currentConfig\000"
 1321      63757272 
 1321      656E7443 
 1321      6F6E6669 
 1321      6700
 1322              	.LASF9:
 1323 007a 6C6F6E67 		.ascii	"long long unsigned int\000"
 1323      206C6F6E 
 1323      6720756E 
 1323      7369676E 
 1323      65642069 
 1324              	.LASF40:
 1325 0091 53415455 		.ascii	"SATURATE_INTR_MASK\000"
 1325      52415445 
 1325      5F494E54 
 1325      525F4D41 
 1325      534B00
 1326              	.LASF127:
 1327 00a4 49544D5F 		.ascii	"ITM_RxBuffer\000"
 1327      52784275 
 1327      66666572 
 1327      00
 1328              	.LASF96:
ARM GAS  C:\Users\kateb\AppData\Local\Temp\ccYZEhfz.s 			page 25


 1329 00b1 70726576 		.ascii	"prevItm\000"
 1329      49746D00 
 1330              	.LASF62:
 1331 00b9 414E415F 		.ascii	"ANA_TRIM0\000"
 1331      5452494D 
 1331      3000
 1332              	.LASF63:
 1333 00c3 414E415F 		.ascii	"ANA_TRIM1\000"
 1333      5452494D 
 1333      3100
 1334              	.LASF120:
 1335 00cd 63795F73 		.ascii	"cy_stc_sar_config_t\000"
 1335      74635F73 
 1335      61725F63 
 1335      6F6E6669 
 1335      675F7400 
 1336              	.LASF8:
 1337 00e1 6C6F6E67 		.ascii	"long long int\000"
 1337      206C6F6E 
 1337      6720696E 
 1337      7400
 1338              	.LASF1:
 1339 00ef 7369676E 		.ascii	"signed char\000"
 1339      65642063 
 1339      68617200 
 1340              	.LASF103:
 1341 00fb 63795F65 		.ascii	"cy_en_sar_range_detect_condition_t\000"
 1341      6E5F7361 
 1341      725F7261 
 1341      6E67655F 
 1341      64657465 
 1342              	.LASF125:
 1343 011e 636C6B44 		.ascii	"clkDivider\000"
 1343      69766964 
 1343      657200
 1344              	.LASF61:
 1345 0129 52455345 		.ascii	"RESERVED10\000"
 1345      52564544 
 1345      313000
 1346              	.LASF114:
 1347 0134 72616E67 		.ascii	"rangeIntrMask\000"
 1347      65496E74 
 1347      724D6173 
 1347      6B00
 1348              	.LASF99:
 1349 0142 43595F53 		.ascii	"CY_SAR_RANGE_COND_BELOW\000"
 1349      41525F52 
 1349      414E4745 
 1349      5F434F4E 
 1349      445F4245 
 1350              	.LASF4:
 1351 015a 6C6F6E67 		.ascii	"long int\000"
 1351      20696E74 
 1351      00
 1352              	.LASF60:
 1353 0163 4D55585F 		.ascii	"MUX_SWITCH_STATUS\000"
 1353      53574954 
ARM GAS  C:\Users\kateb\AppData\Local\Temp\ccYZEhfz.s 			page 26


 1353      43485F53 
 1353      54415455 
 1353      5300
 1354              	.LASF46:
 1355 0175 494E5452 		.ascii	"INTR_CAUSE\000"
 1355      5F434155 
 1355      534500
 1356              	.LASF50:
 1357 0180 494E4A5F 		.ascii	"INJ_RESULT\000"
 1357      52455355 
 1357      4C5400
 1358              	.LASF101:
 1359 018b 43595F53 		.ascii	"CY_SAR_RANGE_COND_ABOVE\000"
 1359      41525F52 
 1359      414E4745 
 1359      5F434F4E 
 1359      445F4142 
 1360              	.LASF68:
 1361 01a3 646F7562 		.ascii	"double\000"
 1361      6C6500
 1362              	.LASF56:
 1363 01aa 4D55585F 		.ascii	"MUX_SWITCH_CLEAR0\000"
 1363      53574954 
 1363      43485F43 
 1363      4C454152 
 1363      3000
 1364              	.LASF126:
 1365 01bc 4144435F 		.ascii	"ADC_CONFIG_STRUCT\000"
 1365      434F4E46 
 1365      49475F53 
 1365      54525543 
 1365      5400
 1366              	.LASF135:
 1367 01ce 4144435F 		.ascii	"ADC_DeepSleepCallbackParams\000"
 1367      44656570 
 1367      536C6565 
 1367      7043616C 
 1367      6C626163 
 1368              	.LASF106:
 1369 01ea 73616D70 		.ascii	"sampleTime01\000"
 1369      6C655469 
 1369      6D653031 
 1369      00
 1370              	.LASF90:
 1371 01f7 63795F73 		.ascii	"cy_stc_syspm_callback_params_t\000"
 1371      74635F73 
 1371      7973706D 
 1371      5F63616C 
 1371      6C626163 
 1372              	.LASF134:
 1373 0216 63795F73 		.ascii	"cy_stc_syspm_callback\000"
 1373      74635F73 
 1373      7973706D 
 1373      5F63616C 
 1373      6C626163 
 1374              	.LASF6:
 1375 022c 5F5F7569 		.ascii	"__uint32_t\000"
ARM GAS  C:\Users\kateb\AppData\Local\Temp\ccYZEhfz.s 			page 27


 1375      6E743332 
 1375      5F7400
 1376              	.LASF123:
 1377 0237 6877436F 		.ascii	"hwConfigStc\000"
 1377      6E666967 
 1377      53746300 
 1378              	.LASF73:
 1379 0243 43595F53 		.ascii	"CY_SYSPM_CANCELED\000"
 1379      5953504D 
 1379      5F43414E 
 1379      43454C45 
 1379      4400
 1380              	.LASF17:
 1381 0255 53414D50 		.ascii	"SAMPLE_TIME01\000"
 1381      4C455F54 
 1381      494D4530 
 1381      3100
 1382              	.LASF38:
 1383 0263 53415455 		.ascii	"SATURATE_INTR\000"
 1383      52415445 
 1383      5F494E54 
 1383      5200
 1384              	.LASF24:
 1385 0271 4348414E 		.ascii	"CHAN_CONFIG\000"
 1385      5F434F4E 
 1385      46494700 
 1386              	.LASF72:
 1387 027d 43595F53 		.ascii	"CY_SYSPM_INVALID_STATE\000"
 1387      5953504D 
 1387      5F494E56 
 1387      414C4944 
 1387      5F535441 
 1388              	.LASF10:
 1389 0294 756E7369 		.ascii	"unsigned int\000"
 1389      676E6564 
 1389      20696E74 
 1389      00
 1390              	.LASF83:
 1391 02a1 43595F53 		.ascii	"CY_SYSPM_CHECK_FAIL\000"
 1391      5953504D 
 1391      5F434845 
 1391      434B5F46 
 1391      41494C00 
 1392              	.LASF7:
 1393 02b5 6C6F6E67 		.ascii	"long unsigned int\000"
 1393      20756E73 
 1393      69676E65 
 1393      6420696E 
 1393      7400
 1394              	.LASF32:
 1395 02c7 4348414E 		.ascii	"CHAN_WORK_NEWVALUE\000"
 1395      5F574F52 
 1395      4B5F4E45 
 1395      5756414C 
 1395      554500
 1396              	.LASF58:
 1397 02da 4D55585F 		.ascii	"MUX_SWITCH_DS_CTRL\000"
ARM GAS  C:\Users\kateb\AppData\Local\Temp\ccYZEhfz.s 			page 28


 1397      53574954 
 1397      43485F44 
 1397      535F4354 
 1397      524C00
 1398              	.LASF36:
 1399 02ed 494E5452 		.ascii	"INTR_MASK\000"
 1399      5F4D4153 
 1399      4B00
 1400              	.LASF94:
 1401 02f7 736B6970 		.ascii	"skipMode\000"
 1401      4D6F6465 
 1401      00
 1402              	.LASF89:
 1403 0300 636F6E74 		.ascii	"context\000"
 1403      65787400 
 1404              	.LASF3:
 1405 0308 73686F72 		.ascii	"short unsigned int\000"
 1405      7420756E 
 1405      7369676E 
 1405      65642069 
 1405      6E7400
 1406              	.LASF108:
 1407 031b 72616E67 		.ascii	"rangeThres\000"
 1407      65546872 
 1407      657300
 1408              	.LASF42:
 1409 0326 52414E47 		.ascii	"RANGE_INTR\000"
 1409      455F494E 
 1409      545200
 1410              	.LASF30:
 1411 0331 4348414E 		.ascii	"CHAN_WORK_UPDATED\000"
 1411      5F574F52 
 1411      4B5F5550 
 1411      44415445 
 1411      4400
 1412              	.LASF92:
 1413 0343 63616C6C 		.ascii	"callback\000"
 1413      6261636B 
 1413      00
 1414              	.LASF122:
 1415 034c 6E756D43 		.ascii	"numChannels\000"
 1415      68616E6E 
 1415      656C7300 
 1416              	.LASF111:
 1417 0358 6368616E 		.ascii	"chanConfig\000"
 1417      436F6E66 
 1417      696700
 1418              	.LASF77:
 1419 0363 43595F53 		.ascii	"CY_SYSPM_DEEPSLEEP\000"
 1419      5953504D 
 1419      5F444545 
 1419      50534C45 
 1419      455000
 1420              	.LASF5:
 1421 0376 5F5F696E 		.ascii	"__int32_t\000"
 1421      7433325F 
 1421      7400
ARM GAS  C:\Users\kateb\AppData\Local\Temp\ccYZEhfz.s 			page 29


 1422              	.LASF95:
 1423 0380 63616C6C 		.ascii	"callbackParams\000"
 1423      6261636B 
 1423      50617261 
 1423      6D7300
 1424              	.LASF132:
 1425 038f 47656E65 		.ascii	"Generated_Source\\PSoC6\\ADC_PM.c\000"
 1425      72617465 
 1425      645F536F 
 1425      75726365 
 1425      5C50536F 
 1426              	.LASF80:
 1427 03af 43595F53 		.ascii	"CY_SYSPM_EXIT_LOWPOWER_MODE\000"
 1427      5953504D 
 1427      5F455849 
 1427      545F4C4F 
 1427      57504F57 
 1428              	.LASF85:
 1429 03cb 43595F53 		.ascii	"CY_SYSPM_AFTER_TRANSITION\000"
 1429      5953504D 
 1429      5F414654 
 1429      45525F54 
 1429      52414E53 
 1430              	.LASF35:
 1431 03e5 494E5452 		.ascii	"INTR_SET\000"
 1431      5F534554 
 1431      00
 1432              	.LASF88:
 1433 03ee 62617365 		.ascii	"base\000"
 1433      00
 1434              	.LASF13:
 1435 03f3 73697A65 		.ascii	"sizetype\000"
 1435      74797065 
 1435      00
 1436              	.LASF48:
 1437 03fc 494E4A5F 		.ascii	"INJ_CHAN_CONFIG\000"
 1437      4348414E 
 1437      5F434F4E 
 1437      46494700 
 1438              	.LASF97:
 1439 040c 6E657874 		.ascii	"nextItm\000"
 1439      49746D00 
 1440              	.LASF28:
 1441 0414 4348414E 		.ascii	"CHAN_RESULT\000"
 1441      5F524553 
 1441      554C5400 
 1442              	.LASF107:
 1443 0420 73616D70 		.ascii	"sampleTime23\000"
 1443      6C655469 
 1443      6D653233 
 1443      00
 1444              	.LASF133:
 1445 042d 433A5C55 		.ascii	"C:\\Users\\kateb\\Documents\\PSoC Creator\\CE218136"
 1445      73657273 
 1445      5C6B6174 
 1445      65625C44 
 1445      6F63756D 
ARM GAS  C:\Users\kateb\AppData\Local\Temp\ccYZEhfz.s 			page 30


 1446 045b 5F45494E 		.ascii	"_EINK_CapSense_RTOS02\\CE222604_RTC_CTS_RTOS01.cyds"
 1446      4B5F4361 
 1446      7053656E 
 1446      73655F52 
 1446      544F5330 
 1447 048d 6E00     		.ascii	"n\000"
 1448              	.LASF117:
 1449 048f 636F6E66 		.ascii	"configRouting\000"
 1449      6967526F 
 1449      7574696E 
 1449      6700
 1450              	.LASF15:
 1451 049d 53414D50 		.ascii	"SAMPLE_CTRL\000"
 1451      4C455F43 
 1451      54524C00 
 1452              	.LASF19:
 1453 04a9 52414E47 		.ascii	"RANGE_THRES\000"
 1453      455F5448 
 1453      52455300 
 1454              	.LASF76:
 1455 04b5 43595F53 		.ascii	"CY_SYSPM_SLEEP\000"
 1455      5953504D 
 1455      5F534C45 
 1455      455000
 1456              	.LASF84:
 1457 04c4 43595F53 		.ascii	"CY_SYSPM_BEFORE_TRANSITION\000"
 1457      5953504D 
 1457      5F424546 
 1457      4F52455F 
 1457      5452414E 
 1458              	.LASF21:
 1459 04df 4348414E 		.ascii	"CHAN_EN\000"
 1459      5F454E00 
 1460              	.LASF18:
 1461 04e7 53414D50 		.ascii	"SAMPLE_TIME23\000"
 1461      4C455F54 
 1461      494D4532 
 1461      3300
 1462              	.LASF53:
 1463 04f5 4156475F 		.ascii	"AVG_STAT\000"
 1463      53544154 
 1463      00
 1464              	.LASF78:
 1465 04fe 43595F53 		.ascii	"CY_SYSPM_HIBERNATE\000"
 1465      5953504D 
 1465      5F484942 
 1465      45524E41 
 1465      544500
 1466              	.LASF39:
 1467 0511 53415455 		.ascii	"SATURATE_INTR_SET\000"
 1467      52415445 
 1467      5F494E54 
 1467      525F5345 
 1467      5400
 1468              	.LASF86:
 1469 0523 63795F65 		.ascii	"cy_en_syspm_callback_mode_t\000"
 1469      6E5F7379 
ARM GAS  C:\Users\kateb\AppData\Local\Temp\ccYZEhfz.s 			page 31


 1469      73706D5F 
 1469      63616C6C 
 1469      6261636B 
 1470              	.LASF37:
 1471 053f 494E5452 		.ascii	"INTR_MASKED\000"
 1471      5F4D4153 
 1471      4B454400 
 1472              	.LASF67:
 1473 054b 666C6F61 		.ascii	"float\000"
 1473      7400
 1474              	.LASF23:
 1475 0551 52455345 		.ascii	"RESERVED1\000"
 1475      52564544 
 1475      3100
 1476              	.LASF25:
 1477 055b 52455345 		.ascii	"RESERVED2\000"
 1477      52564544 
 1477      3200
 1478              	.LASF27:
 1479 0565 52455345 		.ascii	"RESERVED3\000"
 1479      52564544 
 1479      3300
 1480              	.LASF29:
 1481 056f 52455345 		.ascii	"RESERVED4\000"
 1481      52564544 
 1481      3400
 1482              	.LASF47:
 1483 0579 52455345 		.ascii	"RESERVED5\000"
 1483      52564544 
 1483      3500
 1484              	.LASF49:
 1485 0583 52455345 		.ascii	"RESERVED6\000"
 1485      52564544 
 1485      3600
 1486              	.LASF51:
 1487 058d 52455345 		.ascii	"RESERVED7\000"
 1487      52564544 
 1487      3700
 1488              	.LASF54:
 1489 0597 52455345 		.ascii	"RESERVED8\000"
 1489      52564544 
 1489      3800
 1490              	.LASF57:
 1491 05a1 52455345 		.ascii	"RESERVED9\000"
 1491      52564544 
 1491      3900
 1492              	.LASF110:
 1493 05ab 6368616E 		.ascii	"chanEn\000"
 1493      456E00
 1494              	.LASF100:
 1495 05b2 43595F53 		.ascii	"CY_SAR_RANGE_COND_INSIDE\000"
 1495      41525F52 
 1495      414E4745 
 1495      5F434F4E 
 1495      445F494E 
 1496              	.LASF119:
 1497 05cb 5F426F6F 		.ascii	"_Bool\000"
ARM GAS  C:\Users\kateb\AppData\Local\Temp\ccYZEhfz.s 			page 32


 1497      6C00
 1498              	.LASF11:
 1499 05d1 696E7433 		.ascii	"int32_t\000"
 1499      325F7400 
 1500              	.LASF2:
 1501 05d9 756E7369 		.ascii	"unsigned char\000"
 1501      676E6564 
 1501      20636861 
 1501      7200
 1502              	.LASF91:
 1503 05e7 43795F53 		.ascii	"Cy_SysPmCallback\000"
 1503      7973506D 
 1503      43616C6C 
 1503      6261636B 
 1503      00
 1504              	.LASF0:
 1505 05f8 73686F72 		.ascii	"short int\000"
 1505      7420696E 
 1505      7400
 1506              	.LASF115:
 1507 0602 6D757853 		.ascii	"muxSwitch\000"
 1507      77697463 
 1507      6800
 1508              	.LASF112:
 1509 060c 696E7472 		.ascii	"intrMask\000"
 1509      4D61736B 
 1509      00
 1510              	.LASF16:
 1511 0615 52455345 		.ascii	"RESERVED\000"
 1511      52564544 
 1511      00
 1512              	.LASF33:
 1513 061e 4348414E 		.ascii	"CHAN_RESULT_NEWVALUE\000"
 1513      5F524553 
 1513      554C545F 
 1513      4E455756 
 1513      414C5545 
 1514              	.LASF64:
 1515 0633 5341525F 		.ascii	"SAR_Type\000"
 1515      54797065 
 1515      00
 1516              	.LASF12:
 1517 063c 75696E74 		.ascii	"uint32_t\000"
 1517      33325F74 
 1517      00
 1518              	.LASF118:
 1519 0645 76726566 		.ascii	"vrefMvValue\000"
 1519      4D765661 
 1519      6C756500 
 1520              	.LASF65:
 1521 0651 6C6F6E67 		.ascii	"long double\000"
 1521      20646F75 
 1521      626C6500 
 1522              	.LASF66:
 1523 065d 63686172 		.ascii	"char\000"
 1523      00
 1524              	.LASF87:
ARM GAS  C:\Users\kateb\AppData\Local\Temp\ccYZEhfz.s 			page 33


 1525 0662 6D6F6465 		.ascii	"mode\000"
 1525      00
 1526              	.LASF129:
 1527 0667 4144435F 		.ascii	"ADC_allConfigs\000"
 1527      616C6C43 
 1527      6F6E6669 
 1527      677300
 1528              	.LASF44:
 1529 0676 52414E47 		.ascii	"RANGE_INTR_MASK\000"
 1529      455F494E 
 1529      54525F4D 
 1529      41534B00 
 1530              	.LASF41:
 1531 0686 53415455 		.ascii	"SATURATE_INTR_MASKED\000"
 1531      52415445 
 1531      5F494E54 
 1531      525F4D41 
 1531      534B4544 
 1532              	.LASF34:
 1533 069b 494E5452 		.ascii	"INTR\000"
 1533      00
 1534              	.LASF104:
 1535 06a0 6374726C 		.ascii	"ctrl\000"
 1535      00
 1536              	.LASF52:
 1537 06a5 53544154 		.ascii	"STATUS\000"
 1537      555300
 1538              	.LASF124:
 1539 06ac 6D697363 		.ascii	"miscConfig\000"
 1539      436F6E66 
 1539      696700
 1540              	.LASF26:
 1541 06b7 4348414E 		.ascii	"CHAN_WORK\000"
 1541      5F574F52 
 1541      4B00
 1542              	.LASF59:
 1543 06c1 4D55585F 		.ascii	"MUX_SWITCH_SQ_CTRL\000"
 1543      53574954 
 1543      43485F53 
 1543      515F4354 
 1543      524C00
 1544              	.LASF14:
 1545 06d4 4354524C 		.ascii	"CTRL\000"
 1545      00
 1546              	.LASF74:
 1547 06d9 43595F53 		.ascii	"CY_SYSPM_FAIL\000"
 1547      5953504D 
 1547      5F464149 
 1547      4C00
 1548              	.LASF98:
 1549 06e7 63795F73 		.ascii	"cy_stc_syspm_callback_t\000"
 1549      74635F73 
 1549      7973706D 
 1549      5F63616C 
 1549      6C626163 
 1550              	.LASF109:
 1551 06ff 72616E67 		.ascii	"rangeCond\000"
ARM GAS  C:\Users\kateb\AppData\Local\Temp\ccYZEhfz.s 			page 34


 1551      65436F6E 
 1551      6400
 1552              	.LASF22:
 1553 0709 53544152 		.ascii	"START_CTRL\000"
 1553      545F4354 
 1553      524C00
 1554              	.LASF75:
 1555 0714 63795F65 		.ascii	"cy_en_syspm_status_t\000"
 1555      6E5F7379 
 1555      73706D5F 
 1555      73746174 
 1555      75735F74 
 1556              	.LASF105:
 1557 0729 73616D70 		.ascii	"sampleCtrl\000"
 1557      6C654374 
 1557      726C00
 1558              	.LASF31:
 1559 0734 4348414E 		.ascii	"CHAN_RESULT_UPDATED\000"
 1559      5F524553 
 1559      554C545F 
 1559      55504441 
 1559      54454400 
 1560              	.LASF69:
 1561 0748 43595F53 		.ascii	"CY_SYSPM_SUCCESS\000"
 1561      5953504D 
 1561      5F535543 
 1561      43455353 
 1561      00
 1562              	.LASF102:
 1563 0759 43595F53 		.ascii	"CY_SAR_RANGE_COND_OUTSIDE\000"
 1563      41525F52 
 1563      414E4745 
 1563      5F434F4E 
 1563      445F4F55 
 1564              	.LASF82:
 1565 0773 43595F53 		.ascii	"CY_SYSPM_CHECK_READY\000"
 1565      5953504D 
 1565      5F434845 
 1565      434B5F52 
 1565      45414459 
 1566              	.LASF130:
 1567 0788 4144435F 		.ascii	"ADC_DeepSleepCallbackStruct\000"
 1567      44656570 
 1567      536C6565 
 1567      7043616C 
 1567      6C626163 
 1568              	.LASF121:
 1569 07a4 6368616E 		.ascii	"channelBase\000"
 1569      6E656C42 
 1569      61736500 
 1570              	.LASF43:
 1571 07b0 52414E47 		.ascii	"RANGE_INTR_SET\000"
 1571      455F494E 
 1571      54525F53 
 1571      455400
 1572              	.LASF116:
 1573 07bf 6D757853 		.ascii	"muxSwitchSqCtrl\000"
ARM GAS  C:\Users\kateb\AppData\Local\Temp\ccYZEhfz.s 			page 35


 1573      77697463 
 1573      68537143 
 1573      74726C00 
 1574              	.LASF79:
 1575 07cf 43595F53 		.ascii	"CY_SYSPM_ENTER_LOWPOWER_MODE\000"
 1575      5953504D 
 1575      5F454E54 
 1575      45525F4C 
 1575      4F57504F 
 1576              	.LASF131:
 1577 07ec 474E5520 		.ascii	"GNU C11 5.4.1 20160609 (release) [ARM/embedded-5-br"
 1577      43313120 
 1577      352E342E 
 1577      31203230 
 1577      31363036 
 1578 081f 616E6368 		.ascii	"anch revision 237715] -mcpu=cortex-m4 -mfloat-abi=s"
 1578      20726576 
 1578      6973696F 
 1578      6E203233 
 1578      37373135 
 1579 0852 6F667466 		.ascii	"oftfp -mfpu=fpv4-sp-d16 -mthumb -g -Og -ffunction-s"
 1579      70202D6D 
 1579      6670753D 
 1579      66707634 
 1579      2D73702D 
 1580 0885 65637469 		.ascii	"ections -ffat-lto-objects\000"
 1580      6F6E7320 
 1580      2D666661 
 1580      742D6C74 
 1580      6F2D6F62 
 1581              	.LASF45:
 1582 089f 52414E47 		.ascii	"RANGE_INTR_MASKED\000"
 1582      455F494E 
 1582      54525F4D 
 1582      41534B45 
 1582      4400
 1583              		.ident	"GCC: (GNU Tools for ARM Embedded Processors) 5.4.1 20160609 (release) [ARM/embedded-5-bran
