ARM GAS  C:\Users\kateb\AppData\Local\Temp\ccTBl4mv.s 			page 1


   1              		.syntax unified
   2              		.cpu cortex-m4
   3              		.eabi_attribute 27, 1
   4              		.fpu fpv4-sp-d16
   5              		.eabi_attribute 20, 1
   6              		.eabi_attribute 21, 1
   7              		.eabi_attribute 23, 3
   8              		.eabi_attribute 24, 1
   9              		.eabi_attribute 25, 1
  10              		.eabi_attribute 26, 1
  11              		.eabi_attribute 30, 1
  12              		.eabi_attribute 34, 1
  13              		.eabi_attribute 18, 4
  14              		.thumb
  15              		.syntax unified
  16              		.file	"BLE_cts_config.c"
  17              		.text
  18              	.Ltext0:
  19              		.cfi_sections	.debug_frame
  20              		.global	cy_ble_ctsConfig
  21              		.bss
  22              		.align	2
  23              		.type	cy_ble_ctsConfig, %object
  24              		.size	cy_ble_ctsConfig, 8
  25              	cy_ble_ctsConfig:
  26 0000 00000000 		.space	8
  26      00000000 
  27              		.text
  28              	.Letext0:
  29              		.file 1 "c:\\program files (x86)\\cypress\\psoc creator\\4.2\\psoc creator\\import\\gnu\\arm\\5.4.
  30              		.file 2 "c:\\program files (x86)\\cypress\\psoc creator\\4.2\\psoc creator\\import\\gnu\\arm\\5.4.
  31              		.file 3 "Generated_Source\\PSoC6\\pdl\\middleware/ble/cy_ble_stack_host_main.h"
  32              		.file 4 "Generated_Source\\PSoC6\\pdl\\middleware/ble/cy_ble_stack_gatt.h"
  33              		.file 5 "Generated_Source\\PSoC6\\pdl\\middleware/ble/cy_ble_gap.h"
  34              		.file 6 "Generated_Source\\PSoC6\\pdl\\middleware/ble/cy_ble.h"
  35              		.file 7 "Generated_Source\\PSoC6\\pdl\\middleware/ble/cy_ble_cts.h"
  36              		.file 8 "Generated_Source\\PSoC6\\pdl\\cmsis/include/core_cm4.h"
  37              		.file 9 "Generated_Source\\PSoC6\\BLE_cts_config.c"
  38              		.section	.debug_info,"",%progbits
  39              	.Ldebug_info0:
  40 0000 D7020000 		.4byte	0x2d7
  41 0004 0400     		.2byte	0x4
  42 0006 00000000 		.4byte	.Ldebug_abbrev0
  43 000a 04       		.byte	0x4
  44 000b 01       		.uleb128 0x1
  45 000c 8A000000 		.4byte	.LASF61
  46 0010 0C       		.byte	0xc
  47 0011 1F030000 		.4byte	.LASF62
  48 0015 3F040000 		.4byte	.LASF63
  49 0019 00000000 		.4byte	.Ldebug_line0
  50 001d 02       		.uleb128 0x2
  51 001e 04       		.byte	0x4
  52 001f 05       		.byte	0x5
  53 0020 696E7400 		.ascii	"int\000"
  54 0024 03       		.uleb128 0x3
  55 0025 04       		.byte	0x4
  56 0026 07       		.byte	0x7
ARM GAS  C:\Users\kateb\AppData\Local\Temp\ccTBl4mv.s 			page 2


  57 0027 C1030000 		.4byte	.LASF0
  58 002b 03       		.uleb128 0x3
  59 002c 08       		.byte	0x8
  60 002d 05       		.byte	0x5
  61 002e 17020000 		.4byte	.LASF1
  62 0032 03       		.uleb128 0x3
  63 0033 08       		.byte	0x8
  64 0034 04       		.byte	0x4
  65 0035 DA020000 		.4byte	.LASF2
  66 0039 03       		.uleb128 0x3
  67 003a 01       		.byte	0x1
  68 003b 06       		.byte	0x6
  69 003c 7A030000 		.4byte	.LASF3
  70 0040 04       		.uleb128 0x4
  71 0041 97020000 		.4byte	.LASF6
  72 0045 01       		.byte	0x1
  73 0046 1D       		.byte	0x1d
  74 0047 4B000000 		.4byte	0x4b
  75 004b 03       		.uleb128 0x3
  76 004c 01       		.byte	0x1
  77 004d 08       		.byte	0x8
  78 004e 11030000 		.4byte	.LASF4
  79 0052 03       		.uleb128 0x3
  80 0053 02       		.byte	0x2
  81 0054 05       		.byte	0x5
  82 0055 96010000 		.4byte	.LASF5
  83 0059 04       		.uleb128 0x4
  84 005a 61010000 		.4byte	.LASF7
  85 005e 01       		.byte	0x1
  86 005f 2B       		.byte	0x2b
  87 0060 64000000 		.4byte	0x64
  88 0064 03       		.uleb128 0x3
  89 0065 02       		.byte	0x2
  90 0066 07       		.byte	0x7
  91 0067 DD030000 		.4byte	.LASF8
  92 006b 04       		.uleb128 0x4
  93 006c 1B050000 		.4byte	.LASF9
  94 0070 01       		.byte	0x1
  95 0071 3F       		.byte	0x3f
  96 0072 76000000 		.4byte	0x76
  97 0076 03       		.uleb128 0x3
  98 0077 04       		.byte	0x4
  99 0078 05       		.byte	0x5
 100 0079 61020000 		.4byte	.LASF10
 101 007d 04       		.uleb128 0x4
 102 007e 56010000 		.4byte	.LASF11
 103 0082 01       		.byte	0x1
 104 0083 41       		.byte	0x41
 105 0084 88000000 		.4byte	0x88
 106 0088 03       		.uleb128 0x3
 107 0089 04       		.byte	0x4
 108 008a 07       		.byte	0x7
 109 008b D1040000 		.4byte	.LASF12
 110 008f 03       		.uleb128 0x3
 111 0090 08       		.byte	0x8
 112 0091 07       		.byte	0x7
 113 0092 A1030000 		.4byte	.LASF13
ARM GAS  C:\Users\kateb\AppData\Local\Temp\ccTBl4mv.s 			page 3


 114 0096 03       		.uleb128 0x3
 115 0097 04       		.byte	0x4
 116 0098 07       		.byte	0x7
 117 0099 57000000 		.4byte	.LASF14
 118 009d 05       		.uleb128 0x5
 119 009e 04       		.byte	0x4
 120 009f 03       		.uleb128 0x3
 121 00a0 01       		.byte	0x1
 122 00a1 08       		.byte	0x8
 123 00a2 0D040000 		.4byte	.LASF15
 124 00a6 04       		.uleb128 0x4
 125 00a7 BF010000 		.4byte	.LASF16
 126 00ab 02       		.byte	0x2
 127 00ac 18       		.byte	0x18
 128 00ad 40000000 		.4byte	0x40
 129 00b1 04       		.uleb128 0x4
 130 00b2 CE030000 		.4byte	.LASF17
 131 00b6 02       		.byte	0x2
 132 00b7 24       		.byte	0x24
 133 00b8 59000000 		.4byte	0x59
 134 00bc 04       		.uleb128 0x4
 135 00bd 20040000 		.4byte	.LASF18
 136 00c1 02       		.byte	0x2
 137 00c2 2C       		.byte	0x2c
 138 00c3 6B000000 		.4byte	0x6b
 139 00c7 04       		.uleb128 0x4
 140 00c8 B8030000 		.4byte	.LASF19
 141 00cc 02       		.byte	0x2
 142 00cd 30       		.byte	0x30
 143 00ce 7D000000 		.4byte	0x7d
 144 00d2 03       		.uleb128 0x3
 145 00d3 04       		.byte	0x4
 146 00d4 04       		.byte	0x4
 147 00d5 FF010000 		.4byte	.LASF20
 148 00d9 03       		.uleb128 0x3
 149 00da 08       		.byte	0x8
 150 00db 04       		.byte	0x4
 151 00dc E3040000 		.4byte	.LASF21
 152 00e0 06       		.uleb128 0x6
 153 00e1 02       		.byte	0x2
 154 00e2 03       		.byte	0x3
 155 00e3 5B01     		.2byte	0x15b
 156 00e5 04010000 		.4byte	0x104
 157 00e9 07       		.uleb128 0x7
 158 00ea F6010000 		.4byte	.LASF22
 159 00ee 03       		.byte	0x3
 160 00ef 6501     		.2byte	0x165
 161 00f1 A6000000 		.4byte	0xa6
 162 00f5 00       		.byte	0
 163 00f6 07       		.uleb128 0x7
 164 00f7 D7030000 		.4byte	.LASF23
 165 00fb 03       		.byte	0x3
 166 00fc 6901     		.2byte	0x169
 167 00fe A6000000 		.4byte	0xa6
 168 0102 01       		.byte	0x1
 169 0103 00       		.byte	0
 170 0104 08       		.uleb128 0x8
ARM GAS  C:\Users\kateb\AppData\Local\Temp\ccTBl4mv.s 			page 4


 171 0105 7F050000 		.4byte	.LASF24
 172 0109 03       		.byte	0x3
 173 010a 6B01     		.2byte	0x16b
 174 010c E0000000 		.4byte	0xe0
 175 0110 08       		.uleb128 0x8
 176 0111 F0030000 		.4byte	.LASF25
 177 0115 04       		.byte	0x4
 178 0116 7F01     		.2byte	0x17f
 179 0118 B1000000 		.4byte	0xb1
 180 011c 09       		.uleb128 0x9
 181 011d 01       		.byte	0x1
 182 011e 4B000000 		.4byte	0x4b
 183 0122 05       		.byte	0x5
 184 0123 7E       		.byte	0x7e
 185 0124 41010000 		.4byte	0x141
 186 0128 0A       		.uleb128 0xa
 187 0129 25050000 		.4byte	.LASF26
 188 012d 00       		.byte	0
 189 012e 0A       		.uleb128 0xa
 190 012f B2040000 		.4byte	.LASF27
 191 0133 01       		.byte	0x1
 192 0134 0A       		.uleb128 0xa
 193 0135 A5050000 		.4byte	.LASF28
 194 0139 02       		.byte	0x2
 195 013a 0A       		.uleb128 0xa
 196 013b 47030000 		.4byte	.LASF29
 197 013f 03       		.byte	0x3
 198 0140 00       		.byte	0
 199 0141 04       		.uleb128 0x4
 200 0142 2E000000 		.4byte	.LASF30
 201 0146 05       		.byte	0x5
 202 0147 83       		.byte	0x83
 203 0148 1C010000 		.4byte	0x11c
 204 014c 09       		.uleb128 0x9
 205 014d 01       		.byte	0x1
 206 014e 4B000000 		.4byte	0x4b
 207 0152 05       		.byte	0x5
 208 0153 87       		.byte	0x87
 209 0154 89010000 		.4byte	0x189
 210 0158 0A       		.uleb128 0xa
 211 0159 D7010000 		.4byte	.LASF31
 212 015d 00       		.byte	0
 213 015e 0A       		.uleb128 0xa
 214 015f EA040000 		.4byte	.LASF32
 215 0163 01       		.byte	0x1
 216 0164 0A       		.uleb128 0xa
 217 0165 05000000 		.4byte	.LASF33
 218 0169 02       		.byte	0x2
 219 016a 0A       		.uleb128 0xa
 220 016b 60000000 		.4byte	.LASF34
 221 016f 03       		.byte	0x3
 222 0170 0A       		.uleb128 0xa
 223 0171 37020000 		.4byte	.LASF35
 224 0175 04       		.byte	0x4
 225 0176 0A       		.uleb128 0xa
 226 0177 6C010000 		.4byte	.LASF36
 227 017b 05       		.byte	0x5
ARM GAS  C:\Users\kateb\AppData\Local\Temp\ccTBl4mv.s 			page 5


 228 017c 0A       		.uleb128 0xa
 229 017d E6020000 		.4byte	.LASF37
 230 0181 06       		.byte	0x6
 231 0182 0A       		.uleb128 0xa
 232 0183 A1020000 		.4byte	.LASF38
 233 0187 07       		.byte	0x7
 234 0188 00       		.byte	0
 235 0189 04       		.uleb128 0x4
 236 018a 68050000 		.4byte	.LASF39
 237 018e 05       		.byte	0x5
 238 018f 90       		.byte	0x90
 239 0190 4C010000 		.4byte	0x14c
 240 0194 04       		.uleb128 0x4
 241 0195 56050000 		.4byte	.LASF40
 242 0199 06       		.byte	0x6
 243 019a 40       		.byte	0x40
 244 019b 9F010000 		.4byte	0x19f
 245 019f 0B       		.uleb128 0xb
 246 01a0 04       		.byte	0x4
 247 01a1 A5010000 		.4byte	0x1a5
 248 01a5 0C       		.uleb128 0xc
 249 01a6 B5010000 		.4byte	0x1b5
 250 01aa 0D       		.uleb128 0xd
 251 01ab C7000000 		.4byte	0xc7
 252 01af 0D       		.uleb128 0xd
 253 01b0 9D000000 		.4byte	0x9d
 254 01b4 00       		.byte	0
 255 01b5 03       		.uleb128 0x3
 256 01b6 01       		.byte	0x1
 257 01b7 02       		.byte	0x2
 258 01b8 28040000 		.4byte	.LASF41
 259 01bc 09       		.uleb128 0x9
 260 01bd 01       		.byte	0x1
 261 01be 4B000000 		.4byte	0x4b
 262 01c2 07       		.byte	0x7
 263 01c3 29       		.byte	0x29
 264 01c4 E1010000 		.4byte	0x1e1
 265 01c8 0A       		.uleb128 0xa
 266 01c9 3E050000 		.4byte	.LASF42
 267 01cd 00       		.byte	0
 268 01ce 0A       		.uleb128 0xa
 269 01cf 86030000 		.4byte	.LASF43
 270 01d3 01       		.byte	0x1
 271 01d4 0A       		.uleb128 0xa
 272 01d5 A0010000 		.4byte	.LASF44
 273 01d9 02       		.byte	0x2
 274 01da 0A       		.uleb128 0xa
 275 01db 6A020000 		.4byte	.LASF45
 276 01df 03       		.byte	0x3
 277 01e0 00       		.byte	0
 278 01e1 0E       		.uleb128 0xe
 279 01e2 0A       		.byte	0xa
 280 01e3 07       		.byte	0x7
 281 01e4 69       		.byte	0x69
 282 01e5 26020000 		.4byte	0x226
 283 01e9 0F       		.uleb128 0xf
 284 01ea 12040000 		.4byte	.LASF46
ARM GAS  C:\Users\kateb\AppData\Local\Temp\ccTBl4mv.s 			page 6


 285 01ee 07       		.byte	0x7
 286 01ef 6B       		.byte	0x6b
 287 01f0 10010000 		.4byte	0x110
 288 01f4 00       		.byte	0
 289 01f5 0F       		.uleb128 0xf
 290 01f6 44000000 		.4byte	.LASF47
 291 01fa 07       		.byte	0x7
 292 01fb 6C       		.byte	0x6c
 293 01fc 10010000 		.4byte	0x110
 294 0200 02       		.byte	0x2
 295 0201 0F       		.uleb128 0xf
 296 0202 67030000 		.4byte	.LASF48
 297 0206 07       		.byte	0x7
 298 0207 6D       		.byte	0x6d
 299 0208 10010000 		.4byte	0x110
 300 020c 04       		.byte	0x4
 301 020d 0F       		.uleb128 0xf
 302 020e 80020000 		.4byte	.LASF49
 303 0212 07       		.byte	0x7
 304 0213 6F       		.byte	0x6f
 305 0214 10010000 		.4byte	0x110
 306 0218 06       		.byte	0x6
 307 0219 0F       		.uleb128 0xf
 308 021a C5020000 		.4byte	.LASF50
 309 021e 07       		.byte	0x7
 310 021f 70       		.byte	0x70
 311 0220 10010000 		.4byte	0x110
 312 0224 08       		.byte	0x8
 313 0225 00       		.byte	0
 314 0226 04       		.uleb128 0x4
 315 0227 05020000 		.4byte	.LASF51
 316 022b 07       		.byte	0x7
 317 022c 71       		.byte	0x71
 318 022d E1010000 		.4byte	0x1e1
 319 0231 0E       		.uleb128 0xe
 320 0232 08       		.byte	0x8
 321 0233 07       		.byte	0x7
 322 0234 7E       		.byte	0x7e
 323 0235 52020000 		.4byte	0x252
 324 0239 0F       		.uleb128 0xf
 325 023a 00000000 		.4byte	.LASF52
 326 023e 07       		.byte	0x7
 327 023f 81       		.byte	0x81
 328 0240 52020000 		.4byte	0x252
 329 0244 00       		.byte	0
 330 0245 0F       		.uleb128 0xf
 331 0246 21000000 		.4byte	.LASF53
 332 024a 07       		.byte	0x7
 333 024b 84       		.byte	0x84
 334 024c 94010000 		.4byte	0x194
 335 0250 04       		.byte	0x4
 336 0251 00       		.byte	0
 337 0252 0B       		.uleb128 0xb
 338 0253 04       		.byte	0x4
 339 0254 58020000 		.4byte	0x258
 340 0258 10       		.uleb128 0x10
 341 0259 26020000 		.4byte	0x226
ARM GAS  C:\Users\kateb\AppData\Local\Temp\ccTBl4mv.s 			page 7


 342 025d 04       		.uleb128 0x4
 343 025e C2050000 		.4byte	.LASF54
 344 0262 07       		.byte	0x7
 345 0263 85       		.byte	0x85
 346 0264 31020000 		.4byte	0x231
 347 0268 11       		.uleb128 0x11
 348 0269 98050000 		.4byte	.LASF55
 349 026d 08       		.byte	0x8
 350 026e EA07     		.2byte	0x7ea
 351 0270 74020000 		.4byte	0x274
 352 0274 12       		.uleb128 0x12
 353 0275 BC000000 		.4byte	0xbc
 354 0279 11       		.uleb128 0x11
 355 027a C7010000 		.4byte	.LASF56
 356 027e 05       		.byte	0x5
 357 027f 2202     		.2byte	0x222
 358 0281 41010000 		.4byte	0x141
 359 0285 13       		.uleb128 0x13
 360 0286 04010000 		.4byte	0x104
 361 028a 95020000 		.4byte	0x295
 362 028e 14       		.uleb128 0x14
 363 028f 96000000 		.4byte	0x96
 364 0293 00       		.byte	0
 365 0294 00       		.byte	0
 366 0295 11       		.uleb128 0x11
 367 0296 25020000 		.4byte	.LASF57
 368 029a 05       		.byte	0x5
 369 029b 2C02     		.2byte	0x22c
 370 029d 85020000 		.4byte	0x285
 371 02a1 13       		.uleb128 0x13
 372 02a2 89010000 		.4byte	0x189
 373 02a6 B1020000 		.4byte	0x2b1
 374 02aa 14       		.uleb128 0x14
 375 02ab 96000000 		.4byte	0x96
 376 02af 00       		.byte	0
 377 02b0 00       		.byte	0
 378 02b1 11       		.uleb128 0x11
 379 02b2 A1040000 		.4byte	.LASF58
 380 02b6 05       		.byte	0x5
 381 02b7 2D02     		.2byte	0x22d
 382 02b9 A1020000 		.4byte	0x2a1
 383 02bd 11       		.uleb128 0x11
 384 02be 3D010000 		.4byte	.LASF59
 385 02c2 05       		.byte	0x5
 386 02c3 5202     		.2byte	0x252
 387 02c5 A6000000 		.4byte	0xa6
 388 02c9 15       		.uleb128 0x15
 389 02ca 2E040000 		.4byte	.LASF60
 390 02ce 09       		.byte	0x9
 391 02cf 21       		.byte	0x21
 392 02d0 5D020000 		.4byte	0x25d
 393 02d4 05       		.uleb128 0x5
 394 02d5 03       		.byte	0x3
 395 02d6 00000000 		.4byte	cy_ble_ctsConfig
 396 02da 00       		.byte	0
 397              		.section	.debug_abbrev,"",%progbits
 398              	.Ldebug_abbrev0:
ARM GAS  C:\Users\kateb\AppData\Local\Temp\ccTBl4mv.s 			page 8


 399 0000 01       		.uleb128 0x1
 400 0001 11       		.uleb128 0x11
 401 0002 01       		.byte	0x1
 402 0003 25       		.uleb128 0x25
 403 0004 0E       		.uleb128 0xe
 404 0005 13       		.uleb128 0x13
 405 0006 0B       		.uleb128 0xb
 406 0007 03       		.uleb128 0x3
 407 0008 0E       		.uleb128 0xe
 408 0009 1B       		.uleb128 0x1b
 409 000a 0E       		.uleb128 0xe
 410 000b 10       		.uleb128 0x10
 411 000c 17       		.uleb128 0x17
 412 000d 00       		.byte	0
 413 000e 00       		.byte	0
 414 000f 02       		.uleb128 0x2
 415 0010 24       		.uleb128 0x24
 416 0011 00       		.byte	0
 417 0012 0B       		.uleb128 0xb
 418 0013 0B       		.uleb128 0xb
 419 0014 3E       		.uleb128 0x3e
 420 0015 0B       		.uleb128 0xb
 421 0016 03       		.uleb128 0x3
 422 0017 08       		.uleb128 0x8
 423 0018 00       		.byte	0
 424 0019 00       		.byte	0
 425 001a 03       		.uleb128 0x3
 426 001b 24       		.uleb128 0x24
 427 001c 00       		.byte	0
 428 001d 0B       		.uleb128 0xb
 429 001e 0B       		.uleb128 0xb
 430 001f 3E       		.uleb128 0x3e
 431 0020 0B       		.uleb128 0xb
 432 0021 03       		.uleb128 0x3
 433 0022 0E       		.uleb128 0xe
 434 0023 00       		.byte	0
 435 0024 00       		.byte	0
 436 0025 04       		.uleb128 0x4
 437 0026 16       		.uleb128 0x16
 438 0027 00       		.byte	0
 439 0028 03       		.uleb128 0x3
 440 0029 0E       		.uleb128 0xe
 441 002a 3A       		.uleb128 0x3a
 442 002b 0B       		.uleb128 0xb
 443 002c 3B       		.uleb128 0x3b
 444 002d 0B       		.uleb128 0xb
 445 002e 49       		.uleb128 0x49
 446 002f 13       		.uleb128 0x13
 447 0030 00       		.byte	0
 448 0031 00       		.byte	0
 449 0032 05       		.uleb128 0x5
 450 0033 0F       		.uleb128 0xf
 451 0034 00       		.byte	0
 452 0035 0B       		.uleb128 0xb
 453 0036 0B       		.uleb128 0xb
 454 0037 00       		.byte	0
 455 0038 00       		.byte	0
ARM GAS  C:\Users\kateb\AppData\Local\Temp\ccTBl4mv.s 			page 9


 456 0039 06       		.uleb128 0x6
 457 003a 13       		.uleb128 0x13
 458 003b 01       		.byte	0x1
 459 003c 0B       		.uleb128 0xb
 460 003d 0B       		.uleb128 0xb
 461 003e 3A       		.uleb128 0x3a
 462 003f 0B       		.uleb128 0xb
 463 0040 3B       		.uleb128 0x3b
 464 0041 05       		.uleb128 0x5
 465 0042 01       		.uleb128 0x1
 466 0043 13       		.uleb128 0x13
 467 0044 00       		.byte	0
 468 0045 00       		.byte	0
 469 0046 07       		.uleb128 0x7
 470 0047 0D       		.uleb128 0xd
 471 0048 00       		.byte	0
 472 0049 03       		.uleb128 0x3
 473 004a 0E       		.uleb128 0xe
 474 004b 3A       		.uleb128 0x3a
 475 004c 0B       		.uleb128 0xb
 476 004d 3B       		.uleb128 0x3b
 477 004e 05       		.uleb128 0x5
 478 004f 49       		.uleb128 0x49
 479 0050 13       		.uleb128 0x13
 480 0051 38       		.uleb128 0x38
 481 0052 0B       		.uleb128 0xb
 482 0053 00       		.byte	0
 483 0054 00       		.byte	0
 484 0055 08       		.uleb128 0x8
 485 0056 16       		.uleb128 0x16
 486 0057 00       		.byte	0
 487 0058 03       		.uleb128 0x3
 488 0059 0E       		.uleb128 0xe
 489 005a 3A       		.uleb128 0x3a
 490 005b 0B       		.uleb128 0xb
 491 005c 3B       		.uleb128 0x3b
 492 005d 05       		.uleb128 0x5
 493 005e 49       		.uleb128 0x49
 494 005f 13       		.uleb128 0x13
 495 0060 00       		.byte	0
 496 0061 00       		.byte	0
 497 0062 09       		.uleb128 0x9
 498 0063 04       		.uleb128 0x4
 499 0064 01       		.byte	0x1
 500 0065 0B       		.uleb128 0xb
 501 0066 0B       		.uleb128 0xb
 502 0067 49       		.uleb128 0x49
 503 0068 13       		.uleb128 0x13
 504 0069 3A       		.uleb128 0x3a
 505 006a 0B       		.uleb128 0xb
 506 006b 3B       		.uleb128 0x3b
 507 006c 0B       		.uleb128 0xb
 508 006d 01       		.uleb128 0x1
 509 006e 13       		.uleb128 0x13
 510 006f 00       		.byte	0
 511 0070 00       		.byte	0
 512 0071 0A       		.uleb128 0xa
ARM GAS  C:\Users\kateb\AppData\Local\Temp\ccTBl4mv.s 			page 10


 513 0072 28       		.uleb128 0x28
 514 0073 00       		.byte	0
 515 0074 03       		.uleb128 0x3
 516 0075 0E       		.uleb128 0xe
 517 0076 1C       		.uleb128 0x1c
 518 0077 0B       		.uleb128 0xb
 519 0078 00       		.byte	0
 520 0079 00       		.byte	0
 521 007a 0B       		.uleb128 0xb
 522 007b 0F       		.uleb128 0xf
 523 007c 00       		.byte	0
 524 007d 0B       		.uleb128 0xb
 525 007e 0B       		.uleb128 0xb
 526 007f 49       		.uleb128 0x49
 527 0080 13       		.uleb128 0x13
 528 0081 00       		.byte	0
 529 0082 00       		.byte	0
 530 0083 0C       		.uleb128 0xc
 531 0084 15       		.uleb128 0x15
 532 0085 01       		.byte	0x1
 533 0086 27       		.uleb128 0x27
 534 0087 19       		.uleb128 0x19
 535 0088 01       		.uleb128 0x1
 536 0089 13       		.uleb128 0x13
 537 008a 00       		.byte	0
 538 008b 00       		.byte	0
 539 008c 0D       		.uleb128 0xd
 540 008d 05       		.uleb128 0x5
 541 008e 00       		.byte	0
 542 008f 49       		.uleb128 0x49
 543 0090 13       		.uleb128 0x13
 544 0091 00       		.byte	0
 545 0092 00       		.byte	0
 546 0093 0E       		.uleb128 0xe
 547 0094 13       		.uleb128 0x13
 548 0095 01       		.byte	0x1
 549 0096 0B       		.uleb128 0xb
 550 0097 0B       		.uleb128 0xb
 551 0098 3A       		.uleb128 0x3a
 552 0099 0B       		.uleb128 0xb
 553 009a 3B       		.uleb128 0x3b
 554 009b 0B       		.uleb128 0xb
 555 009c 01       		.uleb128 0x1
 556 009d 13       		.uleb128 0x13
 557 009e 00       		.byte	0
 558 009f 00       		.byte	0
 559 00a0 0F       		.uleb128 0xf
 560 00a1 0D       		.uleb128 0xd
 561 00a2 00       		.byte	0
 562 00a3 03       		.uleb128 0x3
 563 00a4 0E       		.uleb128 0xe
 564 00a5 3A       		.uleb128 0x3a
 565 00a6 0B       		.uleb128 0xb
 566 00a7 3B       		.uleb128 0x3b
 567 00a8 0B       		.uleb128 0xb
 568 00a9 49       		.uleb128 0x49
 569 00aa 13       		.uleb128 0x13
ARM GAS  C:\Users\kateb\AppData\Local\Temp\ccTBl4mv.s 			page 11


 570 00ab 38       		.uleb128 0x38
 571 00ac 0B       		.uleb128 0xb
 572 00ad 00       		.byte	0
 573 00ae 00       		.byte	0
 574 00af 10       		.uleb128 0x10
 575 00b0 26       		.uleb128 0x26
 576 00b1 00       		.byte	0
 577 00b2 49       		.uleb128 0x49
 578 00b3 13       		.uleb128 0x13
 579 00b4 00       		.byte	0
 580 00b5 00       		.byte	0
 581 00b6 11       		.uleb128 0x11
 582 00b7 34       		.uleb128 0x34
 583 00b8 00       		.byte	0
 584 00b9 03       		.uleb128 0x3
 585 00ba 0E       		.uleb128 0xe
 586 00bb 3A       		.uleb128 0x3a
 587 00bc 0B       		.uleb128 0xb
 588 00bd 3B       		.uleb128 0x3b
 589 00be 05       		.uleb128 0x5
 590 00bf 49       		.uleb128 0x49
 591 00c0 13       		.uleb128 0x13
 592 00c1 3F       		.uleb128 0x3f
 593 00c2 19       		.uleb128 0x19
 594 00c3 3C       		.uleb128 0x3c
 595 00c4 19       		.uleb128 0x19
 596 00c5 00       		.byte	0
 597 00c6 00       		.byte	0
 598 00c7 12       		.uleb128 0x12
 599 00c8 35       		.uleb128 0x35
 600 00c9 00       		.byte	0
 601 00ca 49       		.uleb128 0x49
 602 00cb 13       		.uleb128 0x13
 603 00cc 00       		.byte	0
 604 00cd 00       		.byte	0
 605 00ce 13       		.uleb128 0x13
 606 00cf 01       		.uleb128 0x1
 607 00d0 01       		.byte	0x1
 608 00d1 49       		.uleb128 0x49
 609 00d2 13       		.uleb128 0x13
 610 00d3 01       		.uleb128 0x1
 611 00d4 13       		.uleb128 0x13
 612 00d5 00       		.byte	0
 613 00d6 00       		.byte	0
 614 00d7 14       		.uleb128 0x14
 615 00d8 21       		.uleb128 0x21
 616 00d9 00       		.byte	0
 617 00da 49       		.uleb128 0x49
 618 00db 13       		.uleb128 0x13
 619 00dc 2F       		.uleb128 0x2f
 620 00dd 0B       		.uleb128 0xb
 621 00de 00       		.byte	0
 622 00df 00       		.byte	0
 623 00e0 15       		.uleb128 0x15
 624 00e1 34       		.uleb128 0x34
 625 00e2 00       		.byte	0
 626 00e3 03       		.uleb128 0x3
ARM GAS  C:\Users\kateb\AppData\Local\Temp\ccTBl4mv.s 			page 12


 627 00e4 0E       		.uleb128 0xe
 628 00e5 3A       		.uleb128 0x3a
 629 00e6 0B       		.uleb128 0xb
 630 00e7 3B       		.uleb128 0x3b
 631 00e8 0B       		.uleb128 0xb
 632 00e9 49       		.uleb128 0x49
 633 00ea 13       		.uleb128 0x13
 634 00eb 3F       		.uleb128 0x3f
 635 00ec 19       		.uleb128 0x19
 636 00ed 02       		.uleb128 0x2
 637 00ee 18       		.uleb128 0x18
 638 00ef 00       		.byte	0
 639 00f0 00       		.byte	0
 640 00f1 00       		.byte	0
 641              		.section	.debug_aranges,"",%progbits
 642 0000 14000000 		.4byte	0x14
 643 0004 0200     		.2byte	0x2
 644 0006 00000000 		.4byte	.Ldebug_info0
 645 000a 04       		.byte	0x4
 646 000b 00       		.byte	0
 647 000c 0000     		.2byte	0
 648 000e 0000     		.2byte	0
 649 0010 00000000 		.4byte	0
 650 0014 00000000 		.4byte	0
 651              		.section	.debug_line,"",%progbits
 652              	.Ldebug_line0:
 653 0000 01020000 		.section	.debug_str,"MS",%progbits,1
 653      0200FB01 
 653      00000201 
 653      FB0E0D00 
 653      01010101 
 654              	.LASF52:
 655 0000 63747373 		.ascii	"ctss\000"
 655      00
 656              	.LASF33:
 657 0005 43595F42 		.ascii	"CY_BLE_CONN_STATE_CONNECTED\000"
 657      4C455F43 
 657      4F4E4E5F 
 657      53544154 
 657      455F434F 
 658              	.LASF53:
 659 0021 63616C6C 		.ascii	"callbackFunc\000"
 659      6261636B 
 659      46756E63 
 659      00
 660              	.LASF30:
 661 002e 63795F65 		.ascii	"cy_en_ble_adv_state_t\000"
 661      6E5F626C 
 661      655F6164 
 661      765F7374 
 661      6174655F 
 662              	.LASF47:
 663 0044 63757272 		.ascii	"currTimeCharHandle\000"
 663      54696D65 
 663      43686172 
 663      48616E64 
 663      6C6500
ARM GAS  C:\Users\kateb\AppData\Local\Temp\ccTBl4mv.s 			page 13


 664              	.LASF14:
 665 0057 73697A65 		.ascii	"sizetype\000"
 665      74797065 
 665      00
 666              	.LASF34:
 667 0060 43595F42 		.ascii	"CY_BLE_CONN_STATE_CLIENT_SRVC_DISCOVERING\000"
 667      4C455F43 
 667      4F4E4E5F 
 667      53544154 
 667      455F434C 
 668              	.LASF61:
 669 008a 474E5520 		.ascii	"GNU C11 5.4.1 20160609 (release) [ARM/embedded-5-br"
 669      43313120 
 669      352E342E 
 669      31203230 
 669      31363036 
 670 00bd 616E6368 		.ascii	"anch revision 237715] -mcpu=cortex-m4 -mfloat-abi=s"
 670      20726576 
 670      6973696F 
 670      6E203233 
 670      37373135 
 671 00f0 6F667466 		.ascii	"oftfp -mfpu=fpv4-sp-d16 -mthumb -g -Og -ffunction-s"
 671      70202D6D 
 671      6670753D 
 671      66707634 
 671      2D73702D 
 672 0123 65637469 		.ascii	"ections -ffat-lto-objects\000"
 672      6F6E7320 
 672      2D666661 
 672      742D6C74 
 672      6F2D6F62 
 673              	.LASF59:
 674 013d 63795F62 		.ascii	"cy_ble_pendingFlashWrite\000"
 674      6C655F70 
 674      656E6469 
 674      6E67466C 
 674      61736857 
 675              	.LASF11:
 676 0156 5F5F7569 		.ascii	"__uint32_t\000"
 676      6E743332 
 676      5F7400
 677              	.LASF7:
 678 0161 5F5F7569 		.ascii	"__uint16_t\000"
 678      6E743136 
 678      5F7400
 679              	.LASF36:
 680 016c 43595F42 		.ascii	"CY_BLE_CONN_STATE_CLIENT_CHAR_DISCOVERING\000"
 680      4C455F43 
 680      4F4E4E5F 
 680      53544154 
 680      455F434C 
 681              	.LASF5:
 682 0196 73686F72 		.ascii	"short int\000"
 682      7420696E 
 682      7400
 683              	.LASF44:
 684 01a0 43595F42 		.ascii	"CY_BLE_CTS_REFERENCE_TIME_INFO\000"
ARM GAS  C:\Users\kateb\AppData\Local\Temp\ccTBl4mv.s 			page 14


 684      4C455F43 
 684      54535F52 
 684      45464552 
 684      454E4345 
 685              	.LASF16:
 686 01bf 75696E74 		.ascii	"uint8_t\000"
 686      385F7400 
 687              	.LASF56:
 688 01c7 63795F62 		.ascii	"cy_ble_advState\000"
 688      6C655F61 
 688      64765374 
 688      61746500 
 689              	.LASF31:
 690 01d7 43595F42 		.ascii	"CY_BLE_CONN_STATE_DISCONNECTED\000"
 690      4C455F43 
 690      4F4E4E5F 
 690      53544154 
 690      455F4449 
 691              	.LASF22:
 692 01f6 62644861 		.ascii	"bdHandle\000"
 692      6E646C65 
 692      00
 693              	.LASF20:
 694 01ff 666C6F61 		.ascii	"float\000"
 694      7400
 695              	.LASF51:
 696 0205 63795F73 		.ascii	"cy_stc_ble_ctss_t\000"
 696      74635F62 
 696      6C655F63 
 696      7473735F 
 696      7400
 697              	.LASF1:
 698 0217 6C6F6E67 		.ascii	"long long int\000"
 698      206C6F6E 
 698      6720696E 
 698      7400
 699              	.LASF57:
 700 0225 63795F62 		.ascii	"cy_ble_connHandle\000"
 700      6C655F63 
 700      6F6E6E48 
 700      616E646C 
 700      6500
 701              	.LASF35:
 702 0237 43595F42 		.ascii	"CY_BLE_CONN_STATE_CLIENT_INCL_DISCOVERING\000"
 702      4C455F43 
 702      4F4E4E5F 
 702      53544154 
 702      455F434C 
 703              	.LASF10:
 704 0261 6C6F6E67 		.ascii	"long int\000"
 704      20696E74 
 704      00
 705              	.LASF45:
 706 026a 43595F42 		.ascii	"CY_BLE_CTS_CHAR_COUNT\000"
 706      4C455F43 
 706      54535F43 
 706      4841525F 
ARM GAS  C:\Users\kateb\AppData\Local\Temp\ccTBl4mv.s 			page 15


 706      434F554E 
 707              	.LASF49:
 708 0280 6C6F6361 		.ascii	"localTimeInfCharHandle\000"
 708      6C54696D 
 708      65496E66 
 708      43686172 
 708      48616E64 
 709              	.LASF6:
 710 0297 5F5F7569 		.ascii	"__uint8_t\000"
 710      6E74385F 
 710      7400
 711              	.LASF38:
 712 02a1 43595F42 		.ascii	"CY_BLE_CONN_STATE_CLIENT_DISCOVERED\000"
 712      4C455F43 
 712      4F4E4E5F 
 712      53544154 
 712      455F434C 
 713              	.LASF50:
 714 02c5 72656654 		.ascii	"refTimeInfCharHandle\000"
 714      696D6549 
 714      6E664368 
 714      61724861 
 714      6E646C65 
 715              	.LASF2:
 716 02da 6C6F6E67 		.ascii	"long double\000"
 716      20646F75 
 716      626C6500 
 717              	.LASF37:
 718 02e6 43595F42 		.ascii	"CY_BLE_CONN_STATE_CLIENT_DESCR_DISCOVERING\000"
 718      4C455F43 
 718      4F4E4E5F 
 718      53544154 
 718      455F434C 
 719              	.LASF4:
 720 0311 756E7369 		.ascii	"unsigned char\000"
 720      676E6564 
 720      20636861 
 720      7200
 721              	.LASF62:
 722 031f 47656E65 		.ascii	"Generated_Source\\PSoC6\\BLE_cts_config.c\000"
 722      72617465 
 722      645F536F 
 722      75726365 
 722      5C50536F 
 723              	.LASF29:
 724 0347 43595F42 		.ascii	"CY_BLE_ADV_STATE_STOP_INITIATED\000"
 724      4C455F41 
 724      44565F53 
 724      54415445 
 724      5F53544F 
 725              	.LASF48:
 726 0367 63757272 		.ascii	"currTimeCccdHandle\000"
 726      54696D65 
 726      43636364 
 726      48616E64 
 726      6C6500
 727              	.LASF3:
ARM GAS  C:\Users\kateb\AppData\Local\Temp\ccTBl4mv.s 			page 16


 728 037a 7369676E 		.ascii	"signed char\000"
 728      65642063 
 728      68617200 
 729              	.LASF43:
 730 0386 43595F42 		.ascii	"CY_BLE_CTS_LOCAL_TIME_INFO\000"
 730      4C455F43 
 730      54535F4C 
 730      4F43414C 
 730      5F54494D 
 731              	.LASF13:
 732 03a1 6C6F6E67 		.ascii	"long long unsigned int\000"
 732      206C6F6E 
 732      6720756E 
 732      7369676E 
 732      65642069 
 733              	.LASF19:
 734 03b8 75696E74 		.ascii	"uint32_t\000"
 734      33325F74 
 734      00
 735              	.LASF0:
 736 03c1 756E7369 		.ascii	"unsigned int\000"
 736      676E6564 
 736      20696E74 
 736      00
 737              	.LASF17:
 738 03ce 75696E74 		.ascii	"uint16_t\000"
 738      31365F74 
 738      00
 739              	.LASF23:
 740 03d7 61747449 		.ascii	"attId\000"
 740      6400
 741              	.LASF8:
 742 03dd 73686F72 		.ascii	"short unsigned int\000"
 742      7420756E 
 742      7369676E 
 742      65642069 
 742      6E7400
 743              	.LASF25:
 744 03f0 63795F62 		.ascii	"cy_ble_gatt_db_attr_handle_t\000"
 744      6C655F67 
 744      6174745F 
 744      64625F61 
 744      7474725F 
 745              	.LASF15:
 746 040d 63686172 		.ascii	"char\000"
 746      00
 747              	.LASF46:
 748 0412 73657276 		.ascii	"serviceHandle\000"
 748      69636548 
 748      616E646C 
 748      6500
 749              	.LASF18:
 750 0420 696E7433 		.ascii	"int32_t\000"
 750      325F7400 
 751              	.LASF41:
 752 0428 5F426F6F 		.ascii	"_Bool\000"
 752      6C00
ARM GAS  C:\Users\kateb\AppData\Local\Temp\ccTBl4mv.s 			page 17


 753              	.LASF60:
 754 042e 63795F62 		.ascii	"cy_ble_ctsConfig\000"
 754      6C655F63 
 754      7473436F 
 754      6E666967 
 754      00
 755              	.LASF63:
 756 043f 433A5C55 		.ascii	"C:\\Users\\kateb\\Documents\\PSoC Creator\\CE218136"
 756      73657273 
 756      5C6B6174 
 756      65625C44 
 756      6F63756D 
 757 046d 5F45494E 		.ascii	"_EINK_CapSense_RTOS02\\CE222604_RTC_CTS_RTOS01.cyds"
 757      4B5F4361 
 757      7053656E 
 757      73655F52 
 757      544F5330 
 758 049f 6E00     		.ascii	"n\000"
 759              	.LASF58:
 760 04a1 63795F62 		.ascii	"cy_ble_connState\000"
 760      6C655F63 
 760      6F6E6E53 
 760      74617465 
 760      00
 761              	.LASF27:
 762 04b2 43595F42 		.ascii	"CY_BLE_ADV_STATE_ADV_INITIATED\000"
 762      4C455F41 
 762      44565F53 
 762      54415445 
 762      5F414456 
 763              	.LASF12:
 764 04d1 6C6F6E67 		.ascii	"long unsigned int\000"
 764      20756E73 
 764      69676E65 
 764      6420696E 
 764      7400
 765              	.LASF21:
 766 04e3 646F7562 		.ascii	"double\000"
 766      6C6500
 767              	.LASF32:
 768 04ea 43595F42 		.ascii	"CY_BLE_CONN_STATE_CLIENT_DISCONNECTED_DISCOVERED\000"
 768      4C455F43 
 768      4F4E4E5F 
 768      53544154 
 768      455F434C 
 769              	.LASF9:
 770 051b 5F5F696E 		.ascii	"__int32_t\000"
 770      7433325F 
 770      7400
 771              	.LASF26:
 772 0525 43595F42 		.ascii	"CY_BLE_ADV_STATE_STOPPED\000"
 772      4C455F41 
 772      44565F53 
 772      54415445 
 772      5F53544F 
 773              	.LASF42:
 774 053e 43595F42 		.ascii	"CY_BLE_CTS_CURRENT_TIME\000"
ARM GAS  C:\Users\kateb\AppData\Local\Temp\ccTBl4mv.s 			page 18


 774      4C455F43 
 774      54535F43 
 774      55525245 
 774      4E545F54 
 775              	.LASF40:
 776 0556 63795F62 		.ascii	"cy_ble_callback_t\000"
 776      6C655F63 
 776      616C6C62 
 776      61636B5F 
 776      7400
 777              	.LASF39:
 778 0568 63795F65 		.ascii	"cy_en_ble_conn_state_t\000"
 778      6E5F626C 
 778      655F636F 
 778      6E6E5F73 
 778      74617465 
 779              	.LASF24:
 780 057f 63795F73 		.ascii	"cy_stc_ble_conn_handle_t\000"
 780      74635F62 
 780      6C655F63 
 780      6F6E6E5F 
 780      68616E64 
 781              	.LASF55:
 782 0598 49544D5F 		.ascii	"ITM_RxBuffer\000"
 782      52784275 
 782      66666572 
 782      00
 783              	.LASF28:
 784 05a5 43595F42 		.ascii	"CY_BLE_ADV_STATE_ADVERTISING\000"
 784      4C455F41 
 784      44565F53 
 784      54415445 
 784      5F414456 
 785              	.LASF54:
 786 05c2 63795F73 		.ascii	"cy_stc_ble_cts_config_t\000"
 786      74635F62 
 786      6C655F63 
 786      74735F63 
 786      6F6E6669 
 787              		.ident	"GCC: (GNU Tools for ARM Embedded Processors) 5.4.1 20160609 (release) [ARM/embedded-5-bran
