ARM GAS  C:\Users\kateb\AppData\Local\Temp\ccyYFX2d.s 			page 1


   1              		.syntax unified
   2              		.cpu cortex-m4
   3              		.eabi_attribute 27, 1
   4              		.fpu fpv4-sp-d16
   5              		.eabi_attribute 20, 1
   6              		.eabi_attribute 21, 1
   7              		.eabi_attribute 23, 3
   8              		.eabi_attribute 24, 1
   9              		.eabi_attribute 25, 1
  10              		.eabi_attribute 26, 1
  11              		.eabi_attribute 30, 1
  12              		.eabi_attribute 34, 1
  13              		.eabi_attribute 18, 4
  14              		.thumb
  15              		.syntax unified
  16              		.file	"cy_ble_dis.c"
  17              		.text
  18              	.Ltext0:
  19              		.cfi_sections	.debug_frame
  20              	.Letext0:
  21              		.file 1 "c:\\program files (x86)\\cypress\\psoc creator\\4.2\\psoc creator\\import\\gnu\\arm\\5.4.
  22              		.file 2 "c:\\program files (x86)\\cypress\\psoc creator\\4.2\\psoc creator\\import\\gnu\\arm\\5.4.
  23              		.file 3 "Generated_Source\\PSoC6\\pdl\\middleware\\ble\\cy_ble_stack_host_main.h"
  24              		.file 4 "Generated_Source\\PSoC6\\pdl\\middleware\\ble\\cy_ble_gap.h"
  25              		.file 5 "Generated_Source\\PSoC6\\pdl\\cmsis/include/core_cm4.h"
  26              		.section	.debug_info,"",%progbits
  27              	.Ldebug_info0:
  28 0000 BF010000 		.4byte	0x1bf
  29 0004 0400     		.2byte	0x4
  30 0006 00000000 		.4byte	.Ldebug_abbrev0
  31 000a 04       		.byte	0x4
  32 000b 01       		.uleb128 0x1
  33 000c C1020000 		.4byte	.LASF41
  34 0010 0C       		.byte	0xc
  35 0011 94000000 		.4byte	.LASF42
  36 0015 3F010000 		.4byte	.LASF43
  37 0019 00000000 		.4byte	.Ldebug_line0
  38 001d 02       		.uleb128 0x2
  39 001e 04       		.byte	0x4
  40 001f 05       		.byte	0x5
  41 0020 696E7400 		.ascii	"int\000"
  42 0024 03       		.uleb128 0x3
  43 0025 04       		.byte	0x4
  44 0026 07       		.byte	0x7
  45 0027 30020000 		.4byte	.LASF0
  46 002b 03       		.uleb128 0x3
  47 002c 08       		.byte	0x8
  48 002d 05       		.byte	0x5
  49 002e 8B030000 		.4byte	.LASF1
  50 0032 03       		.uleb128 0x3
  51 0033 08       		.byte	0x8
  52 0034 04       		.byte	0x4
  53 0035 1E040000 		.4byte	.LASF2
  54 0039 03       		.uleb128 0x3
  55 003a 01       		.byte	0x1
  56 003b 06       		.byte	0x6
  57 003c 2A040000 		.4byte	.LASF3
ARM GAS  C:\Users\kateb\AppData\Local\Temp\ccyYFX2d.s 			page 2


  58 0040 04       		.uleb128 0x4
  59 0041 00000000 		.4byte	.LASF7
  60 0045 01       		.byte	0x1
  61 0046 1D       		.byte	0x1d
  62 0047 4B000000 		.4byte	0x4b
  63 004b 03       		.uleb128 0x3
  64 004c 01       		.byte	0x1
  65 004d 08       		.byte	0x8
  66 004e 31010000 		.4byte	.LASF4
  67 0052 03       		.uleb128 0x3
  68 0053 02       		.byte	0x2
  69 0054 05       		.byte	0x5
  70 0055 BD030000 		.4byte	.LASF5
  71 0059 03       		.uleb128 0x3
  72 005a 02       		.byte	0x2
  73 005b 07       		.byte	0x7
  74 005c B3010000 		.4byte	.LASF6
  75 0060 04       		.uleb128 0x4
  76 0061 70000000 		.4byte	.LASF8
  77 0065 01       		.byte	0x1
  78 0066 3F       		.byte	0x3f
  79 0067 6B000000 		.4byte	0x6b
  80 006b 03       		.uleb128 0x3
  81 006c 04       		.byte	0x4
  82 006d 05       		.byte	0x5
  83 006e 15040000 		.4byte	.LASF9
  84 0072 03       		.uleb128 0x3
  85 0073 04       		.byte	0x4
  86 0074 07       		.byte	0x7
  87 0075 A1010000 		.4byte	.LASF10
  88 0079 03       		.uleb128 0x3
  89 007a 08       		.byte	0x8
  90 007b 07       		.byte	0x7
  91 007c 61020000 		.4byte	.LASF11
  92 0080 03       		.uleb128 0x3
  93 0081 04       		.byte	0x4
  94 0082 07       		.byte	0x7
  95 0083 82030000 		.4byte	.LASF12
  96 0087 03       		.uleb128 0x3
  97 0088 01       		.byte	0x1
  98 0089 08       		.byte	0x8
  99 008a 99030000 		.4byte	.LASF13
 100 008e 04       		.uleb128 0x4
 101 008f 8C000000 		.4byte	.LASF14
 102 0093 02       		.byte	0x2
 103 0094 18       		.byte	0x18
 104 0095 40000000 		.4byte	0x40
 105 0099 04       		.uleb128 0x4
 106 009a 74030000 		.4byte	.LASF15
 107 009e 02       		.byte	0x2
 108 009f 2C       		.byte	0x2c
 109 00a0 60000000 		.4byte	0x60
 110 00a4 03       		.uleb128 0x3
 111 00a5 04       		.byte	0x4
 112 00a6 04       		.byte	0x4
 113 00a7 0B010000 		.4byte	.LASF16
 114 00ab 03       		.uleb128 0x3
ARM GAS  C:\Users\kateb\AppData\Local\Temp\ccyYFX2d.s 			page 3


 115 00ac 08       		.byte	0x8
 116 00ad 04       		.byte	0x4
 117 00ae 29020000 		.4byte	.LASF17
 118 00b2 05       		.uleb128 0x5
 119 00b3 02       		.byte	0x2
 120 00b4 03       		.byte	0x3
 121 00b5 5B01     		.2byte	0x15b
 122 00b7 D6000000 		.4byte	0xd6
 123 00bb 06       		.uleb128 0x6
 124 00bc 23000000 		.4byte	.LASF18
 125 00c0 03       		.byte	0x3
 126 00c1 6501     		.2byte	0x165
 127 00c3 8E000000 		.4byte	0x8e
 128 00c7 00       		.byte	0
 129 00c8 06       		.uleb128 0x6
 130 00c9 7C030000 		.4byte	.LASF19
 131 00cd 03       		.byte	0x3
 132 00ce 6901     		.2byte	0x169
 133 00d0 8E000000 		.4byte	0x8e
 134 00d4 01       		.byte	0x1
 135 00d5 00       		.byte	0
 136 00d6 07       		.uleb128 0x7
 137 00d7 57000000 		.4byte	.LASF20
 138 00db 03       		.byte	0x3
 139 00dc 6B01     		.2byte	0x16b
 140 00de B2000000 		.4byte	0xb2
 141 00e2 08       		.uleb128 0x8
 142 00e3 01       		.byte	0x1
 143 00e4 4B000000 		.4byte	0x4b
 144 00e8 04       		.byte	0x4
 145 00e9 7E       		.byte	0x7e
 146 00ea 07010000 		.4byte	0x107
 147 00ee 09       		.uleb128 0x9
 148 00ef 0A000000 		.4byte	.LASF21
 149 00f3 00       		.byte	0
 150 00f4 09       		.uleb128 0x9
 151 00f5 A2020000 		.4byte	.LASF22
 152 00f9 01       		.byte	0x1
 153 00fa 09       		.uleb128 0x9
 154 00fb C7030000 		.4byte	.LASF23
 155 00ff 02       		.byte	0x2
 156 0100 09       		.uleb128 0x9
 157 0101 11010000 		.4byte	.LASF24
 158 0105 03       		.byte	0x3
 159 0106 00       		.byte	0
 160 0107 04       		.uleb128 0x4
 161 0108 F5000000 		.4byte	.LASF25
 162 010c 04       		.byte	0x4
 163 010d 83       		.byte	0x83
 164 010e E2000000 		.4byte	0xe2
 165 0112 08       		.uleb128 0x8
 166 0113 01       		.byte	0x1
 167 0114 4B000000 		.4byte	0x4b
 168 0118 04       		.byte	0x4
 169 0119 87       		.byte	0x87
 170 011a 4F010000 		.4byte	0x14f
 171 011e 09       		.uleb128 0x9
ARM GAS  C:\Users\kateb\AppData\Local\Temp\ccyYFX2d.s 			page 4


 172 011f 9E030000 		.4byte	.LASF26
 173 0123 00       		.byte	0
 174 0124 09       		.uleb128 0x9
 175 0125 E4030000 		.4byte	.LASF27
 176 0129 01       		.byte	0x1
 177 012a 09       		.uleb128 0x9
 178 012b 0D020000 		.4byte	.LASF28
 179 012f 02       		.byte	0x2
 180 0130 09       		.uleb128 0x9
 181 0131 CB000000 		.4byte	.LASF29
 182 0135 03       		.byte	0x3
 183 0136 09       		.uleb128 0x9
 184 0137 78020000 		.4byte	.LASF30
 185 013b 04       		.byte	0x4
 186 013c 09       		.uleb128 0x9
 187 013d C6010000 		.4byte	.LASF31
 188 0141 05       		.byte	0x5
 189 0142 09       		.uleb128 0x9
 190 0143 2C000000 		.4byte	.LASF32
 191 0147 06       		.byte	0x6
 192 0148 09       		.uleb128 0x9
 193 0149 3D020000 		.4byte	.LASF33
 194 014d 07       		.byte	0x7
 195 014e 00       		.byte	0
 196 014f 04       		.uleb128 0x4
 197 0150 66040000 		.4byte	.LASF34
 198 0154 04       		.byte	0x4
 199 0155 90       		.byte	0x90
 200 0156 12010000 		.4byte	0x112
 201 015a 03       		.uleb128 0x3
 202 015b 01       		.byte	0x1
 203 015c 02       		.byte	0x2
 204 015d 36040000 		.4byte	.LASF35
 205 0161 0A       		.uleb128 0xa
 206 0162 F0010000 		.4byte	.LASF36
 207 0166 05       		.byte	0x5
 208 0167 EA07     		.2byte	0x7ea
 209 0169 6D010000 		.4byte	0x16d
 210 016d 0B       		.uleb128 0xb
 211 016e 99000000 		.4byte	0x99
 212 0172 0A       		.uleb128 0xa
 213 0173 FD010000 		.4byte	.LASF37
 214 0177 04       		.byte	0x4
 215 0178 2202     		.2byte	0x222
 216 017a 07010000 		.4byte	0x107
 217 017e 0C       		.uleb128 0xc
 218 017f D6000000 		.4byte	0xd6
 219 0183 8E010000 		.4byte	0x18e
 220 0187 0D       		.uleb128 0xd
 221 0188 80000000 		.4byte	0x80
 222 018c 00       		.byte	0
 223 018d 00       		.byte	0
 224 018e 0A       		.uleb128 0xa
 225 018f 7A000000 		.4byte	.LASF38
 226 0193 04       		.byte	0x4
 227 0194 2C02     		.2byte	0x22c
 228 0196 7E010000 		.4byte	0x17e
ARM GAS  C:\Users\kateb\AppData\Local\Temp\ccyYFX2d.s 			page 5


 229 019a 0C       		.uleb128 0xc
 230 019b 4F010000 		.4byte	0x14f
 231 019f AA010000 		.4byte	0x1aa
 232 01a3 0D       		.uleb128 0xd
 233 01a4 80000000 		.4byte	0x80
 234 01a8 00       		.byte	0
 235 01a9 00       		.byte	0
 236 01aa 0A       		.uleb128 0xa
 237 01ab 3C040000 		.4byte	.LASF39
 238 01af 04       		.byte	0x4
 239 01b0 2D02     		.2byte	0x22d
 240 01b2 9A010000 		.4byte	0x19a
 241 01b6 0A       		.uleb128 0xa
 242 01b7 4D040000 		.4byte	.LASF40
 243 01bb 04       		.byte	0x4
 244 01bc 5202     		.2byte	0x252
 245 01be 8E000000 		.4byte	0x8e
 246 01c2 00       		.byte	0
 247              		.section	.debug_abbrev,"",%progbits
 248              	.Ldebug_abbrev0:
 249 0000 01       		.uleb128 0x1
 250 0001 11       		.uleb128 0x11
 251 0002 01       		.byte	0x1
 252 0003 25       		.uleb128 0x25
 253 0004 0E       		.uleb128 0xe
 254 0005 13       		.uleb128 0x13
 255 0006 0B       		.uleb128 0xb
 256 0007 03       		.uleb128 0x3
 257 0008 0E       		.uleb128 0xe
 258 0009 1B       		.uleb128 0x1b
 259 000a 0E       		.uleb128 0xe
 260 000b 10       		.uleb128 0x10
 261 000c 17       		.uleb128 0x17
 262 000d 00       		.byte	0
 263 000e 00       		.byte	0
 264 000f 02       		.uleb128 0x2
 265 0010 24       		.uleb128 0x24
 266 0011 00       		.byte	0
 267 0012 0B       		.uleb128 0xb
 268 0013 0B       		.uleb128 0xb
 269 0014 3E       		.uleb128 0x3e
 270 0015 0B       		.uleb128 0xb
 271 0016 03       		.uleb128 0x3
 272 0017 08       		.uleb128 0x8
 273 0018 00       		.byte	0
 274 0019 00       		.byte	0
 275 001a 03       		.uleb128 0x3
 276 001b 24       		.uleb128 0x24
 277 001c 00       		.byte	0
 278 001d 0B       		.uleb128 0xb
 279 001e 0B       		.uleb128 0xb
 280 001f 3E       		.uleb128 0x3e
 281 0020 0B       		.uleb128 0xb
 282 0021 03       		.uleb128 0x3
 283 0022 0E       		.uleb128 0xe
 284 0023 00       		.byte	0
 285 0024 00       		.byte	0
ARM GAS  C:\Users\kateb\AppData\Local\Temp\ccyYFX2d.s 			page 6


 286 0025 04       		.uleb128 0x4
 287 0026 16       		.uleb128 0x16
 288 0027 00       		.byte	0
 289 0028 03       		.uleb128 0x3
 290 0029 0E       		.uleb128 0xe
 291 002a 3A       		.uleb128 0x3a
 292 002b 0B       		.uleb128 0xb
 293 002c 3B       		.uleb128 0x3b
 294 002d 0B       		.uleb128 0xb
 295 002e 49       		.uleb128 0x49
 296 002f 13       		.uleb128 0x13
 297 0030 00       		.byte	0
 298 0031 00       		.byte	0
 299 0032 05       		.uleb128 0x5
 300 0033 13       		.uleb128 0x13
 301 0034 01       		.byte	0x1
 302 0035 0B       		.uleb128 0xb
 303 0036 0B       		.uleb128 0xb
 304 0037 3A       		.uleb128 0x3a
 305 0038 0B       		.uleb128 0xb
 306 0039 3B       		.uleb128 0x3b
 307 003a 05       		.uleb128 0x5
 308 003b 01       		.uleb128 0x1
 309 003c 13       		.uleb128 0x13
 310 003d 00       		.byte	0
 311 003e 00       		.byte	0
 312 003f 06       		.uleb128 0x6
 313 0040 0D       		.uleb128 0xd
 314 0041 00       		.byte	0
 315 0042 03       		.uleb128 0x3
 316 0043 0E       		.uleb128 0xe
 317 0044 3A       		.uleb128 0x3a
 318 0045 0B       		.uleb128 0xb
 319 0046 3B       		.uleb128 0x3b
 320 0047 05       		.uleb128 0x5
 321 0048 49       		.uleb128 0x49
 322 0049 13       		.uleb128 0x13
 323 004a 38       		.uleb128 0x38
 324 004b 0B       		.uleb128 0xb
 325 004c 00       		.byte	0
 326 004d 00       		.byte	0
 327 004e 07       		.uleb128 0x7
 328 004f 16       		.uleb128 0x16
 329 0050 00       		.byte	0
 330 0051 03       		.uleb128 0x3
 331 0052 0E       		.uleb128 0xe
 332 0053 3A       		.uleb128 0x3a
 333 0054 0B       		.uleb128 0xb
 334 0055 3B       		.uleb128 0x3b
 335 0056 05       		.uleb128 0x5
 336 0057 49       		.uleb128 0x49
 337 0058 13       		.uleb128 0x13
 338 0059 00       		.byte	0
 339 005a 00       		.byte	0
 340 005b 08       		.uleb128 0x8
 341 005c 04       		.uleb128 0x4
 342 005d 01       		.byte	0x1
ARM GAS  C:\Users\kateb\AppData\Local\Temp\ccyYFX2d.s 			page 7


 343 005e 0B       		.uleb128 0xb
 344 005f 0B       		.uleb128 0xb
 345 0060 49       		.uleb128 0x49
 346 0061 13       		.uleb128 0x13
 347 0062 3A       		.uleb128 0x3a
 348 0063 0B       		.uleb128 0xb
 349 0064 3B       		.uleb128 0x3b
 350 0065 0B       		.uleb128 0xb
 351 0066 01       		.uleb128 0x1
 352 0067 13       		.uleb128 0x13
 353 0068 00       		.byte	0
 354 0069 00       		.byte	0
 355 006a 09       		.uleb128 0x9
 356 006b 28       		.uleb128 0x28
 357 006c 00       		.byte	0
 358 006d 03       		.uleb128 0x3
 359 006e 0E       		.uleb128 0xe
 360 006f 1C       		.uleb128 0x1c
 361 0070 0B       		.uleb128 0xb
 362 0071 00       		.byte	0
 363 0072 00       		.byte	0
 364 0073 0A       		.uleb128 0xa
 365 0074 34       		.uleb128 0x34
 366 0075 00       		.byte	0
 367 0076 03       		.uleb128 0x3
 368 0077 0E       		.uleb128 0xe
 369 0078 3A       		.uleb128 0x3a
 370 0079 0B       		.uleb128 0xb
 371 007a 3B       		.uleb128 0x3b
 372 007b 05       		.uleb128 0x5
 373 007c 49       		.uleb128 0x49
 374 007d 13       		.uleb128 0x13
 375 007e 3F       		.uleb128 0x3f
 376 007f 19       		.uleb128 0x19
 377 0080 3C       		.uleb128 0x3c
 378 0081 19       		.uleb128 0x19
 379 0082 00       		.byte	0
 380 0083 00       		.byte	0
 381 0084 0B       		.uleb128 0xb
 382 0085 35       		.uleb128 0x35
 383 0086 00       		.byte	0
 384 0087 49       		.uleb128 0x49
 385 0088 13       		.uleb128 0x13
 386 0089 00       		.byte	0
 387 008a 00       		.byte	0
 388 008b 0C       		.uleb128 0xc
 389 008c 01       		.uleb128 0x1
 390 008d 01       		.byte	0x1
 391 008e 49       		.uleb128 0x49
 392 008f 13       		.uleb128 0x13
 393 0090 01       		.uleb128 0x1
 394 0091 13       		.uleb128 0x13
 395 0092 00       		.byte	0
 396 0093 00       		.byte	0
 397 0094 0D       		.uleb128 0xd
 398 0095 21       		.uleb128 0x21
 399 0096 00       		.byte	0
ARM GAS  C:\Users\kateb\AppData\Local\Temp\ccyYFX2d.s 			page 8


 400 0097 49       		.uleb128 0x49
 401 0098 13       		.uleb128 0x13
 402 0099 2F       		.uleb128 0x2f
 403 009a 0B       		.uleb128 0xb
 404 009b 00       		.byte	0
 405 009c 00       		.byte	0
 406 009d 00       		.byte	0
 407              		.section	.debug_aranges,"",%progbits
 408 0000 14000000 		.4byte	0x14
 409 0004 0200     		.2byte	0x2
 410 0006 00000000 		.4byte	.Ldebug_info0
 411 000a 04       		.byte	0x4
 412 000b 00       		.byte	0
 413 000c 0000     		.2byte	0
 414 000e 0000     		.2byte	0
 415 0010 00000000 		.4byte	0
 416 0014 00000000 		.4byte	0
 417              		.section	.debug_line,"",%progbits
 418              	.Ldebug_line0:
 419 0000 A3010000 		.section	.debug_str,"MS",%progbits,1
 419      02009D01 
 419      00000201 
 419      FB0E0D00 
 419      01010101 
 420              	.LASF7:
 421 0000 5F5F7569 		.ascii	"__uint8_t\000"
 421      6E74385F 
 421      7400
 422              	.LASF21:
 423 000a 43595F42 		.ascii	"CY_BLE_ADV_STATE_STOPPED\000"
 423      4C455F41 
 423      44565F53 
 423      54415445 
 423      5F53544F 
 424              	.LASF18:
 425 0023 62644861 		.ascii	"bdHandle\000"
 425      6E646C65 
 425      00
 426              	.LASF32:
 427 002c 43595F42 		.ascii	"CY_BLE_CONN_STATE_CLIENT_DESCR_DISCOVERING\000"
 427      4C455F43 
 427      4F4E4E5F 
 427      53544154 
 427      455F434C 
 428              	.LASF20:
 429 0057 63795F73 		.ascii	"cy_stc_ble_conn_handle_t\000"
 429      74635F62 
 429      6C655F63 
 429      6F6E6E5F 
 429      68616E64 
 430              	.LASF8:
 431 0070 5F5F696E 		.ascii	"__int32_t\000"
 431      7433325F 
 431      7400
 432              	.LASF38:
 433 007a 63795F62 		.ascii	"cy_ble_connHandle\000"
 433      6C655F63 
ARM GAS  C:\Users\kateb\AppData\Local\Temp\ccyYFX2d.s 			page 9


 433      6F6E6E48 
 433      616E646C 
 433      6500
 434              	.LASF14:
 435 008c 75696E74 		.ascii	"uint8_t\000"
 435      385F7400 
 436              	.LASF42:
 437 0094 47656E65 		.ascii	"Generated_Source\\PSoC6\\pdl\\middleware\\ble\\cy_b"
 437      72617465 
 437      645F536F 
 437      75726365 
 437      5C50536F 
 438 00c2 6C655F64 		.ascii	"le_dis.c\000"
 438      69732E63 
 438      00
 439              	.LASF29:
 440 00cb 43595F42 		.ascii	"CY_BLE_CONN_STATE_CLIENT_SRVC_DISCOVERING\000"
 440      4C455F43 
 440      4F4E4E5F 
 440      53544154 
 440      455F434C 
 441              	.LASF25:
 442 00f5 63795F65 		.ascii	"cy_en_ble_adv_state_t\000"
 442      6E5F626C 
 442      655F6164 
 442      765F7374 
 442      6174655F 
 443              	.LASF16:
 444 010b 666C6F61 		.ascii	"float\000"
 444      7400
 445              	.LASF24:
 446 0111 43595F42 		.ascii	"CY_BLE_ADV_STATE_STOP_INITIATED\000"
 446      4C455F41 
 446      44565F53 
 446      54415445 
 446      5F53544F 
 447              	.LASF4:
 448 0131 756E7369 		.ascii	"unsigned char\000"
 448      676E6564 
 448      20636861 
 448      7200
 449              	.LASF43:
 450 013f 433A5C55 		.ascii	"C:\\Users\\kateb\\Documents\\PSoC Creator\\CE218136"
 450      73657273 
 450      5C6B6174 
 450      65625C44 
 450      6F63756D 
 451 016d 5F45494E 		.ascii	"_EINK_CapSense_RTOS02\\CE222604_RTC_CTS_RTOS01.cyds"
 451      4B5F4361 
 451      7053656E 
 451      73655F52 
 451      544F5330 
 452 019f 6E00     		.ascii	"n\000"
 453              	.LASF10:
 454 01a1 6C6F6E67 		.ascii	"long unsigned int\000"
 454      20756E73 
 454      69676E65 
ARM GAS  C:\Users\kateb\AppData\Local\Temp\ccyYFX2d.s 			page 10


 454      6420696E 
 454      7400
 455              	.LASF6:
 456 01b3 73686F72 		.ascii	"short unsigned int\000"
 456      7420756E 
 456      7369676E 
 456      65642069 
 456      6E7400
 457              	.LASF31:
 458 01c6 43595F42 		.ascii	"CY_BLE_CONN_STATE_CLIENT_CHAR_DISCOVERING\000"
 458      4C455F43 
 458      4F4E4E5F 
 458      53544154 
 458      455F434C 
 459              	.LASF36:
 460 01f0 49544D5F 		.ascii	"ITM_RxBuffer\000"
 460      52784275 
 460      66666572 
 460      00
 461              	.LASF37:
 462 01fd 63795F62 		.ascii	"cy_ble_advState\000"
 462      6C655F61 
 462      64765374 
 462      61746500 
 463              	.LASF28:
 464 020d 43595F42 		.ascii	"CY_BLE_CONN_STATE_CONNECTED\000"
 464      4C455F43 
 464      4F4E4E5F 
 464      53544154 
 464      455F434F 
 465              	.LASF17:
 466 0229 646F7562 		.ascii	"double\000"
 466      6C6500
 467              	.LASF0:
 468 0230 756E7369 		.ascii	"unsigned int\000"
 468      676E6564 
 468      20696E74 
 468      00
 469              	.LASF33:
 470 023d 43595F42 		.ascii	"CY_BLE_CONN_STATE_CLIENT_DISCOVERED\000"
 470      4C455F43 
 470      4F4E4E5F 
 470      53544154 
 470      455F434C 
 471              	.LASF11:
 472 0261 6C6F6E67 		.ascii	"long long unsigned int\000"
 472      206C6F6E 
 472      6720756E 
 472      7369676E 
 472      65642069 
 473              	.LASF30:
 474 0278 43595F42 		.ascii	"CY_BLE_CONN_STATE_CLIENT_INCL_DISCOVERING\000"
 474      4C455F43 
 474      4F4E4E5F 
 474      53544154 
 474      455F434C 
 475              	.LASF22:
ARM GAS  C:\Users\kateb\AppData\Local\Temp\ccyYFX2d.s 			page 11


 476 02a2 43595F42 		.ascii	"CY_BLE_ADV_STATE_ADV_INITIATED\000"
 476      4C455F41 
 476      44565F53 
 476      54415445 
 476      5F414456 
 477              	.LASF41:
 478 02c1 474E5520 		.ascii	"GNU C11 5.4.1 20160609 (release) [ARM/embedded-5-br"
 478      43313120 
 478      352E342E 
 478      31203230 
 478      31363036 
 479 02f4 616E6368 		.ascii	"anch revision 237715] -mcpu=cortex-m4 -mfloat-abi=s"
 479      20726576 
 479      6973696F 
 479      6E203233 
 479      37373135 
 480 0327 6F667466 		.ascii	"oftfp -mfpu=fpv4-sp-d16 -mthumb -g -Og -ffunction-s"
 480      70202D6D 
 480      6670753D 
 480      66707634 
 480      2D73702D 
 481 035a 65637469 		.ascii	"ections -ffat-lto-objects\000"
 481      6F6E7320 
 481      2D666661 
 481      742D6C74 
 481      6F2D6F62 
 482              	.LASF15:
 483 0374 696E7433 		.ascii	"int32_t\000"
 483      325F7400 
 484              	.LASF19:
 485 037c 61747449 		.ascii	"attId\000"
 485      6400
 486              	.LASF12:
 487 0382 73697A65 		.ascii	"sizetype\000"
 487      74797065 
 487      00
 488              	.LASF1:
 489 038b 6C6F6E67 		.ascii	"long long int\000"
 489      206C6F6E 
 489      6720696E 
 489      7400
 490              	.LASF13:
 491 0399 63686172 		.ascii	"char\000"
 491      00
 492              	.LASF26:
 493 039e 43595F42 		.ascii	"CY_BLE_CONN_STATE_DISCONNECTED\000"
 493      4C455F43 
 493      4F4E4E5F 
 493      53544154 
 493      455F4449 
 494              	.LASF5:
 495 03bd 73686F72 		.ascii	"short int\000"
 495      7420696E 
 495      7400
 496              	.LASF23:
 497 03c7 43595F42 		.ascii	"CY_BLE_ADV_STATE_ADVERTISING\000"
 497      4C455F41 
ARM GAS  C:\Users\kateb\AppData\Local\Temp\ccyYFX2d.s 			page 12


 497      44565F53 
 497      54415445 
 497      5F414456 
 498              	.LASF27:
 499 03e4 43595F42 		.ascii	"CY_BLE_CONN_STATE_CLIENT_DISCONNECTED_DISCOVERED\000"
 499      4C455F43 
 499      4F4E4E5F 
 499      53544154 
 499      455F434C 
 500              	.LASF9:
 501 0415 6C6F6E67 		.ascii	"long int\000"
 501      20696E74 
 501      00
 502              	.LASF2:
 503 041e 6C6F6E67 		.ascii	"long double\000"
 503      20646F75 
 503      626C6500 
 504              	.LASF3:
 505 042a 7369676E 		.ascii	"signed char\000"
 505      65642063 
 505      68617200 
 506              	.LASF35:
 507 0436 5F426F6F 		.ascii	"_Bool\000"
 507      6C00
 508              	.LASF39:
 509 043c 63795F62 		.ascii	"cy_ble_connState\000"
 509      6C655F63 
 509      6F6E6E53 
 509      74617465 
 509      00
 510              	.LASF40:
 511 044d 63795F62 		.ascii	"cy_ble_pendingFlashWrite\000"
 511      6C655F70 
 511      656E6469 
 511      6E67466C 
 511      61736857 
 512              	.LASF34:
 513 0466 63795F65 		.ascii	"cy_en_ble_conn_state_t\000"
 513      6E5F626C 
 513      655F636F 
 513      6E6E5F73 
 513      74617465 
 514              		.ident	"GCC: (GNU Tools for ARM Embedded Processors) 5.4.1 20160609 (release) [ARM/embedded-5-bran
