ARM GAS  C:\Users\kateb\AppData\Local\Temp\ccQXkXQ0.s 			page 1


   1              		.syntax unified
   2              		.cpu cortex-m4
   3              		.eabi_attribute 27, 1
   4              		.fpu fpv4-sp-d16
   5              		.eabi_attribute 20, 1
   6              		.eabi_attribute 21, 1
   7              		.eabi_attribute 23, 3
   8              		.eabi_attribute 24, 1
   9              		.eabi_attribute 25, 1
  10              		.eabi_attribute 26, 1
  11              		.eabi_attribute 30, 1
  12              		.eabi_attribute 34, 1
  13              		.eabi_attribute 18, 4
  14              		.thumb
  15              		.syntax unified
  16              		.file	"retarget.c"
  17              		.text
  18              	.Ltext0:
  19              		.cfi_sections	.debug_frame
  20              		.syntax unified
  21              		.global _printf_float
  22              		.global _scanf_float
  23              		.thumb
  24              		.syntax unified
  25              		.section	.text._write,"ax",%progbits
  26              		.align	2
  27              		.weak	_write
  28              		.thumb
  29              		.thumb_func
  30              		.type	_write, %function
  31              	_write:
  32              	.LFB596:
  33              		.file 1 "Generated_Source\\PSoC6\\pdl\\utilities\\retarget_io\\retarget.c"
   1:Generated_Source\PSoC6\pdl\utilities\retarget_io/retarget.c **** /***************************************************************************//**
   2:Generated_Source\PSoC6\pdl\utilities\retarget_io/retarget.c **** * \file retarget.c
   3:Generated_Source\PSoC6\pdl\utilities\retarget_io/retarget.c **** * \version 1.10
   4:Generated_Source\PSoC6\pdl\utilities\retarget_io/retarget.c **** *
   5:Generated_Source\PSoC6\pdl\utilities\retarget_io/retarget.c **** * \brief
   6:Generated_Source\PSoC6\pdl\utilities\retarget_io/retarget.c **** * 'Retarget' layer for target-dependent low level function.
   7:Generated_Source\PSoC6\pdl\utilities\retarget_io/retarget.c **** *
   8:Generated_Source\PSoC6\pdl\utilities\retarget_io/retarget.c **** ********************************************************************************
   9:Generated_Source\PSoC6\pdl\utilities\retarget_io/retarget.c **** * \copyright
  10:Generated_Source\PSoC6\pdl\utilities\retarget_io/retarget.c **** * Copyright 2016-2018, Cypress Semiconductor Corporation. All rights reserved.
  11:Generated_Source\PSoC6\pdl\utilities\retarget_io/retarget.c **** * You may use this file only in accordance with the license, terms, conditions,
  12:Generated_Source\PSoC6\pdl\utilities\retarget_io/retarget.c **** * disclaimers, and limitations in the end user license agreement accompanying
  13:Generated_Source\PSoC6\pdl\utilities\retarget_io/retarget.c **** * the software package with which this file was provided.
  14:Generated_Source\PSoC6\pdl\utilities\retarget_io/retarget.c **** *******************************************************************************/
  15:Generated_Source\PSoC6\pdl\utilities\retarget_io/retarget.c **** 
  16:Generated_Source\PSoC6\pdl\utilities\retarget_io/retarget.c **** #include <stdio.h>
  17:Generated_Source\PSoC6\pdl\utilities\retarget_io/retarget.c **** #include "stdio_user.h"
  18:Generated_Source\PSoC6\pdl\utilities\retarget_io/retarget.c **** 
  19:Generated_Source\PSoC6\pdl\utilities\retarget_io/retarget.c **** #if defined(__cplusplus)
  20:Generated_Source\PSoC6\pdl\utilities\retarget_io/retarget.c **** extern "C" {
  21:Generated_Source\PSoC6\pdl\utilities\retarget_io/retarget.c **** #endif
  22:Generated_Source\PSoC6\pdl\utilities\retarget_io/retarget.c **** 
  23:Generated_Source\PSoC6\pdl\utilities\retarget_io/retarget.c **** #ifdef IO_STDOUT_ENABLE
  24:Generated_Source\PSoC6\pdl\utilities\retarget_io/retarget.c **** 
ARM GAS  C:\Users\kateb\AppData\Local\Temp\ccQXkXQ0.s 			page 2


  25:Generated_Source\PSoC6\pdl\utilities\retarget_io/retarget.c **** #if defined(__ARMCC_VERSION) /* ARM-MDK */
  26:Generated_Source\PSoC6\pdl\utilities\retarget_io/retarget.c ****     /***************************************************************************
  27:Generated_Source\PSoC6\pdl\utilities\retarget_io/retarget.c ****     * Function Name: fputc
  28:Generated_Source\PSoC6\pdl\utilities\retarget_io/retarget.c ****     ***************************************************************************/
  29:Generated_Source\PSoC6\pdl\utilities\retarget_io/retarget.c ****     __attribute__((weak)) int fputc(int ch, FILE *f)
  30:Generated_Source\PSoC6\pdl\utilities\retarget_io/retarget.c ****     {
  31:Generated_Source\PSoC6\pdl\utilities\retarget_io/retarget.c ****         (void)f;
  32:Generated_Source\PSoC6\pdl\utilities\retarget_io/retarget.c ****     #if (STDOUT_CR_LF != 0)
  33:Generated_Source\PSoC6\pdl\utilities\retarget_io/retarget.c ****         if ((char)ch == '\n')
  34:Generated_Source\PSoC6\pdl\utilities\retarget_io/retarget.c ****         {
  35:Generated_Source\PSoC6\pdl\utilities\retarget_io/retarget.c ****             STDIO_PutChar('\r');
  36:Generated_Source\PSoC6\pdl\utilities\retarget_io/retarget.c ****         }
  37:Generated_Source\PSoC6\pdl\utilities\retarget_io/retarget.c ****     #endif /* STDOUT_CR_LF != 0 */
  38:Generated_Source\PSoC6\pdl\utilities\retarget_io/retarget.c ****         STDIO_PutChar(ch);
  39:Generated_Source\PSoC6\pdl\utilities\retarget_io/retarget.c ****         return (ch);
  40:Generated_Source\PSoC6\pdl\utilities\retarget_io/retarget.c ****     }
  41:Generated_Source\PSoC6\pdl\utilities\retarget_io/retarget.c **** #elif defined (__ICCARM__) /* IAR */
  42:Generated_Source\PSoC6\pdl\utilities\retarget_io/retarget.c ****     #include <yfuns.h>
  43:Generated_Source\PSoC6\pdl\utilities\retarget_io/retarget.c **** 
  44:Generated_Source\PSoC6\pdl\utilities\retarget_io/retarget.c ****     /***************************************************************************
  45:Generated_Source\PSoC6\pdl\utilities\retarget_io/retarget.c ****     * Function Name: __write
  46:Generated_Source\PSoC6\pdl\utilities\retarget_io/retarget.c ****     ***************************************************************************/
  47:Generated_Source\PSoC6\pdl\utilities\retarget_io/retarget.c ****     __weak size_t __write(int handle, const unsigned char * buffer, size_t size)
  48:Generated_Source\PSoC6\pdl\utilities\retarget_io/retarget.c ****     {
  49:Generated_Source\PSoC6\pdl\utilities\retarget_io/retarget.c ****         size_t nChars = 0;
  50:Generated_Source\PSoC6\pdl\utilities\retarget_io/retarget.c ****         /* This template only writes to "standard out", for all other file
  51:Generated_Source\PSoC6\pdl\utilities\retarget_io/retarget.c ****         * handles it returns failure. */
  52:Generated_Source\PSoC6\pdl\utilities\retarget_io/retarget.c ****         if (handle != _LLIO_STDOUT)
  53:Generated_Source\PSoC6\pdl\utilities\retarget_io/retarget.c ****         {
  54:Generated_Source\PSoC6\pdl\utilities\retarget_io/retarget.c ****             return (_LLIO_ERROR);
  55:Generated_Source\PSoC6\pdl\utilities\retarget_io/retarget.c ****         }
  56:Generated_Source\PSoC6\pdl\utilities\retarget_io/retarget.c ****         if (buffer != NULL)
  57:Generated_Source\PSoC6\pdl\utilities\retarget_io/retarget.c ****         {
  58:Generated_Source\PSoC6\pdl\utilities\retarget_io/retarget.c ****             for (/* Empty */; nChars < size; ++nChars)
  59:Generated_Source\PSoC6\pdl\utilities\retarget_io/retarget.c ****             {
  60:Generated_Source\PSoC6\pdl\utilities\retarget_io/retarget.c ****             #if (STDOUT_CR_LF != 0)
  61:Generated_Source\PSoC6\pdl\utilities\retarget_io/retarget.c ****                 if(*buffer == '\n')
  62:Generated_Source\PSoC6\pdl\utilities\retarget_io/retarget.c ****                 {
  63:Generated_Source\PSoC6\pdl\utilities\retarget_io/retarget.c ****                     STDIO_PutChar('\r');
  64:Generated_Source\PSoC6\pdl\utilities\retarget_io/retarget.c ****                 }
  65:Generated_Source\PSoC6\pdl\utilities\retarget_io/retarget.c ****             #endif /* STDOUT_CR_LF != 0 */
  66:Generated_Source\PSoC6\pdl\utilities\retarget_io/retarget.c ****                 STDIO_PutChar(*buffer);
  67:Generated_Source\PSoC6\pdl\utilities\retarget_io/retarget.c ****                 ++buffer;
  68:Generated_Source\PSoC6\pdl\utilities\retarget_io/retarget.c ****             }
  69:Generated_Source\PSoC6\pdl\utilities\retarget_io/retarget.c ****         }
  70:Generated_Source\PSoC6\pdl\utilities\retarget_io/retarget.c ****         return (nChars);
  71:Generated_Source\PSoC6\pdl\utilities\retarget_io/retarget.c ****     }
  72:Generated_Source\PSoC6\pdl\utilities\retarget_io/retarget.c **** #else /* (__GNUC__)  GCC */    
  73:Generated_Source\PSoC6\pdl\utilities\retarget_io/retarget.c ****     /* Add an explicit reference to the floating point printf library to allow
  74:Generated_Source\PSoC6\pdl\utilities\retarget_io/retarget.c ****     the usage of floating point conversion specifier. */
  75:Generated_Source\PSoC6\pdl\utilities\retarget_io/retarget.c ****     __asm (".global _printf_float");
  76:Generated_Source\PSoC6\pdl\utilities\retarget_io/retarget.c ****     /***************************************************************************
  77:Generated_Source\PSoC6\pdl\utilities\retarget_io/retarget.c ****     * Function Name: _write
  78:Generated_Source\PSoC6\pdl\utilities\retarget_io/retarget.c ****     ***************************************************************************/
  79:Generated_Source\PSoC6\pdl\utilities\retarget_io/retarget.c ****     __attribute__((weak)) int _write (int fd, const char *ptr, int len)
  80:Generated_Source\PSoC6\pdl\utilities\retarget_io/retarget.c ****     {
  34              		.loc 1 80 0
ARM GAS  C:\Users\kateb\AppData\Local\Temp\ccQXkXQ0.s 			page 3


  35              		.cfi_startproc
  36              		@ args = 0, pretend = 0, frame = 0
  37              		@ frame_needed = 0, uses_anonymous_args = 0
  38              	.LVL0:
  39 0000 70B5     		push	{r4, r5, r6, lr}
  40              		.cfi_def_cfa_offset 16
  41              		.cfi_offset 4, -16
  42              		.cfi_offset 5, -12
  43              		.cfi_offset 6, -8
  44              		.cfi_offset 14, -4
  45              	.LVL1:
  81:Generated_Source\PSoC6\pdl\utilities\retarget_io/retarget.c ****         int nChars = 0;
  82:Generated_Source\PSoC6\pdl\utilities\retarget_io/retarget.c ****         (void)fd;
  83:Generated_Source\PSoC6\pdl\utilities\retarget_io/retarget.c ****         if (ptr != NULL)
  46              		.loc 1 83 0
  47 0002 39B9     		cbnz	r1, .L5
  81:Generated_Source\PSoC6\pdl\utilities\retarget_io/retarget.c ****         int nChars = 0;
  48              		.loc 1 81 0
  49 0004 0024     		movs	r4, #0
  50 0006 0AE0     		b	.L3
  51              	.LVL2:
  52              	.L4:
  84:Generated_Source\PSoC6\pdl\utilities\retarget_io/retarget.c ****         {
  85:Generated_Source\PSoC6\pdl\utilities\retarget_io/retarget.c ****             for (/* Empty */; nChars < len; ++nChars)
  86:Generated_Source\PSoC6\pdl\utilities\retarget_io/retarget.c ****             {
  87:Generated_Source\PSoC6\pdl\utilities\retarget_io/retarget.c ****             #if (STDOUT_CR_LF != 0)
  88:Generated_Source\PSoC6\pdl\utilities\retarget_io/retarget.c ****                 if(*ptr == '\n')
  89:Generated_Source\PSoC6\pdl\utilities\retarget_io/retarget.c ****                 {
  90:Generated_Source\PSoC6\pdl\utilities\retarget_io/retarget.c ****                     STDIO_PutChar('\r');
  91:Generated_Source\PSoC6\pdl\utilities\retarget_io/retarget.c ****                 }
  92:Generated_Source\PSoC6\pdl\utilities\retarget_io/retarget.c ****             #endif /* STDOUT_CR_LF != 0 */
  93:Generated_Source\PSoC6\pdl\utilities\retarget_io/retarget.c ****                 STDIO_PutChar((uint32_t)*ptr);
  53              		.loc 1 93 0 discriminator 2
  54 0008 15F8010B 		ldrb	r0, [r5], #1	@ zero_extendqisi2
  55              	.LVL3:
  56 000c FFF7FEFF 		bl	STDIO_PutChar
  57              	.LVL4:
  85:Generated_Source\PSoC6\pdl\utilities\retarget_io/retarget.c ****             {
  58              		.loc 1 85 0 discriminator 2
  59 0010 0134     		adds	r4, r4, #1
  60              	.LVL5:
  61 0012 02E0     		b	.L2
  62              	.LVL6:
  63              	.L5:
  64 0014 1646     		mov	r6, r2
  65 0016 0D46     		mov	r5, r1
  66 0018 0024     		movs	r4, #0
  67              	.LVL7:
  68              	.L2:
  85:Generated_Source\PSoC6\pdl\utilities\retarget_io/retarget.c ****             {
  69              		.loc 1 85 0 is_stmt 0 discriminator 1
  70 001a B442     		cmp	r4, r6
  71 001c F4DB     		blt	.L4
  72              	.LVL8:
  73              	.L3:
  94:Generated_Source\PSoC6\pdl\utilities\retarget_io/retarget.c ****                 ++ptr;
  95:Generated_Source\PSoC6\pdl\utilities\retarget_io/retarget.c ****             }
ARM GAS  C:\Users\kateb\AppData\Local\Temp\ccQXkXQ0.s 			page 4


  96:Generated_Source\PSoC6\pdl\utilities\retarget_io/retarget.c ****         }
  97:Generated_Source\PSoC6\pdl\utilities\retarget_io/retarget.c ****         return (nChars);
  98:Generated_Source\PSoC6\pdl\utilities\retarget_io/retarget.c ****     }
  74              		.loc 1 98 0 is_stmt 1
  75 001e 2046     		mov	r0, r4
  76 0020 70BD     		pop	{r4, r5, r6, pc}
  77              		.cfi_endproc
  78              	.LFE596:
  79              		.size	_write, .-_write
  80 0022 00BF     		.section	.text._read,"ax",%progbits
  81              		.align	2
  82              		.weak	_read
  83              		.thumb
  84              		.thumb_func
  85              		.type	_read, %function
  86              	_read:
  87              	.LFB597:
  99:Generated_Source\PSoC6\pdl\utilities\retarget_io/retarget.c **** #endif
 100:Generated_Source\PSoC6\pdl\utilities\retarget_io/retarget.c **** 
 101:Generated_Source\PSoC6\pdl\utilities\retarget_io/retarget.c **** #endif /* IO_STDOUT_ENABLE */
 102:Generated_Source\PSoC6\pdl\utilities\retarget_io/retarget.c **** 
 103:Generated_Source\PSoC6\pdl\utilities\retarget_io/retarget.c **** #if defined(IO_STDIN_ENABLE)
 104:Generated_Source\PSoC6\pdl\utilities\retarget_io/retarget.c **** 
 105:Generated_Source\PSoC6\pdl\utilities\retarget_io/retarget.c **** #if defined(__ARMCC_VERSION) /* ARM-MDK */
 106:Generated_Source\PSoC6\pdl\utilities\retarget_io/retarget.c ****     /***************************************************************************
 107:Generated_Source\PSoC6\pdl\utilities\retarget_io/retarget.c ****     * Function Name: fgetc
 108:Generated_Source\PSoC6\pdl\utilities\retarget_io/retarget.c ****     ***************************************************************************/
 109:Generated_Source\PSoC6\pdl\utilities\retarget_io/retarget.c ****     __attribute__((weak)) int fgetc(FILE *f) 
 110:Generated_Source\PSoC6\pdl\utilities\retarget_io/retarget.c ****     {
 111:Generated_Source\PSoC6\pdl\utilities\retarget_io/retarget.c ****         (void)f;
 112:Generated_Source\PSoC6\pdl\utilities\retarget_io/retarget.c ****         return (STDIO_GetChar());
 113:Generated_Source\PSoC6\pdl\utilities\retarget_io/retarget.c ****     }
 114:Generated_Source\PSoC6\pdl\utilities\retarget_io/retarget.c **** #elif defined (__ICCARM__) /* IAR */
 115:Generated_Source\PSoC6\pdl\utilities\retarget_io/retarget.c ****     __weak size_t __read(int handle, unsigned char * buffer, size_t size)
 116:Generated_Source\PSoC6\pdl\utilities\retarget_io/retarget.c ****     {
 117:Generated_Source\PSoC6\pdl\utilities\retarget_io/retarget.c ****         /* This template only reads from "standard in", for all other file
 118:Generated_Source\PSoC6\pdl\utilities\retarget_io/retarget.c ****         handles it returns failure. */
 119:Generated_Source\PSoC6\pdl\utilities\retarget_io/retarget.c ****         if ((handle != _LLIO_STDIN) || (buffer == NULL))
 120:Generated_Source\PSoC6\pdl\utilities\retarget_io/retarget.c ****         {
 121:Generated_Source\PSoC6\pdl\utilities\retarget_io/retarget.c ****             return (_LLIO_ERROR);
 122:Generated_Source\PSoC6\pdl\utilities\retarget_io/retarget.c ****         }
 123:Generated_Source\PSoC6\pdl\utilities\retarget_io/retarget.c ****         else
 124:Generated_Source\PSoC6\pdl\utilities\retarget_io/retarget.c ****         {
 125:Generated_Source\PSoC6\pdl\utilities\retarget_io/retarget.c ****             *buffer = STDIO_GetChar();
 126:Generated_Source\PSoC6\pdl\utilities\retarget_io/retarget.c ****             return (1);
 127:Generated_Source\PSoC6\pdl\utilities\retarget_io/retarget.c ****         }
 128:Generated_Source\PSoC6\pdl\utilities\retarget_io/retarget.c ****     }
 129:Generated_Source\PSoC6\pdl\utilities\retarget_io/retarget.c **** #else /* (__GNUC__)  GCC */
 130:Generated_Source\PSoC6\pdl\utilities\retarget_io/retarget.c ****     /* Add an explicit reference to the floating point scanf library to allow
 131:Generated_Source\PSoC6\pdl\utilities\retarget_io/retarget.c ****     the usage of floating point conversion specifier. */
 132:Generated_Source\PSoC6\pdl\utilities\retarget_io/retarget.c ****     __asm (".global _scanf_float");
 133:Generated_Source\PSoC6\pdl\utilities\retarget_io/retarget.c ****     __attribute__((weak)) int _read (int fd, char *ptr, int len)
 134:Generated_Source\PSoC6\pdl\utilities\retarget_io/retarget.c ****     {
  88              		.loc 1 134 0
  89              		.cfi_startproc
  90              		@ args = 0, pretend = 0, frame = 0
  91              		@ frame_needed = 0, uses_anonymous_args = 0
ARM GAS  C:\Users\kateb\AppData\Local\Temp\ccQXkXQ0.s 			page 5


  92              	.LVL9:
  93 0000 70B5     		push	{r4, r5, r6, lr}
  94              		.cfi_def_cfa_offset 16
  95              		.cfi_offset 4, -16
  96              		.cfi_offset 5, -12
  97              		.cfi_offset 6, -8
  98              		.cfi_offset 14, -4
  99              	.LVL10:
 135:Generated_Source\PSoC6\pdl\utilities\retarget_io/retarget.c ****         int nChars = 0;
 136:Generated_Source\PSoC6\pdl\utilities\retarget_io/retarget.c ****         (void)fd;
 137:Generated_Source\PSoC6\pdl\utilities\retarget_io/retarget.c ****         if (ptr != NULL)
 100              		.loc 1 137 0
 101 0002 51B9     		cbnz	r1, .L11
 135:Generated_Source\PSoC6\pdl\utilities\retarget_io/retarget.c ****         int nChars = 0;
 102              		.loc 1 135 0
 103 0004 0024     		movs	r4, #0
 104 0006 0DE0     		b	.L9
 105              	.LVL11:
 106              	.L10:
 138:Generated_Source\PSoC6\pdl\utilities\retarget_io/retarget.c ****         {
 139:Generated_Source\PSoC6\pdl\utilities\retarget_io/retarget.c ****             for(/* Empty */;nChars < len;++ptr)
 140:Generated_Source\PSoC6\pdl\utilities\retarget_io/retarget.c ****             {
 141:Generated_Source\PSoC6\pdl\utilities\retarget_io/retarget.c ****                 *ptr = (char)STDIO_GetChar();
 107              		.loc 1 141 0
 108 0008 FFF7FEFF 		bl	STDIO_GetChar
 109              	.LVL12:
 110 000c C0B2     		uxtb	r0, r0
 111 000e 2870     		strb	r0, [r5]
 142:Generated_Source\PSoC6\pdl\utilities\retarget_io/retarget.c ****                 ++nChars;
 112              		.loc 1 142 0
 113 0010 0134     		adds	r4, r4, #1
 114              	.LVL13:
 143:Generated_Source\PSoC6\pdl\utilities\retarget_io/retarget.c ****                 if(*ptr == '\n')
 115              		.loc 1 143 0
 116 0012 0A28     		cmp	r0, #10
 117 0014 06D0     		beq	.L9
 139:Generated_Source\PSoC6\pdl\utilities\retarget_io/retarget.c ****             {
 118              		.loc 1 139 0
 119 0016 0135     		adds	r5, r5, #1
 120              	.LVL14:
 121 0018 02E0     		b	.L8
 122              	.LVL15:
 123              	.L11:
 124 001a 1646     		mov	r6, r2
 125 001c 0D46     		mov	r5, r1
 126 001e 0024     		movs	r4, #0
 127              	.LVL16:
 128              	.L8:
 139:Generated_Source\PSoC6\pdl\utilities\retarget_io/retarget.c ****             {
 129              		.loc 1 139 0 is_stmt 0 discriminator 1
 130 0020 B442     		cmp	r4, r6
 131 0022 F1DB     		blt	.L10
 132              	.LVL17:
 133              	.L9:
 144:Generated_Source\PSoC6\pdl\utilities\retarget_io/retarget.c ****                 {
 145:Generated_Source\PSoC6\pdl\utilities\retarget_io/retarget.c ****                     break;
 146:Generated_Source\PSoC6\pdl\utilities\retarget_io/retarget.c ****                 }
ARM GAS  C:\Users\kateb\AppData\Local\Temp\ccQXkXQ0.s 			page 6


 147:Generated_Source\PSoC6\pdl\utilities\retarget_io/retarget.c ****             }
 148:Generated_Source\PSoC6\pdl\utilities\retarget_io/retarget.c ****         }
 149:Generated_Source\PSoC6\pdl\utilities\retarget_io/retarget.c ****         return (nChars);
 150:Generated_Source\PSoC6\pdl\utilities\retarget_io/retarget.c ****     }
 134              		.loc 1 150 0 is_stmt 1
 135 0024 2046     		mov	r0, r4
 136 0026 70BD     		pop	{r4, r5, r6, pc}
 137              		.cfi_endproc
 138              	.LFE597:
 139              		.size	_read, .-_read
 140              		.text
 141              	.Letext0:
 142              		.file 2 "c:\\program files (x86)\\cypress\\psoc creator\\4.2\\psoc creator\\import\\gnu\\arm\\5.4.
 143              		.file 3 "c:\\program files (x86)\\cypress\\psoc creator\\4.2\\psoc creator\\import\\gnu\\arm\\5.4.
 144              		.file 4 "Generated_Source\\PSoC6\\pdl\\drivers/peripheral/rtc/cy_rtc.h"
 145              		.file 5 "Generated_Source\\PSoC6\\pdl\\drivers/peripheral/scb/cy_scb_spi.h"
 146              		.file 6 "Generated_Source\\PSoC6\\pdl\\drivers/peripheral/scb/cy_scb_uart.h"
 147              		.file 7 "Generated_Source\\PSoC6\\pdl\\drivers/peripheral/sar/cy_sar.h"
 148              		.file 8 "Generated_Source\\PSoC6\\pdl\\middleware/ble/cy_ble_stack_host_main.h"
 149              		.file 9 "Generated_Source\\PSoC6\\pdl\\middleware/ble/cy_ble_gap.h"
 150              		.file 10 "Generated_Source\\PSoC6/ADC.h"
 151              		.file 11 "Generated_Source\\PSoC6\\pdl\\cmsis/include/core_cm4.h"
 152              		.file 12 "Generated_Source\\PSoC6/DEBUG_UART.h"
 153              		.file 13 "Generated_Source\\PSoC6/RTC.h"
 154              		.file 14 "Generated_Source\\PSoC6/CY_EINK_SPIM.h"
 155              		.file 15 "./stdio_user.h"
 156              		.section	.debug_info,"",%progbits
 157              	.Ldebug_info0:
 158 0000 08070000 		.4byte	0x708
 159 0004 0400     		.2byte	0x4
 160 0006 00000000 		.4byte	.Ldebug_abbrev0
 161 000a 04       		.byte	0x4
 162 000b 01       		.uleb128 0x1
 163 000c 61010000 		.4byte	.LASF117
 164 0010 0C       		.byte	0xc
 165 0011 57080000 		.4byte	.LASF118
 166 0015 14060000 		.4byte	.LASF119
 167 0019 00000000 		.4byte	.Ldebug_ranges0+0
 168 001d 00000000 		.4byte	0
 169 0021 00000000 		.4byte	.Ldebug_line0
 170 0025 02       		.uleb128 0x2
 171 0026 01       		.byte	0x1
 172 0027 06       		.byte	0x6
 173 0028 0D050000 		.4byte	.LASF0
 174 002c 03       		.uleb128 0x3
 175 002d 3E040000 		.4byte	.LASF4
 176 0031 02       		.byte	0x2
 177 0032 1D       		.byte	0x1d
 178 0033 37000000 		.4byte	0x37
 179 0037 02       		.uleb128 0x2
 180 0038 01       		.byte	0x1
 181 0039 08       		.byte	0x8
 182 003a C0040000 		.4byte	.LASF1
 183 003e 02       		.uleb128 0x2
 184 003f 02       		.byte	0x2
 185 0040 05       		.byte	0x5
 186 0041 AB000000 		.4byte	.LASF2
ARM GAS  C:\Users\kateb\AppData\Local\Temp\ccQXkXQ0.s 			page 7


 187 0045 02       		.uleb128 0x2
 188 0046 02       		.byte	0x2
 189 0047 07       		.byte	0x7
 190 0048 63050000 		.4byte	.LASF3
 191 004c 03       		.uleb128 0x3
 192 004d 2B070000 		.4byte	.LASF5
 193 0051 02       		.byte	0x2
 194 0052 3F       		.byte	0x3f
 195 0053 57000000 		.4byte	0x57
 196 0057 02       		.uleb128 0x2
 197 0058 04       		.byte	0x4
 198 0059 05       		.byte	0x5
 199 005a 24080000 		.4byte	.LASF6
 200 005e 03       		.uleb128 0x3
 201 005f 2D020000 		.4byte	.LASF7
 202 0063 02       		.byte	0x2
 203 0064 41       		.byte	0x41
 204 0065 69000000 		.4byte	0x69
 205 0069 02       		.uleb128 0x2
 206 006a 04       		.byte	0x4
 207 006b 07       		.byte	0x7
 208 006c C8060000 		.4byte	.LASF8
 209 0070 02       		.uleb128 0x2
 210 0071 08       		.byte	0x8
 211 0072 05       		.byte	0x5
 212 0073 0F070000 		.4byte	.LASF9
 213 0077 02       		.uleb128 0x2
 214 0078 08       		.byte	0x8
 215 0079 07       		.byte	0x7
 216 007a 19050000 		.4byte	.LASF10
 217 007e 04       		.uleb128 0x4
 218 007f 04       		.byte	0x4
 219 0080 05       		.byte	0x5
 220 0081 696E7400 		.ascii	"int\000"
 221 0085 02       		.uleb128 0x2
 222 0086 04       		.byte	0x4
 223 0087 07       		.byte	0x7
 224 0088 39050000 		.4byte	.LASF11
 225 008c 02       		.uleb128 0x2
 226 008d 08       		.byte	0x8
 227 008e 04       		.byte	0x4
 228 008f 80040000 		.4byte	.LASF12
 229 0093 05       		.uleb128 0x5
 230 0094 04       		.byte	0x4
 231 0095 02       		.uleb128 0x2
 232 0096 04       		.byte	0x4
 233 0097 07       		.byte	0x7
 234 0098 C3000000 		.4byte	.LASF13
 235 009c 06       		.uleb128 0x6
 236 009d 04       		.byte	0x4
 237 009e A2000000 		.4byte	0xa2
 238 00a2 02       		.uleb128 0x2
 239 00a3 01       		.byte	0x1
 240 00a4 08       		.byte	0x8
 241 00a5 87050000 		.4byte	.LASF14
 242 00a9 06       		.uleb128 0x6
 243 00aa 04       		.byte	0x4
ARM GAS  C:\Users\kateb\AppData\Local\Temp\ccQXkXQ0.s 			page 8


 244 00ab AF000000 		.4byte	0xaf
 245 00af 07       		.uleb128 0x7
 246 00b0 A2000000 		.4byte	0xa2
 247 00b4 03       		.uleb128 0x3
 248 00b5 1E030000 		.4byte	.LASF15
 249 00b9 03       		.byte	0x3
 250 00ba 18       		.byte	0x18
 251 00bb 2C000000 		.4byte	0x2c
 252 00bf 03       		.uleb128 0x3
 253 00c0 B7050000 		.4byte	.LASF16
 254 00c4 03       		.byte	0x3
 255 00c5 2C       		.byte	0x2c
 256 00c6 4C000000 		.4byte	0x4c
 257 00ca 03       		.uleb128 0x3
 258 00cb 30050000 		.4byte	.LASF17
 259 00cf 03       		.byte	0x3
 260 00d0 30       		.byte	0x30
 261 00d1 5E000000 		.4byte	0x5e
 262 00d5 08       		.uleb128 0x8
 263 00d6 CA000000 		.4byte	0xca
 264 00da 02       		.uleb128 0x2
 265 00db 04       		.byte	0x4
 266 00dc 04       		.byte	0x4
 267 00dd BC030000 		.4byte	.LASF18
 268 00e1 02       		.uleb128 0x2
 269 00e2 08       		.byte	0x8
 270 00e3 04       		.byte	0x4
 271 00e4 DA060000 		.4byte	.LASF19
 272 00e8 02       		.uleb128 0x2
 273 00e9 01       		.byte	0x1
 274 00ea 02       		.byte	0x2
 275 00eb 02060000 		.4byte	.LASF20
 276 00ef 09       		.uleb128 0x9
 277 00f0 01       		.byte	0x1
 278 00f1 37000000 		.4byte	0x37
 279 00f5 04       		.byte	0x4
 280 00f6 6A01     		.2byte	0x16a
 281 00f8 09010000 		.4byte	0x109
 282 00fc 0A       		.uleb128 0xa
 283 00fd 87060000 		.4byte	.LASF21
 284 0101 00       		.byte	0
 285 0102 0A       		.uleb128 0xa
 286 0103 FE060000 		.4byte	.LASF22
 287 0107 01       		.byte	0x1
 288 0108 00       		.byte	0
 289 0109 0B       		.uleb128 0xb
 290 010a 00000000 		.4byte	.LASF23
 291 010e 04       		.byte	0x4
 292 010f 6D01     		.2byte	0x16d
 293 0111 EF000000 		.4byte	0xef
 294 0115 0C       		.uleb128 0xc
 295 0116 18       		.byte	0x18
 296 0117 04       		.byte	0x4
 297 0118 CE01     		.2byte	0x1ce
 298 011a 6D010000 		.4byte	0x16d
 299 011e 0D       		.uleb128 0xd
 300 011f E0030000 		.4byte	.LASF24
ARM GAS  C:\Users\kateb\AppData\Local\Temp\ccQXkXQ0.s 			page 9


 301 0123 04       		.byte	0x4
 302 0124 D001     		.2byte	0x1d0
 303 0126 09010000 		.4byte	0x109
 304 012a 00       		.byte	0
 305 012b 0D       		.uleb128 0xd
 306 012c 7B040000 		.4byte	.LASF25
 307 0130 04       		.byte	0x4
 308 0131 D301     		.2byte	0x1d3
 309 0133 CA000000 		.4byte	0xca
 310 0137 04       		.byte	0x4
 311 0138 0D       		.uleb128 0xd
 312 0139 5D000000 		.4byte	.LASF26
 313 013d 04       		.byte	0x4
 314 013e D501     		.2byte	0x1d5
 315 0140 CA000000 		.4byte	0xca
 316 0144 08       		.byte	0x8
 317 0145 0D       		.uleb128 0xd
 318 0146 EF020000 		.4byte	.LASF27
 319 014a 04       		.byte	0x4
 320 014b D801     		.2byte	0x1d8
 321 014d CA000000 		.4byte	0xca
 322 0151 0C       		.byte	0xc
 323 0152 0D       		.uleb128 0xd
 324 0153 BF050000 		.4byte	.LASF28
 325 0157 04       		.byte	0x4
 326 0158 DC01     		.2byte	0x1dc
 327 015a CA000000 		.4byte	0xca
 328 015e 10       		.byte	0x10
 329 015f 0D       		.uleb128 0xd
 330 0160 75040000 		.4byte	.LASF29
 331 0164 04       		.byte	0x4
 332 0165 E001     		.2byte	0x1e0
 333 0167 CA000000 		.4byte	0xca
 334 016b 14       		.byte	0x14
 335 016c 00       		.byte	0
 336 016d 0B       		.uleb128 0xb
 337 016e 25010000 		.4byte	.LASF30
 338 0172 04       		.byte	0x4
 339 0173 E201     		.2byte	0x1e2
 340 0175 15010000 		.4byte	0x115
 341 0179 0C       		.uleb128 0xc
 342 017a 30       		.byte	0x30
 343 017b 04       		.byte	0x4
 344 017c E501     		.2byte	0x1e5
 345 017e 9D010000 		.4byte	0x19d
 346 0182 0D       		.uleb128 0xd
 347 0183 A2000000 		.4byte	.LASF31
 348 0187 04       		.byte	0x4
 349 0188 E701     		.2byte	0x1e7
 350 018a 6D010000 		.4byte	0x16d
 351 018e 00       		.byte	0
 352 018f 0D       		.uleb128 0xd
 353 0190 6C070000 		.4byte	.LASF32
 354 0194 04       		.byte	0x4
 355 0195 E801     		.2byte	0x1e8
 356 0197 6D010000 		.4byte	0x16d
 357 019b 18       		.byte	0x18
ARM GAS  C:\Users\kateb\AppData\Local\Temp\ccQXkXQ0.s 			page 10


 358 019c 00       		.byte	0
 359 019d 0B       		.uleb128 0xb
 360 019e 68000000 		.4byte	.LASF33
 361 01a2 04       		.byte	0x4
 362 01a3 E901     		.2byte	0x1e9
 363 01a5 79010000 		.4byte	0x179
 364 01a9 06       		.uleb128 0x6
 365 01aa 04       		.byte	0x4
 366 01ab AF010000 		.4byte	0x1af
 367 01af 0E       		.uleb128 0xe
 368 01b0 BA010000 		.4byte	0x1ba
 369 01b4 0F       		.uleb128 0xf
 370 01b5 CA000000 		.4byte	0xca
 371 01b9 00       		.byte	0
 372 01ba 0B       		.uleb128 0xb
 373 01bb 53030000 		.4byte	.LASF34
 374 01bf 05       		.byte	0x5
 375 01c0 BF01     		.2byte	0x1bf
 376 01c2 A9010000 		.4byte	0x1a9
 377 01c6 10       		.uleb128 0x10
 378 01c7 E1060000 		.4byte	.LASF46
 379 01cb 24       		.byte	0x24
 380 01cc 05       		.byte	0x5
 381 01cd 4102     		.2byte	0x241
 382 01cf 49020000 		.4byte	0x249
 383 01d3 0D       		.uleb128 0xd
 384 01d4 5C050000 		.4byte	.LASF35
 385 01d8 05       		.byte	0x5
 386 01d9 4402     		.2byte	0x244
 387 01db D5000000 		.4byte	0xd5
 388 01df 00       		.byte	0
 389 01e0 0D       		.uleb128 0xd
 390 01e1 76050000 		.4byte	.LASF36
 391 01e5 05       		.byte	0x5
 392 01e6 4602     		.2byte	0x246
 393 01e8 93000000 		.4byte	0x93
 394 01ec 04       		.byte	0x4
 395 01ed 0D       		.uleb128 0xd
 396 01ee 79000000 		.4byte	.LASF37
 397 01f2 05       		.byte	0x5
 398 01f3 4702     		.2byte	0x247
 399 01f5 CA000000 		.4byte	0xca
 400 01f9 08       		.byte	0x8
 401 01fa 0D       		.uleb128 0xd
 402 01fb 6C040000 		.4byte	.LASF38
 403 01ff 05       		.byte	0x5
 404 0200 4802     		.2byte	0x248
 405 0202 D5000000 		.4byte	0xd5
 406 0206 0C       		.byte	0xc
 407 0207 0D       		.uleb128 0xd
 408 0208 C2030000 		.4byte	.LASF39
 409 020c 05       		.byte	0x5
 410 020d 4A02     		.2byte	0x24a
 411 020f 93000000 		.4byte	0x93
 412 0213 10       		.byte	0x10
 413 0214 0D       		.uleb128 0xd
 414 0215 1D040000 		.4byte	.LASF40
ARM GAS  C:\Users\kateb\AppData\Local\Temp\ccQXkXQ0.s 			page 11


 415 0219 05       		.byte	0x5
 416 021a 4B02     		.2byte	0x24b
 417 021c CA000000 		.4byte	0xca
 418 0220 14       		.byte	0x14
 419 0221 0D       		.uleb128 0xd
 420 0222 35040000 		.4byte	.LASF41
 421 0226 05       		.byte	0x5
 422 0227 4C02     		.2byte	0x24c
 423 0229 D5000000 		.4byte	0xd5
 424 022d 18       		.byte	0x18
 425 022e 0D       		.uleb128 0xd
 426 022f 96050000 		.4byte	.LASF42
 427 0233 05       		.byte	0x5
 428 0234 5202     		.2byte	0x252
 429 0236 BA010000 		.4byte	0x1ba
 430 023a 1C       		.byte	0x1c
 431 023b 0D       		.uleb128 0xd
 432 023c 15040000 		.4byte	.LASF43
 433 0240 05       		.byte	0x5
 434 0241 5502     		.2byte	0x255
 435 0243 CA000000 		.4byte	0xca
 436 0247 20       		.byte	0x20
 437 0248 00       		.byte	0
 438 0249 0B       		.uleb128 0xb
 439 024a 3D010000 		.4byte	.LASF44
 440 024e 05       		.byte	0x5
 441 024f 5802     		.2byte	0x258
 442 0251 C6010000 		.4byte	0x1c6
 443 0255 0B       		.uleb128 0xb
 444 0256 83000000 		.4byte	.LASF45
 445 025a 06       		.byte	0x6
 446 025b AB01     		.2byte	0x1ab
 447 025d A9010000 		.4byte	0x1a9
 448 0261 10       		.uleb128 0x10
 449 0262 E3000000 		.4byte	.LASF47
 450 0266 38       		.byte	0x38
 451 0267 06       		.byte	0x6
 452 0268 4702     		.2byte	0x247
 453 026a 25030000 		.4byte	0x325
 454 026e 0D       		.uleb128 0xd
 455 026f 38020000 		.4byte	.LASF48
 456 0273 06       		.byte	0x6
 457 0274 4A02     		.2byte	0x24a
 458 0276 D5000000 		.4byte	0xd5
 459 027a 00       		.byte	0
 460 027b 0D       		.uleb128 0xd
 461 027c B7040000 		.4byte	.LASF49
 462 0280 06       		.byte	0x6
 463 0281 4B02     		.2byte	0x24b
 464 0283 D5000000 		.4byte	0xd5
 465 0287 04       		.byte	0x4
 466 0288 0D       		.uleb128 0xd
 467 0289 CE040000 		.4byte	.LASF50
 468 028d 06       		.byte	0x6
 469 028e 4D02     		.2byte	0x24d
 470 0290 93000000 		.4byte	0x93
 471 0294 08       		.byte	0x8
ARM GAS  C:\Users\kateb\AppData\Local\Temp\ccQXkXQ0.s 			page 12


 472 0295 0D       		.uleb128 0xd
 473 0296 1D070000 		.4byte	.LASF51
 474 029a 06       		.byte	0x6
 475 029b 4E02     		.2byte	0x24e
 476 029d CA000000 		.4byte	0xca
 477 02a1 0C       		.byte	0xc
 478 02a2 0D       		.uleb128 0xd
 479 02a3 71030000 		.4byte	.LASF52
 480 02a7 06       		.byte	0x6
 481 02a8 4F02     		.2byte	0x24f
 482 02aa D5000000 		.4byte	0xd5
 483 02ae 10       		.byte	0x10
 484 02af 0D       		.uleb128 0xd
 485 02b0 4F000000 		.4byte	.LASF53
 486 02b4 06       		.byte	0x6
 487 02b5 5002     		.2byte	0x250
 488 02b7 D5000000 		.4byte	0xd5
 489 02bb 14       		.byte	0x14
 490 02bc 0D       		.uleb128 0xd
 491 02bd 76050000 		.4byte	.LASF36
 492 02c1 06       		.byte	0x6
 493 02c2 5202     		.2byte	0x252
 494 02c4 93000000 		.4byte	0x93
 495 02c8 18       		.byte	0x18
 496 02c9 0D       		.uleb128 0xd
 497 02ca 79000000 		.4byte	.LASF37
 498 02ce 06       		.byte	0x6
 499 02cf 5302     		.2byte	0x253
 500 02d1 CA000000 		.4byte	0xca
 501 02d5 1C       		.byte	0x1c
 502 02d6 0D       		.uleb128 0xd
 503 02d7 6C040000 		.4byte	.LASF38
 504 02db 06       		.byte	0x6
 505 02dc 5402     		.2byte	0x254
 506 02de D5000000 		.4byte	0xd5
 507 02e2 20       		.byte	0x20
 508 02e3 0D       		.uleb128 0xd
 509 02e4 C2030000 		.4byte	.LASF39
 510 02e8 06       		.byte	0x6
 511 02e9 5602     		.2byte	0x256
 512 02eb 93000000 		.4byte	0x93
 513 02ef 24       		.byte	0x24
 514 02f0 0D       		.uleb128 0xd
 515 02f1 1D040000 		.4byte	.LASF40
 516 02f5 06       		.byte	0x6
 517 02f6 5702     		.2byte	0x257
 518 02f8 CA000000 		.4byte	0xca
 519 02fc 28       		.byte	0x28
 520 02fd 0D       		.uleb128 0xd
 521 02fe 4E070000 		.4byte	.LASF54
 522 0302 06       		.byte	0x6
 523 0303 5802     		.2byte	0x258
 524 0305 D5000000 		.4byte	0xd5
 525 0309 2C       		.byte	0x2c
 526 030a 0D       		.uleb128 0xd
 527 030b 96050000 		.4byte	.LASF42
 528 030f 06       		.byte	0x6
ARM GAS  C:\Users\kateb\AppData\Local\Temp\ccQXkXQ0.s 			page 13


 529 0310 5D02     		.2byte	0x25d
 530 0312 55020000 		.4byte	0x255
 531 0316 30       		.byte	0x30
 532 0317 0D       		.uleb128 0xd
 533 0318 15040000 		.4byte	.LASF43
 534 031c 06       		.byte	0x6
 535 031d 6002     		.2byte	0x260
 536 031f CA000000 		.4byte	0xca
 537 0323 34       		.byte	0x34
 538 0324 00       		.byte	0
 539 0325 0B       		.uleb128 0xb
 540 0326 88070000 		.4byte	.LASF55
 541 032a 06       		.byte	0x6
 542 032b 6302     		.2byte	0x263
 543 032d 61020000 		.4byte	0x261
 544 0331 09       		.uleb128 0x9
 545 0332 01       		.byte	0x1
 546 0333 37000000 		.4byte	0x37
 547 0337 07       		.byte	0x7
 548 0338 0504     		.2byte	0x405
 549 033a 57030000 		.4byte	0x357
 550 033e 0A       		.uleb128 0xa
 551 033f C8030000 		.4byte	.LASF56
 552 0343 00       		.byte	0
 553 0344 0A       		.uleb128 0xa
 554 0345 35070000 		.4byte	.LASF57
 555 0349 01       		.byte	0x1
 556 034a 0A       		.uleb128 0xa
 557 034b 9F050000 		.4byte	.LASF58
 558 034f 02       		.byte	0x2
 559 0350 0A       		.uleb128 0xa
 560 0351 29000000 		.4byte	.LASF59
 561 0355 03       		.byte	0x3
 562 0356 00       		.byte	0
 563 0357 0B       		.uleb128 0xb
 564 0358 41020000 		.4byte	.LASF60
 565 035c 07       		.byte	0x7
 566 035d 0A04     		.2byte	0x40a
 567 035f 31030000 		.4byte	0x331
 568 0363 0C       		.uleb128 0xc
 569 0364 78       		.byte	0x78
 570 0365 07       		.byte	0x7
 571 0366 F404     		.2byte	0x4f4
 572 0368 30040000 		.4byte	0x430
 573 036c 0D       		.uleb128 0xd
 574 036d 93080000 		.4byte	.LASF61
 575 0371 07       		.byte	0x7
 576 0372 F604     		.2byte	0x4f6
 577 0374 CA000000 		.4byte	0xca
 578 0378 00       		.byte	0
 579 0379 0D       		.uleb128 0xd
 580 037a D8000000 		.4byte	.LASF62
 581 037e 07       		.byte	0x7
 582 037f F704     		.2byte	0x4f7
 583 0381 CA000000 		.4byte	0xca
 584 0385 04       		.byte	0x4
 585 0386 0D       		.uleb128 0xd
ARM GAS  C:\Users\kateb\AppData\Local\Temp\ccQXkXQ0.s 			page 14


 586 0387 5F070000 		.4byte	.LASF63
 587 038b 07       		.byte	0x7
 588 038c F804     		.2byte	0x4f8
 589 038e CA000000 		.4byte	0xca
 590 0392 08       		.byte	0x8
 591 0393 0D       		.uleb128 0xd
 592 0394 FE070000 		.4byte	.LASF64
 593 0398 07       		.byte	0x7
 594 0399 F904     		.2byte	0x4f9
 595 039b CA000000 		.4byte	0xca
 596 039f 0C       		.byte	0xc
 597 03a0 0D       		.uleb128 0xd
 598 03a1 56010000 		.4byte	.LASF65
 599 03a5 07       		.byte	0x7
 600 03a6 FA04     		.2byte	0x4fa
 601 03a8 CA000000 		.4byte	0xca
 602 03ac 10       		.byte	0x10
 603 03ad 0D       		.uleb128 0xd
 604 03ae 14030000 		.4byte	.LASF66
 605 03b2 07       		.byte	0x7
 606 03b3 FB04     		.2byte	0x4fb
 607 03b5 57030000 		.4byte	0x357
 608 03b9 14       		.byte	0x14
 609 03ba 0D       		.uleb128 0xd
 610 03bb D4070000 		.4byte	.LASF67
 611 03bf 07       		.byte	0x7
 612 03c0 FC04     		.2byte	0x4fc
 613 03c2 CA000000 		.4byte	0xca
 614 03c6 18       		.byte	0x18
 615 03c7 0D       		.uleb128 0xd
 616 03c8 E7030000 		.4byte	.LASF68
 617 03cc 07       		.byte	0x7
 618 03cd FD04     		.2byte	0x4fd
 619 03cf 30040000 		.4byte	0x430
 620 03d3 1C       		.byte	0x1c
 621 03d4 0D       		.uleb128 0xd
 622 03d5 98080000 		.4byte	.LASF69
 623 03d9 07       		.byte	0x7
 624 03da FE04     		.2byte	0x4fe
 625 03dc CA000000 		.4byte	0xca
 626 03e0 5C       		.byte	0x5c
 627 03e1 0D       		.uleb128 0xd
 628 03e2 CC000000 		.4byte	.LASF70
 629 03e6 07       		.byte	0x7
 630 03e7 FF04     		.2byte	0x4ff
 631 03e9 CA000000 		.4byte	0xca
 632 03ed 60       		.byte	0x60
 633 03ee 0D       		.uleb128 0xd
 634 03ef A1080000 		.4byte	.LASF71
 635 03f3 07       		.byte	0x7
 636 03f4 0005     		.2byte	0x500
 637 03f6 CA000000 		.4byte	0xca
 638 03fa 64       		.byte	0x64
 639 03fb 0D       		.uleb128 0xd
 640 03fc 8C050000 		.4byte	.LASF72
 641 0400 07       		.byte	0x7
 642 0401 0105     		.2byte	0x501
ARM GAS  C:\Users\kateb\AppData\Local\Temp\ccQXkXQ0.s 			page 15


 643 0403 CA000000 		.4byte	0xca
 644 0407 68       		.byte	0x68
 645 0408 0D       		.uleb128 0xd
 646 0409 46050000 		.4byte	.LASF73
 647 040d 07       		.byte	0x7
 648 040e 0205     		.2byte	0x502
 649 0410 CA000000 		.4byte	0xca
 650 0414 6C       		.byte	0x6c
 651 0415 0D       		.uleb128 0xd
 652 0416 AE030000 		.4byte	.LASF74
 653 041a 07       		.byte	0x7
 654 041b 0305     		.2byte	0x503
 655 041d E8000000 		.4byte	0xe8
 656 0421 70       		.byte	0x70
 657 0422 0D       		.uleb128 0xd
 658 0423 DB070000 		.4byte	.LASF75
 659 0427 07       		.byte	0x7
 660 0428 0405     		.2byte	0x504
 661 042a CA000000 		.4byte	0xca
 662 042e 74       		.byte	0x74
 663 042f 00       		.byte	0
 664 0430 11       		.uleb128 0x11
 665 0431 CA000000 		.4byte	0xca
 666 0435 40040000 		.4byte	0x440
 667 0439 12       		.uleb128 0x12
 668 043a 95000000 		.4byte	0x95
 669 043e 0F       		.byte	0xf
 670 043f 00       		.byte	0
 671 0440 0B       		.uleb128 0xb
 672 0441 74070000 		.4byte	.LASF76
 673 0445 07       		.byte	0x7
 674 0446 0505     		.2byte	0x505
 675 0448 63030000 		.4byte	0x363
 676 044c 07       		.uleb128 0x7
 677 044d B4000000 		.4byte	0xb4
 678 0451 0C       		.uleb128 0xc
 679 0452 02       		.byte	0x2
 680 0453 08       		.byte	0x8
 681 0454 5B01     		.2byte	0x15b
 682 0456 75040000 		.4byte	0x475
 683 045a 0D       		.uleb128 0xd
 684 045b A5030000 		.4byte	.LASF77
 685 045f 08       		.byte	0x8
 686 0460 6501     		.2byte	0x165
 687 0462 B4000000 		.4byte	0xb4
 688 0466 00       		.byte	0
 689 0467 0D       		.uleb128 0xd
 690 0468 56050000 		.4byte	.LASF78
 691 046c 08       		.byte	0x8
 692 046d 6901     		.2byte	0x169
 693 046f B4000000 		.4byte	0xb4
 694 0473 01       		.byte	0x1
 695 0474 00       		.byte	0
 696 0475 0B       		.uleb128 0xb
 697 0476 0B080000 		.4byte	.LASF79
 698 047a 08       		.byte	0x8
 699 047b 6B01     		.2byte	0x16b
ARM GAS  C:\Users\kateb\AppData\Local\Temp\ccQXkXQ0.s 			page 16


 700 047d 51040000 		.4byte	0x451
 701 0481 13       		.uleb128 0x13
 702 0482 01       		.byte	0x1
 703 0483 37000000 		.4byte	0x37
 704 0487 09       		.byte	0x9
 705 0488 7E       		.byte	0x7e
 706 0489 A6040000 		.4byte	0x4a6
 707 048d 0A       		.uleb128 0xa
 708 048e 14020000 		.4byte	.LASF80
 709 0492 00       		.byte	0
 710 0493 0A       		.uleb128 0xa
 711 0494 9B060000 		.4byte	.LASF81
 712 0498 01       		.byte	0x1
 713 0499 0A       		.uleb128 0xa
 714 049a 3A080000 		.4byte	.LASF82
 715 049e 02       		.byte	0x2
 716 049f 0A       		.uleb128 0xa
 717 04a0 D8040000 		.4byte	.LASF83
 718 04a4 03       		.byte	0x3
 719 04a5 00       		.byte	0
 720 04a6 03       		.uleb128 0x3
 721 04a7 A2070000 		.4byte	.LASF84
 722 04ab 09       		.byte	0x9
 723 04ac 83       		.byte	0x83
 724 04ad 81040000 		.4byte	0x481
 725 04b1 13       		.uleb128 0x13
 726 04b2 01       		.byte	0x1
 727 04b3 37000000 		.4byte	0x37
 728 04b7 09       		.byte	0x9
 729 04b8 87       		.byte	0x87
 730 04b9 EE040000 		.4byte	0x4ee
 731 04bd 0A       		.uleb128 0xa
 732 04be 7F030000 		.4byte	.LASF85
 733 04c2 00       		.byte	0
 734 04c3 0A       		.uleb128 0xa
 735 04c4 6B020000 		.4byte	.LASF86
 736 04c8 01       		.byte	0x1
 737 04c9 0A       		.uleb128 0xa
 738 04ca B8070000 		.4byte	.LASF87
 739 04ce 02       		.byte	0x2
 740 04cf 0A       		.uleb128 0xa
 741 04d0 FB000000 		.4byte	.LASF88
 742 04d4 03       		.byte	0x3
 743 04d5 0A       		.uleb128 0xa
 744 04d6 C9050000 		.4byte	.LASF89
 745 04da 04       		.byte	0x4
 746 04db 0A       		.uleb128 0xa
 747 04dc 9C020000 		.4byte	.LASF90
 748 04e0 05       		.byte	0x5
 749 04e1 0A       		.uleb128 0xa
 750 04e2 8C040000 		.4byte	.LASF91
 751 04e6 06       		.byte	0x6
 752 04e7 0A       		.uleb128 0xa
 753 04e8 48040000 		.4byte	.LASF92
 754 04ec 07       		.byte	0x7
 755 04ed 00       		.byte	0
 756 04ee 03       		.uleb128 0x3
ARM GAS  C:\Users\kateb\AppData\Local\Temp\ccQXkXQ0.s 			page 17


 757 04ef E7070000 		.4byte	.LASF93
 758 04f3 09       		.byte	0x9
 759 04f4 90       		.byte	0x90
 760 04f5 B1040000 		.4byte	0x4b1
 761 04f9 14       		.uleb128 0x14
 762 04fa 14       		.byte	0x14
 763 04fb 0A       		.byte	0xa
 764 04fc 3B       		.byte	0x3b
 765 04fd 3E050000 		.4byte	0x53e
 766 0501 15       		.uleb128 0x15
 767 0502 AF080000 		.4byte	.LASF94
 768 0506 0A       		.byte	0xa
 769 0507 3D       		.byte	0x3d
 770 0508 CA000000 		.4byte	0xca
 771 050c 00       		.byte	0
 772 050d 15       		.uleb128 0x15
 773 050e 43000000 		.4byte	.LASF95
 774 0512 0A       		.byte	0xa
 775 0513 3E       		.byte	0x3e
 776 0514 CA000000 		.4byte	0xca
 777 0518 04       		.byte	0x4
 778 0519 15       		.uleb128 0x15
 779 051a 08060000 		.4byte	.LASF96
 780 051e 0A       		.byte	0xa
 781 051f 3F       		.byte	0x3f
 782 0520 3E050000 		.4byte	0x53e
 783 0524 08       		.byte	0x8
 784 0525 15       		.uleb128 0x15
 785 0526 7C050000 		.4byte	.LASF97
 786 052a 0A       		.byte	0xa
 787 052b 40       		.byte	0x40
 788 052c CA000000 		.4byte	0xca
 789 0530 0C       		.byte	0xc
 790 0531 15       		.uleb128 0x15
 791 0532 36030000 		.4byte	.LASF98
 792 0536 0A       		.byte	0xa
 793 0537 45       		.byte	0x45
 794 0538 CA000000 		.4byte	0xca
 795 053c 10       		.byte	0x10
 796 053d 00       		.byte	0
 797 053e 06       		.uleb128 0x6
 798 053f 04       		.byte	0x4
 799 0540 44050000 		.4byte	0x544
 800 0544 07       		.uleb128 0x7
 801 0545 40040000 		.4byte	0x440
 802 0549 03       		.uleb128 0x3
 803 054a 41030000 		.4byte	.LASF99
 804 054e 0A       		.byte	0xa
 805 054f 48       		.byte	0x48
 806 0550 F9040000 		.4byte	0x4f9
 807 0554 16       		.uleb128 0x16
 808 0555 9E030000 		.4byte	.LASF100
 809 0559 01       		.byte	0x1
 810 055a 4F       		.byte	0x4f
 811 055b 7E000000 		.4byte	0x7e
 812 055f 00000000 		.4byte	.LFB596
 813 0563 22000000 		.4byte	.LFE596-.LFB596
ARM GAS  C:\Users\kateb\AppData\Local\Temp\ccQXkXQ0.s 			page 18


 814 0567 01       		.uleb128 0x1
 815 0568 9C       		.byte	0x9c
 816 0569 B2050000 		.4byte	0x5b2
 817 056d 17       		.uleb128 0x17
 818 056e 666400   		.ascii	"fd\000"
 819 0571 01       		.byte	0x1
 820 0572 4F       		.byte	0x4f
 821 0573 7E000000 		.4byte	0x7e
 822 0577 00000000 		.4byte	.LLST0
 823 057b 17       		.uleb128 0x17
 824 057c 70747200 		.ascii	"ptr\000"
 825 0580 01       		.byte	0x1
 826 0581 4F       		.byte	0x4f
 827 0582 A9000000 		.4byte	0xa9
 828 0586 3A000000 		.4byte	.LLST1
 829 058a 17       		.uleb128 0x17
 830 058b 6C656E00 		.ascii	"len\000"
 831 058f 01       		.byte	0x1
 832 0590 4F       		.byte	0x4f
 833 0591 7E000000 		.4byte	0x7e
 834 0595 86000000 		.4byte	.LLST2
 835 0599 18       		.uleb128 0x18
 836 059a 64020000 		.4byte	.LASF102
 837 059e 01       		.byte	0x1
 838 059f 51       		.byte	0x51
 839 05a0 7E000000 		.4byte	0x7e
 840 05a4 C8000000 		.4byte	.LLST3
 841 05a8 19       		.uleb128 0x19
 842 05a9 10000000 		.4byte	.LVL4
 843 05ad F5060000 		.4byte	0x6f5
 844 05b1 00       		.byte	0
 845 05b2 16       		.uleb128 0x16
 846 05b3 F8060000 		.4byte	.LASF101
 847 05b7 01       		.byte	0x1
 848 05b8 85       		.byte	0x85
 849 05b9 7E000000 		.4byte	0x7e
 850 05bd 00000000 		.4byte	.LFB597
 851 05c1 28000000 		.4byte	.LFE597-.LFB597
 852 05c5 01       		.uleb128 0x1
 853 05c6 9C       		.byte	0x9c
 854 05c7 10060000 		.4byte	0x610
 855 05cb 17       		.uleb128 0x17
 856 05cc 666400   		.ascii	"fd\000"
 857 05cf 01       		.byte	0x1
 858 05d0 85       		.byte	0x85
 859 05d1 7E000000 		.4byte	0x7e
 860 05d5 FE000000 		.4byte	.LLST4
 861 05d9 17       		.uleb128 0x17
 862 05da 70747200 		.ascii	"ptr\000"
 863 05de 01       		.byte	0x1
 864 05df 85       		.byte	0x85
 865 05e0 9C000000 		.4byte	0x9c
 866 05e4 38010000 		.4byte	.LLST5
 867 05e8 17       		.uleb128 0x17
 868 05e9 6C656E00 		.ascii	"len\000"
 869 05ed 01       		.byte	0x1
 870 05ee 85       		.byte	0x85
ARM GAS  C:\Users\kateb\AppData\Local\Temp\ccQXkXQ0.s 			page 19


 871 05ef 7E000000 		.4byte	0x7e
 872 05f3 6C010000 		.4byte	.LLST6
 873 05f7 18       		.uleb128 0x18
 874 05f8 64020000 		.4byte	.LASF102
 875 05fc 01       		.byte	0x1
 876 05fd 87       		.byte	0x87
 877 05fe 7E000000 		.4byte	0x7e
 878 0602 AE010000 		.4byte	.LLST7
 879 0606 19       		.uleb128 0x19
 880 0607 0C000000 		.4byte	.LVL12
 881 060b 00070000 		.4byte	0x700
 882 060f 00       		.byte	0
 883 0610 1A       		.uleb128 0x1a
 884 0611 2D080000 		.4byte	.LASF103
 885 0615 0B       		.byte	0xb
 886 0616 EA07     		.2byte	0x7ea
 887 0618 1C060000 		.4byte	0x61c
 888 061c 08       		.uleb128 0x8
 889 061d BF000000 		.4byte	0xbf
 890 0621 11       		.uleb128 0x11
 891 0622 4C040000 		.4byte	0x44c
 892 0626 31060000 		.4byte	0x631
 893 062a 12       		.uleb128 0x12
 894 062b 95000000 		.4byte	0x95
 895 062f 0B       		.byte	0xb
 896 0630 00       		.byte	0
 897 0631 1A       		.uleb128 0x1a
 898 0632 D9020000 		.4byte	.LASF104
 899 0636 04       		.byte	0x4
 900 0637 FC02     		.2byte	0x2fc
 901 0639 3D060000 		.4byte	0x63d
 902 063d 07       		.uleb128 0x7
 903 063e 21060000 		.4byte	0x621
 904 0642 1A       		.uleb128 0x1a
 905 0643 26030000 		.4byte	.LASF105
 906 0647 09       		.byte	0x9
 907 0648 2202     		.2byte	0x222
 908 064a A6040000 		.4byte	0x4a6
 909 064e 11       		.uleb128 0x11
 910 064f 75040000 		.4byte	0x475
 911 0653 5E060000 		.4byte	0x65e
 912 0657 12       		.uleb128 0x12
 913 0658 95000000 		.4byte	0x95
 914 065c 00       		.byte	0
 915 065d 00       		.byte	0
 916 065e 1A       		.uleb128 0x1a
 917 065f F2030000 		.4byte	.LASF106
 918 0663 09       		.byte	0x9
 919 0664 2C02     		.2byte	0x22c
 920 0666 4E060000 		.4byte	0x64e
 921 066a 11       		.uleb128 0x11
 922 066b EE040000 		.4byte	0x4ee
 923 066f 7A060000 		.4byte	0x67a
 924 0673 12       		.uleb128 0x12
 925 0674 95000000 		.4byte	0x95
 926 0678 00       		.byte	0
 927 0679 00       		.byte	0
ARM GAS  C:\Users\kateb\AppData\Local\Temp\ccQXkXQ0.s 			page 20


 928 067a 1A       		.uleb128 0x1a
 929 067b 76060000 		.4byte	.LASF107
 930 067f 09       		.byte	0x9
 931 0680 2D02     		.2byte	0x22d
 932 0682 6A060000 		.4byte	0x66a
 933 0686 1A       		.uleb128 0x1a
 934 0687 FB020000 		.4byte	.LASF108
 935 068b 09       		.byte	0x9
 936 068c 5202     		.2byte	0x252
 937 068e B4000000 		.4byte	0xb4
 938 0692 1B       		.uleb128 0x1b
 939 0693 C6020000 		.4byte	.LASF109
 940 0697 0C       		.byte	0xc
 941 0698 87       		.byte	0x87
 942 0699 25030000 		.4byte	0x325
 943 069d 1B       		.uleb128 0x1b
 944 069e 04040000 		.4byte	.LASF110
 945 06a2 0D       		.byte	0xd
 946 06a3 7C       		.byte	0x7c
 947 06a4 E8000000 		.4byte	0xe8
 948 06a8 1B       		.uleb128 0x1b
 949 06a9 BA060000 		.4byte	.LASF111
 950 06ad 0D       		.byte	0xd
 951 06ae 7D       		.byte	0x7d
 952 06af B3060000 		.4byte	0x6b3
 953 06b3 07       		.uleb128 0x7
 954 06b4 9D010000 		.4byte	0x19d
 955 06b8 1B       		.uleb128 0x1b
 956 06b9 F8040000 		.4byte	.LASF112
 957 06bd 0E       		.byte	0xe
 958 06be 5E       		.byte	0x5e
 959 06bf 49020000 		.4byte	0x249
 960 06c3 1A       		.uleb128 0x1a
 961 06c4 17000000 		.4byte	.LASF113
 962 06c8 0A       		.byte	0xa
 963 06c9 6001     		.2byte	0x160
 964 06cb CA000000 		.4byte	0xca
 965 06cf 11       		.uleb128 0x11
 966 06d0 DF060000 		.4byte	0x6df
 967 06d4 DF060000 		.4byte	0x6df
 968 06d8 12       		.uleb128 0x12
 969 06d9 95000000 		.4byte	0x95
 970 06dd 00       		.byte	0
 971 06de 00       		.byte	0
 972 06df 07       		.uleb128 0x7
 973 06e0 49050000 		.4byte	0x549
 974 06e4 1A       		.uleb128 0x1a
 975 06e5 F3050000 		.4byte	.LASF114
 976 06e9 0A       		.byte	0xa
 977 06ea 6401     		.2byte	0x164
 978 06ec F0060000 		.4byte	0x6f0
 979 06f0 07       		.uleb128 0x7
 980 06f1 CF060000 		.4byte	0x6cf
 981 06f5 1C       		.uleb128 0x1c
 982 06f6 27040000 		.4byte	.LASF115
 983 06fa 27040000 		.4byte	.LASF115
 984 06fe 0F       		.byte	0xf
ARM GAS  C:\Users\kateb\AppData\Local\Temp\ccQXkXQ0.s 			page 21


 985 06ff AE       		.byte	0xae
 986 0700 1C       		.uleb128 0x1c
 987 0701 B5000000 		.4byte	.LASF116
 988 0705 B5000000 		.4byte	.LASF116
 989 0709 0F       		.byte	0xf
 990 070a B2       		.byte	0xb2
 991 070b 00       		.byte	0
 992              		.section	.debug_abbrev,"",%progbits
 993              	.Ldebug_abbrev0:
 994 0000 01       		.uleb128 0x1
 995 0001 11       		.uleb128 0x11
 996 0002 01       		.byte	0x1
 997 0003 25       		.uleb128 0x25
 998 0004 0E       		.uleb128 0xe
 999 0005 13       		.uleb128 0x13
 1000 0006 0B       		.uleb128 0xb
 1001 0007 03       		.uleb128 0x3
 1002 0008 0E       		.uleb128 0xe
 1003 0009 1B       		.uleb128 0x1b
 1004 000a 0E       		.uleb128 0xe
 1005 000b 55       		.uleb128 0x55
 1006 000c 17       		.uleb128 0x17
 1007 000d 11       		.uleb128 0x11
 1008 000e 01       		.uleb128 0x1
 1009 000f 10       		.uleb128 0x10
 1010 0010 17       		.uleb128 0x17
 1011 0011 00       		.byte	0
 1012 0012 00       		.byte	0
 1013 0013 02       		.uleb128 0x2
 1014 0014 24       		.uleb128 0x24
 1015 0015 00       		.byte	0
 1016 0016 0B       		.uleb128 0xb
 1017 0017 0B       		.uleb128 0xb
 1018 0018 3E       		.uleb128 0x3e
 1019 0019 0B       		.uleb128 0xb
 1020 001a 03       		.uleb128 0x3
 1021 001b 0E       		.uleb128 0xe
 1022 001c 00       		.byte	0
 1023 001d 00       		.byte	0
 1024 001e 03       		.uleb128 0x3
 1025 001f 16       		.uleb128 0x16
 1026 0020 00       		.byte	0
 1027 0021 03       		.uleb128 0x3
 1028 0022 0E       		.uleb128 0xe
 1029 0023 3A       		.uleb128 0x3a
 1030 0024 0B       		.uleb128 0xb
 1031 0025 3B       		.uleb128 0x3b
 1032 0026 0B       		.uleb128 0xb
 1033 0027 49       		.uleb128 0x49
 1034 0028 13       		.uleb128 0x13
 1035 0029 00       		.byte	0
 1036 002a 00       		.byte	0
 1037 002b 04       		.uleb128 0x4
 1038 002c 24       		.uleb128 0x24
 1039 002d 00       		.byte	0
 1040 002e 0B       		.uleb128 0xb
 1041 002f 0B       		.uleb128 0xb
ARM GAS  C:\Users\kateb\AppData\Local\Temp\ccQXkXQ0.s 			page 22


 1042 0030 3E       		.uleb128 0x3e
 1043 0031 0B       		.uleb128 0xb
 1044 0032 03       		.uleb128 0x3
 1045 0033 08       		.uleb128 0x8
 1046 0034 00       		.byte	0
 1047 0035 00       		.byte	0
 1048 0036 05       		.uleb128 0x5
 1049 0037 0F       		.uleb128 0xf
 1050 0038 00       		.byte	0
 1051 0039 0B       		.uleb128 0xb
 1052 003a 0B       		.uleb128 0xb
 1053 003b 00       		.byte	0
 1054 003c 00       		.byte	0
 1055 003d 06       		.uleb128 0x6
 1056 003e 0F       		.uleb128 0xf
 1057 003f 00       		.byte	0
 1058 0040 0B       		.uleb128 0xb
 1059 0041 0B       		.uleb128 0xb
 1060 0042 49       		.uleb128 0x49
 1061 0043 13       		.uleb128 0x13
 1062 0044 00       		.byte	0
 1063 0045 00       		.byte	0
 1064 0046 07       		.uleb128 0x7
 1065 0047 26       		.uleb128 0x26
 1066 0048 00       		.byte	0
 1067 0049 49       		.uleb128 0x49
 1068 004a 13       		.uleb128 0x13
 1069 004b 00       		.byte	0
 1070 004c 00       		.byte	0
 1071 004d 08       		.uleb128 0x8
 1072 004e 35       		.uleb128 0x35
 1073 004f 00       		.byte	0
 1074 0050 49       		.uleb128 0x49
 1075 0051 13       		.uleb128 0x13
 1076 0052 00       		.byte	0
 1077 0053 00       		.byte	0
 1078 0054 09       		.uleb128 0x9
 1079 0055 04       		.uleb128 0x4
 1080 0056 01       		.byte	0x1
 1081 0057 0B       		.uleb128 0xb
 1082 0058 0B       		.uleb128 0xb
 1083 0059 49       		.uleb128 0x49
 1084 005a 13       		.uleb128 0x13
 1085 005b 3A       		.uleb128 0x3a
 1086 005c 0B       		.uleb128 0xb
 1087 005d 3B       		.uleb128 0x3b
 1088 005e 05       		.uleb128 0x5
 1089 005f 01       		.uleb128 0x1
 1090 0060 13       		.uleb128 0x13
 1091 0061 00       		.byte	0
 1092 0062 00       		.byte	0
 1093 0063 0A       		.uleb128 0xa
 1094 0064 28       		.uleb128 0x28
 1095 0065 00       		.byte	0
 1096 0066 03       		.uleb128 0x3
 1097 0067 0E       		.uleb128 0xe
 1098 0068 1C       		.uleb128 0x1c
ARM GAS  C:\Users\kateb\AppData\Local\Temp\ccQXkXQ0.s 			page 23


 1099 0069 0B       		.uleb128 0xb
 1100 006a 00       		.byte	0
 1101 006b 00       		.byte	0
 1102 006c 0B       		.uleb128 0xb
 1103 006d 16       		.uleb128 0x16
 1104 006e 00       		.byte	0
 1105 006f 03       		.uleb128 0x3
 1106 0070 0E       		.uleb128 0xe
 1107 0071 3A       		.uleb128 0x3a
 1108 0072 0B       		.uleb128 0xb
 1109 0073 3B       		.uleb128 0x3b
 1110 0074 05       		.uleb128 0x5
 1111 0075 49       		.uleb128 0x49
 1112 0076 13       		.uleb128 0x13
 1113 0077 00       		.byte	0
 1114 0078 00       		.byte	0
 1115 0079 0C       		.uleb128 0xc
 1116 007a 13       		.uleb128 0x13
 1117 007b 01       		.byte	0x1
 1118 007c 0B       		.uleb128 0xb
 1119 007d 0B       		.uleb128 0xb
 1120 007e 3A       		.uleb128 0x3a
 1121 007f 0B       		.uleb128 0xb
 1122 0080 3B       		.uleb128 0x3b
 1123 0081 05       		.uleb128 0x5
 1124 0082 01       		.uleb128 0x1
 1125 0083 13       		.uleb128 0x13
 1126 0084 00       		.byte	0
 1127 0085 00       		.byte	0
 1128 0086 0D       		.uleb128 0xd
 1129 0087 0D       		.uleb128 0xd
 1130 0088 00       		.byte	0
 1131 0089 03       		.uleb128 0x3
 1132 008a 0E       		.uleb128 0xe
 1133 008b 3A       		.uleb128 0x3a
 1134 008c 0B       		.uleb128 0xb
 1135 008d 3B       		.uleb128 0x3b
 1136 008e 05       		.uleb128 0x5
 1137 008f 49       		.uleb128 0x49
 1138 0090 13       		.uleb128 0x13
 1139 0091 38       		.uleb128 0x38
 1140 0092 0B       		.uleb128 0xb
 1141 0093 00       		.byte	0
 1142 0094 00       		.byte	0
 1143 0095 0E       		.uleb128 0xe
 1144 0096 15       		.uleb128 0x15
 1145 0097 01       		.byte	0x1
 1146 0098 27       		.uleb128 0x27
 1147 0099 19       		.uleb128 0x19
 1148 009a 01       		.uleb128 0x1
 1149 009b 13       		.uleb128 0x13
 1150 009c 00       		.byte	0
 1151 009d 00       		.byte	0
 1152 009e 0F       		.uleb128 0xf
 1153 009f 05       		.uleb128 0x5
 1154 00a0 00       		.byte	0
 1155 00a1 49       		.uleb128 0x49
ARM GAS  C:\Users\kateb\AppData\Local\Temp\ccQXkXQ0.s 			page 24


 1156 00a2 13       		.uleb128 0x13
 1157 00a3 00       		.byte	0
 1158 00a4 00       		.byte	0
 1159 00a5 10       		.uleb128 0x10
 1160 00a6 13       		.uleb128 0x13
 1161 00a7 01       		.byte	0x1
 1162 00a8 03       		.uleb128 0x3
 1163 00a9 0E       		.uleb128 0xe
 1164 00aa 0B       		.uleb128 0xb
 1165 00ab 0B       		.uleb128 0xb
 1166 00ac 3A       		.uleb128 0x3a
 1167 00ad 0B       		.uleb128 0xb
 1168 00ae 3B       		.uleb128 0x3b
 1169 00af 05       		.uleb128 0x5
 1170 00b0 01       		.uleb128 0x1
 1171 00b1 13       		.uleb128 0x13
 1172 00b2 00       		.byte	0
 1173 00b3 00       		.byte	0
 1174 00b4 11       		.uleb128 0x11
 1175 00b5 01       		.uleb128 0x1
 1176 00b6 01       		.byte	0x1
 1177 00b7 49       		.uleb128 0x49
 1178 00b8 13       		.uleb128 0x13
 1179 00b9 01       		.uleb128 0x1
 1180 00ba 13       		.uleb128 0x13
 1181 00bb 00       		.byte	0
 1182 00bc 00       		.byte	0
 1183 00bd 12       		.uleb128 0x12
 1184 00be 21       		.uleb128 0x21
 1185 00bf 00       		.byte	0
 1186 00c0 49       		.uleb128 0x49
 1187 00c1 13       		.uleb128 0x13
 1188 00c2 2F       		.uleb128 0x2f
 1189 00c3 0B       		.uleb128 0xb
 1190 00c4 00       		.byte	0
 1191 00c5 00       		.byte	0
 1192 00c6 13       		.uleb128 0x13
 1193 00c7 04       		.uleb128 0x4
 1194 00c8 01       		.byte	0x1
 1195 00c9 0B       		.uleb128 0xb
 1196 00ca 0B       		.uleb128 0xb
 1197 00cb 49       		.uleb128 0x49
 1198 00cc 13       		.uleb128 0x13
 1199 00cd 3A       		.uleb128 0x3a
 1200 00ce 0B       		.uleb128 0xb
 1201 00cf 3B       		.uleb128 0x3b
 1202 00d0 0B       		.uleb128 0xb
 1203 00d1 01       		.uleb128 0x1
 1204 00d2 13       		.uleb128 0x13
 1205 00d3 00       		.byte	0
 1206 00d4 00       		.byte	0
 1207 00d5 14       		.uleb128 0x14
 1208 00d6 13       		.uleb128 0x13
 1209 00d7 01       		.byte	0x1
 1210 00d8 0B       		.uleb128 0xb
 1211 00d9 0B       		.uleb128 0xb
 1212 00da 3A       		.uleb128 0x3a
ARM GAS  C:\Users\kateb\AppData\Local\Temp\ccQXkXQ0.s 			page 25


 1213 00db 0B       		.uleb128 0xb
 1214 00dc 3B       		.uleb128 0x3b
 1215 00dd 0B       		.uleb128 0xb
 1216 00de 01       		.uleb128 0x1
 1217 00df 13       		.uleb128 0x13
 1218 00e0 00       		.byte	0
 1219 00e1 00       		.byte	0
 1220 00e2 15       		.uleb128 0x15
 1221 00e3 0D       		.uleb128 0xd
 1222 00e4 00       		.byte	0
 1223 00e5 03       		.uleb128 0x3
 1224 00e6 0E       		.uleb128 0xe
 1225 00e7 3A       		.uleb128 0x3a
 1226 00e8 0B       		.uleb128 0xb
 1227 00e9 3B       		.uleb128 0x3b
 1228 00ea 0B       		.uleb128 0xb
 1229 00eb 49       		.uleb128 0x49
 1230 00ec 13       		.uleb128 0x13
 1231 00ed 38       		.uleb128 0x38
 1232 00ee 0B       		.uleb128 0xb
 1233 00ef 00       		.byte	0
 1234 00f0 00       		.byte	0
 1235 00f1 16       		.uleb128 0x16
 1236 00f2 2E       		.uleb128 0x2e
 1237 00f3 01       		.byte	0x1
 1238 00f4 3F       		.uleb128 0x3f
 1239 00f5 19       		.uleb128 0x19
 1240 00f6 03       		.uleb128 0x3
 1241 00f7 0E       		.uleb128 0xe
 1242 00f8 3A       		.uleb128 0x3a
 1243 00f9 0B       		.uleb128 0xb
 1244 00fa 3B       		.uleb128 0x3b
 1245 00fb 0B       		.uleb128 0xb
 1246 00fc 27       		.uleb128 0x27
 1247 00fd 19       		.uleb128 0x19
 1248 00fe 49       		.uleb128 0x49
 1249 00ff 13       		.uleb128 0x13
 1250 0100 11       		.uleb128 0x11
 1251 0101 01       		.uleb128 0x1
 1252 0102 12       		.uleb128 0x12
 1253 0103 06       		.uleb128 0x6
 1254 0104 40       		.uleb128 0x40
 1255 0105 18       		.uleb128 0x18
 1256 0106 9742     		.uleb128 0x2117
 1257 0108 19       		.uleb128 0x19
 1258 0109 01       		.uleb128 0x1
 1259 010a 13       		.uleb128 0x13
 1260 010b 00       		.byte	0
 1261 010c 00       		.byte	0
 1262 010d 17       		.uleb128 0x17
 1263 010e 05       		.uleb128 0x5
 1264 010f 00       		.byte	0
 1265 0110 03       		.uleb128 0x3
 1266 0111 08       		.uleb128 0x8
 1267 0112 3A       		.uleb128 0x3a
 1268 0113 0B       		.uleb128 0xb
 1269 0114 3B       		.uleb128 0x3b
ARM GAS  C:\Users\kateb\AppData\Local\Temp\ccQXkXQ0.s 			page 26


 1270 0115 0B       		.uleb128 0xb
 1271 0116 49       		.uleb128 0x49
 1272 0117 13       		.uleb128 0x13
 1273 0118 02       		.uleb128 0x2
 1274 0119 17       		.uleb128 0x17
 1275 011a 00       		.byte	0
 1276 011b 00       		.byte	0
 1277 011c 18       		.uleb128 0x18
 1278 011d 34       		.uleb128 0x34
 1279 011e 00       		.byte	0
 1280 011f 03       		.uleb128 0x3
 1281 0120 0E       		.uleb128 0xe
 1282 0121 3A       		.uleb128 0x3a
 1283 0122 0B       		.uleb128 0xb
 1284 0123 3B       		.uleb128 0x3b
 1285 0124 0B       		.uleb128 0xb
 1286 0125 49       		.uleb128 0x49
 1287 0126 13       		.uleb128 0x13
 1288 0127 02       		.uleb128 0x2
 1289 0128 17       		.uleb128 0x17
 1290 0129 00       		.byte	0
 1291 012a 00       		.byte	0
 1292 012b 19       		.uleb128 0x19
 1293 012c 898201   		.uleb128 0x4109
 1294 012f 00       		.byte	0
 1295 0130 11       		.uleb128 0x11
 1296 0131 01       		.uleb128 0x1
 1297 0132 31       		.uleb128 0x31
 1298 0133 13       		.uleb128 0x13
 1299 0134 00       		.byte	0
 1300 0135 00       		.byte	0
 1301 0136 1A       		.uleb128 0x1a
 1302 0137 34       		.uleb128 0x34
 1303 0138 00       		.byte	0
 1304 0139 03       		.uleb128 0x3
 1305 013a 0E       		.uleb128 0xe
 1306 013b 3A       		.uleb128 0x3a
 1307 013c 0B       		.uleb128 0xb
 1308 013d 3B       		.uleb128 0x3b
 1309 013e 05       		.uleb128 0x5
 1310 013f 49       		.uleb128 0x49
 1311 0140 13       		.uleb128 0x13
 1312 0141 3F       		.uleb128 0x3f
 1313 0142 19       		.uleb128 0x19
 1314 0143 3C       		.uleb128 0x3c
 1315 0144 19       		.uleb128 0x19
 1316 0145 00       		.byte	0
 1317 0146 00       		.byte	0
 1318 0147 1B       		.uleb128 0x1b
 1319 0148 34       		.uleb128 0x34
 1320 0149 00       		.byte	0
 1321 014a 03       		.uleb128 0x3
 1322 014b 0E       		.uleb128 0xe
 1323 014c 3A       		.uleb128 0x3a
 1324 014d 0B       		.uleb128 0xb
 1325 014e 3B       		.uleb128 0x3b
 1326 014f 0B       		.uleb128 0xb
ARM GAS  C:\Users\kateb\AppData\Local\Temp\ccQXkXQ0.s 			page 27


 1327 0150 49       		.uleb128 0x49
 1328 0151 13       		.uleb128 0x13
 1329 0152 3F       		.uleb128 0x3f
 1330 0153 19       		.uleb128 0x19
 1331 0154 3C       		.uleb128 0x3c
 1332 0155 19       		.uleb128 0x19
 1333 0156 00       		.byte	0
 1334 0157 00       		.byte	0
 1335 0158 1C       		.uleb128 0x1c
 1336 0159 2E       		.uleb128 0x2e
 1337 015a 00       		.byte	0
 1338 015b 3F       		.uleb128 0x3f
 1339 015c 19       		.uleb128 0x19
 1340 015d 3C       		.uleb128 0x3c
 1341 015e 19       		.uleb128 0x19
 1342 015f 6E       		.uleb128 0x6e
 1343 0160 0E       		.uleb128 0xe
 1344 0161 03       		.uleb128 0x3
 1345 0162 0E       		.uleb128 0xe
 1346 0163 3A       		.uleb128 0x3a
 1347 0164 0B       		.uleb128 0xb
 1348 0165 3B       		.uleb128 0x3b
 1349 0166 0B       		.uleb128 0xb
 1350 0167 00       		.byte	0
 1351 0168 00       		.byte	0
 1352 0169 00       		.byte	0
 1353              		.section	.debug_loc,"",%progbits
 1354              	.Ldebug_loc0:
 1355              	.LLST0:
 1356 0000 00000000 		.4byte	.LVL0
 1357 0004 08000000 		.4byte	.LVL2
 1358 0008 0100     		.2byte	0x1
 1359 000a 50       		.byte	0x50
 1360 000b 08000000 		.4byte	.LVL2
 1361 000f 14000000 		.4byte	.LVL6
 1362 0013 0400     		.2byte	0x4
 1363 0015 F3       		.byte	0xf3
 1364 0016 01       		.uleb128 0x1
 1365 0017 50       		.byte	0x50
 1366 0018 9F       		.byte	0x9f
 1367 0019 14000000 		.4byte	.LVL6
 1368 001d 1A000000 		.4byte	.LVL7
 1369 0021 0100     		.2byte	0x1
 1370 0023 50       		.byte	0x50
 1371 0024 1A000000 		.4byte	.LVL7
 1372 0028 22000000 		.4byte	.LFE596
 1373 002c 0400     		.2byte	0x4
 1374 002e F3       		.byte	0xf3
 1375 002f 01       		.uleb128 0x1
 1376 0030 50       		.byte	0x50
 1377 0031 9F       		.byte	0x9f
 1378 0032 00000000 		.4byte	0
 1379 0036 00000000 		.4byte	0
 1380              	.LLST1:
 1381 003a 00000000 		.4byte	.LVL0
 1382 003e 08000000 		.4byte	.LVL2
 1383 0042 0100     		.2byte	0x1
ARM GAS  C:\Users\kateb\AppData\Local\Temp\ccQXkXQ0.s 			page 28


 1384 0044 51       		.byte	0x51
 1385 0045 08000000 		.4byte	.LVL2
 1386 0049 0C000000 		.4byte	.LVL3
 1387 004d 0100     		.2byte	0x1
 1388 004f 55       		.byte	0x55
 1389 0050 0C000000 		.4byte	.LVL3
 1390 0054 10000000 		.4byte	.LVL4
 1391 0058 0300     		.2byte	0x3
 1392 005a 75       		.byte	0x75
 1393 005b 7F       		.sleb128 -1
 1394 005c 9F       		.byte	0x9f
 1395 005d 10000000 		.4byte	.LVL4
 1396 0061 14000000 		.4byte	.LVL6
 1397 0065 0100     		.2byte	0x1
 1398 0067 55       		.byte	0x55
 1399 0068 14000000 		.4byte	.LVL6
 1400 006c 1A000000 		.4byte	.LVL7
 1401 0070 0100     		.2byte	0x1
 1402 0072 51       		.byte	0x51
 1403 0073 1A000000 		.4byte	.LVL7
 1404 0077 1E000000 		.4byte	.LVL8
 1405 007b 0100     		.2byte	0x1
 1406 007d 55       		.byte	0x55
 1407 007e 00000000 		.4byte	0
 1408 0082 00000000 		.4byte	0
 1409              	.LLST2:
 1410 0086 00000000 		.4byte	.LVL0
 1411 008a 08000000 		.4byte	.LVL2
 1412 008e 0100     		.2byte	0x1
 1413 0090 52       		.byte	0x52
 1414 0091 08000000 		.4byte	.LVL2
 1415 0095 14000000 		.4byte	.LVL6
 1416 0099 0100     		.2byte	0x1
 1417 009b 56       		.byte	0x56
 1418 009c 14000000 		.4byte	.LVL6
 1419 00a0 1A000000 		.4byte	.LVL7
 1420 00a4 0100     		.2byte	0x1
 1421 00a6 52       		.byte	0x52
 1422 00a7 1A000000 		.4byte	.LVL7
 1423 00ab 1E000000 		.4byte	.LVL8
 1424 00af 0100     		.2byte	0x1
 1425 00b1 56       		.byte	0x56
 1426 00b2 1E000000 		.4byte	.LVL8
 1427 00b6 22000000 		.4byte	.LFE596
 1428 00ba 0400     		.2byte	0x4
 1429 00bc F3       		.byte	0xf3
 1430 00bd 01       		.uleb128 0x1
 1431 00be 52       		.byte	0x52
 1432 00bf 9F       		.byte	0x9f
 1433 00c0 00000000 		.4byte	0
 1434 00c4 00000000 		.4byte	0
 1435              	.LLST3:
 1436 00c8 02000000 		.4byte	.LVL1
 1437 00cc 08000000 		.4byte	.LVL2
 1438 00d0 0200     		.2byte	0x2
 1439 00d2 30       		.byte	0x30
 1440 00d3 9F       		.byte	0x9f
ARM GAS  C:\Users\kateb\AppData\Local\Temp\ccQXkXQ0.s 			page 29


 1441 00d4 08000000 		.4byte	.LVL2
 1442 00d8 14000000 		.4byte	.LVL6
 1443 00dc 0100     		.2byte	0x1
 1444 00de 54       		.byte	0x54
 1445 00df 14000000 		.4byte	.LVL6
 1446 00e3 1A000000 		.4byte	.LVL7
 1447 00e7 0200     		.2byte	0x2
 1448 00e9 30       		.byte	0x30
 1449 00ea 9F       		.byte	0x9f
 1450 00eb 1A000000 		.4byte	.LVL7
 1451 00ef 22000000 		.4byte	.LFE596
 1452 00f3 0100     		.2byte	0x1
 1453 00f5 54       		.byte	0x54
 1454 00f6 00000000 		.4byte	0
 1455 00fa 00000000 		.4byte	0
 1456              	.LLST4:
 1457 00fe 00000000 		.4byte	.LVL9
 1458 0102 08000000 		.4byte	.LVL11
 1459 0106 0100     		.2byte	0x1
 1460 0108 50       		.byte	0x50
 1461 0109 08000000 		.4byte	.LVL11
 1462 010d 1A000000 		.4byte	.LVL15
 1463 0111 0400     		.2byte	0x4
 1464 0113 F3       		.byte	0xf3
 1465 0114 01       		.uleb128 0x1
 1466 0115 50       		.byte	0x50
 1467 0116 9F       		.byte	0x9f
 1468 0117 1A000000 		.4byte	.LVL15
 1469 011b 20000000 		.4byte	.LVL16
 1470 011f 0100     		.2byte	0x1
 1471 0121 50       		.byte	0x50
 1472 0122 20000000 		.4byte	.LVL16
 1473 0126 28000000 		.4byte	.LFE597
 1474 012a 0400     		.2byte	0x4
 1475 012c F3       		.byte	0xf3
 1476 012d 01       		.uleb128 0x1
 1477 012e 50       		.byte	0x50
 1478 012f 9F       		.byte	0x9f
 1479 0130 00000000 		.4byte	0
 1480 0134 00000000 		.4byte	0
 1481              	.LLST5:
 1482 0138 00000000 		.4byte	.LVL9
 1483 013c 08000000 		.4byte	.LVL11
 1484 0140 0100     		.2byte	0x1
 1485 0142 51       		.byte	0x51
 1486 0143 08000000 		.4byte	.LVL11
 1487 0147 1A000000 		.4byte	.LVL15
 1488 014b 0100     		.2byte	0x1
 1489 014d 55       		.byte	0x55
 1490 014e 1A000000 		.4byte	.LVL15
 1491 0152 20000000 		.4byte	.LVL16
 1492 0156 0100     		.2byte	0x1
 1493 0158 51       		.byte	0x51
 1494 0159 20000000 		.4byte	.LVL16
 1495 015d 24000000 		.4byte	.LVL17
 1496 0161 0100     		.2byte	0x1
 1497 0163 55       		.byte	0x55
ARM GAS  C:\Users\kateb\AppData\Local\Temp\ccQXkXQ0.s 			page 30


 1498 0164 00000000 		.4byte	0
 1499 0168 00000000 		.4byte	0
 1500              	.LLST6:
 1501 016c 00000000 		.4byte	.LVL9
 1502 0170 08000000 		.4byte	.LVL11
 1503 0174 0100     		.2byte	0x1
 1504 0176 52       		.byte	0x52
 1505 0177 08000000 		.4byte	.LVL11
 1506 017b 1A000000 		.4byte	.LVL15
 1507 017f 0100     		.2byte	0x1
 1508 0181 56       		.byte	0x56
 1509 0182 1A000000 		.4byte	.LVL15
 1510 0186 20000000 		.4byte	.LVL16
 1511 018a 0100     		.2byte	0x1
 1512 018c 52       		.byte	0x52
 1513 018d 20000000 		.4byte	.LVL16
 1514 0191 24000000 		.4byte	.LVL17
 1515 0195 0100     		.2byte	0x1
 1516 0197 56       		.byte	0x56
 1517 0198 24000000 		.4byte	.LVL17
 1518 019c 28000000 		.4byte	.LFE597
 1519 01a0 0400     		.2byte	0x4
 1520 01a2 F3       		.byte	0xf3
 1521 01a3 01       		.uleb128 0x1
 1522 01a4 52       		.byte	0x52
 1523 01a5 9F       		.byte	0x9f
 1524 01a6 00000000 		.4byte	0
 1525 01aa 00000000 		.4byte	0
 1526              	.LLST7:
 1527 01ae 02000000 		.4byte	.LVL10
 1528 01b2 08000000 		.4byte	.LVL11
 1529 01b6 0200     		.2byte	0x2
 1530 01b8 30       		.byte	0x30
 1531 01b9 9F       		.byte	0x9f
 1532 01ba 08000000 		.4byte	.LVL11
 1533 01be 1A000000 		.4byte	.LVL15
 1534 01c2 0100     		.2byte	0x1
 1535 01c4 54       		.byte	0x54
 1536 01c5 1A000000 		.4byte	.LVL15
 1537 01c9 20000000 		.4byte	.LVL16
 1538 01cd 0200     		.2byte	0x2
 1539 01cf 30       		.byte	0x30
 1540 01d0 9F       		.byte	0x9f
 1541 01d1 20000000 		.4byte	.LVL16
 1542 01d5 28000000 		.4byte	.LFE597
 1543 01d9 0100     		.2byte	0x1
 1544 01db 54       		.byte	0x54
 1545 01dc 00000000 		.4byte	0
 1546 01e0 00000000 		.4byte	0
 1547              		.section	.debug_aranges,"",%progbits
 1548 0000 24000000 		.4byte	0x24
 1549 0004 0200     		.2byte	0x2
 1550 0006 00000000 		.4byte	.Ldebug_info0
 1551 000a 04       		.byte	0x4
 1552 000b 00       		.byte	0
 1553 000c 0000     		.2byte	0
 1554 000e 0000     		.2byte	0
ARM GAS  C:\Users\kateb\AppData\Local\Temp\ccQXkXQ0.s 			page 31


 1555 0010 00000000 		.4byte	.LFB596
 1556 0014 22000000 		.4byte	.LFE596-.LFB596
 1557 0018 00000000 		.4byte	.LFB597
 1558 001c 28000000 		.4byte	.LFE597-.LFB597
 1559 0020 00000000 		.4byte	0
 1560 0024 00000000 		.4byte	0
 1561              		.section	.debug_ranges,"",%progbits
 1562              	.Ldebug_ranges0:
 1563 0000 00000000 		.4byte	.LFB596
 1564 0004 22000000 		.4byte	.LFE596
 1565 0008 00000000 		.4byte	.LFB597
 1566 000c 28000000 		.4byte	.LFE597
 1567 0010 00000000 		.4byte	0
 1568 0014 00000000 		.4byte	0
 1569              		.section	.debug_line,"",%progbits
 1570              	.Ldebug_line0:
 1571 0000 58030000 		.section	.debug_str,"MS",%progbits,1
 1571      02000803 
 1571      00000201 
 1571      FB0E0D00 
 1571      01010101 
 1572              	.LASF23:
 1573 0000 63795F65 		.ascii	"cy_en_rtc_dst_format_t\000"
 1573      6E5F7274 
 1573      635F6473 
 1573      745F666F 
 1573      726D6174 
 1574              	.LASF113:
 1575 0017 4144435F 		.ascii	"ADC_currentConfig\000"
 1575      63757272 
 1575      656E7443 
 1575      6F6E6669 
 1575      6700
 1576              	.LASF59:
 1577 0029 43595F53 		.ascii	"CY_SAR_RANGE_COND_OUTSIDE\000"
 1577      41525F52 
 1577      414E4745 
 1577      5F434F4E 
 1577      445F4F55 
 1578              	.LASF95:
 1579 0043 6E756D43 		.ascii	"numChannels\000"
 1579      68616E6E 
 1579      656C7300 
 1580              	.LASF53:
 1581 004f 72785269 		.ascii	"rxRingBufTail\000"
 1581      6E674275 
 1581      66546169 
 1581      6C00
 1582              	.LASF26:
 1583 005d 6461794F 		.ascii	"dayOfMonth\000"
 1583      664D6F6E 
 1583      746800
 1584              	.LASF33:
 1585 0068 63795F73 		.ascii	"cy_stc_rtc_dst_t\000"
 1585      74635F72 
 1585      74635F64 
 1585      73745F74 
ARM GAS  C:\Users\kateb\AppData\Local\Temp\ccQXkXQ0.s 			page 32


 1585      00
 1586              	.LASF37:
 1587 0079 72784275 		.ascii	"rxBufSize\000"
 1587      6653697A 
 1587      6500
 1588              	.LASF45:
 1589 0083 63795F63 		.ascii	"cy_cb_scb_uart_handle_events_t\000"
 1589      625F7363 
 1589      625F7561 
 1589      72745F68 
 1589      616E646C 
 1590              	.LASF31:
 1591 00a2 73746172 		.ascii	"startDst\000"
 1591      74447374 
 1591      00
 1592              	.LASF2:
 1593 00ab 73686F72 		.ascii	"short int\000"
 1593      7420696E 
 1593      7400
 1594              	.LASF116:
 1595 00b5 53544449 		.ascii	"STDIO_GetChar\000"
 1595      4F5F4765 
 1595      74436861 
 1595      7200
 1596              	.LASF13:
 1597 00c3 73697A65 		.ascii	"sizetype\000"
 1597      74797065 
 1597      00
 1598              	.LASF70:
 1599 00cc 73617449 		.ascii	"satIntrMask\000"
 1599      6E74724D 
 1599      61736B00 
 1600              	.LASF62:
 1601 00d8 73616D70 		.ascii	"sampleCtrl\000"
 1601      6C654374 
 1601      726C00
 1602              	.LASF47:
 1603 00e3 63795F73 		.ascii	"cy_stc_scb_uart_context\000"
 1603      74635F73 
 1603      63625F75 
 1603      6172745F 
 1603      636F6E74 
 1604              	.LASF88:
 1605 00fb 43595F42 		.ascii	"CY_BLE_CONN_STATE_CLIENT_SRVC_DISCOVERING\000"
 1605      4C455F43 
 1605      4F4E4E5F 
 1605      53544154 
 1605      455F434C 
 1606              	.LASF30:
 1607 0125 63795F73 		.ascii	"cy_stc_rtc_dst_format_t\000"
 1607      74635F72 
 1607      74635F64 
 1607      73745F66 
 1607      6F726D61 
 1608              	.LASF44:
 1609 013d 63795F73 		.ascii	"cy_stc_scb_spi_context_t\000"
 1609      74635F73 
ARM GAS  C:\Users\kateb\AppData\Local\Temp\ccQXkXQ0.s 			page 33


 1609      63625F73 
 1609      70695F63 
 1609      6F6E7465 
 1610              	.LASF65:
 1611 0156 72616E67 		.ascii	"rangeThres\000"
 1611      65546872 
 1611      657300
 1612              	.LASF117:
 1613 0161 474E5520 		.ascii	"GNU C11 5.4.1 20160609 (release) [ARM/embedded-5-br"
 1613      43313120 
 1613      352E342E 
 1613      31203230 
 1613      31363036 
 1614 0194 616E6368 		.ascii	"anch revision 237715] -mcpu=cortex-m4 -mfloat-abi=s"
 1614      20726576 
 1614      6973696F 
 1614      6E203233 
 1614      37373135 
 1615 01c7 6F667466 		.ascii	"oftfp -mfpu=fpv4-sp-d16 -mthumb -g -Og -ffunction-s"
 1615      70202D6D 
 1615      6670753D 
 1615      66707634 
 1615      2D73702D 
 1616 01fa 65637469 		.ascii	"ections -ffat-lto-objects\000"
 1616      6F6E7320 
 1616      2D666661 
 1616      742D6C74 
 1616      6F2D6F62 
 1617              	.LASF80:
 1618 0214 43595F42 		.ascii	"CY_BLE_ADV_STATE_STOPPED\000"
 1618      4C455F41 
 1618      44565F53 
 1618      54415445 
 1618      5F53544F 
 1619              	.LASF7:
 1620 022d 5F5F7569 		.ascii	"__uint32_t\000"
 1620      6E743332 
 1620      5F7400
 1621              	.LASF48:
 1622 0238 74785374 		.ascii	"txStatus\000"
 1622      61747573 
 1622      00
 1623              	.LASF60:
 1624 0241 63795F65 		.ascii	"cy_en_sar_range_detect_condition_t\000"
 1624      6E5F7361 
 1624      725F7261 
 1624      6E67655F 
 1624      64657465 
 1625              	.LASF102:
 1626 0264 6E436861 		.ascii	"nChars\000"
 1626      727300
 1627              	.LASF86:
 1628 026b 43595F42 		.ascii	"CY_BLE_CONN_STATE_CLIENT_DISCONNECTED_DISCOVERED\000"
 1628      4C455F43 
 1628      4F4E4E5F 
 1628      53544154 
 1628      455F434C 
ARM GAS  C:\Users\kateb\AppData\Local\Temp\ccQXkXQ0.s 			page 34


 1629              	.LASF90:
 1630 029c 43595F42 		.ascii	"CY_BLE_CONN_STATE_CLIENT_CHAR_DISCOVERING\000"
 1630      4C455F43 
 1630      4F4E4E5F 
 1630      53544154 
 1630      455F434C 
 1631              	.LASF109:
 1632 02c6 44454255 		.ascii	"DEBUG_UART_context\000"
 1632      475F5541 
 1632      52545F63 
 1632      6F6E7465 
 1632      787400
 1633              	.LASF104:
 1634 02d9 63795F52 		.ascii	"cy_RTC_daysInMonthTbl\000"
 1634      54435F64 
 1634      61797349 
 1634      6E4D6F6E 
 1634      74685462 
 1635              	.LASF27:
 1636 02ef 7765656B 		.ascii	"weekOfMonth\000"
 1636      4F664D6F 
 1636      6E746800 
 1637              	.LASF108:
 1638 02fb 63795F62 		.ascii	"cy_ble_pendingFlashWrite\000"
 1638      6C655F70 
 1638      656E6469 
 1638      6E67466C 
 1638      61736857 
 1639              	.LASF66:
 1640 0314 72616E67 		.ascii	"rangeCond\000"
 1640      65436F6E 
 1640      6400
 1641              	.LASF15:
 1642 031e 75696E74 		.ascii	"uint8_t\000"
 1642      385F7400 
 1643              	.LASF105:
 1644 0326 63795F62 		.ascii	"cy_ble_advState\000"
 1644      6C655F61 
 1644      64765374 
 1644      61746500 
 1645              	.LASF98:
 1646 0336 636C6B44 		.ascii	"clkDivider\000"
 1646      69766964 
 1646      657200
 1647              	.LASF99:
 1648 0341 4144435F 		.ascii	"ADC_CONFIG_STRUCT\000"
 1648      434F4E46 
 1648      49475F53 
 1648      54525543 
 1648      5400
 1649              	.LASF34:
 1650 0353 63795F63 		.ascii	"cy_cb_scb_spi_handle_events_t\000"
 1650      625F7363 
 1650      625F7370 
 1650      695F6861 
 1650      6E646C65 
 1651              	.LASF52:
ARM GAS  C:\Users\kateb\AppData\Local\Temp\ccQXkXQ0.s 			page 35


 1652 0371 72785269 		.ascii	"rxRingBufHead\000"
 1652      6E674275 
 1652      66486561 
 1652      6400
 1653              	.LASF85:
 1654 037f 43595F42 		.ascii	"CY_BLE_CONN_STATE_DISCONNECTED\000"
 1654      4C455F43 
 1654      4F4E4E5F 
 1654      53544154 
 1654      455F4449 
 1655              	.LASF100:
 1656 039e 5F777269 		.ascii	"_write\000"
 1656      746500
 1657              	.LASF77:
 1658 03a5 62644861 		.ascii	"bdHandle\000"
 1658      6E646C65 
 1658      00
 1659              	.LASF74:
 1660 03ae 636F6E66 		.ascii	"configRouting\000"
 1660      6967526F 
 1660      7574696E 
 1660      6700
 1661              	.LASF18:
 1662 03bc 666C6F61 		.ascii	"float\000"
 1662      7400
 1663              	.LASF39:
 1664 03c2 74784275 		.ascii	"txBuf\000"
 1664      6600
 1665              	.LASF56:
 1666 03c8 43595F53 		.ascii	"CY_SAR_RANGE_COND_BELOW\000"
 1666      41525F52 
 1666      414E4745 
 1666      5F434F4E 
 1666      445F4245 
 1667              	.LASF24:
 1668 03e0 666F726D 		.ascii	"format\000"
 1668      617400
 1669              	.LASF68:
 1670 03e7 6368616E 		.ascii	"chanConfig\000"
 1670      436F6E66 
 1670      696700
 1671              	.LASF106:
 1672 03f2 63795F62 		.ascii	"cy_ble_connHandle\000"
 1672      6C655F63 
 1672      6F6E6E48 
 1672      616E646C 
 1672      6500
 1673              	.LASF110:
 1674 0404 5254435F 		.ascii	"RTC_rtcDstStatus\000"
 1674      72746344 
 1674      73745374 
 1674      61747573 
 1674      00
 1675              	.LASF43:
 1676 0415 696E6974 		.ascii	"initKey\000"
 1676      4B657900 
 1677              	.LASF40:
ARM GAS  C:\Users\kateb\AppData\Local\Temp\ccQXkXQ0.s 			page 36


 1678 041d 74784275 		.ascii	"txBufSize\000"
 1678      6653697A 
 1678      6500
 1679              	.LASF115:
 1680 0427 53544449 		.ascii	"STDIO_PutChar\000"
 1680      4F5F5075 
 1680      74436861 
 1680      7200
 1681              	.LASF41:
 1682 0435 74784275 		.ascii	"txBufIdx\000"
 1682      66496478 
 1682      00
 1683              	.LASF4:
 1684 043e 5F5F7569 		.ascii	"__uint8_t\000"
 1684      6E74385F 
 1684      7400
 1685              	.LASF92:
 1686 0448 43595F42 		.ascii	"CY_BLE_CONN_STATE_CLIENT_DISCOVERED\000"
 1686      4C455F43 
 1686      4F4E4E5F 
 1686      53544154 
 1686      455F434C 
 1687              	.LASF38:
 1688 046c 72784275 		.ascii	"rxBufIdx\000"
 1688      66496478 
 1688      00
 1689              	.LASF29:
 1690 0475 6D6F6E74 		.ascii	"month\000"
 1690      6800
 1691              	.LASF25:
 1692 047b 686F7572 		.ascii	"hour\000"
 1692      00
 1693              	.LASF12:
 1694 0480 6C6F6E67 		.ascii	"long double\000"
 1694      20646F75 
 1694      626C6500 
 1695              	.LASF91:
 1696 048c 43595F42 		.ascii	"CY_BLE_CONN_STATE_CLIENT_DESCR_DISCOVERING\000"
 1696      4C455F43 
 1696      4F4E4E5F 
 1696      53544154 
 1696      455F434C 
 1697              	.LASF49:
 1698 04b7 72785374 		.ascii	"rxStatus\000"
 1698      61747573 
 1698      00
 1699              	.LASF1:
 1700 04c0 756E7369 		.ascii	"unsigned char\000"
 1700      676E6564 
 1700      20636861 
 1700      7200
 1701              	.LASF50:
 1702 04ce 72785269 		.ascii	"rxRingBuf\000"
 1702      6E674275 
 1702      6600
 1703              	.LASF83:
 1704 04d8 43595F42 		.ascii	"CY_BLE_ADV_STATE_STOP_INITIATED\000"
ARM GAS  C:\Users\kateb\AppData\Local\Temp\ccQXkXQ0.s 			page 37


 1704      4C455F41 
 1704      44565F53 
 1704      54415445 
 1704      5F53544F 
 1705              	.LASF112:
 1706 04f8 43595F45 		.ascii	"CY_EINK_SPIM_context\000"
 1706      494E4B5F 
 1706      5350494D 
 1706      5F636F6E 
 1706      74657874 
 1707              	.LASF0:
 1708 050d 7369676E 		.ascii	"signed char\000"
 1708      65642063 
 1708      68617200 
 1709              	.LASF10:
 1710 0519 6C6F6E67 		.ascii	"long long unsigned int\000"
 1710      206C6F6E 
 1710      6720756E 
 1710      7369676E 
 1710      65642069 
 1711              	.LASF17:
 1712 0530 75696E74 		.ascii	"uint32_t\000"
 1712      33325F74 
 1712      00
 1713              	.LASF11:
 1714 0539 756E7369 		.ascii	"unsigned int\000"
 1714      676E6564 
 1714      20696E74 
 1714      00
 1715              	.LASF73:
 1716 0546 6D757853 		.ascii	"muxSwitchSqCtrl\000"
 1716      77697463 
 1716      68537143 
 1716      74726C00 
 1717              	.LASF78:
 1718 0556 61747449 		.ascii	"attId\000"
 1718      6400
 1719              	.LASF35:
 1720 055c 73746174 		.ascii	"status\000"
 1720      757300
 1721              	.LASF3:
 1722 0563 73686F72 		.ascii	"short unsigned int\000"
 1722      7420756E 
 1722      7369676E 
 1722      65642069 
 1722      6E7400
 1723              	.LASF36:
 1724 0576 72784275 		.ascii	"rxBuf\000"
 1724      6600
 1725              	.LASF97:
 1726 057c 6D697363 		.ascii	"miscConfig\000"
 1726      436F6E66 
 1726      696700
 1727              	.LASF14:
 1728 0587 63686172 		.ascii	"char\000"
 1728      00
 1729              	.LASF72:
ARM GAS  C:\Users\kateb\AppData\Local\Temp\ccQXkXQ0.s 			page 38


 1730 058c 6D757853 		.ascii	"muxSwitch\000"
 1730      77697463 
 1730      6800
 1731              	.LASF42:
 1732 0596 63624576 		.ascii	"cbEvents\000"
 1732      656E7473 
 1732      00
 1733              	.LASF58:
 1734 059f 43595F53 		.ascii	"CY_SAR_RANGE_COND_ABOVE\000"
 1734      41525F52 
 1734      414E4745 
 1734      5F434F4E 
 1734      445F4142 
 1735              	.LASF16:
 1736 05b7 696E7433 		.ascii	"int32_t\000"
 1736      325F7400 
 1737              	.LASF28:
 1738 05bf 6461794F 		.ascii	"dayOfWeek\000"
 1738      66576565 
 1738      6B00
 1739              	.LASF89:
 1740 05c9 43595F42 		.ascii	"CY_BLE_CONN_STATE_CLIENT_INCL_DISCOVERING\000"
 1740      4C455F43 
 1740      4F4E4E5F 
 1740      53544154 
 1740      455F434C 
 1741              	.LASF114:
 1742 05f3 4144435F 		.ascii	"ADC_allConfigs\000"
 1742      616C6C43 
 1742      6F6E6669 
 1742      677300
 1743              	.LASF20:
 1744 0602 5F426F6F 		.ascii	"_Bool\000"
 1744      6C00
 1745              	.LASF96:
 1746 0608 6877436F 		.ascii	"hwConfigStc\000"
 1746      6E666967 
 1746      53746300 
 1747              	.LASF119:
 1748 0614 433A5C55 		.ascii	"C:\\Users\\kateb\\Documents\\PSoC Creator\\CE218136"
 1748      73657273 
 1748      5C6B6174 
 1748      65625C44 
 1748      6F63756D 
 1749 0642 5F45494E 		.ascii	"_EINK_CapSense_RTOS02\\CE222604_RTC_CTS_RTOS01.cyds"
 1749      4B5F4361 
 1749      7053656E 
 1749      73655F52 
 1749      544F5330 
 1750 0674 6E00     		.ascii	"n\000"
 1751              	.LASF107:
 1752 0676 63795F62 		.ascii	"cy_ble_connState\000"
 1752      6C655F63 
 1752      6F6E6E53 
 1752      74617465 
 1752      00
 1753              	.LASF21:
ARM GAS  C:\Users\kateb\AppData\Local\Temp\ccQXkXQ0.s 			page 39


 1754 0687 43595F52 		.ascii	"CY_RTC_DST_RELATIVE\000"
 1754      54435F44 
 1754      53545F52 
 1754      454C4154 
 1754      49564500 
 1755              	.LASF81:
 1756 069b 43595F42 		.ascii	"CY_BLE_ADV_STATE_ADV_INITIATED\000"
 1756      4C455F41 
 1756      44565F53 
 1756      54415445 
 1756      5F414456 
 1757              	.LASF111:
 1758 06ba 5254435F 		.ascii	"RTC_dstConfig\000"
 1758      64737443 
 1758      6F6E6669 
 1758      6700
 1759              	.LASF8:
 1760 06c8 6C6F6E67 		.ascii	"long unsigned int\000"
 1760      20756E73 
 1760      69676E65 
 1760      6420696E 
 1760      7400
 1761              	.LASF19:
 1762 06da 646F7562 		.ascii	"double\000"
 1762      6C6500
 1763              	.LASF46:
 1764 06e1 63795F73 		.ascii	"cy_stc_scb_spi_context\000"
 1764      74635F73 
 1764      63625F73 
 1764      70695F63 
 1764      6F6E7465 
 1765              	.LASF101:
 1766 06f8 5F726561 		.ascii	"_read\000"
 1766      6400
 1767              	.LASF22:
 1768 06fe 43595F52 		.ascii	"CY_RTC_DST_FIXED\000"
 1768      54435F44 
 1768      53545F46 
 1768      49584544 
 1768      00
 1769              	.LASF9:
 1770 070f 6C6F6E67 		.ascii	"long long int\000"
 1770      206C6F6E 
 1770      6720696E 
 1770      7400
 1771              	.LASF51:
 1772 071d 72785269 		.ascii	"rxRingBufSize\000"
 1772      6E674275 
 1772      6653697A 
 1772      6500
 1773              	.LASF5:
 1774 072b 5F5F696E 		.ascii	"__int32_t\000"
 1774      7433325F 
 1774      7400
 1775              	.LASF57:
 1776 0735 43595F53 		.ascii	"CY_SAR_RANGE_COND_INSIDE\000"
 1776      41525F52 
ARM GAS  C:\Users\kateb\AppData\Local\Temp\ccQXkXQ0.s 			page 40


 1776      414E4745 
 1776      5F434F4E 
 1776      445F494E 
 1777              	.LASF54:
 1778 074e 74784C65 		.ascii	"txLeftToTransmit\000"
 1778      6674546F 
 1778      5472616E 
 1778      736D6974 
 1778      00
 1779              	.LASF63:
 1780 075f 73616D70 		.ascii	"sampleTime01\000"
 1780      6C655469 
 1780      6D653031 
 1780      00
 1781              	.LASF32:
 1782 076c 73746F70 		.ascii	"stopDst\000"
 1782      44737400 
 1783              	.LASF76:
 1784 0774 63795F73 		.ascii	"cy_stc_sar_config_t\000"
 1784      74635F73 
 1784      61725F63 
 1784      6F6E6669 
 1784      675F7400 
 1785              	.LASF55:
 1786 0788 63795F73 		.ascii	"cy_stc_scb_uart_context_t\000"
 1786      74635F73 
 1786      63625F75 
 1786      6172745F 
 1786      636F6E74 
 1787              	.LASF84:
 1788 07a2 63795F65 		.ascii	"cy_en_ble_adv_state_t\000"
 1788      6E5F626C 
 1788      655F6164 
 1788      765F7374 
 1788      6174655F 
 1789              	.LASF87:
 1790 07b8 43595F42 		.ascii	"CY_BLE_CONN_STATE_CONNECTED\000"
 1790      4C455F43 
 1790      4F4E4E5F 
 1790      53544154 
 1790      455F434F 
 1791              	.LASF67:
 1792 07d4 6368616E 		.ascii	"chanEn\000"
 1792      456E00
 1793              	.LASF75:
 1794 07db 76726566 		.ascii	"vrefMvValue\000"
 1794      4D765661 
 1794      6C756500 
 1795              	.LASF93:
 1796 07e7 63795F65 		.ascii	"cy_en_ble_conn_state_t\000"
 1796      6E5F626C 
 1796      655F636F 
 1796      6E6E5F73 
 1796      74617465 
 1797              	.LASF64:
 1798 07fe 73616D70 		.ascii	"sampleTime23\000"
 1798      6C655469 
ARM GAS  C:\Users\kateb\AppData\Local\Temp\ccQXkXQ0.s 			page 41


 1798      6D653233 
 1798      00
 1799              	.LASF79:
 1800 080b 63795F73 		.ascii	"cy_stc_ble_conn_handle_t\000"
 1800      74635F62 
 1800      6C655F63 
 1800      6F6E6E5F 
 1800      68616E64 
 1801              	.LASF6:
 1802 0824 6C6F6E67 		.ascii	"long int\000"
 1802      20696E74 
 1802      00
 1803              	.LASF103:
 1804 082d 49544D5F 		.ascii	"ITM_RxBuffer\000"
 1804      52784275 
 1804      66666572 
 1804      00
 1805              	.LASF82:
 1806 083a 43595F42 		.ascii	"CY_BLE_ADV_STATE_ADVERTISING\000"
 1806      4C455F41 
 1806      44565F53 
 1806      54415445 
 1806      5F414456 
 1807              	.LASF118:
 1808 0857 47656E65 		.ascii	"Generated_Source\\PSoC6\\pdl\\utilities\\retarget_i"
 1808      72617465 
 1808      645F536F 
 1808      75726365 
 1808      5C50536F 
 1809 0886 6F5C7265 		.ascii	"o\\retarget.c\000"
 1809      74617267 
 1809      65742E63 
 1809      00
 1810              	.LASF61:
 1811 0893 6374726C 		.ascii	"ctrl\000"
 1811      00
 1812              	.LASF69:
 1813 0898 696E7472 		.ascii	"intrMask\000"
 1813      4D61736B 
 1813      00
 1814              	.LASF71:
 1815 08a1 72616E67 		.ascii	"rangeIntrMask\000"
 1815      65496E74 
 1815      724D6173 
 1815      6B00
 1816              	.LASF94:
 1817 08af 6368616E 		.ascii	"channelBase\000"
 1817      6E656C42 
 1817      61736500 
 1818              		.ident	"GCC: (GNU Tools for ARM Embedded Processors) 5.4.1 20160609 (release) [ARM/embedded-5-bran
