ARM GAS  C:\Users\kateb\AppData\Local\Temp\cc5HHN4j.s 			page 1


   1              		.syntax unified
   2              		.cpu cortex-m4
   3              		.eabi_attribute 27, 1
   4              		.fpu fpv4-sp-d16
   5              		.eabi_attribute 20, 1
   6              		.eabi_attribute 21, 1
   7              		.eabi_attribute 23, 3
   8              		.eabi_attribute 24, 1
   9              		.eabi_attribute 25, 1
  10              		.eabi_attribute 26, 1
  11              		.eabi_attribute 30, 1
  12              		.eabi_attribute 34, 1
  13              		.eabi_attribute 18, 4
  14              		.thumb
  15              		.syntax unified
  16              		.file	"uart_debug.c"
  17              		.text
  18              	.Ltext0:
  19              		.cfi_sections	.debug_frame
  20              	.Letext0:
  21              		.file 1 "c:\\program files (x86)\\cypress\\psoc creator\\4.2\\psoc creator\\import\\gnu\\arm\\5.4.
  22              		.file 2 "c:\\program files (x86)\\cypress\\psoc creator\\4.2\\psoc creator\\import\\gnu\\arm\\5.4.
  23              		.file 3 "Generated_Source\\PSoC6\\pdl\\drivers/peripheral/rtc/cy_rtc.h"
  24              		.file 4 "Generated_Source\\PSoC6\\pdl\\drivers/peripheral/scb/cy_scb_spi.h"
  25              		.file 5 "Generated_Source\\PSoC6\\pdl\\drivers/peripheral/scb/cy_scb_uart.h"
  26              		.file 6 "Generated_Source\\PSoC6\\pdl\\drivers/peripheral/sar/cy_sar.h"
  27              		.file 7 "Generated_Source\\PSoC6\\pdl\\middleware/ble/cy_ble_stack_host_main.h"
  28              		.file 8 "Generated_Source\\PSoC6\\pdl\\middleware/ble/cy_ble_gap.h"
  29              		.file 9 "Generated_Source\\PSoC6/ADC.h"
  30              		.file 10 "Generated_Source\\PSoC6\\pdl\\cmsis/include/core_cm4.h"
  31              		.file 11 "Generated_Source\\PSoC6/DEBUG_UART.h"
  32              		.file 12 "Generated_Source\\PSoC6/RTC.h"
  33              		.file 13 "Generated_Source\\PSoC6/CY_EINK_SPIM.h"
  34              		.section	.debug_info,"",%progbits
  35              	.Ldebug_info0:
  36 0000 1D060000 		.4byte	0x61d
  37 0004 0400     		.2byte	0x4
  38 0006 00000000 		.4byte	.Ldebug_abbrev0
  39 000a 04       		.byte	0x4
  40 000b 01       		.uleb128 0x1
  41 000c 60010000 		.4byte	.LASF112
  42 0010 0C       		.byte	0xc
  43 0011 F2040000 		.4byte	.LASF113
  44 0015 DC050000 		.4byte	.LASF114
  45 0019 00000000 		.4byte	.Ldebug_line0
  46 001d 02       		.uleb128 0x2
  47 001e 02       		.byte	0x2
  48 001f 05       		.byte	0x5
  49 0020 B8000000 		.4byte	.LASF0
  50 0024 02       		.uleb128 0x2
  51 0025 01       		.byte	0x1
  52 0026 06       		.byte	0x6
  53 0027 FF040000 		.4byte	.LASF1
  54 002b 03       		.uleb128 0x3
  55 002c 23040000 		.4byte	.LASF4
  56 0030 01       		.byte	0x1
  57 0031 1D       		.byte	0x1d
ARM GAS  C:\Users\kateb\AppData\Local\Temp\cc5HHN4j.s 			page 2


  58 0032 36000000 		.4byte	0x36
  59 0036 02       		.uleb128 0x2
  60 0037 01       		.byte	0x1
  61 0038 08       		.byte	0x8
  62 0039 A5040000 		.4byte	.LASF2
  63 003d 02       		.uleb128 0x2
  64 003e 02       		.byte	0x2
  65 003f 07       		.byte	0x7
  66 0040 55050000 		.4byte	.LASF3
  67 0044 03       		.uleb128 0x3
  68 0045 F6060000 		.4byte	.LASF5
  69 0049 01       		.byte	0x1
  70 004a 3F       		.byte	0x3f
  71 004b 4F000000 		.4byte	0x4f
  72 004f 02       		.uleb128 0x2
  73 0050 04       		.byte	0x4
  74 0051 05       		.byte	0x5
  75 0052 01080000 		.4byte	.LASF6
  76 0056 03       		.uleb128 0x3
  77 0057 2C020000 		.4byte	.LASF7
  78 005b 01       		.byte	0x1
  79 005c 41       		.byte	0x41
  80 005d 61000000 		.4byte	0x61
  81 0061 02       		.uleb128 0x2
  82 0062 04       		.byte	0x4
  83 0063 07       		.byte	0x7
  84 0064 90060000 		.4byte	.LASF8
  85 0068 02       		.uleb128 0x2
  86 0069 08       		.byte	0x8
  87 006a 05       		.byte	0x5
  88 006b DA060000 		.4byte	.LASF9
  89 006f 02       		.uleb128 0x2
  90 0070 08       		.byte	0x8
  91 0071 07       		.byte	0x7
  92 0072 0B050000 		.4byte	.LASF10
  93 0076 04       		.uleb128 0x4
  94 0077 04       		.byte	0x4
  95 0078 05       		.byte	0x5
  96 0079 696E7400 		.ascii	"int\000"
  97 007d 02       		.uleb128 0x2
  98 007e 04       		.byte	0x4
  99 007f 07       		.byte	0x7
 100 0080 2B050000 		.4byte	.LASF11
 101 0084 03       		.uleb128 0x3
 102 0085 16030000 		.4byte	.LASF12
 103 0089 02       		.byte	0x2
 104 008a 18       		.byte	0x18
 105 008b 2B000000 		.4byte	0x2b
 106 008f 03       		.uleb128 0x3
 107 0090 A9050000 		.4byte	.LASF13
 108 0094 02       		.byte	0x2
 109 0095 2C       		.byte	0x2c
 110 0096 44000000 		.4byte	0x44
 111 009a 03       		.uleb128 0x3
 112 009b 22050000 		.4byte	.LASF14
 113 009f 02       		.byte	0x2
 114 00a0 30       		.byte	0x30
ARM GAS  C:\Users\kateb\AppData\Local\Temp\cc5HHN4j.s 			page 3


 115 00a1 56000000 		.4byte	0x56
 116 00a5 02       		.uleb128 0x2
 117 00a6 04       		.byte	0x4
 118 00a7 07       		.byte	0x7
 119 00a8 C2000000 		.4byte	.LASF15
 120 00ac 05       		.uleb128 0x5
 121 00ad 9A000000 		.4byte	0x9a
 122 00b1 02       		.uleb128 0x2
 123 00b2 08       		.byte	0x8
 124 00b3 04       		.byte	0x4
 125 00b4 65040000 		.4byte	.LASF16
 126 00b8 02       		.uleb128 0x2
 127 00b9 01       		.byte	0x1
 128 00ba 08       		.byte	0x8
 129 00bb 79050000 		.4byte	.LASF17
 130 00bf 02       		.uleb128 0x2
 131 00c0 04       		.byte	0x4
 132 00c1 04       		.byte	0x4
 133 00c2 AD030000 		.4byte	.LASF18
 134 00c6 02       		.uleb128 0x2
 135 00c7 08       		.byte	0x8
 136 00c8 04       		.byte	0x4
 137 00c9 A2060000 		.4byte	.LASF19
 138 00cd 06       		.uleb128 0x6
 139 00ce 04       		.byte	0x4
 140 00cf 02       		.uleb128 0x2
 141 00d0 01       		.byte	0x1
 142 00d1 02       		.byte	0x2
 143 00d2 CA050000 		.4byte	.LASF20
 144 00d6 07       		.uleb128 0x7
 145 00d7 01       		.byte	0x1
 146 00d8 36000000 		.4byte	0x36
 147 00dc 03       		.byte	0x3
 148 00dd 6A01     		.2byte	0x16a
 149 00df F0000000 		.4byte	0xf0
 150 00e3 08       		.uleb128 0x8
 151 00e4 4F060000 		.4byte	.LASF21
 152 00e8 00       		.byte	0
 153 00e9 08       		.uleb128 0x8
 154 00ea C9060000 		.4byte	.LASF22
 155 00ee 01       		.byte	0x1
 156 00ef 00       		.byte	0
 157 00f0 09       		.uleb128 0x9
 158 00f1 00000000 		.4byte	.LASF23
 159 00f5 03       		.byte	0x3
 160 00f6 6D01     		.2byte	0x16d
 161 00f8 D6000000 		.4byte	0xd6
 162 00fc 0A       		.uleb128 0xa
 163 00fd 18       		.byte	0x18
 164 00fe 03       		.byte	0x3
 165 00ff CE01     		.2byte	0x1ce
 166 0101 54010000 		.4byte	0x154
 167 0105 0B       		.uleb128 0xb
 168 0106 D1030000 		.4byte	.LASF24
 169 010a 03       		.byte	0x3
 170 010b D001     		.2byte	0x1d0
 171 010d F0000000 		.4byte	0xf0
ARM GAS  C:\Users\kateb\AppData\Local\Temp\cc5HHN4j.s 			page 4


 172 0111 00       		.byte	0
 173 0112 0B       		.uleb128 0xb
 174 0113 60040000 		.4byte	.LASF25
 175 0117 03       		.byte	0x3
 176 0118 D301     		.2byte	0x1d3
 177 011a 9A000000 		.4byte	0x9a
 178 011e 04       		.byte	0x4
 179 011f 0B       		.uleb128 0xb
 180 0120 5D000000 		.4byte	.LASF26
 181 0124 03       		.byte	0x3
 182 0125 D501     		.2byte	0x1d5
 183 0127 9A000000 		.4byte	0x9a
 184 012b 08       		.byte	0x8
 185 012c 0B       		.uleb128 0xb
 186 012d E7020000 		.4byte	.LASF27
 187 0131 03       		.byte	0x3
 188 0132 D801     		.2byte	0x1d8
 189 0134 9A000000 		.4byte	0x9a
 190 0138 0C       		.byte	0xc
 191 0139 0B       		.uleb128 0xb
 192 013a B1050000 		.4byte	.LASF28
 193 013e 03       		.byte	0x3
 194 013f DC01     		.2byte	0x1dc
 195 0141 9A000000 		.4byte	0x9a
 196 0145 10       		.byte	0x10
 197 0146 0B       		.uleb128 0xb
 198 0147 5A040000 		.4byte	.LASF29
 199 014b 03       		.byte	0x3
 200 014c E001     		.2byte	0x1e0
 201 014e 9A000000 		.4byte	0x9a
 202 0152 14       		.byte	0x14
 203 0153 00       		.byte	0
 204 0154 09       		.uleb128 0x9
 205 0155 24010000 		.4byte	.LASF30
 206 0159 03       		.byte	0x3
 207 015a E201     		.2byte	0x1e2
 208 015c FC000000 		.4byte	0xfc
 209 0160 0A       		.uleb128 0xa
 210 0161 30       		.byte	0x30
 211 0162 03       		.byte	0x3
 212 0163 E501     		.2byte	0x1e5
 213 0165 84010000 		.4byte	0x184
 214 0169 0B       		.uleb128 0xb
 215 016a C0060000 		.4byte	.LASF31
 216 016e 03       		.byte	0x3
 217 016f E701     		.2byte	0x1e7
 218 0171 54010000 		.4byte	0x154
 219 0175 00       		.byte	0
 220 0176 0B       		.uleb128 0xb
 221 0177 54070000 		.4byte	.LASF32
 222 017b 03       		.byte	0x3
 223 017c E801     		.2byte	0x1e8
 224 017e 54010000 		.4byte	0x154
 225 0182 18       		.byte	0x18
 226 0183 00       		.byte	0
 227 0184 09       		.uleb128 0x9
 228 0185 68000000 		.4byte	.LASF33
ARM GAS  C:\Users\kateb\AppData\Local\Temp\cc5HHN4j.s 			page 5


 229 0189 03       		.byte	0x3
 230 018a E901     		.2byte	0x1e9
 231 018c 60010000 		.4byte	0x160
 232 0190 0C       		.uleb128 0xc
 233 0191 04       		.byte	0x4
 234 0192 96010000 		.4byte	0x196
 235 0196 0D       		.uleb128 0xd
 236 0197 A1010000 		.4byte	0x1a1
 237 019b 0E       		.uleb128 0xe
 238 019c 9A000000 		.4byte	0x9a
 239 01a0 00       		.byte	0
 240 01a1 09       		.uleb128 0x9
 241 01a2 4B030000 		.4byte	.LASF34
 242 01a6 04       		.byte	0x4
 243 01a7 BF01     		.2byte	0x1bf
 244 01a9 90010000 		.4byte	0x190
 245 01ad 0F       		.uleb128 0xf
 246 01ae A9060000 		.4byte	.LASF46
 247 01b2 24       		.byte	0x24
 248 01b3 04       		.byte	0x4
 249 01b4 4102     		.2byte	0x241
 250 01b6 30020000 		.4byte	0x230
 251 01ba 0B       		.uleb128 0xb
 252 01bb 4E050000 		.4byte	.LASF35
 253 01bf 04       		.byte	0x4
 254 01c0 4402     		.2byte	0x244
 255 01c2 AC000000 		.4byte	0xac
 256 01c6 00       		.byte	0
 257 01c7 0B       		.uleb128 0xb
 258 01c8 68050000 		.4byte	.LASF36
 259 01cc 04       		.byte	0x4
 260 01cd 4602     		.2byte	0x246
 261 01cf CD000000 		.4byte	0xcd
 262 01d3 04       		.byte	0x4
 263 01d4 0B       		.uleb128 0xb
 264 01d5 79000000 		.4byte	.LASF37
 265 01d9 04       		.byte	0x4
 266 01da 4702     		.2byte	0x247
 267 01dc 9A000000 		.4byte	0x9a
 268 01e0 08       		.byte	0x8
 269 01e1 0B       		.uleb128 0xb
 270 01e2 51040000 		.4byte	.LASF38
 271 01e6 04       		.byte	0x4
 272 01e7 4802     		.2byte	0x248
 273 01e9 AC000000 		.4byte	0xac
 274 01ed 0C       		.byte	0xc
 275 01ee 0B       		.uleb128 0xb
 276 01ef B3030000 		.4byte	.LASF39
 277 01f3 04       		.byte	0x4
 278 01f4 4A02     		.2byte	0x24a
 279 01f6 CD000000 		.4byte	0xcd
 280 01fa 10       		.byte	0x10
 281 01fb 0B       		.uleb128 0xb
 282 01fc 03040000 		.4byte	.LASF40
 283 0200 04       		.byte	0x4
 284 0201 4B02     		.2byte	0x24b
 285 0203 9A000000 		.4byte	0x9a
ARM GAS  C:\Users\kateb\AppData\Local\Temp\cc5HHN4j.s 			page 6


 286 0207 14       		.byte	0x14
 287 0208 0B       		.uleb128 0xb
 288 0209 1A040000 		.4byte	.LASF41
 289 020d 04       		.byte	0x4
 290 020e 4C02     		.2byte	0x24c
 291 0210 AC000000 		.4byte	0xac
 292 0214 18       		.byte	0x18
 293 0215 0B       		.uleb128 0xb
 294 0216 88050000 		.4byte	.LASF42
 295 021a 04       		.byte	0x4
 296 021b 5202     		.2byte	0x252
 297 021d A1010000 		.4byte	0x1a1
 298 0221 1C       		.byte	0x1c
 299 0222 0B       		.uleb128 0xb
 300 0223 FB030000 		.4byte	.LASF43
 301 0227 04       		.byte	0x4
 302 0228 5502     		.2byte	0x255
 303 022a 9A000000 		.4byte	0x9a
 304 022e 20       		.byte	0x20
 305 022f 00       		.byte	0
 306 0230 09       		.uleb128 0x9
 307 0231 3C010000 		.4byte	.LASF44
 308 0235 04       		.byte	0x4
 309 0236 5802     		.2byte	0x258
 310 0238 AD010000 		.4byte	0x1ad
 311 023c 09       		.uleb128 0x9
 312 023d 83000000 		.4byte	.LASF45
 313 0241 05       		.byte	0x5
 314 0242 AB01     		.2byte	0x1ab
 315 0244 90010000 		.4byte	0x190
 316 0248 0F       		.uleb128 0xf
 317 0249 E2000000 		.4byte	.LASF47
 318 024d 38       		.byte	0x38
 319 024e 05       		.byte	0x5
 320 024f 4702     		.2byte	0x247
 321 0251 0C030000 		.4byte	0x30c
 322 0255 0B       		.uleb128 0xb
 323 0256 37020000 		.4byte	.LASF48
 324 025a 05       		.byte	0x5
 325 025b 4A02     		.2byte	0x24a
 326 025d AC000000 		.4byte	0xac
 327 0261 00       		.byte	0
 328 0262 0B       		.uleb128 0xb
 329 0263 9C040000 		.4byte	.LASF49
 330 0267 05       		.byte	0x5
 331 0268 4B02     		.2byte	0x24b
 332 026a AC000000 		.4byte	0xac
 333 026e 04       		.byte	0x4
 334 026f 0B       		.uleb128 0xb
 335 0270 B3040000 		.4byte	.LASF50
 336 0274 05       		.byte	0x5
 337 0275 4D02     		.2byte	0x24d
 338 0277 CD000000 		.4byte	0xcd
 339 027b 08       		.byte	0x8
 340 027c 0B       		.uleb128 0xb
 341 027d E8060000 		.4byte	.LASF51
 342 0281 05       		.byte	0x5
ARM GAS  C:\Users\kateb\AppData\Local\Temp\cc5HHN4j.s 			page 7


 343 0282 4E02     		.2byte	0x24e
 344 0284 9A000000 		.4byte	0x9a
 345 0288 0C       		.byte	0xc
 346 0289 0B       		.uleb128 0xb
 347 028a 69030000 		.4byte	.LASF52
 348 028e 05       		.byte	0x5
 349 028f 4F02     		.2byte	0x24f
 350 0291 AC000000 		.4byte	0xac
 351 0295 10       		.byte	0x10
 352 0296 0B       		.uleb128 0xb
 353 0297 4F000000 		.4byte	.LASF53
 354 029b 05       		.byte	0x5
 355 029c 5002     		.2byte	0x250
 356 029e AC000000 		.4byte	0xac
 357 02a2 14       		.byte	0x14
 358 02a3 0B       		.uleb128 0xb
 359 02a4 68050000 		.4byte	.LASF36
 360 02a8 05       		.byte	0x5
 361 02a9 5202     		.2byte	0x252
 362 02ab CD000000 		.4byte	0xcd
 363 02af 18       		.byte	0x18
 364 02b0 0B       		.uleb128 0xb
 365 02b1 79000000 		.4byte	.LASF37
 366 02b5 05       		.byte	0x5
 367 02b6 5302     		.2byte	0x253
 368 02b8 9A000000 		.4byte	0x9a
 369 02bc 1C       		.byte	0x1c
 370 02bd 0B       		.uleb128 0xb
 371 02be 51040000 		.4byte	.LASF38
 372 02c2 05       		.byte	0x5
 373 02c3 5402     		.2byte	0x254
 374 02c5 AC000000 		.4byte	0xac
 375 02c9 20       		.byte	0x20
 376 02ca 0B       		.uleb128 0xb
 377 02cb B3030000 		.4byte	.LASF39
 378 02cf 05       		.byte	0x5
 379 02d0 5602     		.2byte	0x256
 380 02d2 CD000000 		.4byte	0xcd
 381 02d6 24       		.byte	0x24
 382 02d7 0B       		.uleb128 0xb
 383 02d8 03040000 		.4byte	.LASF40
 384 02dc 05       		.byte	0x5
 385 02dd 5702     		.2byte	0x257
 386 02df 9A000000 		.4byte	0x9a
 387 02e3 28       		.byte	0x28
 388 02e4 0B       		.uleb128 0xb
 389 02e5 19070000 		.4byte	.LASF54
 390 02e9 05       		.byte	0x5
 391 02ea 5802     		.2byte	0x258
 392 02ec AC000000 		.4byte	0xac
 393 02f0 2C       		.byte	0x2c
 394 02f1 0B       		.uleb128 0xb
 395 02f2 88050000 		.4byte	.LASF42
 396 02f6 05       		.byte	0x5
 397 02f7 5D02     		.2byte	0x25d
 398 02f9 3C020000 		.4byte	0x23c
 399 02fd 30       		.byte	0x30
ARM GAS  C:\Users\kateb\AppData\Local\Temp\cc5HHN4j.s 			page 8


 400 02fe 0B       		.uleb128 0xb
 401 02ff FB030000 		.4byte	.LASF43
 402 0303 05       		.byte	0x5
 403 0304 6002     		.2byte	0x260
 404 0306 9A000000 		.4byte	0x9a
 405 030a 34       		.byte	0x34
 406 030b 00       		.byte	0
 407 030c 09       		.uleb128 0x9
 408 030d 7B070000 		.4byte	.LASF55
 409 0311 05       		.byte	0x5
 410 0312 6302     		.2byte	0x263
 411 0314 48020000 		.4byte	0x248
 412 0318 07       		.uleb128 0x7
 413 0319 01       		.byte	0x1
 414 031a 36000000 		.4byte	0x36
 415 031e 06       		.byte	0x6
 416 031f 0504     		.2byte	0x405
 417 0321 3E030000 		.4byte	0x33e
 418 0325 08       		.uleb128 0x8
 419 0326 B9030000 		.4byte	.LASF56
 420 032a 00       		.byte	0
 421 032b 08       		.uleb128 0x8
 422 032c 00070000 		.4byte	.LASF57
 423 0330 01       		.byte	0x1
 424 0331 08       		.uleb128 0x8
 425 0332 91050000 		.4byte	.LASF58
 426 0336 02       		.byte	0x2
 427 0337 08       		.uleb128 0x8
 428 0338 29000000 		.4byte	.LASF59
 429 033c 03       		.byte	0x3
 430 033d 00       		.byte	0
 431 033e 09       		.uleb128 0x9
 432 033f 40020000 		.4byte	.LASF60
 433 0343 06       		.byte	0x6
 434 0344 0A04     		.2byte	0x40a
 435 0346 18030000 		.4byte	0x318
 436 034a 0A       		.uleb128 0xa
 437 034b 78       		.byte	0x78
 438 034c 06       		.byte	0x6
 439 034d F404     		.2byte	0x4f4
 440 034f 17040000 		.4byte	0x417
 441 0353 0B       		.uleb128 0xb
 442 0354 34080000 		.4byte	.LASF61
 443 0358 06       		.byte	0x6
 444 0359 F604     		.2byte	0x4f6
 445 035b 9A000000 		.4byte	0x9a
 446 035f 00       		.byte	0
 447 0360 0B       		.uleb128 0xb
 448 0361 D7000000 		.4byte	.LASF62
 449 0365 06       		.byte	0x6
 450 0366 F704     		.2byte	0x4f7
 451 0368 9A000000 		.4byte	0x9a
 452 036c 04       		.byte	0x4
 453 036d 0B       		.uleb128 0xb
 454 036e 0D040000 		.4byte	.LASF63
 455 0372 06       		.byte	0x6
 456 0373 F804     		.2byte	0x4f8
ARM GAS  C:\Users\kateb\AppData\Local\Temp\cc5HHN4j.s 			page 9


 457 0375 9A000000 		.4byte	0x9a
 458 0379 08       		.byte	0x8
 459 037a 0B       		.uleb128 0xb
 460 037b DB070000 		.4byte	.LASF64
 461 037f 06       		.byte	0x6
 462 0380 F904     		.2byte	0x4f9
 463 0382 9A000000 		.4byte	0x9a
 464 0386 0C       		.byte	0xc
 465 0387 0B       		.uleb128 0xb
 466 0388 55010000 		.4byte	.LASF65
 467 038c 06       		.byte	0x6
 468 038d FA04     		.2byte	0x4fa
 469 038f 9A000000 		.4byte	0x9a
 470 0393 10       		.byte	0x10
 471 0394 0B       		.uleb128 0xb
 472 0395 0C030000 		.4byte	.LASF66
 473 0399 06       		.byte	0x6
 474 039a FB04     		.2byte	0x4fb
 475 039c 3E030000 		.4byte	0x33e
 476 03a0 14       		.byte	0x14
 477 03a1 0B       		.uleb128 0xb
 478 03a2 B1070000 		.4byte	.LASF67
 479 03a6 06       		.byte	0x6
 480 03a7 FC04     		.2byte	0x4fc
 481 03a9 9A000000 		.4byte	0x9a
 482 03ad 18       		.byte	0x18
 483 03ae 0B       		.uleb128 0xb
 484 03af 5C070000 		.4byte	.LASF68
 485 03b3 06       		.byte	0x6
 486 03b4 FD04     		.2byte	0x4fd
 487 03b6 17040000 		.4byte	0x417
 488 03ba 1C       		.byte	0x1c
 489 03bb 0B       		.uleb128 0xb
 490 03bc 39080000 		.4byte	.LASF69
 491 03c0 06       		.byte	0x6
 492 03c1 FE04     		.2byte	0x4fe
 493 03c3 9A000000 		.4byte	0x9a
 494 03c7 5C       		.byte	0x5c
 495 03c8 0B       		.uleb128 0xb
 496 03c9 CB000000 		.4byte	.LASF70
 497 03cd 06       		.byte	0x6
 498 03ce FF04     		.2byte	0x4ff
 499 03d0 9A000000 		.4byte	0x9a
 500 03d4 60       		.byte	0x60
 501 03d5 0B       		.uleb128 0xb
 502 03d6 42080000 		.4byte	.LASF71
 503 03da 06       		.byte	0x6
 504 03db 0005     		.2byte	0x500
 505 03dd 9A000000 		.4byte	0x9a
 506 03e1 64       		.byte	0x64
 507 03e2 0B       		.uleb128 0xb
 508 03e3 7E050000 		.4byte	.LASF72
 509 03e7 06       		.byte	0x6
 510 03e8 0105     		.2byte	0x501
 511 03ea 9A000000 		.4byte	0x9a
 512 03ee 68       		.byte	0x68
 513 03ef 0B       		.uleb128 0xb
ARM GAS  C:\Users\kateb\AppData\Local\Temp\cc5HHN4j.s 			page 10


 514 03f0 38050000 		.4byte	.LASF73
 515 03f4 06       		.byte	0x6
 516 03f5 0205     		.2byte	0x502
 517 03f7 9A000000 		.4byte	0x9a
 518 03fb 6C       		.byte	0x6c
 519 03fc 0B       		.uleb128 0xb
 520 03fd 9F030000 		.4byte	.LASF74
 521 0401 06       		.byte	0x6
 522 0402 0305     		.2byte	0x503
 523 0404 CF000000 		.4byte	0xcf
 524 0408 70       		.byte	0x70
 525 0409 0B       		.uleb128 0xb
 526 040a B8070000 		.4byte	.LASF75
 527 040e 06       		.byte	0x6
 528 040f 0405     		.2byte	0x504
 529 0411 9A000000 		.4byte	0x9a
 530 0415 74       		.byte	0x74
 531 0416 00       		.byte	0
 532 0417 10       		.uleb128 0x10
 533 0418 9A000000 		.4byte	0x9a
 534 041c 27040000 		.4byte	0x427
 535 0420 11       		.uleb128 0x11
 536 0421 A5000000 		.4byte	0xa5
 537 0425 0F       		.byte	0xf
 538 0426 00       		.byte	0
 539 0427 09       		.uleb128 0x9
 540 0428 67070000 		.4byte	.LASF76
 541 042c 06       		.byte	0x6
 542 042d 0505     		.2byte	0x505
 543 042f 4A030000 		.4byte	0x34a
 544 0433 12       		.uleb128 0x12
 545 0434 84000000 		.4byte	0x84
 546 0438 0A       		.uleb128 0xa
 547 0439 02       		.byte	0x2
 548 043a 07       		.byte	0x7
 549 043b 5B01     		.2byte	0x15b
 550 043d 5C040000 		.4byte	0x45c
 551 0441 0B       		.uleb128 0xb
 552 0442 96030000 		.4byte	.LASF77
 553 0446 07       		.byte	0x7
 554 0447 6501     		.2byte	0x165
 555 0449 84000000 		.4byte	0x84
 556 044d 00       		.byte	0
 557 044e 0B       		.uleb128 0xb
 558 044f 48050000 		.4byte	.LASF78
 559 0453 07       		.byte	0x7
 560 0454 6901     		.2byte	0x169
 561 0456 84000000 		.4byte	0x84
 562 045a 01       		.byte	0x1
 563 045b 00       		.byte	0
 564 045c 09       		.uleb128 0x9
 565 045d E8070000 		.4byte	.LASF79
 566 0461 07       		.byte	0x7
 567 0462 6B01     		.2byte	0x16b
 568 0464 38040000 		.4byte	0x438
 569 0468 13       		.uleb128 0x13
 570 0469 01       		.byte	0x1
ARM GAS  C:\Users\kateb\AppData\Local\Temp\cc5HHN4j.s 			page 11


 571 046a 36000000 		.4byte	0x36
 572 046e 08       		.byte	0x8
 573 046f 7E       		.byte	0x7e
 574 0470 8D040000 		.4byte	0x48d
 575 0474 08       		.uleb128 0x8
 576 0475 13020000 		.4byte	.LASF80
 577 0479 00       		.byte	0
 578 047a 08       		.uleb128 0x8
 579 047b 63060000 		.4byte	.LASF81
 580 047f 01       		.byte	0x1
 581 0480 08       		.uleb128 0x8
 582 0481 17080000 		.4byte	.LASF82
 583 0485 02       		.byte	0x2
 584 0486 08       		.uleb128 0x8
 585 0487 BD040000 		.4byte	.LASF83
 586 048b 03       		.byte	0x3
 587 048c 00       		.byte	0
 588 048d 03       		.uleb128 0x3
 589 048e A2000000 		.4byte	.LASF84
 590 0492 08       		.byte	0x8
 591 0493 83       		.byte	0x83
 592 0494 68040000 		.4byte	0x468
 593 0498 13       		.uleb128 0x13
 594 0499 01       		.byte	0x1
 595 049a 36000000 		.4byte	0x36
 596 049e 08       		.byte	0x8
 597 049f 87       		.byte	0x87
 598 04a0 D5040000 		.4byte	0x4d5
 599 04a4 08       		.uleb128 0x8
 600 04a5 77030000 		.4byte	.LASF85
 601 04a9 00       		.byte	0
 602 04aa 08       		.uleb128 0x8
 603 04ab 63020000 		.4byte	.LASF86
 604 04af 01       		.byte	0x1
 605 04b0 08       		.uleb128 0x8
 606 04b1 95070000 		.4byte	.LASF87
 607 04b5 02       		.byte	0x2
 608 04b6 08       		.uleb128 0x8
 609 04b7 FA000000 		.4byte	.LASF88
 610 04bb 03       		.byte	0x3
 611 04bc 08       		.uleb128 0x8
 612 04bd 2A070000 		.4byte	.LASF89
 613 04c1 04       		.byte	0x4
 614 04c2 08       		.uleb128 0x8
 615 04c3 94020000 		.4byte	.LASF90
 616 04c7 05       		.byte	0x5
 617 04c8 08       		.uleb128 0x8
 618 04c9 71040000 		.4byte	.LASF91
 619 04cd 06       		.byte	0x6
 620 04ce 08       		.uleb128 0x8
 621 04cf 2D040000 		.4byte	.LASF92
 622 04d3 07       		.byte	0x7
 623 04d4 00       		.byte	0
 624 04d5 03       		.uleb128 0x3
 625 04d6 C4070000 		.4byte	.LASF93
 626 04da 08       		.byte	0x8
 627 04db 90       		.byte	0x90
ARM GAS  C:\Users\kateb\AppData\Local\Temp\cc5HHN4j.s 			page 12


 628 04dc 98040000 		.4byte	0x498
 629 04e0 14       		.uleb128 0x14
 630 04e1 14       		.byte	0x14
 631 04e2 09       		.byte	0x9
 632 04e3 3B       		.byte	0x3b
 633 04e4 25050000 		.4byte	0x525
 634 04e8 15       		.uleb128 0x15
 635 04e9 50080000 		.4byte	.LASF94
 636 04ed 09       		.byte	0x9
 637 04ee 3D       		.byte	0x3d
 638 04ef 9A000000 		.4byte	0x9a
 639 04f3 00       		.byte	0
 640 04f4 15       		.uleb128 0x15
 641 04f5 43000000 		.4byte	.LASF95
 642 04f9 09       		.byte	0x9
 643 04fa 3E       		.byte	0x3e
 644 04fb 9A000000 		.4byte	0x9a
 645 04ff 04       		.byte	0x4
 646 0500 15       		.uleb128 0x15
 647 0501 D0050000 		.4byte	.LASF96
 648 0505 09       		.byte	0x9
 649 0506 3F       		.byte	0x3f
 650 0507 25050000 		.4byte	0x525
 651 050b 08       		.byte	0x8
 652 050c 15       		.uleb128 0x15
 653 050d 6E050000 		.4byte	.LASF97
 654 0511 09       		.byte	0x9
 655 0512 40       		.byte	0x40
 656 0513 9A000000 		.4byte	0x9a
 657 0517 0C       		.byte	0xc
 658 0518 15       		.uleb128 0x15
 659 0519 2E030000 		.4byte	.LASF98
 660 051d 09       		.byte	0x9
 661 051e 45       		.byte	0x45
 662 051f 9A000000 		.4byte	0x9a
 663 0523 10       		.byte	0x10
 664 0524 00       		.byte	0
 665 0525 0C       		.uleb128 0xc
 666 0526 04       		.byte	0x4
 667 0527 2B050000 		.4byte	0x52b
 668 052b 12       		.uleb128 0x12
 669 052c 27040000 		.4byte	0x427
 670 0530 03       		.uleb128 0x3
 671 0531 39030000 		.4byte	.LASF99
 672 0535 09       		.byte	0x9
 673 0536 48       		.byte	0x48
 674 0537 E0040000 		.4byte	0x4e0
 675 053b 16       		.uleb128 0x16
 676 053c 0A080000 		.4byte	.LASF100
 677 0540 0A       		.byte	0xa
 678 0541 EA07     		.2byte	0x7ea
 679 0543 47050000 		.4byte	0x547
 680 0547 05       		.uleb128 0x5
 681 0548 8F000000 		.4byte	0x8f
 682 054c 10       		.uleb128 0x10
 683 054d 33040000 		.4byte	0x433
 684 0551 5C050000 		.4byte	0x55c
ARM GAS  C:\Users\kateb\AppData\Local\Temp\cc5HHN4j.s 			page 13


 685 0555 11       		.uleb128 0x11
 686 0556 A5000000 		.4byte	0xa5
 687 055a 0B       		.byte	0xb
 688 055b 00       		.byte	0
 689 055c 16       		.uleb128 0x16
 690 055d D1020000 		.4byte	.LASF101
 691 0561 03       		.byte	0x3
 692 0562 FC02     		.2byte	0x2fc
 693 0564 68050000 		.4byte	0x568
 694 0568 12       		.uleb128 0x12
 695 0569 4C050000 		.4byte	0x54c
 696 056d 16       		.uleb128 0x16
 697 056e 1E030000 		.4byte	.LASF102
 698 0572 08       		.byte	0x8
 699 0573 2202     		.2byte	0x222
 700 0575 8D040000 		.4byte	0x48d
 701 0579 10       		.uleb128 0x10
 702 057a 5C040000 		.4byte	0x45c
 703 057e 89050000 		.4byte	0x589
 704 0582 11       		.uleb128 0x11
 705 0583 A5000000 		.4byte	0xa5
 706 0587 00       		.byte	0
 707 0588 00       		.byte	0
 708 0589 16       		.uleb128 0x16
 709 058a D8030000 		.4byte	.LASF103
 710 058e 08       		.byte	0x8
 711 058f 2C02     		.2byte	0x22c
 712 0591 79050000 		.4byte	0x579
 713 0595 10       		.uleb128 0x10
 714 0596 D5040000 		.4byte	0x4d5
 715 059a A5050000 		.4byte	0x5a5
 716 059e 11       		.uleb128 0x11
 717 059f A5000000 		.4byte	0xa5
 718 05a3 00       		.byte	0
 719 05a4 00       		.byte	0
 720 05a5 16       		.uleb128 0x16
 721 05a6 3E060000 		.4byte	.LASF104
 722 05aa 08       		.byte	0x8
 723 05ab 2D02     		.2byte	0x22d
 724 05ad 95050000 		.4byte	0x595
 725 05b1 16       		.uleb128 0x16
 726 05b2 F3020000 		.4byte	.LASF105
 727 05b6 08       		.byte	0x8
 728 05b7 5202     		.2byte	0x252
 729 05b9 84000000 		.4byte	0x84
 730 05bd 17       		.uleb128 0x17
 731 05be BE020000 		.4byte	.LASF106
 732 05c2 0B       		.byte	0xb
 733 05c3 87       		.byte	0x87
 734 05c4 0C030000 		.4byte	0x30c
 735 05c8 17       		.uleb128 0x17
 736 05c9 EA030000 		.4byte	.LASF107
 737 05cd 0C       		.byte	0xc
 738 05ce 7C       		.byte	0x7c
 739 05cf CF000000 		.4byte	0xcf
 740 05d3 17       		.uleb128 0x17
 741 05d4 82060000 		.4byte	.LASF108
ARM GAS  C:\Users\kateb\AppData\Local\Temp\cc5HHN4j.s 			page 14


 742 05d8 0C       		.byte	0xc
 743 05d9 7D       		.byte	0x7d
 744 05da DE050000 		.4byte	0x5de
 745 05de 12       		.uleb128 0x12
 746 05df 84010000 		.4byte	0x184
 747 05e3 17       		.uleb128 0x17
 748 05e4 DD040000 		.4byte	.LASF109
 749 05e8 0D       		.byte	0xd
 750 05e9 5E       		.byte	0x5e
 751 05ea 30020000 		.4byte	0x230
 752 05ee 16       		.uleb128 0x16
 753 05ef 17000000 		.4byte	.LASF110
 754 05f3 09       		.byte	0x9
 755 05f4 6001     		.2byte	0x160
 756 05f6 9A000000 		.4byte	0x9a
 757 05fa 10       		.uleb128 0x10
 758 05fb 0A060000 		.4byte	0x60a
 759 05ff 0A060000 		.4byte	0x60a
 760 0603 11       		.uleb128 0x11
 761 0604 A5000000 		.4byte	0xa5
 762 0608 00       		.byte	0
 763 0609 00       		.byte	0
 764 060a 12       		.uleb128 0x12
 765 060b 30050000 		.4byte	0x530
 766 060f 16       		.uleb128 0x16
 767 0610 BB050000 		.4byte	.LASF111
 768 0614 09       		.byte	0x9
 769 0615 6401     		.2byte	0x164
 770 0617 1B060000 		.4byte	0x61b
 771 061b 12       		.uleb128 0x12
 772 061c FA050000 		.4byte	0x5fa
 773 0620 00       		.byte	0
 774              		.section	.debug_abbrev,"",%progbits
 775              	.Ldebug_abbrev0:
 776 0000 01       		.uleb128 0x1
 777 0001 11       		.uleb128 0x11
 778 0002 01       		.byte	0x1
 779 0003 25       		.uleb128 0x25
 780 0004 0E       		.uleb128 0xe
 781 0005 13       		.uleb128 0x13
 782 0006 0B       		.uleb128 0xb
 783 0007 03       		.uleb128 0x3
 784 0008 0E       		.uleb128 0xe
 785 0009 1B       		.uleb128 0x1b
 786 000a 0E       		.uleb128 0xe
 787 000b 10       		.uleb128 0x10
 788 000c 17       		.uleb128 0x17
 789 000d 00       		.byte	0
 790 000e 00       		.byte	0
 791 000f 02       		.uleb128 0x2
 792 0010 24       		.uleb128 0x24
 793 0011 00       		.byte	0
 794 0012 0B       		.uleb128 0xb
 795 0013 0B       		.uleb128 0xb
 796 0014 3E       		.uleb128 0x3e
 797 0015 0B       		.uleb128 0xb
 798 0016 03       		.uleb128 0x3
ARM GAS  C:\Users\kateb\AppData\Local\Temp\cc5HHN4j.s 			page 15


 799 0017 0E       		.uleb128 0xe
 800 0018 00       		.byte	0
 801 0019 00       		.byte	0
 802 001a 03       		.uleb128 0x3
 803 001b 16       		.uleb128 0x16
 804 001c 00       		.byte	0
 805 001d 03       		.uleb128 0x3
 806 001e 0E       		.uleb128 0xe
 807 001f 3A       		.uleb128 0x3a
 808 0020 0B       		.uleb128 0xb
 809 0021 3B       		.uleb128 0x3b
 810 0022 0B       		.uleb128 0xb
 811 0023 49       		.uleb128 0x49
 812 0024 13       		.uleb128 0x13
 813 0025 00       		.byte	0
 814 0026 00       		.byte	0
 815 0027 04       		.uleb128 0x4
 816 0028 24       		.uleb128 0x24
 817 0029 00       		.byte	0
 818 002a 0B       		.uleb128 0xb
 819 002b 0B       		.uleb128 0xb
 820 002c 3E       		.uleb128 0x3e
 821 002d 0B       		.uleb128 0xb
 822 002e 03       		.uleb128 0x3
 823 002f 08       		.uleb128 0x8
 824 0030 00       		.byte	0
 825 0031 00       		.byte	0
 826 0032 05       		.uleb128 0x5
 827 0033 35       		.uleb128 0x35
 828 0034 00       		.byte	0
 829 0035 49       		.uleb128 0x49
 830 0036 13       		.uleb128 0x13
 831 0037 00       		.byte	0
 832 0038 00       		.byte	0
 833 0039 06       		.uleb128 0x6
 834 003a 0F       		.uleb128 0xf
 835 003b 00       		.byte	0
 836 003c 0B       		.uleb128 0xb
 837 003d 0B       		.uleb128 0xb
 838 003e 00       		.byte	0
 839 003f 00       		.byte	0
 840 0040 07       		.uleb128 0x7
 841 0041 04       		.uleb128 0x4
 842 0042 01       		.byte	0x1
 843 0043 0B       		.uleb128 0xb
 844 0044 0B       		.uleb128 0xb
 845 0045 49       		.uleb128 0x49
 846 0046 13       		.uleb128 0x13
 847 0047 3A       		.uleb128 0x3a
 848 0048 0B       		.uleb128 0xb
 849 0049 3B       		.uleb128 0x3b
 850 004a 05       		.uleb128 0x5
 851 004b 01       		.uleb128 0x1
 852 004c 13       		.uleb128 0x13
 853 004d 00       		.byte	0
 854 004e 00       		.byte	0
 855 004f 08       		.uleb128 0x8
ARM GAS  C:\Users\kateb\AppData\Local\Temp\cc5HHN4j.s 			page 16


 856 0050 28       		.uleb128 0x28
 857 0051 00       		.byte	0
 858 0052 03       		.uleb128 0x3
 859 0053 0E       		.uleb128 0xe
 860 0054 1C       		.uleb128 0x1c
 861 0055 0B       		.uleb128 0xb
 862 0056 00       		.byte	0
 863 0057 00       		.byte	0
 864 0058 09       		.uleb128 0x9
 865 0059 16       		.uleb128 0x16
 866 005a 00       		.byte	0
 867 005b 03       		.uleb128 0x3
 868 005c 0E       		.uleb128 0xe
 869 005d 3A       		.uleb128 0x3a
 870 005e 0B       		.uleb128 0xb
 871 005f 3B       		.uleb128 0x3b
 872 0060 05       		.uleb128 0x5
 873 0061 49       		.uleb128 0x49
 874 0062 13       		.uleb128 0x13
 875 0063 00       		.byte	0
 876 0064 00       		.byte	0
 877 0065 0A       		.uleb128 0xa
 878 0066 13       		.uleb128 0x13
 879 0067 01       		.byte	0x1
 880 0068 0B       		.uleb128 0xb
 881 0069 0B       		.uleb128 0xb
 882 006a 3A       		.uleb128 0x3a
 883 006b 0B       		.uleb128 0xb
 884 006c 3B       		.uleb128 0x3b
 885 006d 05       		.uleb128 0x5
 886 006e 01       		.uleb128 0x1
 887 006f 13       		.uleb128 0x13
 888 0070 00       		.byte	0
 889 0071 00       		.byte	0
 890 0072 0B       		.uleb128 0xb
 891 0073 0D       		.uleb128 0xd
 892 0074 00       		.byte	0
 893 0075 03       		.uleb128 0x3
 894 0076 0E       		.uleb128 0xe
 895 0077 3A       		.uleb128 0x3a
 896 0078 0B       		.uleb128 0xb
 897 0079 3B       		.uleb128 0x3b
 898 007a 05       		.uleb128 0x5
 899 007b 49       		.uleb128 0x49
 900 007c 13       		.uleb128 0x13
 901 007d 38       		.uleb128 0x38
 902 007e 0B       		.uleb128 0xb
 903 007f 00       		.byte	0
 904 0080 00       		.byte	0
 905 0081 0C       		.uleb128 0xc
 906 0082 0F       		.uleb128 0xf
 907 0083 00       		.byte	0
 908 0084 0B       		.uleb128 0xb
 909 0085 0B       		.uleb128 0xb
 910 0086 49       		.uleb128 0x49
 911 0087 13       		.uleb128 0x13
 912 0088 00       		.byte	0
ARM GAS  C:\Users\kateb\AppData\Local\Temp\cc5HHN4j.s 			page 17


 913 0089 00       		.byte	0
 914 008a 0D       		.uleb128 0xd
 915 008b 15       		.uleb128 0x15
 916 008c 01       		.byte	0x1
 917 008d 27       		.uleb128 0x27
 918 008e 19       		.uleb128 0x19
 919 008f 01       		.uleb128 0x1
 920 0090 13       		.uleb128 0x13
 921 0091 00       		.byte	0
 922 0092 00       		.byte	0
 923 0093 0E       		.uleb128 0xe
 924 0094 05       		.uleb128 0x5
 925 0095 00       		.byte	0
 926 0096 49       		.uleb128 0x49
 927 0097 13       		.uleb128 0x13
 928 0098 00       		.byte	0
 929 0099 00       		.byte	0
 930 009a 0F       		.uleb128 0xf
 931 009b 13       		.uleb128 0x13
 932 009c 01       		.byte	0x1
 933 009d 03       		.uleb128 0x3
 934 009e 0E       		.uleb128 0xe
 935 009f 0B       		.uleb128 0xb
 936 00a0 0B       		.uleb128 0xb
 937 00a1 3A       		.uleb128 0x3a
 938 00a2 0B       		.uleb128 0xb
 939 00a3 3B       		.uleb128 0x3b
 940 00a4 05       		.uleb128 0x5
 941 00a5 01       		.uleb128 0x1
 942 00a6 13       		.uleb128 0x13
 943 00a7 00       		.byte	0
 944 00a8 00       		.byte	0
 945 00a9 10       		.uleb128 0x10
 946 00aa 01       		.uleb128 0x1
 947 00ab 01       		.byte	0x1
 948 00ac 49       		.uleb128 0x49
 949 00ad 13       		.uleb128 0x13
 950 00ae 01       		.uleb128 0x1
 951 00af 13       		.uleb128 0x13
 952 00b0 00       		.byte	0
 953 00b1 00       		.byte	0
 954 00b2 11       		.uleb128 0x11
 955 00b3 21       		.uleb128 0x21
 956 00b4 00       		.byte	0
 957 00b5 49       		.uleb128 0x49
 958 00b6 13       		.uleb128 0x13
 959 00b7 2F       		.uleb128 0x2f
 960 00b8 0B       		.uleb128 0xb
 961 00b9 00       		.byte	0
 962 00ba 00       		.byte	0
 963 00bb 12       		.uleb128 0x12
 964 00bc 26       		.uleb128 0x26
 965 00bd 00       		.byte	0
 966 00be 49       		.uleb128 0x49
 967 00bf 13       		.uleb128 0x13
 968 00c0 00       		.byte	0
 969 00c1 00       		.byte	0
ARM GAS  C:\Users\kateb\AppData\Local\Temp\cc5HHN4j.s 			page 18


 970 00c2 13       		.uleb128 0x13
 971 00c3 04       		.uleb128 0x4
 972 00c4 01       		.byte	0x1
 973 00c5 0B       		.uleb128 0xb
 974 00c6 0B       		.uleb128 0xb
 975 00c7 49       		.uleb128 0x49
 976 00c8 13       		.uleb128 0x13
 977 00c9 3A       		.uleb128 0x3a
 978 00ca 0B       		.uleb128 0xb
 979 00cb 3B       		.uleb128 0x3b
 980 00cc 0B       		.uleb128 0xb
 981 00cd 01       		.uleb128 0x1
 982 00ce 13       		.uleb128 0x13
 983 00cf 00       		.byte	0
 984 00d0 00       		.byte	0
 985 00d1 14       		.uleb128 0x14
 986 00d2 13       		.uleb128 0x13
 987 00d3 01       		.byte	0x1
 988 00d4 0B       		.uleb128 0xb
 989 00d5 0B       		.uleb128 0xb
 990 00d6 3A       		.uleb128 0x3a
 991 00d7 0B       		.uleb128 0xb
 992 00d8 3B       		.uleb128 0x3b
 993 00d9 0B       		.uleb128 0xb
 994 00da 01       		.uleb128 0x1
 995 00db 13       		.uleb128 0x13
 996 00dc 00       		.byte	0
 997 00dd 00       		.byte	0
 998 00de 15       		.uleb128 0x15
 999 00df 0D       		.uleb128 0xd
 1000 00e0 00       		.byte	0
 1001 00e1 03       		.uleb128 0x3
 1002 00e2 0E       		.uleb128 0xe
 1003 00e3 3A       		.uleb128 0x3a
 1004 00e4 0B       		.uleb128 0xb
 1005 00e5 3B       		.uleb128 0x3b
 1006 00e6 0B       		.uleb128 0xb
 1007 00e7 49       		.uleb128 0x49
 1008 00e8 13       		.uleb128 0x13
 1009 00e9 38       		.uleb128 0x38
 1010 00ea 0B       		.uleb128 0xb
 1011 00eb 00       		.byte	0
 1012 00ec 00       		.byte	0
 1013 00ed 16       		.uleb128 0x16
 1014 00ee 34       		.uleb128 0x34
 1015 00ef 00       		.byte	0
 1016 00f0 03       		.uleb128 0x3
 1017 00f1 0E       		.uleb128 0xe
 1018 00f2 3A       		.uleb128 0x3a
 1019 00f3 0B       		.uleb128 0xb
 1020 00f4 3B       		.uleb128 0x3b
 1021 00f5 05       		.uleb128 0x5
 1022 00f6 49       		.uleb128 0x49
 1023 00f7 13       		.uleb128 0x13
 1024 00f8 3F       		.uleb128 0x3f
 1025 00f9 19       		.uleb128 0x19
 1026 00fa 3C       		.uleb128 0x3c
ARM GAS  C:\Users\kateb\AppData\Local\Temp\cc5HHN4j.s 			page 19


 1027 00fb 19       		.uleb128 0x19
 1028 00fc 00       		.byte	0
 1029 00fd 00       		.byte	0
 1030 00fe 17       		.uleb128 0x17
 1031 00ff 34       		.uleb128 0x34
 1032 0100 00       		.byte	0
 1033 0101 03       		.uleb128 0x3
 1034 0102 0E       		.uleb128 0xe
 1035 0103 3A       		.uleb128 0x3a
 1036 0104 0B       		.uleb128 0xb
 1037 0105 3B       		.uleb128 0x3b
 1038 0106 0B       		.uleb128 0xb
 1039 0107 49       		.uleb128 0x49
 1040 0108 13       		.uleb128 0x13
 1041 0109 3F       		.uleb128 0x3f
 1042 010a 19       		.uleb128 0x19
 1043 010b 3C       		.uleb128 0x3c
 1044 010c 19       		.uleb128 0x19
 1045 010d 00       		.byte	0
 1046 010e 00       		.byte	0
 1047 010f 00       		.byte	0
 1048              		.section	.debug_aranges,"",%progbits
 1049 0000 14000000 		.4byte	0x14
 1050 0004 0200     		.2byte	0x2
 1051 0006 00000000 		.4byte	.Ldebug_info0
 1052 000a 04       		.byte	0x4
 1053 000b 00       		.byte	0
 1054 000c 0000     		.2byte	0
 1055 000e 0000     		.2byte	0
 1056 0010 00000000 		.4byte	0
 1057 0014 00000000 		.4byte	0
 1058              		.section	.debug_line,"",%progbits
 1059              	.Ldebug_line0:
 1060 0000 BD020000 		.section	.debug_str,"MS",%progbits,1
 1060      0200B702 
 1060      00000201 
 1060      FB0E0D00 
 1060      01010101 
 1061              	.LASF23:
 1062 0000 63795F65 		.ascii	"cy_en_rtc_dst_format_t\000"
 1062      6E5F7274 
 1062      635F6473 
 1062      745F666F 
 1062      726D6174 
 1063              	.LASF110:
 1064 0017 4144435F 		.ascii	"ADC_currentConfig\000"
 1064      63757272 
 1064      656E7443 
 1064      6F6E6669 
 1064      6700
 1065              	.LASF59:
 1066 0029 43595F53 		.ascii	"CY_SAR_RANGE_COND_OUTSIDE\000"
 1066      41525F52 
 1066      414E4745 
 1066      5F434F4E 
 1066      445F4F55 
 1067              	.LASF95:
ARM GAS  C:\Users\kateb\AppData\Local\Temp\cc5HHN4j.s 			page 20


 1068 0043 6E756D43 		.ascii	"numChannels\000"
 1068      68616E6E 
 1068      656C7300 
 1069              	.LASF53:
 1070 004f 72785269 		.ascii	"rxRingBufTail\000"
 1070      6E674275 
 1070      66546169 
 1070      6C00
 1071              	.LASF26:
 1072 005d 6461794F 		.ascii	"dayOfMonth\000"
 1072      664D6F6E 
 1072      746800
 1073              	.LASF33:
 1074 0068 63795F73 		.ascii	"cy_stc_rtc_dst_t\000"
 1074      74635F72 
 1074      74635F64 
 1074      73745F74 
 1074      00
 1075              	.LASF37:
 1076 0079 72784275 		.ascii	"rxBufSize\000"
 1076      6653697A 
 1076      6500
 1077              	.LASF45:
 1078 0083 63795F63 		.ascii	"cy_cb_scb_uart_handle_events_t\000"
 1078      625F7363 
 1078      625F7561 
 1078      72745F68 
 1078      616E646C 
 1079              	.LASF84:
 1080 00a2 63795F65 		.ascii	"cy_en_ble_adv_state_t\000"
 1080      6E5F626C 
 1080      655F6164 
 1080      765F7374 
 1080      6174655F 
 1081              	.LASF0:
 1082 00b8 73686F72 		.ascii	"short int\000"
 1082      7420696E 
 1082      7400
 1083              	.LASF15:
 1084 00c2 73697A65 		.ascii	"sizetype\000"
 1084      74797065 
 1084      00
 1085              	.LASF70:
 1086 00cb 73617449 		.ascii	"satIntrMask\000"
 1086      6E74724D 
 1086      61736B00 
 1087              	.LASF62:
 1088 00d7 73616D70 		.ascii	"sampleCtrl\000"
 1088      6C654374 
 1088      726C00
 1089              	.LASF47:
 1090 00e2 63795F73 		.ascii	"cy_stc_scb_uart_context\000"
 1090      74635F73 
 1090      63625F75 
 1090      6172745F 
 1090      636F6E74 
 1091              	.LASF88:
ARM GAS  C:\Users\kateb\AppData\Local\Temp\cc5HHN4j.s 			page 21


 1092 00fa 43595F42 		.ascii	"CY_BLE_CONN_STATE_CLIENT_SRVC_DISCOVERING\000"
 1092      4C455F43 
 1092      4F4E4E5F 
 1092      53544154 
 1092      455F434C 
 1093              	.LASF30:
 1094 0124 63795F73 		.ascii	"cy_stc_rtc_dst_format_t\000"
 1094      74635F72 
 1094      74635F64 
 1094      73745F66 
 1094      6F726D61 
 1095              	.LASF44:
 1096 013c 63795F73 		.ascii	"cy_stc_scb_spi_context_t\000"
 1096      74635F73 
 1096      63625F73 
 1096      70695F63 
 1096      6F6E7465 
 1097              	.LASF65:
 1098 0155 72616E67 		.ascii	"rangeThres\000"
 1098      65546872 
 1098      657300
 1099              	.LASF112:
 1100 0160 474E5520 		.ascii	"GNU C11 5.4.1 20160609 (release) [ARM/embedded-5-br"
 1100      43313120 
 1100      352E342E 
 1100      31203230 
 1100      31363036 
 1101 0193 616E6368 		.ascii	"anch revision 237715] -mcpu=cortex-m4 -mfloat-abi=s"
 1101      20726576 
 1101      6973696F 
 1101      6E203233 
 1101      37373135 
 1102 01c6 6F667466 		.ascii	"oftfp -mfpu=fpv4-sp-d16 -mthumb -g -Og -ffunction-s"
 1102      70202D6D 
 1102      6670753D 
 1102      66707634 
 1102      2D73702D 
 1103 01f9 65637469 		.ascii	"ections -ffat-lto-objects\000"
 1103      6F6E7320 
 1103      2D666661 
 1103      742D6C74 
 1103      6F2D6F62 
 1104              	.LASF80:
 1105 0213 43595F42 		.ascii	"CY_BLE_ADV_STATE_STOPPED\000"
 1105      4C455F41 
 1105      44565F53 
 1105      54415445 
 1105      5F53544F 
 1106              	.LASF7:
 1107 022c 5F5F7569 		.ascii	"__uint32_t\000"
 1107      6E743332 
 1107      5F7400
 1108              	.LASF48:
 1109 0237 74785374 		.ascii	"txStatus\000"
 1109      61747573 
 1109      00
 1110              	.LASF60:
ARM GAS  C:\Users\kateb\AppData\Local\Temp\cc5HHN4j.s 			page 22


 1111 0240 63795F65 		.ascii	"cy_en_sar_range_detect_condition_t\000"
 1111      6E5F7361 
 1111      725F7261 
 1111      6E67655F 
 1111      64657465 
 1112              	.LASF86:
 1113 0263 43595F42 		.ascii	"CY_BLE_CONN_STATE_CLIENT_DISCONNECTED_DISCOVERED\000"
 1113      4C455F43 
 1113      4F4E4E5F 
 1113      53544154 
 1113      455F434C 
 1114              	.LASF90:
 1115 0294 43595F42 		.ascii	"CY_BLE_CONN_STATE_CLIENT_CHAR_DISCOVERING\000"
 1115      4C455F43 
 1115      4F4E4E5F 
 1115      53544154 
 1115      455F434C 
 1116              	.LASF106:
 1117 02be 44454255 		.ascii	"DEBUG_UART_context\000"
 1117      475F5541 
 1117      52545F63 
 1117      6F6E7465 
 1117      787400
 1118              	.LASF101:
 1119 02d1 63795F52 		.ascii	"cy_RTC_daysInMonthTbl\000"
 1119      54435F64 
 1119      61797349 
 1119      6E4D6F6E 
 1119      74685462 
 1120              	.LASF27:
 1121 02e7 7765656B 		.ascii	"weekOfMonth\000"
 1121      4F664D6F 
 1121      6E746800 
 1122              	.LASF105:
 1123 02f3 63795F62 		.ascii	"cy_ble_pendingFlashWrite\000"
 1123      6C655F70 
 1123      656E6469 
 1123      6E67466C 
 1123      61736857 
 1124              	.LASF66:
 1125 030c 72616E67 		.ascii	"rangeCond\000"
 1125      65436F6E 
 1125      6400
 1126              	.LASF12:
 1127 0316 75696E74 		.ascii	"uint8_t\000"
 1127      385F7400 
 1128              	.LASF102:
 1129 031e 63795F62 		.ascii	"cy_ble_advState\000"
 1129      6C655F61 
 1129      64765374 
 1129      61746500 
 1130              	.LASF98:
 1131 032e 636C6B44 		.ascii	"clkDivider\000"
 1131      69766964 
 1131      657200
 1132              	.LASF99:
 1133 0339 4144435F 		.ascii	"ADC_CONFIG_STRUCT\000"
ARM GAS  C:\Users\kateb\AppData\Local\Temp\cc5HHN4j.s 			page 23


 1133      434F4E46 
 1133      49475F53 
 1133      54525543 
 1133      5400
 1134              	.LASF34:
 1135 034b 63795F63 		.ascii	"cy_cb_scb_spi_handle_events_t\000"
 1135      625F7363 
 1135      625F7370 
 1135      695F6861 
 1135      6E646C65 
 1136              	.LASF52:
 1137 0369 72785269 		.ascii	"rxRingBufHead\000"
 1137      6E674275 
 1137      66486561 
 1137      6400
 1138              	.LASF85:
 1139 0377 43595F42 		.ascii	"CY_BLE_CONN_STATE_DISCONNECTED\000"
 1139      4C455F43 
 1139      4F4E4E5F 
 1139      53544154 
 1139      455F4449 
 1140              	.LASF77:
 1141 0396 62644861 		.ascii	"bdHandle\000"
 1141      6E646C65 
 1141      00
 1142              	.LASF74:
 1143 039f 636F6E66 		.ascii	"configRouting\000"
 1143      6967526F 
 1143      7574696E 
 1143      6700
 1144              	.LASF18:
 1145 03ad 666C6F61 		.ascii	"float\000"
 1145      7400
 1146              	.LASF39:
 1147 03b3 74784275 		.ascii	"txBuf\000"
 1147      6600
 1148              	.LASF56:
 1149 03b9 43595F53 		.ascii	"CY_SAR_RANGE_COND_BELOW\000"
 1149      41525F52 
 1149      414E4745 
 1149      5F434F4E 
 1149      445F4245 
 1150              	.LASF24:
 1151 03d1 666F726D 		.ascii	"format\000"
 1151      617400
 1152              	.LASF103:
 1153 03d8 63795F62 		.ascii	"cy_ble_connHandle\000"
 1153      6C655F63 
 1153      6F6E6E48 
 1153      616E646C 
 1153      6500
 1154              	.LASF107:
 1155 03ea 5254435F 		.ascii	"RTC_rtcDstStatus\000"
 1155      72746344 
 1155      73745374 
 1155      61747573 
 1155      00
ARM GAS  C:\Users\kateb\AppData\Local\Temp\cc5HHN4j.s 			page 24


 1156              	.LASF43:
 1157 03fb 696E6974 		.ascii	"initKey\000"
 1157      4B657900 
 1158              	.LASF40:
 1159 0403 74784275 		.ascii	"txBufSize\000"
 1159      6653697A 
 1159      6500
 1160              	.LASF63:
 1161 040d 73616D70 		.ascii	"sampleTime01\000"
 1161      6C655469 
 1161      6D653031 
 1161      00
 1162              	.LASF41:
 1163 041a 74784275 		.ascii	"txBufIdx\000"
 1163      66496478 
 1163      00
 1164              	.LASF4:
 1165 0423 5F5F7569 		.ascii	"__uint8_t\000"
 1165      6E74385F 
 1165      7400
 1166              	.LASF92:
 1167 042d 43595F42 		.ascii	"CY_BLE_CONN_STATE_CLIENT_DISCOVERED\000"
 1167      4C455F43 
 1167      4F4E4E5F 
 1167      53544154 
 1167      455F434C 
 1168              	.LASF38:
 1169 0451 72784275 		.ascii	"rxBufIdx\000"
 1169      66496478 
 1169      00
 1170              	.LASF29:
 1171 045a 6D6F6E74 		.ascii	"month\000"
 1171      6800
 1172              	.LASF25:
 1173 0460 686F7572 		.ascii	"hour\000"
 1173      00
 1174              	.LASF16:
 1175 0465 6C6F6E67 		.ascii	"long double\000"
 1175      20646F75 
 1175      626C6500 
 1176              	.LASF91:
 1177 0471 43595F42 		.ascii	"CY_BLE_CONN_STATE_CLIENT_DESCR_DISCOVERING\000"
 1177      4C455F43 
 1177      4F4E4E5F 
 1177      53544154 
 1177      455F434C 
 1178              	.LASF49:
 1179 049c 72785374 		.ascii	"rxStatus\000"
 1179      61747573 
 1179      00
 1180              	.LASF2:
 1181 04a5 756E7369 		.ascii	"unsigned char\000"
 1181      676E6564 
 1181      20636861 
 1181      7200
 1182              	.LASF50:
 1183 04b3 72785269 		.ascii	"rxRingBuf\000"
ARM GAS  C:\Users\kateb\AppData\Local\Temp\cc5HHN4j.s 			page 25


 1183      6E674275 
 1183      6600
 1184              	.LASF83:
 1185 04bd 43595F42 		.ascii	"CY_BLE_ADV_STATE_STOP_INITIATED\000"
 1185      4C455F41 
 1185      44565F53 
 1185      54415445 
 1185      5F53544F 
 1186              	.LASF109:
 1187 04dd 43595F45 		.ascii	"CY_EINK_SPIM_context\000"
 1187      494E4B5F 
 1187      5350494D 
 1187      5F636F6E 
 1187      74657874 
 1188              	.LASF113:
 1189 04f2 75617274 		.ascii	"uart_debug.c\000"
 1189      5F646562 
 1189      75672E63 
 1189      00
 1190              	.LASF1:
 1191 04ff 7369676E 		.ascii	"signed char\000"
 1191      65642063 
 1191      68617200 
 1192              	.LASF10:
 1193 050b 6C6F6E67 		.ascii	"long long unsigned int\000"
 1193      206C6F6E 
 1193      6720756E 
 1193      7369676E 
 1193      65642069 
 1194              	.LASF14:
 1195 0522 75696E74 		.ascii	"uint32_t\000"
 1195      33325F74 
 1195      00
 1196              	.LASF11:
 1197 052b 756E7369 		.ascii	"unsigned int\000"
 1197      676E6564 
 1197      20696E74 
 1197      00
 1198              	.LASF73:
 1199 0538 6D757853 		.ascii	"muxSwitchSqCtrl\000"
 1199      77697463 
 1199      68537143 
 1199      74726C00 
 1200              	.LASF78:
 1201 0548 61747449 		.ascii	"attId\000"
 1201      6400
 1202              	.LASF35:
 1203 054e 73746174 		.ascii	"status\000"
 1203      757300
 1204              	.LASF3:
 1205 0555 73686F72 		.ascii	"short unsigned int\000"
 1205      7420756E 
 1205      7369676E 
 1205      65642069 
 1205      6E7400
 1206              	.LASF36:
 1207 0568 72784275 		.ascii	"rxBuf\000"
ARM GAS  C:\Users\kateb\AppData\Local\Temp\cc5HHN4j.s 			page 26


 1207      6600
 1208              	.LASF97:
 1209 056e 6D697363 		.ascii	"miscConfig\000"
 1209      436F6E66 
 1209      696700
 1210              	.LASF17:
 1211 0579 63686172 		.ascii	"char\000"
 1211      00
 1212              	.LASF72:
 1213 057e 6D757853 		.ascii	"muxSwitch\000"
 1213      77697463 
 1213      6800
 1214              	.LASF42:
 1215 0588 63624576 		.ascii	"cbEvents\000"
 1215      656E7473 
 1215      00
 1216              	.LASF58:
 1217 0591 43595F53 		.ascii	"CY_SAR_RANGE_COND_ABOVE\000"
 1217      41525F52 
 1217      414E4745 
 1217      5F434F4E 
 1217      445F4142 
 1218              	.LASF13:
 1219 05a9 696E7433 		.ascii	"int32_t\000"
 1219      325F7400 
 1220              	.LASF28:
 1221 05b1 6461794F 		.ascii	"dayOfWeek\000"
 1221      66576565 
 1221      6B00
 1222              	.LASF111:
 1223 05bb 4144435F 		.ascii	"ADC_allConfigs\000"
 1223      616C6C43 
 1223      6F6E6669 
 1223      677300
 1224              	.LASF20:
 1225 05ca 5F426F6F 		.ascii	"_Bool\000"
 1225      6C00
 1226              	.LASF96:
 1227 05d0 6877436F 		.ascii	"hwConfigStc\000"
 1227      6E666967 
 1227      53746300 
 1228              	.LASF114:
 1229 05dc 433A5C55 		.ascii	"C:\\Users\\kateb\\Documents\\PSoC Creator\\CE218136"
 1229      73657273 
 1229      5C6B6174 
 1229      65625C44 
 1229      6F63756D 
 1230 060a 5F45494E 		.ascii	"_EINK_CapSense_RTOS02\\CE222604_RTC_CTS_RTOS01.cyds"
 1230      4B5F4361 
 1230      7053656E 
 1230      73655F52 
 1230      544F5330 
 1231 063c 6E00     		.ascii	"n\000"
 1232              	.LASF104:
 1233 063e 63795F62 		.ascii	"cy_ble_connState\000"
 1233      6C655F63 
 1233      6F6E6E53 
ARM GAS  C:\Users\kateb\AppData\Local\Temp\cc5HHN4j.s 			page 27


 1233      74617465 
 1233      00
 1234              	.LASF21:
 1235 064f 43595F52 		.ascii	"CY_RTC_DST_RELATIVE\000"
 1235      54435F44 
 1235      53545F52 
 1235      454C4154 
 1235      49564500 
 1236              	.LASF81:
 1237 0663 43595F42 		.ascii	"CY_BLE_ADV_STATE_ADV_INITIATED\000"
 1237      4C455F41 
 1237      44565F53 
 1237      54415445 
 1237      5F414456 
 1238              	.LASF108:
 1239 0682 5254435F 		.ascii	"RTC_dstConfig\000"
 1239      64737443 
 1239      6F6E6669 
 1239      6700
 1240              	.LASF8:
 1241 0690 6C6F6E67 		.ascii	"long unsigned int\000"
 1241      20756E73 
 1241      69676E65 
 1241      6420696E 
 1241      7400
 1242              	.LASF19:
 1243 06a2 646F7562 		.ascii	"double\000"
 1243      6C6500
 1244              	.LASF46:
 1245 06a9 63795F73 		.ascii	"cy_stc_scb_spi_context\000"
 1245      74635F73 
 1245      63625F73 
 1245      70695F63 
 1245      6F6E7465 
 1246              	.LASF31:
 1247 06c0 73746172 		.ascii	"startDst\000"
 1247      74447374 
 1247      00
 1248              	.LASF22:
 1249 06c9 43595F52 		.ascii	"CY_RTC_DST_FIXED\000"
 1249      54435F44 
 1249      53545F46 
 1249      49584544 
 1249      00
 1250              	.LASF9:
 1251 06da 6C6F6E67 		.ascii	"long long int\000"
 1251      206C6F6E 
 1251      6720696E 
 1251      7400
 1252              	.LASF51:
 1253 06e8 72785269 		.ascii	"rxRingBufSize\000"
 1253      6E674275 
 1253      6653697A 
 1253      6500
 1254              	.LASF5:
 1255 06f6 5F5F696E 		.ascii	"__int32_t\000"
 1255      7433325F 
ARM GAS  C:\Users\kateb\AppData\Local\Temp\cc5HHN4j.s 			page 28


 1255      7400
 1256              	.LASF57:
 1257 0700 43595F53 		.ascii	"CY_SAR_RANGE_COND_INSIDE\000"
 1257      41525F52 
 1257      414E4745 
 1257      5F434F4E 
 1257      445F494E 
 1258              	.LASF54:
 1259 0719 74784C65 		.ascii	"txLeftToTransmit\000"
 1259      6674546F 
 1259      5472616E 
 1259      736D6974 
 1259      00
 1260              	.LASF89:
 1261 072a 43595F42 		.ascii	"CY_BLE_CONN_STATE_CLIENT_INCL_DISCOVERING\000"
 1261      4C455F43 
 1261      4F4E4E5F 
 1261      53544154 
 1261      455F434C 
 1262              	.LASF32:
 1263 0754 73746F70 		.ascii	"stopDst\000"
 1263      44737400 
 1264              	.LASF68:
 1265 075c 6368616E 		.ascii	"chanConfig\000"
 1265      436F6E66 
 1265      696700
 1266              	.LASF76:
 1267 0767 63795F73 		.ascii	"cy_stc_sar_config_t\000"
 1267      74635F73 
 1267      61725F63 
 1267      6F6E6669 
 1267      675F7400 
 1268              	.LASF55:
 1269 077b 63795F73 		.ascii	"cy_stc_scb_uart_context_t\000"
 1269      74635F73 
 1269      63625F75 
 1269      6172745F 
 1269      636F6E74 
 1270              	.LASF87:
 1271 0795 43595F42 		.ascii	"CY_BLE_CONN_STATE_CONNECTED\000"
 1271      4C455F43 
 1271      4F4E4E5F 
 1271      53544154 
 1271      455F434F 
 1272              	.LASF67:
 1273 07b1 6368616E 		.ascii	"chanEn\000"
 1273      456E00
 1274              	.LASF75:
 1275 07b8 76726566 		.ascii	"vrefMvValue\000"
 1275      4D765661 
 1275      6C756500 
 1276              	.LASF93:
 1277 07c4 63795F65 		.ascii	"cy_en_ble_conn_state_t\000"
 1277      6E5F626C 
 1277      655F636F 
 1277      6E6E5F73 
 1277      74617465 
ARM GAS  C:\Users\kateb\AppData\Local\Temp\cc5HHN4j.s 			page 29


 1278              	.LASF64:
 1279 07db 73616D70 		.ascii	"sampleTime23\000"
 1279      6C655469 
 1279      6D653233 
 1279      00
 1280              	.LASF79:
 1281 07e8 63795F73 		.ascii	"cy_stc_ble_conn_handle_t\000"
 1281      74635F62 
 1281      6C655F63 
 1281      6F6E6E5F 
 1281      68616E64 
 1282              	.LASF6:
 1283 0801 6C6F6E67 		.ascii	"long int\000"
 1283      20696E74 
 1283      00
 1284              	.LASF100:
 1285 080a 49544D5F 		.ascii	"ITM_RxBuffer\000"
 1285      52784275 
 1285      66666572 
 1285      00
 1286              	.LASF82:
 1287 0817 43595F42 		.ascii	"CY_BLE_ADV_STATE_ADVERTISING\000"
 1287      4C455F41 
 1287      44565F53 
 1287      54415445 
 1287      5F414456 
 1288              	.LASF61:
 1289 0834 6374726C 		.ascii	"ctrl\000"
 1289      00
 1290              	.LASF69:
 1291 0839 696E7472 		.ascii	"intrMask\000"
 1291      4D61736B 
 1291      00
 1292              	.LASF71:
 1293 0842 72616E67 		.ascii	"rangeIntrMask\000"
 1293      65496E74 
 1293      724D6173 
 1293      6B00
 1294              	.LASF94:
 1295 0850 6368616E 		.ascii	"channelBase\000"
 1295      6E656C42 
 1295      61736500 
 1296              		.ident	"GCC: (GNU Tools for ARM Embedded Processors) 5.4.1 20160609 (release) [ARM/embedded-5-bran
