ARM GAS  C:\Users\kateb\AppData\Local\Temp\ccvfHqEt.s 			page 1


   1              		.syntax unified
   2              		.cpu cortex-m0plus
   3              		.fpu softvfp
   4              		.eabi_attribute 20, 1
   5              		.eabi_attribute 21, 1
   6              		.eabi_attribute 23, 3
   7              		.eabi_attribute 24, 1
   8              		.eabi_attribute 25, 1
   9              		.eabi_attribute 26, 1
  10              		.eabi_attribute 30, 1
  11              		.eabi_attribute 34, 0
  12              		.eabi_attribute 18, 4
  13              		.thumb
  14              		.syntax unified
  15              		.file	"main_cm0p.c"
  16              		.text
  17              	.Ltext0:
  18              		.cfi_sections	.debug_frame
  19              		.section	.text.main,"ax",%progbits
  20              		.align	2
  21              		.global	main
  22              		.code	16
  23              		.thumb_func
  24              		.type	main, %function
  25              	main:
  26              	.LFB491:
  27              		.file 1 "main_cm0p.c"
   1:main_cm0p.c   **** /******************************************************************************
   2:main_cm0p.c   **** * File Name: main_cm0p.c
   3:main_cm0p.c   **** *
   4:main_cm0p.c   **** * Version: 1.00
   5:main_cm0p.c   **** *
   6:main_cm0p.c   **** * Description: This file contains the Cortex-M0+ BLE controller code
   7:main_cm0p.c   **** *
   8:main_cm0p.c   **** * Related Document: CE222604_RTC_CTS_RTOS.pdf
   9:main_cm0p.c   **** *
  10:main_cm0p.c   **** * Hardware Dependency: CY8CKIT-062-BLE PSoC 6 BLE Pioneer Kit
  11:main_cm0p.c   **** *
  12:main_cm0p.c   **** *******************************************************************************
  13:main_cm0p.c   **** * Copyright (2018), Cypress Semiconductor Corporation. All rights reserved.
  14:main_cm0p.c   **** *******************************************************************************
  15:main_cm0p.c   **** * This software, including source code, documentation and related materials
  16:main_cm0p.c   **** * (“Software”), is owned by Cypress Semiconductor Corporation or one of its
  17:main_cm0p.c   **** * subsidiaries (“Cypress”) and is protected by and subject to worldwide patent
  18:main_cm0p.c   **** * protection (United States and foreign), United States copyright laws and
  19:main_cm0p.c   **** * international treaty provisions. Therefore, you may use this Software only
  20:main_cm0p.c   **** * as provided in the license agreement accompanying the software package from
  21:main_cm0p.c   **** * which you obtained this Software (“EULA”).
  22:main_cm0p.c   **** *
  23:main_cm0p.c   **** * If no EULA applies, Cypress hereby grants you a personal, nonexclusive,
  24:main_cm0p.c   **** * non-transferable license to copy, modify, and compile the Software source
  25:main_cm0p.c   **** * code solely for use in connection with Cypress’s integrated circuit products.
  26:main_cm0p.c   **** * Any reproduction, modification, translation, compilation, or representation
  27:main_cm0p.c   **** * of this Software except as specified above is prohibited without the express
  28:main_cm0p.c   **** * written permission of Cypress.
  29:main_cm0p.c   **** *
  30:main_cm0p.c   **** * Disclaimer: THIS SOFTWARE IS PROVIDED AS-IS, WITH NO WARRANTY OF ANY KIND, 
ARM GAS  C:\Users\kateb\AppData\Local\Temp\ccvfHqEt.s 			page 2


  31:main_cm0p.c   **** * EXPRESS OR IMPLIED, INCLUDING, BUT NOT LIMITED TO, NONINFRINGEMENT, IMPLIED 
  32:main_cm0p.c   **** * WARRANTIES OF MERCHANTABILITY AND FITNESS FOR A PARTICULAR PURPOSE. Cypress 
  33:main_cm0p.c   **** * reserves the right to make changes to the Software without notice. Cypress 
  34:main_cm0p.c   **** * does not assume any liability arising out of the application or use of the 
  35:main_cm0p.c   **** * Software or any product or circuit described in the Software. Cypress does 
  36:main_cm0p.c   **** * not authorize its products for use in any products where a malfunction or 
  37:main_cm0p.c   **** * failure of the Cypress product may reasonably be expected to result in 
  38:main_cm0p.c   **** * significant property damage, injury or death (“High Risk Product”). By 
  39:main_cm0p.c   **** * including Cypress’s product in a High Risk Product, the manufacturer of such 
  40:main_cm0p.c   **** * system or application assumes all risk of such use and in doing so agrees to 
  41:main_cm0p.c   **** * indemnify Cypress against all liability.
  42:main_cm0p.c   **** *******************************************************************************/
  43:main_cm0p.c   **** /******************************************************************************
  44:main_cm0p.c   **** * Cortex-M0+ handles the controller portion of BLE. For the host functions, 
  45:main_cm0p.c   **** * see main_cm4.c
  46:main_cm0p.c   **** *******************************************************************************/
  47:main_cm0p.c   **** 
  48:main_cm0p.c   **** /* Header file includes */
  49:main_cm0p.c   **** #include "project.h"
  50:main_cm0p.c   **** #include "uart_debug.h"
  51:main_cm0p.c   **** 
  52:main_cm0p.c   **** /*******************************************************************************
  53:main_cm0p.c   **** * Function Name: main
  54:main_cm0p.c   **** ********************************************************************************
  55:main_cm0p.c   **** * Summary:
  56:main_cm0p.c   **** *  System entrance point. This function enables the Cortex-M4 and continuously 
  57:main_cm0p.c   **** *  processes BLE controller events
  58:main_cm0p.c   **** *
  59:main_cm0p.c   **** * Parameters:
  60:main_cm0p.c   **** *  void
  61:main_cm0p.c   **** *
  62:main_cm0p.c   **** * Return:
  63:main_cm0p.c   **** *  int
  64:main_cm0p.c   **** *
  65:main_cm0p.c   **** *******************************************************************************/
  66:main_cm0p.c   **** int main(void)
  67:main_cm0p.c   **** {
  28              		.loc 1 67 0
  29              		.cfi_startproc
  30              		@ Volatile: function does not return.
  31              		@ args = 0, pretend = 0, frame = 0
  32              		@ frame_needed = 0, uses_anonymous_args = 0
  33 0000 10B5     		push	{r4, lr}
  34              		.cfi_def_cfa_offset 8
  35              		.cfi_offset 4, -8
  36              		.cfi_offset 14, -4
  37              	.LBB4:
  38              	.LBB5:
  39              		.file 2 "Generated_Source\\PSoC6\\pdl\\cmsis/include/cmsis_gcc.h"
   1:Generated_Source\PSoC6\pdl\cmsis/include/cmsis_gcc.h **** /**************************************************************************//**
   2:Generated_Source\PSoC6\pdl\cmsis/include/cmsis_gcc.h ****  * @file     cmsis_gcc.h
   3:Generated_Source\PSoC6\pdl\cmsis/include/cmsis_gcc.h ****  * @brief    CMSIS compiler GCC header file
   4:Generated_Source\PSoC6\pdl\cmsis/include/cmsis_gcc.h ****  * @version  V5.0.1
   5:Generated_Source\PSoC6\pdl\cmsis/include/cmsis_gcc.h ****  * @date     02. February 2017
   6:Generated_Source\PSoC6\pdl\cmsis/include/cmsis_gcc.h ****  ******************************************************************************/
   7:Generated_Source\PSoC6\pdl\cmsis/include/cmsis_gcc.h **** /*
   8:Generated_Source\PSoC6\pdl\cmsis/include/cmsis_gcc.h ****  * Copyright (c) 2009-2017 ARM Limited. All rights reserved.
ARM GAS  C:\Users\kateb\AppData\Local\Temp\ccvfHqEt.s 			page 3


   9:Generated_Source\PSoC6\pdl\cmsis/include/cmsis_gcc.h ****  *
  10:Generated_Source\PSoC6\pdl\cmsis/include/cmsis_gcc.h ****  * SPDX-License-Identifier: Apache-2.0
  11:Generated_Source\PSoC6\pdl\cmsis/include/cmsis_gcc.h ****  *
  12:Generated_Source\PSoC6\pdl\cmsis/include/cmsis_gcc.h ****  * Licensed under the Apache License, Version 2.0 (the License); you may
  13:Generated_Source\PSoC6\pdl\cmsis/include/cmsis_gcc.h ****  * not use this file except in compliance with the License.
  14:Generated_Source\PSoC6\pdl\cmsis/include/cmsis_gcc.h ****  * You may obtain a copy of the License at
  15:Generated_Source\PSoC6\pdl\cmsis/include/cmsis_gcc.h ****  *
  16:Generated_Source\PSoC6\pdl\cmsis/include/cmsis_gcc.h ****  * www.apache.org/licenses/LICENSE-2.0
  17:Generated_Source\PSoC6\pdl\cmsis/include/cmsis_gcc.h ****  *
  18:Generated_Source\PSoC6\pdl\cmsis/include/cmsis_gcc.h ****  * Unless required by applicable law or agreed to in writing, software
  19:Generated_Source\PSoC6\pdl\cmsis/include/cmsis_gcc.h ****  * distributed under the License is distributed on an AS IS BASIS, WITHOUT
  20:Generated_Source\PSoC6\pdl\cmsis/include/cmsis_gcc.h ****  * WARRANTIES OR CONDITIONS OF ANY KIND, either express or implied.
  21:Generated_Source\PSoC6\pdl\cmsis/include/cmsis_gcc.h ****  * See the License for the specific language governing permissions and
  22:Generated_Source\PSoC6\pdl\cmsis/include/cmsis_gcc.h ****  * limitations under the License.
  23:Generated_Source\PSoC6\pdl\cmsis/include/cmsis_gcc.h ****  */
  24:Generated_Source\PSoC6\pdl\cmsis/include/cmsis_gcc.h **** 
  25:Generated_Source\PSoC6\pdl\cmsis/include/cmsis_gcc.h **** #ifndef __CMSIS_GCC_H
  26:Generated_Source\PSoC6\pdl\cmsis/include/cmsis_gcc.h **** #define __CMSIS_GCC_H
  27:Generated_Source\PSoC6\pdl\cmsis/include/cmsis_gcc.h **** 
  28:Generated_Source\PSoC6\pdl\cmsis/include/cmsis_gcc.h **** /* ignore some GCC warnings */
  29:Generated_Source\PSoC6\pdl\cmsis/include/cmsis_gcc.h **** #pragma GCC diagnostic push
  30:Generated_Source\PSoC6\pdl\cmsis/include/cmsis_gcc.h **** #pragma GCC diagnostic ignored "-Wsign-conversion"
  31:Generated_Source\PSoC6\pdl\cmsis/include/cmsis_gcc.h **** #pragma GCC diagnostic ignored "-Wconversion"
  32:Generated_Source\PSoC6\pdl\cmsis/include/cmsis_gcc.h **** #pragma GCC diagnostic ignored "-Wunused-parameter"
  33:Generated_Source\PSoC6\pdl\cmsis/include/cmsis_gcc.h **** 
  34:Generated_Source\PSoC6\pdl\cmsis/include/cmsis_gcc.h **** /* CMSIS compiler specific defines */
  35:Generated_Source\PSoC6\pdl\cmsis/include/cmsis_gcc.h **** #ifndef   __ASM
  36:Generated_Source\PSoC6\pdl\cmsis/include/cmsis_gcc.h ****   #define __ASM                     __asm
  37:Generated_Source\PSoC6\pdl\cmsis/include/cmsis_gcc.h **** #endif
  38:Generated_Source\PSoC6\pdl\cmsis/include/cmsis_gcc.h **** #ifndef   __INLINE
  39:Generated_Source\PSoC6\pdl\cmsis/include/cmsis_gcc.h ****   #define __INLINE                  inline
  40:Generated_Source\PSoC6\pdl\cmsis/include/cmsis_gcc.h **** #endif
  41:Generated_Source\PSoC6\pdl\cmsis/include/cmsis_gcc.h **** #ifndef   __STATIC_INLINE
  42:Generated_Source\PSoC6\pdl\cmsis/include/cmsis_gcc.h ****   #define __STATIC_INLINE           static inline
  43:Generated_Source\PSoC6\pdl\cmsis/include/cmsis_gcc.h **** #endif
  44:Generated_Source\PSoC6\pdl\cmsis/include/cmsis_gcc.h **** #ifndef   __NO_RETURN
  45:Generated_Source\PSoC6\pdl\cmsis/include/cmsis_gcc.h ****   #define __NO_RETURN               __attribute__((noreturn))
  46:Generated_Source\PSoC6\pdl\cmsis/include/cmsis_gcc.h **** #endif
  47:Generated_Source\PSoC6\pdl\cmsis/include/cmsis_gcc.h **** #ifndef   __USED
  48:Generated_Source\PSoC6\pdl\cmsis/include/cmsis_gcc.h ****   #define __USED                    __attribute__((used))
  49:Generated_Source\PSoC6\pdl\cmsis/include/cmsis_gcc.h **** #endif
  50:Generated_Source\PSoC6\pdl\cmsis/include/cmsis_gcc.h **** #ifndef   __WEAK
  51:Generated_Source\PSoC6\pdl\cmsis/include/cmsis_gcc.h ****   #define __WEAK                    __attribute__((weak))
  52:Generated_Source\PSoC6\pdl\cmsis/include/cmsis_gcc.h **** #endif
  53:Generated_Source\PSoC6\pdl\cmsis/include/cmsis_gcc.h **** #ifndef   __UNALIGNED_UINT32
  54:Generated_Source\PSoC6\pdl\cmsis/include/cmsis_gcc.h **** #pragma GCC diagnostic push
  55:Generated_Source\PSoC6\pdl\cmsis/include/cmsis_gcc.h **** #pragma GCC diagnostic ignored "-Wpacked"
  56:Generated_Source\PSoC6\pdl\cmsis/include/cmsis_gcc.h **** #pragma GCC diagnostic ignored "-Wattributes"
  57:Generated_Source\PSoC6\pdl\cmsis/include/cmsis_gcc.h ****   struct __attribute__((packed)) T_UINT32 { uint32_t v; };
  58:Generated_Source\PSoC6\pdl\cmsis/include/cmsis_gcc.h **** #pragma GCC diagnostic pop
  59:Generated_Source\PSoC6\pdl\cmsis/include/cmsis_gcc.h ****   #define __UNALIGNED_UINT32(x)     (((struct T_UINT32 *)(x))->v)
  60:Generated_Source\PSoC6\pdl\cmsis/include/cmsis_gcc.h **** #endif
  61:Generated_Source\PSoC6\pdl\cmsis/include/cmsis_gcc.h **** #ifndef   __ALIGNED
  62:Generated_Source\PSoC6\pdl\cmsis/include/cmsis_gcc.h ****   #define __ALIGNED(x)              __attribute__((aligned(x)))
  63:Generated_Source\PSoC6\pdl\cmsis/include/cmsis_gcc.h **** #endif
  64:Generated_Source\PSoC6\pdl\cmsis/include/cmsis_gcc.h **** #ifndef   __PACKED
  65:Generated_Source\PSoC6\pdl\cmsis/include/cmsis_gcc.h ****   #define __PACKED                  __attribute__((packed, aligned(1)))
ARM GAS  C:\Users\kateb\AppData\Local\Temp\ccvfHqEt.s 			page 4


  66:Generated_Source\PSoC6\pdl\cmsis/include/cmsis_gcc.h **** #endif
  67:Generated_Source\PSoC6\pdl\cmsis/include/cmsis_gcc.h **** #ifndef   __PACKED_STRUCT
  68:Generated_Source\PSoC6\pdl\cmsis/include/cmsis_gcc.h ****   #define __PACKED_STRUCT           struct __attribute__((packed, aligned(1)))
  69:Generated_Source\PSoC6\pdl\cmsis/include/cmsis_gcc.h **** #endif
  70:Generated_Source\PSoC6\pdl\cmsis/include/cmsis_gcc.h **** 
  71:Generated_Source\PSoC6\pdl\cmsis/include/cmsis_gcc.h **** 
  72:Generated_Source\PSoC6\pdl\cmsis/include/cmsis_gcc.h **** /* ###########################  Core Function Access  ########################### */
  73:Generated_Source\PSoC6\pdl\cmsis/include/cmsis_gcc.h **** /** \ingroup  CMSIS_Core_FunctionInterface
  74:Generated_Source\PSoC6\pdl\cmsis/include/cmsis_gcc.h ****     \defgroup CMSIS_Core_RegAccFunctions CMSIS Core Register Access Functions
  75:Generated_Source\PSoC6\pdl\cmsis/include/cmsis_gcc.h ****   @{
  76:Generated_Source\PSoC6\pdl\cmsis/include/cmsis_gcc.h ****  */
  77:Generated_Source\PSoC6\pdl\cmsis/include/cmsis_gcc.h **** 
  78:Generated_Source\PSoC6\pdl\cmsis/include/cmsis_gcc.h **** /**
  79:Generated_Source\PSoC6\pdl\cmsis/include/cmsis_gcc.h ****   \brief   Enable IRQ Interrupts
  80:Generated_Source\PSoC6\pdl\cmsis/include/cmsis_gcc.h ****   \details Enables IRQ interrupts by clearing the I-bit in the CPSR.
  81:Generated_Source\PSoC6\pdl\cmsis/include/cmsis_gcc.h ****            Can only be executed in Privileged modes.
  82:Generated_Source\PSoC6\pdl\cmsis/include/cmsis_gcc.h ****  */
  83:Generated_Source\PSoC6\pdl\cmsis/include/cmsis_gcc.h **** __attribute__((always_inline)) __STATIC_INLINE void __enable_irq(void)
  84:Generated_Source\PSoC6\pdl\cmsis/include/cmsis_gcc.h **** {
  85:Generated_Source\PSoC6\pdl\cmsis/include/cmsis_gcc.h ****   __ASM volatile ("cpsie i" : : : "memory");
  40              		.loc 2 85 0
  41              		.syntax divided
  42              	@ 85 "Generated_Source\PSoC6\pdl\cmsis/include/cmsis_gcc.h" 1
  43 0002 62B6     		cpsie i
  44              	@ 0 "" 2
  45              		.thumb
  46              		.syntax unified
  47              	.LBE5:
  48              	.LBE4:
  68:main_cm0p.c   ****     /* Enable global interrupts */
  69:main_cm0p.c   ****     __enable_irq();
  70:main_cm0p.c   ****     
  71:main_cm0p.c   ****     /* Initialize the hardware used to send debug messages, if debug is enabled
  72:main_cm0p.c   ****        in uart_debug.h header file */
  73:main_cm0p.c   ****     DebugPrintfInit();
  74:main_cm0p.c   ****     /* \x1b[2J\x1b[;H - ANSI ESC sequence to clear screen */
  75:main_cm0p.c   ****     DebugPrintf("\x1b[2J\x1b[;H");
  76:main_cm0p.c   ****     DebugPrintf("CE222604 - PSoC 6 MCU with BLE Connectivity: RTC with Current Time Service (RTOS)\
  77:main_cm0p.c   ****     
  78:main_cm0p.c   ****     /* Start the controller portion of BLE. Host runs on the CM4 */
  79:main_cm0p.c   ****     if(Cy_BLE_Start(NULL) == CY_BLE_SUCCESS)
  49              		.loc 1 79 0
  50 0004 0020     		movs	r0, #0
  51 0006 FFF7FEFF 		bl	Cy_BLE_Start
  52              	.LVL0:
  53 000a 0028     		cmp	r0, #0
  54 000c 03D1     		bne	.L2
  80:main_cm0p.c   ****     {
  81:main_cm0p.c   ****         DebugPrintf("Success  : Cortex-M0+ - BLE controller initialization\r\n");
  82:main_cm0p.c   ****         
  83:main_cm0p.c   ****         /* Enable CM4 only if BLE Controller started successfully. 
  84:main_cm0p.c   ****            CY_CORTEX_M4_APPL_ADDR must be updated if CM4 memory layout 
  85:main_cm0p.c   ****            is changed. */
  86:main_cm0p.c   ****         Cy_SysEnableCM4(CY_CORTEX_M4_APPL_ADDR);
  55              		.loc 1 86 0
  56 000e 0748     		ldr	r0, .L5
  57 0010 FFF7FEFF 		bl	Cy_SysEnableCM4
ARM GAS  C:\Users\kateb\AppData\Local\Temp\ccvfHqEt.s 			page 5


  58              	.LVL1:
  59 0014 03E0     		b	.L4
  60              	.L2:
  87:main_cm0p.c   ****     }
  88:main_cm0p.c   ****     else
  89:main_cm0p.c   ****     {
  90:main_cm0p.c   ****         DebugPrintf("Failure! : Cortex-M0+ - BLE controller initialization\r\n");
  91:main_cm0p.c   ****         
  92:main_cm0p.c   ****         /* Halt the CPU */
  93:main_cm0p.c   ****         CY_ASSERT(0u);
  61              		.loc 1 93 0 discriminator 1
  62 0016 5D21     		movs	r1, #93
  63 0018 0548     		ldr	r0, .L5+4
  64 001a FFF7FEFF 		bl	Cy_SysLib_AssertFailed
  65              	.LVL2:
  66              	.L4:
  94:main_cm0p.c   ****     }
  95:main_cm0p.c   ****     
  96:main_cm0p.c   ****     for (;;)
  97:main_cm0p.c   ****     {
  98:main_cm0p.c   ****         /* Process the controller portion of the BLE events and wake up the host
  99:main_cm0p.c   ****            (CM4) and send data to the host via IPC if necessary */
 100:main_cm0p.c   ****         Cy_BLE_ProcessEvents();
  67              		.loc 1 100 0 discriminator 1
  68 001e FFF7FEFF 		bl	Cy_BLE_ProcessEvents
  69              	.LVL3:
 101:main_cm0p.c   ****         
 102:main_cm0p.c   ****         /* Put CM0+ to Deep Sleep mode. The BLE hardware automatically wakes
 103:main_cm0p.c   ****             up the CPU if processing is required */
 104:main_cm0p.c   ****         Cy_SysPm_DeepSleep(CY_SYSPM_WAIT_FOR_INTERRUPT);
  70              		.loc 1 104 0 discriminator 1
  71 0022 0020     		movs	r0, #0
  72 0024 FFF7FEFF 		bl	Cy_SysPm_DeepSleep
  73              	.LVL4:
  74 0028 F9E7     		b	.L4
  75              	.L6:
  76 002a C046     		.align	2
  77              	.L5:
  78 002c 00000810 		.word	268959744
  79 0030 00000000 		.word	.LC0
  80              		.cfi_endproc
  81              	.LFE491:
  82              		.size	main, .-main
  83              		.section	.rodata.str1.4,"aMS",%progbits,1
  84              		.align	2
  85              	.LC0:
  86 0000 6D61696E 		.ascii	"main_cm0p.c\000"
  86      5F636D30 
  86      702E6300 
  87              		.text
  88              	.Letext0:
  89              		.file 3 "c:\\program files (x86)\\cypress\\psoc creator\\4.2\\psoc creator\\import\\gnu\\arm\\5.4.
  90              		.file 4 "c:\\program files (x86)\\cypress\\psoc creator\\4.2\\psoc creator\\import\\gnu\\arm\\5.4.
  91              		.file 5 "Generated_Source\\PSoC6\\pdl\\drivers/peripheral/syslib/cy_syslib.h"
  92              		.file 6 "Generated_Source\\PSoC6\\pdl\\drivers/peripheral/syspm/cy_syspm.h"
  93              		.file 7 "Generated_Source\\PSoC6\\pdl\\drivers/peripheral/rtc/cy_rtc.h"
  94              		.file 8 "Generated_Source\\PSoC6\\pdl\\drivers/peripheral/scb/cy_scb_spi.h"
ARM GAS  C:\Users\kateb\AppData\Local\Temp\ccvfHqEt.s 			page 6


  95              		.file 9 "Generated_Source\\PSoC6\\pdl\\drivers/peripheral/scb/cy_scb_uart.h"
  96              		.file 10 "Generated_Source\\PSoC6\\pdl\\drivers/peripheral/sar/cy_sar.h"
  97              		.file 11 "Generated_Source\\PSoC6\\pdl\\middleware/ble/cy_ble_stack.h"
  98              		.file 12 "Generated_Source\\PSoC6/ADC.h"
  99              		.file 13 "Generated_Source\\PSoC6/DEBUG_UART.h"
 100              		.file 14 "Generated_Source\\PSoC6/RTC.h"
 101              		.file 15 "Generated_Source\\PSoC6/CY_EINK_SPIM.h"
 102              		.file 16 "Generated_Source\\PSoC6/BLE.h"
 103              		.file 17 "./system_psoc63.h"
 104              		.section	.debug_info,"",%progbits
 105              	.Ldebug_info0:
 106 0000 10070000 		.4byte	0x710
 107 0004 0400     		.2byte	0x4
 108 0006 00000000 		.4byte	.Ldebug_abbrev0
 109 000a 04       		.byte	0x4
 110 000b 01       		.uleb128 0x1
 111 000c 43070000 		.4byte	.LASF126
 112 0010 0C       		.byte	0xc
 113 0011 4A000000 		.4byte	.LASF127
 114 0015 FF040000 		.4byte	.LASF128
 115 0019 00000000 		.4byte	.Ldebug_ranges0+0
 116 001d 00000000 		.4byte	0
 117 0021 00000000 		.4byte	.Ldebug_line0
 118 0025 02       		.uleb128 0x2
 119 0026 02       		.byte	0x2
 120 0027 05       		.byte	0x5
 121 0028 8E060000 		.4byte	.LASF0
 122 002c 02       		.uleb128 0x2
 123 002d 01       		.byte	0x1
 124 002e 08       		.byte	0x8
 125 002f 44060000 		.4byte	.LASF1
 126 0033 02       		.uleb128 0x2
 127 0034 01       		.byte	0x1
 128 0035 06       		.byte	0x6
 129 0036 9A010000 		.4byte	.LASF2
 130 003a 03       		.uleb128 0x3
 131 003b 56000000 		.4byte	.LASF5
 132 003f 03       		.byte	0x3
 133 0040 1D       		.byte	0x1d
 134 0041 2C000000 		.4byte	0x2c
 135 0045 02       		.uleb128 0x2
 136 0046 02       		.byte	0x2
 137 0047 07       		.byte	0x7
 138 0048 17040000 		.4byte	.LASF3
 139 004c 02       		.uleb128 0x2
 140 004d 04       		.byte	0x4
 141 004e 05       		.byte	0x5
 142 004f 90020000 		.4byte	.LASF4
 143 0053 03       		.uleb128 0x3
 144 0054 5C030000 		.4byte	.LASF6
 145 0058 03       		.byte	0x3
 146 0059 41       		.byte	0x41
 147 005a 5E000000 		.4byte	0x5e
 148 005e 02       		.uleb128 0x2
 149 005f 04       		.byte	0x4
 150 0060 07       		.byte	0x7
 151 0061 E4030000 		.4byte	.LASF7
ARM GAS  C:\Users\kateb\AppData\Local\Temp\ccvfHqEt.s 			page 7


 152 0065 02       		.uleb128 0x2
 153 0066 08       		.byte	0x8
 154 0067 05       		.byte	0x5
 155 0068 8C010000 		.4byte	.LASF8
 156 006c 02       		.uleb128 0x2
 157 006d 08       		.byte	0x8
 158 006e 07       		.byte	0x7
 159 006f 01010000 		.4byte	.LASF9
 160 0073 04       		.uleb128 0x4
 161 0074 04       		.byte	0x4
 162 0075 05       		.byte	0x5
 163 0076 696E7400 		.ascii	"int\000"
 164 007a 02       		.uleb128 0x2
 165 007b 04       		.byte	0x4
 166 007c 07       		.byte	0x7
 167 007d D0030000 		.4byte	.LASF10
 168 0081 03       		.uleb128 0x3
 169 0082 4A090000 		.4byte	.LASF11
 170 0086 04       		.byte	0x4
 171 0087 18       		.byte	0x18
 172 0088 3A000000 		.4byte	0x3a
 173 008c 03       		.uleb128 0x3
 174 008d DB060000 		.4byte	.LASF12
 175 0091 04       		.byte	0x4
 176 0092 30       		.byte	0x30
 177 0093 53000000 		.4byte	0x53
 178 0097 02       		.uleb128 0x2
 179 0098 04       		.byte	0x4
 180 0099 07       		.byte	0x7
 181 009a DE040000 		.4byte	.LASF13
 182 009e 05       		.uleb128 0x5
 183 009f 8C000000 		.4byte	0x8c
 184 00a3 02       		.uleb128 0x2
 185 00a4 08       		.byte	0x8
 186 00a5 04       		.byte	0x4
 187 00a6 D5070000 		.4byte	.LASF14
 188 00aa 06       		.uleb128 0x6
 189 00ab DD030000 		.4byte	.LASF15
 190 00af 05       		.byte	0x5
 191 00b0 C401     		.2byte	0x1c4
 192 00b2 B6000000 		.4byte	0xb6
 193 00b6 02       		.uleb128 0x2
 194 00b7 01       		.byte	0x1
 195 00b8 08       		.byte	0x8
 196 00b9 E1070000 		.4byte	.LASF16
 197 00bd 02       		.uleb128 0x2
 198 00be 04       		.byte	0x4
 199 00bf 04       		.byte	0x4
 200 00c0 B2050000 		.4byte	.LASF17
 201 00c4 02       		.uleb128 0x2
 202 00c5 08       		.byte	0x8
 203 00c6 04       		.byte	0x4
 204 00c7 36030000 		.4byte	.LASF18
 205 00cb 07       		.uleb128 0x7
 206 00cc 01       		.byte	0x1
 207 00cd 2C000000 		.4byte	0x2c
 208 00d1 06       		.byte	0x6
ARM GAS  C:\Users\kateb\AppData\Local\Temp\ccvfHqEt.s 			page 8


 209 00d2 CE03     		.2byte	0x3ce
 210 00d4 E5000000 		.4byte	0xe5
 211 00d8 08       		.uleb128 0x8
 212 00d9 CD080000 		.4byte	.LASF19
 213 00dd 00       		.byte	0
 214 00de 08       		.uleb128 0x8
 215 00df F6030000 		.4byte	.LASF20
 216 00e3 01       		.byte	0x1
 217 00e4 00       		.byte	0
 218 00e5 09       		.uleb128 0x9
 219 00e6 04       		.byte	0x4
 220 00e7 02       		.uleb128 0x2
 221 00e8 01       		.byte	0x1
 222 00e9 02       		.byte	0x2
 223 00ea 3E060000 		.4byte	.LASF21
 224 00ee 07       		.uleb128 0x7
 225 00ef 01       		.byte	0x1
 226 00f0 2C000000 		.4byte	0x2c
 227 00f4 07       		.byte	0x7
 228 00f5 6A01     		.2byte	0x16a
 229 00f7 08010000 		.4byte	0x108
 230 00fb 08       		.uleb128 0x8
 231 00fc 78010000 		.4byte	.LASF22
 232 0100 00       		.byte	0
 233 0101 08       		.uleb128 0x8
 234 0102 7F020000 		.4byte	.LASF23
 235 0106 01       		.byte	0x1
 236 0107 00       		.byte	0
 237 0108 06       		.uleb128 0x6
 238 0109 B1040000 		.4byte	.LASF24
 239 010d 07       		.byte	0x7
 240 010e 6D01     		.2byte	0x16d
 241 0110 EE000000 		.4byte	0xee
 242 0114 0A       		.uleb128 0xa
 243 0115 18       		.byte	0x18
 244 0116 07       		.byte	0x7
 245 0117 CE01     		.2byte	0x1ce
 246 0119 6C010000 		.4byte	0x16c
 247 011d 0B       		.uleb128 0xb
 248 011e D4060000 		.4byte	.LASF25
 249 0122 07       		.byte	0x7
 250 0123 D001     		.2byte	0x1d0
 251 0125 08010000 		.4byte	0x108
 252 0129 00       		.byte	0
 253 012a 0B       		.uleb128 0xb
 254 012b 85050000 		.4byte	.LASF26
 255 012f 07       		.byte	0x7
 256 0130 D301     		.2byte	0x1d3
 257 0132 8C000000 		.4byte	0x8c
 258 0136 04       		.byte	0x4
 259 0137 0B       		.uleb128 0xb
 260 0138 B8050000 		.4byte	.LASF27
 261 013c 07       		.byte	0x7
 262 013d D501     		.2byte	0x1d5
 263 013f 8C000000 		.4byte	0x8c
 264 0143 08       		.byte	0x8
 265 0144 0B       		.uleb128 0xb
ARM GAS  C:\Users\kateb\AppData\Local\Temp\ccvfHqEt.s 			page 9


 266 0145 C8040000 		.4byte	.LASF28
 267 0149 07       		.byte	0x7
 268 014a D801     		.2byte	0x1d8
 269 014c 8C000000 		.4byte	0x8c
 270 0150 0C       		.byte	0xc
 271 0151 0B       		.uleb128 0xb
 272 0152 D4040000 		.4byte	.LASF29
 273 0156 07       		.byte	0x7
 274 0157 DC01     		.2byte	0x1dc
 275 0159 8C000000 		.4byte	0x8c
 276 015d 10       		.byte	0x10
 277 015e 0B       		.uleb128 0xb
 278 015f A6030000 		.4byte	.LASF30
 279 0163 07       		.byte	0x7
 280 0164 E001     		.2byte	0x1e0
 281 0166 8C000000 		.4byte	0x8c
 282 016a 14       		.byte	0x14
 283 016b 00       		.byte	0
 284 016c 06       		.uleb128 0x6
 285 016d E9080000 		.4byte	.LASF31
 286 0171 07       		.byte	0x7
 287 0172 E201     		.2byte	0x1e2
 288 0174 14010000 		.4byte	0x114
 289 0178 0A       		.uleb128 0xa
 290 0179 30       		.byte	0x30
 291 017a 07       		.byte	0x7
 292 017b E501     		.2byte	0x1e5
 293 017d 9C010000 		.4byte	0x19c
 294 0181 0B       		.uleb128 0xb
 295 0182 3F020000 		.4byte	.LASF32
 296 0186 07       		.byte	0x7
 297 0187 E701     		.2byte	0x1e7
 298 0189 6C010000 		.4byte	0x16c
 299 018d 00       		.byte	0
 300 018e 0B       		.uleb128 0xb
 301 018f DE090000 		.4byte	.LASF33
 302 0193 07       		.byte	0x7
 303 0194 E801     		.2byte	0x1e8
 304 0196 6C010000 		.4byte	0x16c
 305 019a 18       		.byte	0x18
 306 019b 00       		.byte	0
 307 019c 06       		.uleb128 0x6
 308 019d FA020000 		.4byte	.LASF34
 309 01a1 07       		.byte	0x7
 310 01a2 E901     		.2byte	0x1e9
 311 01a4 78010000 		.4byte	0x178
 312 01a8 0C       		.uleb128 0xc
 313 01a9 04       		.byte	0x4
 314 01aa AE010000 		.4byte	0x1ae
 315 01ae 0D       		.uleb128 0xd
 316 01af B9010000 		.4byte	0x1b9
 317 01b3 0E       		.uleb128 0xe
 318 01b4 8C000000 		.4byte	0x8c
 319 01b8 00       		.byte	0
 320 01b9 06       		.uleb128 0x6
 321 01ba 21020000 		.4byte	.LASF35
 322 01be 08       		.byte	0x8
ARM GAS  C:\Users\kateb\AppData\Local\Temp\ccvfHqEt.s 			page 10


 323 01bf BF01     		.2byte	0x1bf
 324 01c1 A8010000 		.4byte	0x1a8
 325 01c5 0F       		.uleb128 0xf
 326 01c6 E3020000 		.4byte	.LASF47
 327 01ca 24       		.byte	0x24
 328 01cb 08       		.byte	0x8
 329 01cc 4102     		.2byte	0x241
 330 01ce 48020000 		.4byte	0x248
 331 01d2 0B       		.uleb128 0xb
 332 01d3 B4060000 		.4byte	.LASF36
 333 01d7 08       		.byte	0x8
 334 01d8 4402     		.2byte	0x244
 335 01da 9E000000 		.4byte	0x9e
 336 01de 00       		.byte	0
 337 01df 0B       		.uleb128 0xb
 338 01e0 09090000 		.4byte	.LASF37
 339 01e4 08       		.byte	0x8
 340 01e5 4602     		.2byte	0x246
 341 01e7 E5000000 		.4byte	0xe5
 342 01eb 04       		.byte	0x4
 343 01ec 0B       		.uleb128 0xb
 344 01ed 15000000 		.4byte	.LASF38
 345 01f1 08       		.byte	0x8
 346 01f2 4702     		.2byte	0x247
 347 01f4 8C000000 		.4byte	0x8c
 348 01f8 08       		.byte	0x8
 349 01f9 0B       		.uleb128 0xb
 350 01fa 73030000 		.4byte	.LASF39
 351 01fe 08       		.byte	0x8
 352 01ff 4802     		.2byte	0x248
 353 0201 9E000000 		.4byte	0x9e
 354 0205 0C       		.byte	0xc
 355 0206 0B       		.uleb128 0xb
 356 0207 22010000 		.4byte	.LASF40
 357 020b 08       		.byte	0x8
 358 020c 4A02     		.2byte	0x24a
 359 020e E5000000 		.4byte	0xe5
 360 0212 10       		.byte	0x10
 361 0213 0B       		.uleb128 0xb
 362 0214 9C030000 		.4byte	.LASF41
 363 0218 08       		.byte	0x8
 364 0219 4B02     		.2byte	0x24b
 365 021b 8C000000 		.4byte	0x8c
 366 021f 14       		.byte	0x14
 367 0220 0B       		.uleb128 0xb
 368 0221 300A0000 		.4byte	.LASF42
 369 0225 08       		.byte	0x8
 370 0226 4C02     		.2byte	0x24c
 371 0228 9E000000 		.4byte	0x9e
 372 022c 18       		.byte	0x18
 373 022d 0B       		.uleb128 0xb
 374 022e 5E040000 		.4byte	.LASF43
 375 0232 08       		.byte	0x8
 376 0233 5202     		.2byte	0x252
 377 0235 B9010000 		.4byte	0x1b9
 378 0239 1C       		.byte	0x1c
 379 023a 0B       		.uleb128 0xb
ARM GAS  C:\Users\kateb\AppData\Local\Temp\ccvfHqEt.s 			page 11


 380 023b 01090000 		.4byte	.LASF44
 381 023f 08       		.byte	0x8
 382 0240 5502     		.2byte	0x255
 383 0242 8C000000 		.4byte	0x8c
 384 0246 20       		.byte	0x20
 385 0247 00       		.byte	0
 386 0248 06       		.uleb128 0x6
 387 0249 8E040000 		.4byte	.LASF45
 388 024d 08       		.byte	0x8
 389 024e 5802     		.2byte	0x258
 390 0250 C5010000 		.4byte	0x1c5
 391 0254 06       		.uleb128 0x6
 392 0255 90080000 		.4byte	.LASF46
 393 0259 09       		.byte	0x9
 394 025a AB01     		.2byte	0x1ab
 395 025c A8010000 		.4byte	0x1a8
 396 0260 0F       		.uleb128 0xf
 397 0261 180A0000 		.4byte	.LASF48
 398 0265 38       		.byte	0x38
 399 0266 09       		.byte	0x9
 400 0267 4702     		.2byte	0x247
 401 0269 24030000 		.4byte	0x324
 402 026d 0B       		.uleb128 0xb
 403 026e 0E040000 		.4byte	.LASF49
 404 0272 09       		.byte	0x9
 405 0273 4A02     		.2byte	0x24a
 406 0275 9E000000 		.4byte	0x9e
 407 0279 00       		.byte	0
 408 027a 0B       		.uleb128 0xb
 409 027b 6F050000 		.4byte	.LASF50
 410 027f 09       		.byte	0x9
 411 0280 4B02     		.2byte	0x24b
 412 0282 9E000000 		.4byte	0x9e
 413 0286 04       		.byte	0x4
 414 0287 0B       		.uleb128 0xb
 415 0288 18010000 		.4byte	.LASF51
 416 028c 09       		.byte	0x9
 417 028d 4D02     		.2byte	0x24d
 418 028f E5000000 		.4byte	0xe5
 419 0293 08       		.byte	0x8
 420 0294 0B       		.uleb128 0xb
 421 0295 6B080000 		.4byte	.LASF52
 422 0299 09       		.byte	0x9
 423 029a 4E02     		.2byte	0x24e
 424 029c 8C000000 		.4byte	0x8c
 425 02a0 0C       		.byte	0xc
 426 02a1 0B       		.uleb128 0xb
 427 02a2 5D080000 		.4byte	.LASF53
 428 02a6 09       		.byte	0x9
 429 02a7 4F02     		.2byte	0x24f
 430 02a9 9E000000 		.4byte	0x9e
 431 02ad 10       		.byte	0x10
 432 02ae 0B       		.uleb128 0xb
 433 02af B0090000 		.4byte	.LASF54
 434 02b3 09       		.byte	0x9
 435 02b4 5002     		.2byte	0x250
 436 02b6 9E000000 		.4byte	0x9e
ARM GAS  C:\Users\kateb\AppData\Local\Temp\ccvfHqEt.s 			page 12


 437 02ba 14       		.byte	0x14
 438 02bb 0B       		.uleb128 0xb
 439 02bc 09090000 		.4byte	.LASF37
 440 02c0 09       		.byte	0x9
 441 02c1 5202     		.2byte	0x252
 442 02c3 E5000000 		.4byte	0xe5
 443 02c7 18       		.byte	0x18
 444 02c8 0B       		.uleb128 0xb
 445 02c9 15000000 		.4byte	.LASF38
 446 02cd 09       		.byte	0x9
 447 02ce 5302     		.2byte	0x253
 448 02d0 8C000000 		.4byte	0x8c
 449 02d4 1C       		.byte	0x1c
 450 02d5 0B       		.uleb128 0xb
 451 02d6 73030000 		.4byte	.LASF39
 452 02da 09       		.byte	0x9
 453 02db 5402     		.2byte	0x254
 454 02dd 9E000000 		.4byte	0x9e
 455 02e1 20       		.byte	0x20
 456 02e2 0B       		.uleb128 0xb
 457 02e3 22010000 		.4byte	.LASF40
 458 02e7 09       		.byte	0x9
 459 02e8 5602     		.2byte	0x256
 460 02ea E5000000 		.4byte	0xe5
 461 02ee 24       		.byte	0x24
 462 02ef 0B       		.uleb128 0xb
 463 02f0 9C030000 		.4byte	.LASF41
 464 02f4 09       		.byte	0x9
 465 02f5 5702     		.2byte	0x257
 466 02f7 8C000000 		.4byte	0x8c
 467 02fb 28       		.byte	0x28
 468 02fc 0B       		.uleb128 0xb
 469 02fd 0D060000 		.4byte	.LASF55
 470 0301 09       		.byte	0x9
 471 0302 5802     		.2byte	0x258
 472 0304 9E000000 		.4byte	0x9e
 473 0308 2C       		.byte	0x2c
 474 0309 0B       		.uleb128 0xb
 475 030a 5E040000 		.4byte	.LASF43
 476 030e 09       		.byte	0x9
 477 030f 5D02     		.2byte	0x25d
 478 0311 54020000 		.4byte	0x254
 479 0315 30       		.byte	0x30
 480 0316 0B       		.uleb128 0xb
 481 0317 01090000 		.4byte	.LASF44
 482 031b 09       		.byte	0x9
 483 031c 6002     		.2byte	0x260
 484 031e 8C000000 		.4byte	0x8c
 485 0322 34       		.byte	0x34
 486 0323 00       		.byte	0
 487 0324 06       		.uleb128 0x6
 488 0325 CC010000 		.4byte	.LASF56
 489 0329 09       		.byte	0x9
 490 032a 6302     		.2byte	0x263
 491 032c 60020000 		.4byte	0x260
 492 0330 07       		.uleb128 0x7
 493 0331 01       		.byte	0x1
ARM GAS  C:\Users\kateb\AppData\Local\Temp\ccvfHqEt.s 			page 13


 494 0332 2C000000 		.4byte	0x2c
 495 0336 0A       		.byte	0xa
 496 0337 0504     		.2byte	0x405
 497 0339 56030000 		.4byte	0x356
 498 033d 08       		.uleb128 0x8
 499 033e 48020000 		.4byte	.LASF57
 500 0342 00       		.byte	0
 501 0343 08       		.uleb128 0x8
 502 0344 25060000 		.4byte	.LASF58
 503 0348 01       		.byte	0x1
 504 0349 08       		.uleb128 0x8
 505 034a 1E030000 		.4byte	.LASF59
 506 034e 02       		.byte	0x2
 507 034f 08       		.uleb128 0x8
 508 0350 96090000 		.4byte	.LASF60
 509 0354 03       		.byte	0x3
 510 0355 00       		.byte	0
 511 0356 06       		.uleb128 0x6
 512 0357 F3010000 		.4byte	.LASF61
 513 035b 0A       		.byte	0xa
 514 035c 0A04     		.2byte	0x40a
 515 035e 30030000 		.4byte	0x330
 516 0362 0A       		.uleb128 0xa
 517 0363 78       		.byte	0x78
 518 0364 0A       		.byte	0xa
 519 0365 F404     		.2byte	0x4f4
 520 0367 2F040000 		.4byte	0x42f
 521 036b 0B       		.uleb128 0xb
 522 036c 7C030000 		.4byte	.LASF62
 523 0370 0A       		.byte	0xa
 524 0371 F604     		.2byte	0x4f6
 525 0373 8C000000 		.4byte	0x8c
 526 0377 00       		.byte	0
 527 0378 0B       		.uleb128 0xb
 528 0379 3F090000 		.4byte	.LASF63
 529 037d 0A       		.byte	0xa
 530 037e F704     		.2byte	0x4f7
 531 0380 8C000000 		.4byte	0x8c
 532 0384 04       		.byte	0x4
 533 0385 0B       		.uleb128 0xb
 534 0386 4F030000 		.4byte	.LASF64
 535 038a 0A       		.byte	0xa
 536 038b F804     		.2byte	0x4f8
 537 038d 8C000000 		.4byte	0x8c
 538 0391 08       		.byte	0x8
 539 0392 0B       		.uleb128 0xb
 540 0393 F2040000 		.4byte	.LASF65
 541 0397 0A       		.byte	0xa
 542 0398 F904     		.2byte	0x4f9
 543 039a 8C000000 		.4byte	0x8c
 544 039e 0C       		.byte	0xc
 545 039f 0B       		.uleb128 0xb
 546 03a0 39040000 		.4byte	.LASF66
 547 03a4 0A       		.byte	0xa
 548 03a5 FA04     		.2byte	0x4fa
 549 03a7 8C000000 		.4byte	0x8c
 550 03ab 10       		.byte	0x10
ARM GAS  C:\Users\kateb\AppData\Local\Temp\ccvfHqEt.s 			page 14


 551 03ac 0B       		.uleb128 0xb
 552 03ad 0F090000 		.4byte	.LASF67
 553 03b1 0A       		.byte	0xa
 554 03b2 FB04     		.2byte	0x4fb
 555 03b4 56030000 		.4byte	0x356
 556 03b8 14       		.byte	0x14
 557 03b9 0B       		.uleb128 0xb
 558 03ba 1E060000 		.4byte	.LASF68
 559 03be 0A       		.byte	0xa
 560 03bf FC04     		.2byte	0x4fc
 561 03c1 8C000000 		.4byte	0x8c
 562 03c5 18       		.byte	0x18
 563 03c6 0B       		.uleb128 0xb
 564 03c7 83040000 		.4byte	.LASF69
 565 03cb 0A       		.byte	0xa
 566 03cc FD04     		.2byte	0x4fd
 567 03ce 2F040000 		.4byte	0x42f
 568 03d2 1C       		.byte	0x1c
 569 03d3 0B       		.uleb128 0xb
 570 03d4 AB060000 		.4byte	.LASF70
 571 03d8 0A       		.byte	0xa
 572 03d9 FE04     		.2byte	0x4fe
 573 03db 8C000000 		.4byte	0x8c
 574 03df 5C       		.byte	0x5c
 575 03e0 0B       		.uleb128 0xb
 576 03e1 2D000000 		.4byte	.LASF71
 577 03e5 0A       		.byte	0xa
 578 03e6 FF04     		.2byte	0x4ff
 579 03e8 8C000000 		.4byte	0x8c
 580 03ec 60       		.byte	0x60
 581 03ed 0B       		.uleb128 0xb
 582 03ee 8A050000 		.4byte	.LASF72
 583 03f2 0A       		.byte	0xa
 584 03f3 0005     		.2byte	0x500
 585 03f5 8C000000 		.4byte	0x8c
 586 03f9 64       		.byte	0x64
 587 03fa 0B       		.uleb128 0xb
 588 03fb A7040000 		.4byte	.LASF73
 589 03ff 0A       		.byte	0xa
 590 0400 0105     		.2byte	0x501
 591 0402 8C000000 		.4byte	0x8c
 592 0406 68       		.byte	0x68
 593 0407 0B       		.uleb128 0xb
 594 0408 E6090000 		.4byte	.LASF74
 595 040c 0A       		.byte	0xa
 596 040d 0205     		.2byte	0x502
 597 040f 8C000000 		.4byte	0x8c
 598 0413 6C       		.byte	0x6c
 599 0414 0B       		.uleb128 0xb
 600 0415 61050000 		.4byte	.LASF75
 601 0419 0A       		.byte	0xa
 602 041a 0305     		.2byte	0x503
 603 041c E7000000 		.4byte	0xe7
 604 0420 70       		.byte	0x70
 605 0421 0B       		.uleb128 0xb
 606 0422 37070000 		.4byte	.LASF76
 607 0426 0A       		.byte	0xa
ARM GAS  C:\Users\kateb\AppData\Local\Temp\ccvfHqEt.s 			page 15


 608 0427 0405     		.2byte	0x504
 609 0429 8C000000 		.4byte	0x8c
 610 042d 74       		.byte	0x74
 611 042e 00       		.byte	0
 612 042f 10       		.uleb128 0x10
 613 0430 8C000000 		.4byte	0x8c
 614 0434 3F040000 		.4byte	0x43f
 615 0438 11       		.uleb128 0x11
 616 0439 97000000 		.4byte	0x97
 617 043d 0F       		.byte	0xf
 618 043e 00       		.byte	0
 619 043f 06       		.uleb128 0x6
 620 0440 CA090000 		.4byte	.LASF77
 621 0444 0A       		.byte	0xa
 622 0445 0505     		.2byte	0x505
 623 0447 62030000 		.4byte	0x362
 624 044b 07       		.uleb128 0x7
 625 044c 04       		.byte	0x4
 626 044d 7A000000 		.4byte	0x7a
 627 0451 0B       		.byte	0xb
 628 0452 BF04     		.2byte	0x4bf
 629 0454 64050000 		.4byte	0x564
 630 0458 08       		.uleb128 0x8
 631 0459 2A040000 		.4byte	.LASF78
 632 045d 00       		.byte	0
 633 045e 12       		.uleb128 0x12
 634 045f 7F000000 		.4byte	.LASF79
 635 0463 01001400 		.4byte	0x140001
 636 0467 12       		.uleb128 0x12
 637 0468 F5070000 		.4byte	.LASF80
 638 046c 01001600 		.4byte	0x160001
 639 0470 12       		.uleb128 0x12
 640 0471 60020000 		.4byte	.LASF81
 641 0475 02001600 		.4byte	0x160002
 642 0479 12       		.uleb128 0x12
 643 047a 52010000 		.4byte	.LASF82
 644 047e 03001600 		.4byte	0x160003
 645 0482 12       		.uleb128 0x12
 646 0483 BF020000 		.4byte	.LASF83
 647 0487 04001600 		.4byte	0x160004
 648 048b 12       		.uleb128 0x12
 649 048c 6F060000 		.4byte	.LASF84
 650 0490 05001600 		.4byte	0x160005
 651 0494 12       		.uleb128 0x12
 652 0495 81030000 		.4byte	.LASF85
 653 0499 06001600 		.4byte	0x160006
 654 049d 12       		.uleb128 0x12
 655 049e 78090000 		.4byte	.LASF86
 656 04a2 07001600 		.4byte	0x160007
 657 04a6 12       		.uleb128 0x12
 658 04a7 CC000000 		.4byte	.LASF87
 659 04ab 08001600 		.4byte	0x160008
 660 04af 12       		.uleb128 0x12
 661 04b0 60000000 		.4byte	.LASF88
 662 04b4 09001600 		.4byte	0x160009
 663 04b8 12       		.uleb128 0x12
 664 04b9 2C080000 		.4byte	.LASF89
ARM GAS  C:\Users\kateb\AppData\Local\Temp\ccvfHqEt.s 			page 16


 665 04bd 0A001600 		.4byte	0x16000a
 666 04c1 12       		.uleb128 0x12
 667 04c2 14080000 		.4byte	.LASF90
 668 04c6 0B001600 		.4byte	0x16000b
 669 04ca 12       		.uleb128 0x12
 670 04cb 99020000 		.4byte	.LASF91
 671 04cf 0C001600 		.4byte	0x16000c
 672 04d3 12       		.uleb128 0x12
 673 04d4 28010000 		.4byte	.LASF92
 674 04d8 0D001600 		.4byte	0x16000d
 675 04dc 12       		.uleb128 0x12
 676 04dd A6010000 		.4byte	.LASF93
 677 04e1 0E001600 		.4byte	0x16000e
 678 04e5 12       		.uleb128 0x12
 679 04e6 E4060000 		.4byte	.LASF94
 680 04ea 0F001600 		.4byte	0x16000f
 681 04ee 12       		.uleb128 0x12
 682 04ef AC030000 		.4byte	.LASF95
 683 04f3 10001600 		.4byte	0x160010
 684 04f7 12       		.uleb128 0x12
 685 04f8 D9050000 		.4byte	.LASF96
 686 04fc 11001600 		.4byte	0x160011
 687 0500 12       		.uleb128 0x12
 688 0501 52090000 		.4byte	.LASF97
 689 0505 12001600 		.4byte	0x160012
 690 0509 12       		.uleb128 0x12
 691 050a BB060000 		.4byte	.LASF98
 692 050e 13001600 		.4byte	0x160013
 693 0512 12       		.uleb128 0x12
 694 0513 F6090000 		.4byte	.LASF99
 695 0517 14001600 		.4byte	0x160014
 696 051b 12       		.uleb128 0x12
 697 051c AF080000 		.4byte	.LASF100
 698 0520 15001600 		.4byte	0x160015
 699 0524 12       		.uleb128 0x12
 700 0525 A3000000 		.4byte	.LASF101
 701 0529 16001600 		.4byte	0x160016
 702 052d 12       		.uleb128 0x12
 703 052e 44040000 		.4byte	.LASF102
 704 0532 17001600 		.4byte	0x160017
 705 0536 12       		.uleb128 0x12
 706 0537 98050000 		.4byte	.LASF103
 707 053b 18001600 		.4byte	0x160018
 708 053f 12       		.uleb128 0x12
 709 0540 13070000 		.4byte	.LASF104
 710 0544 19001600 		.4byte	0x160019
 711 0548 12       		.uleb128 0x12
 712 0549 52060000 		.4byte	.LASF105
 713 054d FE001600 		.4byte	0x1600fe
 714 0551 12       		.uleb128 0x12
 715 0552 42080000 		.4byte	.LASF106
 716 0556 FF001600 		.4byte	0x1600ff
 717 055a 12       		.uleb128 0x12
 718 055b 2E090000 		.4byte	.LASF107
 719 055f FFFF1600 		.4byte	0x16ffff
 720 0563 00       		.byte	0
 721 0564 13       		.uleb128 0x13
ARM GAS  C:\Users\kateb\AppData\Local\Temp\ccvfHqEt.s 			page 17


 722 0565 81000000 		.4byte	0x81
 723 0569 14       		.uleb128 0x14
 724 056a 14       		.byte	0x14
 725 056b 0C       		.byte	0xc
 726 056c 3B       		.byte	0x3b
 727 056d AE050000 		.4byte	0x5ae
 728 0571 15       		.uleb128 0x15
 729 0572 BE090000 		.4byte	.LASF108
 730 0576 0C       		.byte	0xc
 731 0577 3D       		.byte	0x3d
 732 0578 8C000000 		.4byte	0x8c
 733 057c 00       		.byte	0
 734 057d 15       		.uleb128 0x15
 735 057e 77040000 		.4byte	.LASF109
 736 0582 0C       		.byte	0xc
 737 0583 3E       		.byte	0x3e
 738 0584 8C000000 		.4byte	0x8c
 739 0588 04       		.byte	0x4
 740 0589 15       		.uleb128 0x15
 741 058a 67030000 		.4byte	.LASF110
 742 058e 0C       		.byte	0xc
 743 058f 3F       		.byte	0x3f
 744 0590 AE050000 		.4byte	0x5ae
 745 0594 08       		.byte	0x8
 746 0595 15       		.uleb128 0x15
 747 0596 E7040000 		.4byte	.LASF111
 748 059a 0C       		.byte	0xc
 749 059b 40       		.byte	0x40
 750 059c 8C000000 		.4byte	0x8c
 751 05a0 0C       		.byte	0xc
 752 05a1 15       		.uleb128 0x15
 753 05a2 16020000 		.4byte	.LASF112
 754 05a6 0C       		.byte	0xc
 755 05a7 45       		.byte	0x45
 756 05a8 8C000000 		.4byte	0x8c
 757 05ac 10       		.byte	0x10
 758 05ad 00       		.byte	0
 759 05ae 0C       		.uleb128 0xc
 760 05af 04       		.byte	0x4
 761 05b0 B4050000 		.4byte	0x5b4
 762 05b4 13       		.uleb128 0x13
 763 05b5 3F040000 		.4byte	0x43f
 764 05b9 03       		.uleb128 0x3
 765 05ba 3D030000 		.4byte	.LASF113
 766 05be 0C       		.byte	0xc
 767 05bf 48       		.byte	0x48
 768 05c0 69050000 		.4byte	0x569
 769 05c4 16       		.uleb128 0x16
 770 05c5 78050000 		.4byte	.LASF129
 771 05c9 02       		.byte	0x2
 772 05ca 53       		.byte	0x53
 773 05cb 03       		.byte	0x3
 774 05cc 17       		.uleb128 0x17
 775 05cd 130A0000 		.4byte	.LASF130
 776 05d1 01       		.byte	0x1
 777 05d2 42       		.byte	0x42
 778 05d3 73000000 		.4byte	0x73
ARM GAS  C:\Users\kateb\AppData\Local\Temp\ccvfHqEt.s 			page 18


 779 05d7 00000000 		.4byte	.LFB491
 780 05db 34000000 		.4byte	.LFE491-.LFB491
 781 05df 01       		.uleb128 0x1
 782 05e0 9C       		.byte	0x9c
 783 05e1 54060000 		.4byte	0x654
 784 05e5 18       		.uleb128 0x18
 785 05e6 C4050000 		.4byte	0x5c4
 786 05ea 02000000 		.4byte	.LBB4
 787 05ee 02000000 		.4byte	.LBE4-.LBB4
 788 05f2 01       		.byte	0x1
 789 05f3 45       		.byte	0x45
 790 05f4 19       		.uleb128 0x19
 791 05f5 0A000000 		.4byte	.LVL0
 792 05f9 D8060000 		.4byte	0x6d8
 793 05fd 07060000 		.4byte	0x607
 794 0601 1A       		.uleb128 0x1a
 795 0602 01       		.uleb128 0x1
 796 0603 50       		.byte	0x50
 797 0604 01       		.uleb128 0x1
 798 0605 30       		.byte	0x30
 799 0606 00       		.byte	0
 800 0607 19       		.uleb128 0x19
 801 0608 14000000 		.4byte	.LVL1
 802 060c E3060000 		.4byte	0x6e3
 803 0610 1E060000 		.4byte	0x61e
 804 0614 1A       		.uleb128 0x1a
 805 0615 01       		.uleb128 0x1
 806 0616 50       		.byte	0x50
 807 0617 05       		.uleb128 0x5
 808 0618 0C       		.byte	0xc
 809 0619 00000810 		.4byte	0x10080000
 810 061d 00       		.byte	0
 811 061e 19       		.uleb128 0x19
 812 061f 1E000000 		.4byte	.LVL2
 813 0623 EF060000 		.4byte	0x6ef
 814 0627 3B060000 		.4byte	0x63b
 815 062b 1A       		.uleb128 0x1a
 816 062c 01       		.uleb128 0x1
 817 062d 50       		.byte	0x50
 818 062e 05       		.uleb128 0x5
 819 062f 03       		.byte	0x3
 820 0630 00000000 		.4byte	.LC0
 821 0634 1A       		.uleb128 0x1a
 822 0635 01       		.uleb128 0x1
 823 0636 51       		.byte	0x51
 824 0637 02       		.uleb128 0x2
 825 0638 08       		.byte	0x8
 826 0639 5D       		.byte	0x5d
 827 063a 00       		.byte	0
 828 063b 1B       		.uleb128 0x1b
 829 063c 22000000 		.4byte	.LVL3
 830 0640 FB060000 		.4byte	0x6fb
 831 0644 1C       		.uleb128 0x1c
 832 0645 28000000 		.4byte	.LVL4
 833 0649 07070000 		.4byte	0x707
 834 064d 1A       		.uleb128 0x1a
 835 064e 01       		.uleb128 0x1
ARM GAS  C:\Users\kateb\AppData\Local\Temp\ccvfHqEt.s 			page 19


 836 064f 50       		.byte	0x50
 837 0650 01       		.uleb128 0x1
 838 0651 30       		.byte	0x30
 839 0652 00       		.byte	0
 840 0653 00       		.byte	0
 841 0654 10       		.uleb128 0x10
 842 0655 64050000 		.4byte	0x564
 843 0659 64060000 		.4byte	0x664
 844 065d 11       		.uleb128 0x11
 845 065e 97000000 		.4byte	0x97
 846 0662 0B       		.byte	0xb
 847 0663 00       		.byte	0
 848 0664 1D       		.uleb128 0x1d
 849 0665 C3050000 		.4byte	.LASF114
 850 0669 07       		.byte	0x7
 851 066a FC02     		.2byte	0x2fc
 852 066c 70060000 		.4byte	0x670
 853 0670 13       		.uleb128 0x13
 854 0671 54060000 		.4byte	0x654
 855 0675 1E       		.uleb128 0x1e
 856 0676 0B030000 		.4byte	.LASF115
 857 067a 0D       		.byte	0xd
 858 067b 87       		.byte	0x87
 859 067c 24030000 		.4byte	0x324
 860 0680 1E       		.uleb128 0x1e
 861 0681 39000000 		.4byte	.LASF116
 862 0685 0E       		.byte	0xe
 863 0686 7C       		.byte	0x7c
 864 0687 E7000000 		.4byte	0xe7
 865 068b 1E       		.uleb128 0x1e
 866 068c 1F000000 		.4byte	.LASF117
 867 0690 0E       		.byte	0xe
 868 0691 7D       		.byte	0x7d
 869 0692 96060000 		.4byte	0x696
 870 0696 13       		.uleb128 0x13
 871 0697 9C010000 		.4byte	0x19c
 872 069b 1E       		.uleb128 0x1e
 873 069c 19090000 		.4byte	.LASF118
 874 06a0 0F       		.byte	0xf
 875 06a1 5E       		.byte	0x5e
 876 06a2 48020000 		.4byte	0x248
 877 06a6 1D       		.uleb128 0x1d
 878 06a7 EF000000 		.4byte	.LASF119
 879 06ab 0C       		.byte	0xc
 880 06ac 6001     		.2byte	0x160
 881 06ae 8C000000 		.4byte	0x8c
 882 06b2 10       		.uleb128 0x10
 883 06b3 C2060000 		.4byte	0x6c2
 884 06b7 C2060000 		.4byte	0x6c2
 885 06bb 11       		.uleb128 0x11
 886 06bc 97000000 		.4byte	0x97
 887 06c0 00       		.byte	0
 888 06c1 00       		.byte	0
 889 06c2 13       		.uleb128 0x13
 890 06c3 B9050000 		.4byte	0x5b9
 891 06c7 1D       		.uleb128 0x1d
 892 06c8 E6070000 		.4byte	.LASF120
ARM GAS  C:\Users\kateb\AppData\Local\Temp\ccvfHqEt.s 			page 20


 893 06cc 0C       		.byte	0xc
 894 06cd 6401     		.2byte	0x164
 895 06cf D3060000 		.4byte	0x6d3
 896 06d3 13       		.uleb128 0x13
 897 06d4 B2060000 		.4byte	0x6b2
 898 06d8 1F       		.uleb128 0x1f
 899 06d9 E6010000 		.4byte	.LASF121
 900 06dd E6010000 		.4byte	.LASF121
 901 06e1 10       		.byte	0x10
 902 06e2 24       		.byte	0x24
 903 06e3 20       		.uleb128 0x20
 904 06e4 67040000 		.4byte	.LASF122
 905 06e8 67040000 		.4byte	.LASF122
 906 06ec 11       		.byte	0x11
 907 06ed FE01     		.2byte	0x1fe
 908 06ef 20       		.uleb128 0x20
 909 06f0 79080000 		.4byte	.LASF123
 910 06f4 79080000 		.4byte	.LASF123
 911 06f8 05       		.byte	0x5
 912 06f9 2A03     		.2byte	0x32a
 913 06fb 20       		.uleb128 0x20
 914 06fc 00000000 		.4byte	.LASF124
 915 0700 00000000 		.4byte	.LASF124
 916 0704 0B       		.byte	0xb
 917 0705 B107     		.2byte	0x7b1
 918 0707 20       		.uleb128 0x20
 919 0708 98060000 		.4byte	.LASF125
 920 070c 98060000 		.4byte	.LASF125
 921 0710 06       		.byte	0x6
 922 0711 F004     		.2byte	0x4f0
 923 0713 00       		.byte	0
 924              		.section	.debug_abbrev,"",%progbits
 925              	.Ldebug_abbrev0:
 926 0000 01       		.uleb128 0x1
 927 0001 11       		.uleb128 0x11
 928 0002 01       		.byte	0x1
 929 0003 25       		.uleb128 0x25
 930 0004 0E       		.uleb128 0xe
 931 0005 13       		.uleb128 0x13
 932 0006 0B       		.uleb128 0xb
 933 0007 03       		.uleb128 0x3
 934 0008 0E       		.uleb128 0xe
 935 0009 1B       		.uleb128 0x1b
 936 000a 0E       		.uleb128 0xe
 937 000b 55       		.uleb128 0x55
 938 000c 17       		.uleb128 0x17
 939 000d 11       		.uleb128 0x11
 940 000e 01       		.uleb128 0x1
 941 000f 10       		.uleb128 0x10
 942 0010 17       		.uleb128 0x17
 943 0011 00       		.byte	0
 944 0012 00       		.byte	0
 945 0013 02       		.uleb128 0x2
 946 0014 24       		.uleb128 0x24
 947 0015 00       		.byte	0
 948 0016 0B       		.uleb128 0xb
 949 0017 0B       		.uleb128 0xb
ARM GAS  C:\Users\kateb\AppData\Local\Temp\ccvfHqEt.s 			page 21


 950 0018 3E       		.uleb128 0x3e
 951 0019 0B       		.uleb128 0xb
 952 001a 03       		.uleb128 0x3
 953 001b 0E       		.uleb128 0xe
 954 001c 00       		.byte	0
 955 001d 00       		.byte	0
 956 001e 03       		.uleb128 0x3
 957 001f 16       		.uleb128 0x16
 958 0020 00       		.byte	0
 959 0021 03       		.uleb128 0x3
 960 0022 0E       		.uleb128 0xe
 961 0023 3A       		.uleb128 0x3a
 962 0024 0B       		.uleb128 0xb
 963 0025 3B       		.uleb128 0x3b
 964 0026 0B       		.uleb128 0xb
 965 0027 49       		.uleb128 0x49
 966 0028 13       		.uleb128 0x13
 967 0029 00       		.byte	0
 968 002a 00       		.byte	0
 969 002b 04       		.uleb128 0x4
 970 002c 24       		.uleb128 0x24
 971 002d 00       		.byte	0
 972 002e 0B       		.uleb128 0xb
 973 002f 0B       		.uleb128 0xb
 974 0030 3E       		.uleb128 0x3e
 975 0031 0B       		.uleb128 0xb
 976 0032 03       		.uleb128 0x3
 977 0033 08       		.uleb128 0x8
 978 0034 00       		.byte	0
 979 0035 00       		.byte	0
 980 0036 05       		.uleb128 0x5
 981 0037 35       		.uleb128 0x35
 982 0038 00       		.byte	0
 983 0039 49       		.uleb128 0x49
 984 003a 13       		.uleb128 0x13
 985 003b 00       		.byte	0
 986 003c 00       		.byte	0
 987 003d 06       		.uleb128 0x6
 988 003e 16       		.uleb128 0x16
 989 003f 00       		.byte	0
 990 0040 03       		.uleb128 0x3
 991 0041 0E       		.uleb128 0xe
 992 0042 3A       		.uleb128 0x3a
 993 0043 0B       		.uleb128 0xb
 994 0044 3B       		.uleb128 0x3b
 995 0045 05       		.uleb128 0x5
 996 0046 49       		.uleb128 0x49
 997 0047 13       		.uleb128 0x13
 998 0048 00       		.byte	0
 999 0049 00       		.byte	0
 1000 004a 07       		.uleb128 0x7
 1001 004b 04       		.uleb128 0x4
 1002 004c 01       		.byte	0x1
 1003 004d 0B       		.uleb128 0xb
 1004 004e 0B       		.uleb128 0xb
 1005 004f 49       		.uleb128 0x49
 1006 0050 13       		.uleb128 0x13
ARM GAS  C:\Users\kateb\AppData\Local\Temp\ccvfHqEt.s 			page 22


 1007 0051 3A       		.uleb128 0x3a
 1008 0052 0B       		.uleb128 0xb
 1009 0053 3B       		.uleb128 0x3b
 1010 0054 05       		.uleb128 0x5
 1011 0055 01       		.uleb128 0x1
 1012 0056 13       		.uleb128 0x13
 1013 0057 00       		.byte	0
 1014 0058 00       		.byte	0
 1015 0059 08       		.uleb128 0x8
 1016 005a 28       		.uleb128 0x28
 1017 005b 00       		.byte	0
 1018 005c 03       		.uleb128 0x3
 1019 005d 0E       		.uleb128 0xe
 1020 005e 1C       		.uleb128 0x1c
 1021 005f 0B       		.uleb128 0xb
 1022 0060 00       		.byte	0
 1023 0061 00       		.byte	0
 1024 0062 09       		.uleb128 0x9
 1025 0063 0F       		.uleb128 0xf
 1026 0064 00       		.byte	0
 1027 0065 0B       		.uleb128 0xb
 1028 0066 0B       		.uleb128 0xb
 1029 0067 00       		.byte	0
 1030 0068 00       		.byte	0
 1031 0069 0A       		.uleb128 0xa
 1032 006a 13       		.uleb128 0x13
 1033 006b 01       		.byte	0x1
 1034 006c 0B       		.uleb128 0xb
 1035 006d 0B       		.uleb128 0xb
 1036 006e 3A       		.uleb128 0x3a
 1037 006f 0B       		.uleb128 0xb
 1038 0070 3B       		.uleb128 0x3b
 1039 0071 05       		.uleb128 0x5
 1040 0072 01       		.uleb128 0x1
 1041 0073 13       		.uleb128 0x13
 1042 0074 00       		.byte	0
 1043 0075 00       		.byte	0
 1044 0076 0B       		.uleb128 0xb
 1045 0077 0D       		.uleb128 0xd
 1046 0078 00       		.byte	0
 1047 0079 03       		.uleb128 0x3
 1048 007a 0E       		.uleb128 0xe
 1049 007b 3A       		.uleb128 0x3a
 1050 007c 0B       		.uleb128 0xb
 1051 007d 3B       		.uleb128 0x3b
 1052 007e 05       		.uleb128 0x5
 1053 007f 49       		.uleb128 0x49
 1054 0080 13       		.uleb128 0x13
 1055 0081 38       		.uleb128 0x38
 1056 0082 0B       		.uleb128 0xb
 1057 0083 00       		.byte	0
 1058 0084 00       		.byte	0
 1059 0085 0C       		.uleb128 0xc
 1060 0086 0F       		.uleb128 0xf
 1061 0087 00       		.byte	0
 1062 0088 0B       		.uleb128 0xb
 1063 0089 0B       		.uleb128 0xb
ARM GAS  C:\Users\kateb\AppData\Local\Temp\ccvfHqEt.s 			page 23


 1064 008a 49       		.uleb128 0x49
 1065 008b 13       		.uleb128 0x13
 1066 008c 00       		.byte	0
 1067 008d 00       		.byte	0
 1068 008e 0D       		.uleb128 0xd
 1069 008f 15       		.uleb128 0x15
 1070 0090 01       		.byte	0x1
 1071 0091 27       		.uleb128 0x27
 1072 0092 19       		.uleb128 0x19
 1073 0093 01       		.uleb128 0x1
 1074 0094 13       		.uleb128 0x13
 1075 0095 00       		.byte	0
 1076 0096 00       		.byte	0
 1077 0097 0E       		.uleb128 0xe
 1078 0098 05       		.uleb128 0x5
 1079 0099 00       		.byte	0
 1080 009a 49       		.uleb128 0x49
 1081 009b 13       		.uleb128 0x13
 1082 009c 00       		.byte	0
 1083 009d 00       		.byte	0
 1084 009e 0F       		.uleb128 0xf
 1085 009f 13       		.uleb128 0x13
 1086 00a0 01       		.byte	0x1
 1087 00a1 03       		.uleb128 0x3
 1088 00a2 0E       		.uleb128 0xe
 1089 00a3 0B       		.uleb128 0xb
 1090 00a4 0B       		.uleb128 0xb
 1091 00a5 3A       		.uleb128 0x3a
 1092 00a6 0B       		.uleb128 0xb
 1093 00a7 3B       		.uleb128 0x3b
 1094 00a8 05       		.uleb128 0x5
 1095 00a9 01       		.uleb128 0x1
 1096 00aa 13       		.uleb128 0x13
 1097 00ab 00       		.byte	0
 1098 00ac 00       		.byte	0
 1099 00ad 10       		.uleb128 0x10
 1100 00ae 01       		.uleb128 0x1
 1101 00af 01       		.byte	0x1
 1102 00b0 49       		.uleb128 0x49
 1103 00b1 13       		.uleb128 0x13
 1104 00b2 01       		.uleb128 0x1
 1105 00b3 13       		.uleb128 0x13
 1106 00b4 00       		.byte	0
 1107 00b5 00       		.byte	0
 1108 00b6 11       		.uleb128 0x11
 1109 00b7 21       		.uleb128 0x21
 1110 00b8 00       		.byte	0
 1111 00b9 49       		.uleb128 0x49
 1112 00ba 13       		.uleb128 0x13
 1113 00bb 2F       		.uleb128 0x2f
 1114 00bc 0B       		.uleb128 0xb
 1115 00bd 00       		.byte	0
 1116 00be 00       		.byte	0
 1117 00bf 12       		.uleb128 0x12
 1118 00c0 28       		.uleb128 0x28
 1119 00c1 00       		.byte	0
 1120 00c2 03       		.uleb128 0x3
ARM GAS  C:\Users\kateb\AppData\Local\Temp\ccvfHqEt.s 			page 24


 1121 00c3 0E       		.uleb128 0xe
 1122 00c4 1C       		.uleb128 0x1c
 1123 00c5 06       		.uleb128 0x6
 1124 00c6 00       		.byte	0
 1125 00c7 00       		.byte	0
 1126 00c8 13       		.uleb128 0x13
 1127 00c9 26       		.uleb128 0x26
 1128 00ca 00       		.byte	0
 1129 00cb 49       		.uleb128 0x49
 1130 00cc 13       		.uleb128 0x13
 1131 00cd 00       		.byte	0
 1132 00ce 00       		.byte	0
 1133 00cf 14       		.uleb128 0x14
 1134 00d0 13       		.uleb128 0x13
 1135 00d1 01       		.byte	0x1
 1136 00d2 0B       		.uleb128 0xb
 1137 00d3 0B       		.uleb128 0xb
 1138 00d4 3A       		.uleb128 0x3a
 1139 00d5 0B       		.uleb128 0xb
 1140 00d6 3B       		.uleb128 0x3b
 1141 00d7 0B       		.uleb128 0xb
 1142 00d8 01       		.uleb128 0x1
 1143 00d9 13       		.uleb128 0x13
 1144 00da 00       		.byte	0
 1145 00db 00       		.byte	0
 1146 00dc 15       		.uleb128 0x15
 1147 00dd 0D       		.uleb128 0xd
 1148 00de 00       		.byte	0
 1149 00df 03       		.uleb128 0x3
 1150 00e0 0E       		.uleb128 0xe
 1151 00e1 3A       		.uleb128 0x3a
 1152 00e2 0B       		.uleb128 0xb
 1153 00e3 3B       		.uleb128 0x3b
 1154 00e4 0B       		.uleb128 0xb
 1155 00e5 49       		.uleb128 0x49
 1156 00e6 13       		.uleb128 0x13
 1157 00e7 38       		.uleb128 0x38
 1158 00e8 0B       		.uleb128 0xb
 1159 00e9 00       		.byte	0
 1160 00ea 00       		.byte	0
 1161 00eb 16       		.uleb128 0x16
 1162 00ec 2E       		.uleb128 0x2e
 1163 00ed 00       		.byte	0
 1164 00ee 03       		.uleb128 0x3
 1165 00ef 0E       		.uleb128 0xe
 1166 00f0 3A       		.uleb128 0x3a
 1167 00f1 0B       		.uleb128 0xb
 1168 00f2 3B       		.uleb128 0x3b
 1169 00f3 0B       		.uleb128 0xb
 1170 00f4 27       		.uleb128 0x27
 1171 00f5 19       		.uleb128 0x19
 1172 00f6 20       		.uleb128 0x20
 1173 00f7 0B       		.uleb128 0xb
 1174 00f8 00       		.byte	0
 1175 00f9 00       		.byte	0
 1176 00fa 17       		.uleb128 0x17
 1177 00fb 2E       		.uleb128 0x2e
ARM GAS  C:\Users\kateb\AppData\Local\Temp\ccvfHqEt.s 			page 25


 1178 00fc 01       		.byte	0x1
 1179 00fd 3F       		.uleb128 0x3f
 1180 00fe 19       		.uleb128 0x19
 1181 00ff 03       		.uleb128 0x3
 1182 0100 0E       		.uleb128 0xe
 1183 0101 3A       		.uleb128 0x3a
 1184 0102 0B       		.uleb128 0xb
 1185 0103 3B       		.uleb128 0x3b
 1186 0104 0B       		.uleb128 0xb
 1187 0105 27       		.uleb128 0x27
 1188 0106 19       		.uleb128 0x19
 1189 0107 49       		.uleb128 0x49
 1190 0108 13       		.uleb128 0x13
 1191 0109 8701     		.uleb128 0x87
 1192 010b 19       		.uleb128 0x19
 1193 010c 11       		.uleb128 0x11
 1194 010d 01       		.uleb128 0x1
 1195 010e 12       		.uleb128 0x12
 1196 010f 06       		.uleb128 0x6
 1197 0110 40       		.uleb128 0x40
 1198 0111 18       		.uleb128 0x18
 1199 0112 9742     		.uleb128 0x2117
 1200 0114 19       		.uleb128 0x19
 1201 0115 01       		.uleb128 0x1
 1202 0116 13       		.uleb128 0x13
 1203 0117 00       		.byte	0
 1204 0118 00       		.byte	0
 1205 0119 18       		.uleb128 0x18
 1206 011a 1D       		.uleb128 0x1d
 1207 011b 00       		.byte	0
 1208 011c 31       		.uleb128 0x31
 1209 011d 13       		.uleb128 0x13
 1210 011e 11       		.uleb128 0x11
 1211 011f 01       		.uleb128 0x1
 1212 0120 12       		.uleb128 0x12
 1213 0121 06       		.uleb128 0x6
 1214 0122 58       		.uleb128 0x58
 1215 0123 0B       		.uleb128 0xb
 1216 0124 59       		.uleb128 0x59
 1217 0125 0B       		.uleb128 0xb
 1218 0126 00       		.byte	0
 1219 0127 00       		.byte	0
 1220 0128 19       		.uleb128 0x19
 1221 0129 898201   		.uleb128 0x4109
 1222 012c 01       		.byte	0x1
 1223 012d 11       		.uleb128 0x11
 1224 012e 01       		.uleb128 0x1
 1225 012f 31       		.uleb128 0x31
 1226 0130 13       		.uleb128 0x13
 1227 0131 01       		.uleb128 0x1
 1228 0132 13       		.uleb128 0x13
 1229 0133 00       		.byte	0
 1230 0134 00       		.byte	0
 1231 0135 1A       		.uleb128 0x1a
 1232 0136 8A8201   		.uleb128 0x410a
 1233 0139 00       		.byte	0
 1234 013a 02       		.uleb128 0x2
ARM GAS  C:\Users\kateb\AppData\Local\Temp\ccvfHqEt.s 			page 26


 1235 013b 18       		.uleb128 0x18
 1236 013c 9142     		.uleb128 0x2111
 1237 013e 18       		.uleb128 0x18
 1238 013f 00       		.byte	0
 1239 0140 00       		.byte	0
 1240 0141 1B       		.uleb128 0x1b
 1241 0142 898201   		.uleb128 0x4109
 1242 0145 00       		.byte	0
 1243 0146 11       		.uleb128 0x11
 1244 0147 01       		.uleb128 0x1
 1245 0148 31       		.uleb128 0x31
 1246 0149 13       		.uleb128 0x13
 1247 014a 00       		.byte	0
 1248 014b 00       		.byte	0
 1249 014c 1C       		.uleb128 0x1c
 1250 014d 898201   		.uleb128 0x4109
 1251 0150 01       		.byte	0x1
 1252 0151 11       		.uleb128 0x11
 1253 0152 01       		.uleb128 0x1
 1254 0153 31       		.uleb128 0x31
 1255 0154 13       		.uleb128 0x13
 1256 0155 00       		.byte	0
 1257 0156 00       		.byte	0
 1258 0157 1D       		.uleb128 0x1d
 1259 0158 34       		.uleb128 0x34
 1260 0159 00       		.byte	0
 1261 015a 03       		.uleb128 0x3
 1262 015b 0E       		.uleb128 0xe
 1263 015c 3A       		.uleb128 0x3a
 1264 015d 0B       		.uleb128 0xb
 1265 015e 3B       		.uleb128 0x3b
 1266 015f 05       		.uleb128 0x5
 1267 0160 49       		.uleb128 0x49
 1268 0161 13       		.uleb128 0x13
 1269 0162 3F       		.uleb128 0x3f
 1270 0163 19       		.uleb128 0x19
 1271 0164 3C       		.uleb128 0x3c
 1272 0165 19       		.uleb128 0x19
 1273 0166 00       		.byte	0
 1274 0167 00       		.byte	0
 1275 0168 1E       		.uleb128 0x1e
 1276 0169 34       		.uleb128 0x34
 1277 016a 00       		.byte	0
 1278 016b 03       		.uleb128 0x3
 1279 016c 0E       		.uleb128 0xe
 1280 016d 3A       		.uleb128 0x3a
 1281 016e 0B       		.uleb128 0xb
 1282 016f 3B       		.uleb128 0x3b
 1283 0170 0B       		.uleb128 0xb
 1284 0171 49       		.uleb128 0x49
 1285 0172 13       		.uleb128 0x13
 1286 0173 3F       		.uleb128 0x3f
 1287 0174 19       		.uleb128 0x19
 1288 0175 3C       		.uleb128 0x3c
 1289 0176 19       		.uleb128 0x19
 1290 0177 00       		.byte	0
 1291 0178 00       		.byte	0
ARM GAS  C:\Users\kateb\AppData\Local\Temp\ccvfHqEt.s 			page 27


 1292 0179 1F       		.uleb128 0x1f
 1293 017a 2E       		.uleb128 0x2e
 1294 017b 00       		.byte	0
 1295 017c 3F       		.uleb128 0x3f
 1296 017d 19       		.uleb128 0x19
 1297 017e 3C       		.uleb128 0x3c
 1298 017f 19       		.uleb128 0x19
 1299 0180 6E       		.uleb128 0x6e
 1300 0181 0E       		.uleb128 0xe
 1301 0182 03       		.uleb128 0x3
 1302 0183 0E       		.uleb128 0xe
 1303 0184 3A       		.uleb128 0x3a
 1304 0185 0B       		.uleb128 0xb
 1305 0186 3B       		.uleb128 0x3b
 1306 0187 0B       		.uleb128 0xb
 1307 0188 00       		.byte	0
 1308 0189 00       		.byte	0
 1309 018a 20       		.uleb128 0x20
 1310 018b 2E       		.uleb128 0x2e
 1311 018c 00       		.byte	0
 1312 018d 3F       		.uleb128 0x3f
 1313 018e 19       		.uleb128 0x19
 1314 018f 3C       		.uleb128 0x3c
 1315 0190 19       		.uleb128 0x19
 1316 0191 6E       		.uleb128 0x6e
 1317 0192 0E       		.uleb128 0xe
 1318 0193 03       		.uleb128 0x3
 1319 0194 0E       		.uleb128 0xe
 1320 0195 3A       		.uleb128 0x3a
 1321 0196 0B       		.uleb128 0xb
 1322 0197 3B       		.uleb128 0x3b
 1323 0198 05       		.uleb128 0x5
 1324 0199 00       		.byte	0
 1325 019a 00       		.byte	0
 1326 019b 00       		.byte	0
 1327              		.section	.debug_aranges,"",%progbits
 1328 0000 1C000000 		.4byte	0x1c
 1329 0004 0200     		.2byte	0x2
 1330 0006 00000000 		.4byte	.Ldebug_info0
 1331 000a 04       		.byte	0x4
 1332 000b 00       		.byte	0
 1333 000c 0000     		.2byte	0
 1334 000e 0000     		.2byte	0
 1335 0010 00000000 		.4byte	.LFB491
 1336 0014 34000000 		.4byte	.LFE491-.LFB491
 1337 0018 00000000 		.4byte	0
 1338 001c 00000000 		.4byte	0
 1339              		.section	.debug_ranges,"",%progbits
 1340              	.Ldebug_ranges0:
 1341 0000 00000000 		.4byte	.LFB491
 1342 0004 34000000 		.4byte	.LFE491
 1343 0008 00000000 		.4byte	0
 1344 000c 00000000 		.4byte	0
 1345              		.section	.debug_line,"",%progbits
 1346              	.Ldebug_line0:
 1347 0000 81030000 		.section	.debug_str,"MS",%progbits,1
 1347      02005103 
ARM GAS  C:\Users\kateb\AppData\Local\Temp\ccvfHqEt.s 			page 28


 1347      00000201 
 1347      FB0E0D00 
 1347      01010101 
 1348              	.LASF124:
 1349 0000 43795F42 		.ascii	"Cy_BLE_ProcessEvents\000"
 1349      4C455F50 
 1349      726F6365 
 1349      73734576 
 1349      656E7473 
 1350              	.LASF38:
 1351 0015 72784275 		.ascii	"rxBufSize\000"
 1351      6653697A 
 1351      6500
 1352              	.LASF117:
 1353 001f 5254435F 		.ascii	"RTC_dstConfig\000"
 1353      64737443 
 1353      6F6E6669 
 1353      6700
 1354              	.LASF71:
 1355 002d 73617449 		.ascii	"satIntrMask\000"
 1355      6E74724D 
 1355      61736B00 
 1356              	.LASF116:
 1357 0039 5254435F 		.ascii	"RTC_rtcDstStatus\000"
 1357      72746344 
 1357      73745374 
 1357      61747573 
 1357      00
 1358              	.LASF127:
 1359 004a 6D61696E 		.ascii	"main_cm0p.c\000"
 1359      5F636D30 
 1359      702E6300 
 1360              	.LASF5:
 1361 0056 5F5F7569 		.ascii	"__uint8_t\000"
 1361      6E74385F 
 1361      7400
 1362              	.LASF88:
 1363 0060 43595F42 		.ascii	"CY_BLE_ERROR_REPEATED_ATTEMPTS\000"
 1363      4C455F45 
 1363      52524F52 
 1363      5F524550 
 1363      45415445 
 1364              	.LASF79:
 1365 007f 43595F42 		.ascii	"CY_BLE_INFO_FLASH_WRITE_IN_PROGRESS\000"
 1365      4C455F49 
 1365      4E464F5F 
 1365      464C4153 
 1365      485F5752 
 1366              	.LASF101:
 1367 00a3 43595F42 		.ascii	"CY_BLE_ERROR_GATT_DB_INVALID_ATTR_HANDLE\000"
 1367      4C455F45 
 1367      52524F52 
 1367      5F474154 
 1367      545F4442 
 1368              	.LASF87:
 1369 00cc 43595F42 		.ascii	"CY_BLE_ERROR_DEVICE_ALREADY_EXISTS\000"
 1369      4C455F45 
ARM GAS  C:\Users\kateb\AppData\Local\Temp\ccvfHqEt.s 			page 29


 1369      52524F52 
 1369      5F444556 
 1369      4943455F 
 1370              	.LASF119:
 1371 00ef 4144435F 		.ascii	"ADC_currentConfig\000"
 1371      63757272 
 1371      656E7443 
 1371      6F6E6669 
 1371      6700
 1372              	.LASF9:
 1373 0101 6C6F6E67 		.ascii	"long long unsigned int\000"
 1373      206C6F6E 
 1373      6720756E 
 1373      7369676E 
 1373      65642069 
 1374              	.LASF51:
 1375 0118 72785269 		.ascii	"rxRingBuf\000"
 1375      6E674275 
 1375      6600
 1376              	.LASF40:
 1377 0122 74784275 		.ascii	"txBuf\000"
 1377      6600
 1378              	.LASF92:
 1379 0128 43595F42 		.ascii	"CY_BLE_ERROR_L2CAP_PSM_ALREADY_REGISTERED\000"
 1379      4C455F45 
 1379      52524F52 
 1379      5F4C3243 
 1379      41505F50 
 1380              	.LASF82:
 1381 0152 43595F42 		.ascii	"CY_BLE_ERROR_MEMORY_ALLOCATION_FAILED\000"
 1381      4C455F45 
 1381      52524F52 
 1381      5F4D454D 
 1381      4F52595F 
 1382              	.LASF22:
 1383 0178 43595F52 		.ascii	"CY_RTC_DST_RELATIVE\000"
 1383      54435F44 
 1383      53545F52 
 1383      454C4154 
 1383      49564500 
 1384              	.LASF8:
 1385 018c 6C6F6E67 		.ascii	"long long int\000"
 1385      206C6F6E 
 1385      6720696E 
 1385      7400
 1386              	.LASF2:
 1387 019a 7369676E 		.ascii	"signed char\000"
 1387      65642063 
 1387      68617200 
 1388              	.LASF93:
 1389 01a6 43595F42 		.ascii	"CY_BLE_ERROR_L2CAP_PSM_NOT_REGISTERED\000"
 1389      4C455F45 
 1389      52524F52 
 1389      5F4C3243 
 1389      41505F50 
 1390              	.LASF56:
 1391 01cc 63795F73 		.ascii	"cy_stc_scb_uart_context_t\000"
ARM GAS  C:\Users\kateb\AppData\Local\Temp\ccvfHqEt.s 			page 30


 1391      74635F73 
 1391      63625F75 
 1391      6172745F 
 1391      636F6E74 
 1392              	.LASF121:
 1393 01e6 43795F42 		.ascii	"Cy_BLE_Start\000"
 1393      4C455F53 
 1393      74617274 
 1393      00
 1394              	.LASF61:
 1395 01f3 63795F65 		.ascii	"cy_en_sar_range_detect_condition_t\000"
 1395      6E5F7361 
 1395      725F7261 
 1395      6E67655F 
 1395      64657465 
 1396              	.LASF112:
 1397 0216 636C6B44 		.ascii	"clkDivider\000"
 1397      69766964 
 1397      657200
 1398              	.LASF35:
 1399 0221 63795F63 		.ascii	"cy_cb_scb_spi_handle_events_t\000"
 1399      625F7363 
 1399      625F7370 
 1399      695F6861 
 1399      6E646C65 
 1400              	.LASF32:
 1401 023f 73746172 		.ascii	"startDst\000"
 1401      74447374 
 1401      00
 1402              	.LASF57:
 1403 0248 43595F53 		.ascii	"CY_SAR_RANGE_COND_BELOW\000"
 1403      41525F52 
 1403      414E4745 
 1403      5F434F4E 
 1403      445F4245 
 1404              	.LASF81:
 1405 0260 43595F42 		.ascii	"CY_BLE_ERROR_INVALID_OPERATION\000"
 1405      4C455F45 
 1405      52524F52 
 1405      5F494E56 
 1405      414C4944 
 1406              	.LASF23:
 1407 027f 43595F52 		.ascii	"CY_RTC_DST_FIXED\000"
 1407      54435F44 
 1407      53545F46 
 1407      49584544 
 1407      00
 1408              	.LASF4:
 1409 0290 6C6F6E67 		.ascii	"long int\000"
 1409      20696E74 
 1409      00
 1410              	.LASF91:
 1411 0299 43595F42 		.ascii	"CY_BLE_ERROR_L2CAP_PSM_WRONG_ENCODING\000"
 1411      4C455F45 
 1411      52524F52 
 1411      5F4C3243 
 1411      41505F50 
ARM GAS  C:\Users\kateb\AppData\Local\Temp\ccvfHqEt.s 			page 31


 1412              	.LASF83:
 1413 02bf 43595F42 		.ascii	"CY_BLE_ERROR_INSUFFICIENT_RESOURCES\000"
 1413      4C455F45 
 1413      52524F52 
 1413      5F494E53 
 1413      55464649 
 1414              	.LASF47:
 1415 02e3 63795F73 		.ascii	"cy_stc_scb_spi_context\000"
 1415      74635F73 
 1415      63625F73 
 1415      70695F63 
 1415      6F6E7465 
 1416              	.LASF34:
 1417 02fa 63795F73 		.ascii	"cy_stc_rtc_dst_t\000"
 1417      74635F72 
 1417      74635F64 
 1417      73745F74 
 1417      00
 1418              	.LASF115:
 1419 030b 44454255 		.ascii	"DEBUG_UART_context\000"
 1419      475F5541 
 1419      52545F63 
 1419      6F6E7465 
 1419      787400
 1420              	.LASF59:
 1421 031e 43595F53 		.ascii	"CY_SAR_RANGE_COND_ABOVE\000"
 1421      41525F52 
 1421      414E4745 
 1421      5F434F4E 
 1421      445F4142 
 1422              	.LASF18:
 1423 0336 646F7562 		.ascii	"double\000"
 1423      6C6500
 1424              	.LASF113:
 1425 033d 4144435F 		.ascii	"ADC_CONFIG_STRUCT\000"
 1425      434F4E46 
 1425      49475F53 
 1425      54525543 
 1425      5400
 1426              	.LASF64:
 1427 034f 73616D70 		.ascii	"sampleTime01\000"
 1427      6C655469 
 1427      6D653031 
 1427      00
 1428              	.LASF6:
 1429 035c 5F5F7569 		.ascii	"__uint32_t\000"
 1429      6E743332 
 1429      5F7400
 1430              	.LASF110:
 1431 0367 6877436F 		.ascii	"hwConfigStc\000"
 1431      6E666967 
 1431      53746300 
 1432              	.LASF39:
 1433 0373 72784275 		.ascii	"rxBufIdx\000"
 1433      66496478 
 1433      00
 1434              	.LASF62:
ARM GAS  C:\Users\kateb\AppData\Local\Temp\ccvfHqEt.s 			page 32


 1435 037c 6374726C 		.ascii	"ctrl\000"
 1435      00
 1436              	.LASF85:
 1437 0381 43595F42 		.ascii	"CY_BLE_ERROR_NO_CONNECTION\000"
 1437      4C455F45 
 1437      52524F52 
 1437      5F4E4F5F 
 1437      434F4E4E 
 1438              	.LASF41:
 1439 039c 74784275 		.ascii	"txBufSize\000"
 1439      6653697A 
 1439      6500
 1440              	.LASF30:
 1441 03a6 6D6F6E74 		.ascii	"month\000"
 1441      6800
 1442              	.LASF95:
 1443 03ac 43595F42 		.ascii	"CY_BLE_ERROR_L2CAP_PSM_NOT_IN_RANGE\000"
 1443      4C455F45 
 1443      52524F52 
 1443      5F4C3243 
 1443      41505F50 
 1444              	.LASF10:
 1445 03d0 756E7369 		.ascii	"unsigned int\000"
 1445      676E6564 
 1445      20696E74 
 1445      00
 1446              	.LASF15:
 1447 03dd 63686172 		.ascii	"char_t\000"
 1447      5F7400
 1448              	.LASF7:
 1449 03e4 6C6F6E67 		.ascii	"long unsigned int\000"
 1449      20756E73 
 1449      69676E65 
 1449      6420696E 
 1449      7400
 1450              	.LASF20:
 1451 03f6 43595F53 		.ascii	"CY_SYSPM_WAIT_FOR_EVENT\000"
 1451      5953504D 
 1451      5F574149 
 1451      545F464F 
 1451      525F4556 
 1452              	.LASF49:
 1453 040e 74785374 		.ascii	"txStatus\000"
 1453      61747573 
 1453      00
 1454              	.LASF3:
 1455 0417 73686F72 		.ascii	"short unsigned int\000"
 1455      7420756E 
 1455      7369676E 
 1455      65642069 
 1455      6E7400
 1456              	.LASF78:
 1457 042a 43595F42 		.ascii	"CY_BLE_SUCCESS\000"
 1457      4C455F53 
 1457      55434345 
 1457      535300
 1458              	.LASF66:
ARM GAS  C:\Users\kateb\AppData\Local\Temp\ccvfHqEt.s 			page 33


 1459 0439 72616E67 		.ascii	"rangeThres\000"
 1459      65546872 
 1459      657300
 1460              	.LASF102:
 1461 0444 43595F42 		.ascii	"CY_BLE_ERROR_NTF_DISABLED\000"
 1461      4C455F45 
 1461      52524F52 
 1461      5F4E5446 
 1461      5F444953 
 1462              	.LASF43:
 1463 045e 63624576 		.ascii	"cbEvents\000"
 1463      656E7473 
 1463      00
 1464              	.LASF122:
 1465 0467 43795F53 		.ascii	"Cy_SysEnableCM4\000"
 1465      7973456E 
 1465      61626C65 
 1465      434D3400 
 1466              	.LASF109:
 1467 0477 6E756D43 		.ascii	"numChannels\000"
 1467      68616E6E 
 1467      656C7300 
 1468              	.LASF69:
 1469 0483 6368616E 		.ascii	"chanConfig\000"
 1469      436F6E66 
 1469      696700
 1470              	.LASF45:
 1471 048e 63795F73 		.ascii	"cy_stc_scb_spi_context_t\000"
 1471      74635F73 
 1471      63625F73 
 1471      70695F63 
 1471      6F6E7465 
 1472              	.LASF73:
 1473 04a7 6D757853 		.ascii	"muxSwitch\000"
 1473      77697463 
 1473      6800
 1474              	.LASF24:
 1475 04b1 63795F65 		.ascii	"cy_en_rtc_dst_format_t\000"
 1475      6E5F7274 
 1475      635F6473 
 1475      745F666F 
 1475      726D6174 
 1476              	.LASF28:
 1477 04c8 7765656B 		.ascii	"weekOfMonth\000"
 1477      4F664D6F 
 1477      6E746800 
 1478              	.LASF29:
 1479 04d4 6461794F 		.ascii	"dayOfWeek\000"
 1479      66576565 
 1479      6B00
 1480              	.LASF13:
 1481 04de 73697A65 		.ascii	"sizetype\000"
 1481      74797065 
 1481      00
 1482              	.LASF111:
 1483 04e7 6D697363 		.ascii	"miscConfig\000"
 1483      436F6E66 
ARM GAS  C:\Users\kateb\AppData\Local\Temp\ccvfHqEt.s 			page 34


 1483      696700
 1484              	.LASF65:
 1485 04f2 73616D70 		.ascii	"sampleTime23\000"
 1485      6C655469 
 1485      6D653233 
 1485      00
 1486              	.LASF128:
 1487 04ff 433A5C55 		.ascii	"C:\\Users\\kateb\\Documents\\PSoC Creator\\CE218136"
 1487      73657273 
 1487      5C6B6174 
 1487      65625C44 
 1487      6F63756D 
 1488 052d 5F45494E 		.ascii	"_EINK_CapSense_RTOS02\\CE222604_RTC_CTS_RTOS01.cyds"
 1488      4B5F4361 
 1488      7053656E 
 1488      73655F52 
 1488      544F5330 
 1489 055f 6E00     		.ascii	"n\000"
 1490              	.LASF75:
 1491 0561 636F6E66 		.ascii	"configRouting\000"
 1491      6967526F 
 1491      7574696E 
 1491      6700
 1492              	.LASF50:
 1493 056f 72785374 		.ascii	"rxStatus\000"
 1493      61747573 
 1493      00
 1494              	.LASF129:
 1495 0578 5F5F656E 		.ascii	"__enable_irq\000"
 1495      61626C65 
 1495      5F697271 
 1495      00
 1496              	.LASF26:
 1497 0585 686F7572 		.ascii	"hour\000"
 1497      00
 1498              	.LASF72:
 1499 058a 72616E67 		.ascii	"rangeIntrMask\000"
 1499      65496E74 
 1499      724D6173 
 1499      6B00
 1500              	.LASF103:
 1501 0598 43595F42 		.ascii	"CY_BLE_ERROR_IND_DISABLED\000"
 1501      4C455F45 
 1501      52524F52 
 1501      5F494E44 
 1501      5F444953 
 1502              	.LASF17:
 1503 05b2 666C6F61 		.ascii	"float\000"
 1503      7400
 1504              	.LASF27:
 1505 05b8 6461794F 		.ascii	"dayOfMonth\000"
 1505      664D6F6E 
 1505      746800
 1506              	.LASF114:
 1507 05c3 63795F52 		.ascii	"cy_RTC_daysInMonthTbl\000"
 1507      54435F64 
 1507      61797349 
ARM GAS  C:\Users\kateb\AppData\Local\Temp\ccvfHqEt.s 			page 35


 1507      6E4D6F6E 
 1507      74685462 
 1508              	.LASF96:
 1509 05d9 43595F42 		.ascii	"CY_BLE_ERROR_UNSUPPORTED_FEATURE_OR_PARAMETER_VALUE"
 1509      4C455F45 
 1509      52524F52 
 1509      5F554E53 
 1509      5550504F 
 1510 060c 00       		.ascii	"\000"
 1511              	.LASF55:
 1512 060d 74784C65 		.ascii	"txLeftToTransmit\000"
 1512      6674546F 
 1512      5472616E 
 1512      736D6974 
 1512      00
 1513              	.LASF68:
 1514 061e 6368616E 		.ascii	"chanEn\000"
 1514      456E00
 1515              	.LASF58:
 1516 0625 43595F53 		.ascii	"CY_SAR_RANGE_COND_INSIDE\000"
 1516      41525F52 
 1516      414E4745 
 1516      5F434F4E 
 1516      445F494E 
 1517              	.LASF21:
 1518 063e 5F426F6F 		.ascii	"_Bool\000"
 1518      6C00
 1519              	.LASF1:
 1520 0644 756E7369 		.ascii	"unsigned char\000"
 1520      676E6564 
 1520      20636861 
 1520      7200
 1521              	.LASF105:
 1522 0652 43595F42 		.ascii	"CY_BLE_ERROR_CONTROLLER_BUSY\000"
 1522      4C455F45 
 1522      52524F52 
 1522      5F434F4E 
 1522      54524F4C 
 1523              	.LASF84:
 1524 066f 43595F42 		.ascii	"CY_BLE_ERROR_OOB_NOT_AVAILABLE\000"
 1524      4C455F45 
 1524      52524F52 
 1524      5F4F4F42 
 1524      5F4E4F54 
 1525              	.LASF0:
 1526 068e 73686F72 		.ascii	"short int\000"
 1526      7420696E 
 1526      7400
 1527              	.LASF125:
 1528 0698 43795F53 		.ascii	"Cy_SysPm_DeepSleep\000"
 1528      7973506D 
 1528      5F446565 
 1528      70536C65 
 1528      657000
 1529              	.LASF70:
 1530 06ab 696E7472 		.ascii	"intrMask\000"
 1530      4D61736B 
ARM GAS  C:\Users\kateb\AppData\Local\Temp\ccvfHqEt.s 			page 36


 1530      00
 1531              	.LASF36:
 1532 06b4 73746174 		.ascii	"status\000"
 1532      757300
 1533              	.LASF98:
 1534 06bb 43595F42 		.ascii	"CY_BLE_ERROR_FLASH_WRITE\000"
 1534      4C455F45 
 1534      52524F52 
 1534      5F464C41 
 1534      53485F57 
 1535              	.LASF25:
 1536 06d4 666F726D 		.ascii	"format\000"
 1536      617400
 1537              	.LASF12:
 1538 06db 75696E74 		.ascii	"uint32_t\000"
 1538      33325F74 
 1538      00
 1539              	.LASF94:
 1540 06e4 43595F42 		.ascii	"CY_BLE_ERROR_L2CAP_CONNECTION_ENTITY_NOT_FOUND\000"
 1540      4C455F45 
 1540      52524F52 
 1540      5F4C3243 
 1540      41505F43 
 1541              	.LASF104:
 1542 0713 43595F42 		.ascii	"CY_BLE_ERROR_CHAR_IS_NOT_DISCOVERED\000"
 1542      4C455F45 
 1542      52524F52 
 1542      5F434841 
 1542      525F4953 
 1543              	.LASF76:
 1544 0737 76726566 		.ascii	"vrefMvValue\000"
 1544      4D765661 
 1544      6C756500 
 1545              	.LASF126:
 1546 0743 474E5520 		.ascii	"GNU C11 5.4.1 20160609 (release) [ARM/embedded-5-br"
 1546      43313120 
 1546      352E342E 
 1546      31203230 
 1546      31363036 
 1547 0776 616E6368 		.ascii	"anch revision 237715] -mcpu=cortex-m0plus -mthumb -"
 1547      20726576 
 1547      6973696F 
 1547      6E203233 
 1547      37373135 
 1548 07a9 67202D4F 		.ascii	"g -Og -ffunction-sections -ffat-lto-objects\000"
 1548      67202D66 
 1548      66756E63 
 1548      74696F6E 
 1548      2D736563 
 1549              	.LASF14:
 1550 07d5 6C6F6E67 		.ascii	"long double\000"
 1550      20646F75 
 1550      626C6500 
 1551              	.LASF16:
 1552 07e1 63686172 		.ascii	"char\000"
 1552      00
 1553              	.LASF120:
ARM GAS  C:\Users\kateb\AppData\Local\Temp\ccvfHqEt.s 			page 37


 1554 07e6 4144435F 		.ascii	"ADC_allConfigs\000"
 1554      616C6C43 
 1554      6F6E6669 
 1554      677300
 1555              	.LASF80:
 1556 07f5 43595F42 		.ascii	"CY_BLE_ERROR_INVALID_PARAMETER\000"
 1556      4C455F45 
 1556      52524F52 
 1556      5F494E56 
 1556      414C4944 
 1557              	.LASF90:
 1558 0814 43595F42 		.ascii	"CY_BLE_ERROR_SEC_FAILED\000"
 1558      4C455F45 
 1558      52524F52 
 1558      5F534543 
 1558      5F464149 
 1559              	.LASF89:
 1560 082c 43595F42 		.ascii	"CY_BLE_ERROR_GAP_ROLE\000"
 1560      4C455F45 
 1560      52524F52 
 1560      5F474150 
 1560      5F524F4C 
 1561              	.LASF106:
 1562 0842 43595F42 		.ascii	"CY_BLE_ERROR_INVALID_STATE\000"
 1562      4C455F45 
 1562      52524F52 
 1562      5F494E56 
 1562      414C4944 
 1563              	.LASF53:
 1564 085d 72785269 		.ascii	"rxRingBufHead\000"
 1564      6E674275 
 1564      66486561 
 1564      6400
 1565              	.LASF52:
 1566 086b 72785269 		.ascii	"rxRingBufSize\000"
 1566      6E674275 
 1566      6653697A 
 1566      6500
 1567              	.LASF123:
 1568 0879 43795F53 		.ascii	"Cy_SysLib_AssertFailed\000"
 1568      79734C69 
 1568      625F4173 
 1568      73657274 
 1568      4661696C 
 1569              	.LASF46:
 1570 0890 63795F63 		.ascii	"cy_cb_scb_uart_handle_events_t\000"
 1570      625F7363 
 1570      625F7561 
 1570      72745F68 
 1570      616E646C 
 1571              	.LASF100:
 1572 08af 43595F42 		.ascii	"CY_BLE_ERROR_HARDWARE_FAILURE\000"
 1572      4C455F45 
 1572      52524F52 
 1572      5F484152 
 1572      44574152 
 1573              	.LASF19:
ARM GAS  C:\Users\kateb\AppData\Local\Temp\ccvfHqEt.s 			page 38


 1574 08cd 43595F53 		.ascii	"CY_SYSPM_WAIT_FOR_INTERRUPT\000"
 1574      5953504D 
 1574      5F574149 
 1574      545F464F 
 1574      525F494E 
 1575              	.LASF31:
 1576 08e9 63795F73 		.ascii	"cy_stc_rtc_dst_format_t\000"
 1576      74635F72 
 1576      74635F64 
 1576      73745F66 
 1576      6F726D61 
 1577              	.LASF44:
 1578 0901 696E6974 		.ascii	"initKey\000"
 1578      4B657900 
 1579              	.LASF37:
 1580 0909 72784275 		.ascii	"rxBuf\000"
 1580      6600
 1581              	.LASF67:
 1582 090f 72616E67 		.ascii	"rangeCond\000"
 1582      65436F6E 
 1582      6400
 1583              	.LASF118:
 1584 0919 43595F45 		.ascii	"CY_EINK_SPIM_context\000"
 1584      494E4B5F 
 1584      5350494D 
 1584      5F636F6E 
 1584      74657874 
 1585              	.LASF107:
 1586 092e 43595F42 		.ascii	"CY_BLE_ERROR_MAX\000"
 1586      4C455F45 
 1586      52524F52 
 1586      5F4D4158 
 1586      00
 1587              	.LASF63:
 1588 093f 73616D70 		.ascii	"sampleCtrl\000"
 1588      6C654374 
 1588      726C00
 1589              	.LASF11:
 1590 094a 75696E74 		.ascii	"uint8_t\000"
 1590      385F7400 
 1591              	.LASF97:
 1592 0952 43595F42 		.ascii	"CY_BLE_ERROR_FLASH_WRITE_NOT_PERMITED\000"
 1592      4C455F45 
 1592      52524F52 
 1592      5F464C41 
 1592      53485F57 
 1593              	.LASF86:
 1594 0978 43595F42 		.ascii	"CY_BLE_ERROR_NO_DEVICE_ENTITY\000"
 1594      4C455F45 
 1594      52524F52 
 1594      5F4E4F5F 
 1594      44455649 
 1595              	.LASF60:
 1596 0996 43595F53 		.ascii	"CY_SAR_RANGE_COND_OUTSIDE\000"
 1596      41525F52 
 1596      414E4745 
 1596      5F434F4E 
ARM GAS  C:\Users\kateb\AppData\Local\Temp\ccvfHqEt.s 			page 39


 1596      445F4F55 
 1597              	.LASF54:
 1598 09b0 72785269 		.ascii	"rxRingBufTail\000"
 1598      6E674275 
 1598      66546169 
 1598      6C00
 1599              	.LASF108:
 1600 09be 6368616E 		.ascii	"channelBase\000"
 1600      6E656C42 
 1600      61736500 
 1601              	.LASF77:
 1602 09ca 63795F73 		.ascii	"cy_stc_sar_config_t\000"
 1602      74635F73 
 1602      61725F63 
 1602      6F6E6669 
 1602      675F7400 
 1603              	.LASF33:
 1604 09de 73746F70 		.ascii	"stopDst\000"
 1604      44737400 
 1605              	.LASF74:
 1606 09e6 6D757853 		.ascii	"muxSwitchSqCtrl\000"
 1606      77697463 
 1606      68537143 
 1606      74726C00 
 1607              	.LASF99:
 1608 09f6 43595F42 		.ascii	"CY_BLE_ERROR_MIC_AUTH_FAILED\000"
 1608      4C455F45 
 1608      52524F52 
 1608      5F4D4943 
 1608      5F415554 
 1609              	.LASF130:
 1610 0a13 6D61696E 		.ascii	"main\000"
 1610      00
 1611              	.LASF48:
 1612 0a18 63795F73 		.ascii	"cy_stc_scb_uart_context\000"
 1612      74635F73 
 1612      63625F75 
 1612      6172745F 
 1612      636F6E74 
 1613              	.LASF42:
 1614 0a30 74784275 		.ascii	"txBufIdx\000"
 1614      66496478 
 1614      00
 1615              		.ident	"GCC: (GNU Tools for ARM Embedded Processors) 5.4.1 20160609 (release) [ARM/embedded-5-bran
