ARM GAS  C:\Users\kateb\AppData\Local\Temp\ccDBiv4y.s 			page 1


   1              		.syntax unified
   2              		.cpu cortex-m0plus
   3              		.fpu softvfp
   4              		.eabi_attribute 20, 1
   5              		.eabi_attribute 21, 1
   6              		.eabi_attribute 23, 3
   7              		.eabi_attribute 24, 1
   8              		.eabi_attribute 25, 1
   9              		.eabi_attribute 26, 1
  10              		.eabi_attribute 30, 1
  11              		.eabi_attribute 34, 0
  12              		.eabi_attribute 18, 4
  13              		.thumb
  14              		.syntax unified
  15              		.file	"retarget.c"
  16              		.text
  17              	.Ltext0:
  18              		.cfi_sections	.debug_frame
  19              		.syntax divided
  20              		.global _printf_float
  21              		.global _scanf_float
  22              		.thumb
  23              		.syntax unified
  24              		.section	.text._write,"ax",%progbits
  25              		.align	2
  26              		.weak	_write
  27              		.code	16
  28              		.thumb_func
  29              		.type	_write, %function
  30              	_write:
  31              	.LFB491:
  32              		.file 1 "Generated_Source\\PSoC6\\pdl\\utilities\\retarget_io\\retarget.c"
   1:Generated_Source\PSoC6\pdl\utilities\retarget_io/retarget.c **** /***************************************************************************//**
   2:Generated_Source\PSoC6\pdl\utilities\retarget_io/retarget.c **** * \file retarget.c
   3:Generated_Source\PSoC6\pdl\utilities\retarget_io/retarget.c **** * \version 1.10
   4:Generated_Source\PSoC6\pdl\utilities\retarget_io/retarget.c **** *
   5:Generated_Source\PSoC6\pdl\utilities\retarget_io/retarget.c **** * \brief
   6:Generated_Source\PSoC6\pdl\utilities\retarget_io/retarget.c **** * 'Retarget' layer for target-dependent low level function.
   7:Generated_Source\PSoC6\pdl\utilities\retarget_io/retarget.c **** *
   8:Generated_Source\PSoC6\pdl\utilities\retarget_io/retarget.c **** ********************************************************************************
   9:Generated_Source\PSoC6\pdl\utilities\retarget_io/retarget.c **** * \copyright
  10:Generated_Source\PSoC6\pdl\utilities\retarget_io/retarget.c **** * Copyright 2016-2018, Cypress Semiconductor Corporation. All rights reserved.
  11:Generated_Source\PSoC6\pdl\utilities\retarget_io/retarget.c **** * You may use this file only in accordance with the license, terms, conditions,
  12:Generated_Source\PSoC6\pdl\utilities\retarget_io/retarget.c **** * disclaimers, and limitations in the end user license agreement accompanying
  13:Generated_Source\PSoC6\pdl\utilities\retarget_io/retarget.c **** * the software package with which this file was provided.
  14:Generated_Source\PSoC6\pdl\utilities\retarget_io/retarget.c **** *******************************************************************************/
  15:Generated_Source\PSoC6\pdl\utilities\retarget_io/retarget.c **** 
  16:Generated_Source\PSoC6\pdl\utilities\retarget_io/retarget.c **** #include <stdio.h>
  17:Generated_Source\PSoC6\pdl\utilities\retarget_io/retarget.c **** #include "stdio_user.h"
  18:Generated_Source\PSoC6\pdl\utilities\retarget_io/retarget.c **** 
  19:Generated_Source\PSoC6\pdl\utilities\retarget_io/retarget.c **** #if defined(__cplusplus)
  20:Generated_Source\PSoC6\pdl\utilities\retarget_io/retarget.c **** extern "C" {
  21:Generated_Source\PSoC6\pdl\utilities\retarget_io/retarget.c **** #endif
  22:Generated_Source\PSoC6\pdl\utilities\retarget_io/retarget.c **** 
  23:Generated_Source\PSoC6\pdl\utilities\retarget_io/retarget.c **** #ifdef IO_STDOUT_ENABLE
  24:Generated_Source\PSoC6\pdl\utilities\retarget_io/retarget.c **** 
  25:Generated_Source\PSoC6\pdl\utilities\retarget_io/retarget.c **** #if defined(__ARMCC_VERSION) /* ARM-MDK */
ARM GAS  C:\Users\kateb\AppData\Local\Temp\ccDBiv4y.s 			page 2


  26:Generated_Source\PSoC6\pdl\utilities\retarget_io/retarget.c ****     /***************************************************************************
  27:Generated_Source\PSoC6\pdl\utilities\retarget_io/retarget.c ****     * Function Name: fputc
  28:Generated_Source\PSoC6\pdl\utilities\retarget_io/retarget.c ****     ***************************************************************************/
  29:Generated_Source\PSoC6\pdl\utilities\retarget_io/retarget.c ****     __attribute__((weak)) int fputc(int ch, FILE *f)
  30:Generated_Source\PSoC6\pdl\utilities\retarget_io/retarget.c ****     {
  31:Generated_Source\PSoC6\pdl\utilities\retarget_io/retarget.c ****         (void)f;
  32:Generated_Source\PSoC6\pdl\utilities\retarget_io/retarget.c ****     #if (STDOUT_CR_LF != 0)
  33:Generated_Source\PSoC6\pdl\utilities\retarget_io/retarget.c ****         if ((char)ch == '\n')
  34:Generated_Source\PSoC6\pdl\utilities\retarget_io/retarget.c ****         {
  35:Generated_Source\PSoC6\pdl\utilities\retarget_io/retarget.c ****             STDIO_PutChar('\r');
  36:Generated_Source\PSoC6\pdl\utilities\retarget_io/retarget.c ****         }
  37:Generated_Source\PSoC6\pdl\utilities\retarget_io/retarget.c ****     #endif /* STDOUT_CR_LF != 0 */
  38:Generated_Source\PSoC6\pdl\utilities\retarget_io/retarget.c ****         STDIO_PutChar(ch);
  39:Generated_Source\PSoC6\pdl\utilities\retarget_io/retarget.c ****         return (ch);
  40:Generated_Source\PSoC6\pdl\utilities\retarget_io/retarget.c ****     }
  41:Generated_Source\PSoC6\pdl\utilities\retarget_io/retarget.c **** #elif defined (__ICCARM__) /* IAR */
  42:Generated_Source\PSoC6\pdl\utilities\retarget_io/retarget.c ****     #include <yfuns.h>
  43:Generated_Source\PSoC6\pdl\utilities\retarget_io/retarget.c **** 
  44:Generated_Source\PSoC6\pdl\utilities\retarget_io/retarget.c ****     /***************************************************************************
  45:Generated_Source\PSoC6\pdl\utilities\retarget_io/retarget.c ****     * Function Name: __write
  46:Generated_Source\PSoC6\pdl\utilities\retarget_io/retarget.c ****     ***************************************************************************/
  47:Generated_Source\PSoC6\pdl\utilities\retarget_io/retarget.c ****     __weak size_t __write(int handle, const unsigned char * buffer, size_t size)
  48:Generated_Source\PSoC6\pdl\utilities\retarget_io/retarget.c ****     {
  49:Generated_Source\PSoC6\pdl\utilities\retarget_io/retarget.c ****         size_t nChars = 0;
  50:Generated_Source\PSoC6\pdl\utilities\retarget_io/retarget.c ****         /* This template only writes to "standard out", for all other file
  51:Generated_Source\PSoC6\pdl\utilities\retarget_io/retarget.c ****         * handles it returns failure. */
  52:Generated_Source\PSoC6\pdl\utilities\retarget_io/retarget.c ****         if (handle != _LLIO_STDOUT)
  53:Generated_Source\PSoC6\pdl\utilities\retarget_io/retarget.c ****         {
  54:Generated_Source\PSoC6\pdl\utilities\retarget_io/retarget.c ****             return (_LLIO_ERROR);
  55:Generated_Source\PSoC6\pdl\utilities\retarget_io/retarget.c ****         }
  56:Generated_Source\PSoC6\pdl\utilities\retarget_io/retarget.c ****         if (buffer != NULL)
  57:Generated_Source\PSoC6\pdl\utilities\retarget_io/retarget.c ****         {
  58:Generated_Source\PSoC6\pdl\utilities\retarget_io/retarget.c ****             for (/* Empty */; nChars < size; ++nChars)
  59:Generated_Source\PSoC6\pdl\utilities\retarget_io/retarget.c ****             {
  60:Generated_Source\PSoC6\pdl\utilities\retarget_io/retarget.c ****             #if (STDOUT_CR_LF != 0)
  61:Generated_Source\PSoC6\pdl\utilities\retarget_io/retarget.c ****                 if(*buffer == '\n')
  62:Generated_Source\PSoC6\pdl\utilities\retarget_io/retarget.c ****                 {
  63:Generated_Source\PSoC6\pdl\utilities\retarget_io/retarget.c ****                     STDIO_PutChar('\r');
  64:Generated_Source\PSoC6\pdl\utilities\retarget_io/retarget.c ****                 }
  65:Generated_Source\PSoC6\pdl\utilities\retarget_io/retarget.c ****             #endif /* STDOUT_CR_LF != 0 */
  66:Generated_Source\PSoC6\pdl\utilities\retarget_io/retarget.c ****                 STDIO_PutChar(*buffer);
  67:Generated_Source\PSoC6\pdl\utilities\retarget_io/retarget.c ****                 ++buffer;
  68:Generated_Source\PSoC6\pdl\utilities\retarget_io/retarget.c ****             }
  69:Generated_Source\PSoC6\pdl\utilities\retarget_io/retarget.c ****         }
  70:Generated_Source\PSoC6\pdl\utilities\retarget_io/retarget.c ****         return (nChars);
  71:Generated_Source\PSoC6\pdl\utilities\retarget_io/retarget.c ****     }
  72:Generated_Source\PSoC6\pdl\utilities\retarget_io/retarget.c **** #else /* (__GNUC__)  GCC */    
  73:Generated_Source\PSoC6\pdl\utilities\retarget_io/retarget.c ****     /* Add an explicit reference to the floating point printf library to allow
  74:Generated_Source\PSoC6\pdl\utilities\retarget_io/retarget.c ****     the usage of floating point conversion specifier. */
  75:Generated_Source\PSoC6\pdl\utilities\retarget_io/retarget.c ****     __asm (".global _printf_float");
  76:Generated_Source\PSoC6\pdl\utilities\retarget_io/retarget.c ****     /***************************************************************************
  77:Generated_Source\PSoC6\pdl\utilities\retarget_io/retarget.c ****     * Function Name: _write
  78:Generated_Source\PSoC6\pdl\utilities\retarget_io/retarget.c ****     ***************************************************************************/
  79:Generated_Source\PSoC6\pdl\utilities\retarget_io/retarget.c ****     __attribute__((weak)) int _write (int fd, const char *ptr, int len)
  80:Generated_Source\PSoC6\pdl\utilities\retarget_io/retarget.c ****     {
  33              		.loc 1 80 0
  34              		.cfi_startproc
ARM GAS  C:\Users\kateb\AppData\Local\Temp\ccDBiv4y.s 			page 3


  35              		@ args = 0, pretend = 0, frame = 0
  36              		@ frame_needed = 0, uses_anonymous_args = 0
  37              	.LVL0:
  38 0000 70B5     		push	{r4, r5, r6, lr}
  39              		.cfi_def_cfa_offset 16
  40              		.cfi_offset 4, -16
  41              		.cfi_offset 5, -12
  42              		.cfi_offset 6, -8
  43              		.cfi_offset 14, -4
  44 0002 0D00     		movs	r5, r1
  45 0004 1600     		movs	r6, r2
  46              	.LVL1:
  81:Generated_Source\PSoC6\pdl\utilities\retarget_io/retarget.c ****         int nChars = 0;
  82:Generated_Source\PSoC6\pdl\utilities\retarget_io/retarget.c ****         (void)fd;
  83:Generated_Source\PSoC6\pdl\utilities\retarget_io/retarget.c ****         if (ptr != NULL)
  47              		.loc 1 83 0
  48 0006 0029     		cmp	r1, #0
  49 0008 07D1     		bne	.L5
  81:Generated_Source\PSoC6\pdl\utilities\retarget_io/retarget.c ****         int nChars = 0;
  50              		.loc 1 81 0
  51 000a 0024     		movs	r4, #0
  52 000c 08E0     		b	.L3
  53              	.LVL2:
  54              	.L4:
  84:Generated_Source\PSoC6\pdl\utilities\retarget_io/retarget.c ****         {
  85:Generated_Source\PSoC6\pdl\utilities\retarget_io/retarget.c ****             for (/* Empty */; nChars < len; ++nChars)
  86:Generated_Source\PSoC6\pdl\utilities\retarget_io/retarget.c ****             {
  87:Generated_Source\PSoC6\pdl\utilities\retarget_io/retarget.c ****             #if (STDOUT_CR_LF != 0)
  88:Generated_Source\PSoC6\pdl\utilities\retarget_io/retarget.c ****                 if(*ptr == '\n')
  89:Generated_Source\PSoC6\pdl\utilities\retarget_io/retarget.c ****                 {
  90:Generated_Source\PSoC6\pdl\utilities\retarget_io/retarget.c ****                     STDIO_PutChar('\r');
  91:Generated_Source\PSoC6\pdl\utilities\retarget_io/retarget.c ****                 }
  92:Generated_Source\PSoC6\pdl\utilities\retarget_io/retarget.c ****             #endif /* STDOUT_CR_LF != 0 */
  93:Generated_Source\PSoC6\pdl\utilities\retarget_io/retarget.c ****                 STDIO_PutChar((uint32_t)*ptr);
  55              		.loc 1 93 0 discriminator 2
  56 000e 2878     		ldrb	r0, [r5]
  57 0010 FFF7FEFF 		bl	STDIO_PutChar
  58              	.LVL3:
  94:Generated_Source\PSoC6\pdl\utilities\retarget_io/retarget.c ****                 ++ptr;
  59              		.loc 1 94 0 discriminator 2
  60 0014 0135     		adds	r5, r5, #1
  61              	.LVL4:
  85:Generated_Source\PSoC6\pdl\utilities\retarget_io/retarget.c ****             {
  62              		.loc 1 85 0 discriminator 2
  63 0016 0134     		adds	r4, r4, #1
  64              	.LVL5:
  65 0018 00E0     		b	.L2
  66              	.LVL6:
  67              	.L5:
  68 001a 0024     		movs	r4, #0
  69              	.LVL7:
  70              	.L2:
  85:Generated_Source\PSoC6\pdl\utilities\retarget_io/retarget.c ****             {
  71              		.loc 1 85 0 is_stmt 0 discriminator 1
  72 001c B442     		cmp	r4, r6
  73 001e F6DB     		blt	.L4
  74              	.LVL8:
ARM GAS  C:\Users\kateb\AppData\Local\Temp\ccDBiv4y.s 			page 4


  75              	.L3:
  95:Generated_Source\PSoC6\pdl\utilities\retarget_io/retarget.c ****             }
  96:Generated_Source\PSoC6\pdl\utilities\retarget_io/retarget.c ****         }
  97:Generated_Source\PSoC6\pdl\utilities\retarget_io/retarget.c ****         return (nChars);
  98:Generated_Source\PSoC6\pdl\utilities\retarget_io/retarget.c ****     }
  76              		.loc 1 98 0 is_stmt 1
  77 0020 2000     		movs	r0, r4
  78              		@ sp needed
  79              	.LVL9:
  80              	.LVL10:
  81              	.LVL11:
  82 0022 70BD     		pop	{r4, r5, r6, pc}
  83              		.cfi_endproc
  84              	.LFE491:
  85              		.size	_write, .-_write
  86              		.section	.text._read,"ax",%progbits
  87              		.align	2
  88              		.weak	_read
  89              		.code	16
  90              		.thumb_func
  91              		.type	_read, %function
  92              	_read:
  93              	.LFB492:
  99:Generated_Source\PSoC6\pdl\utilities\retarget_io/retarget.c **** #endif
 100:Generated_Source\PSoC6\pdl\utilities\retarget_io/retarget.c **** 
 101:Generated_Source\PSoC6\pdl\utilities\retarget_io/retarget.c **** #endif /* IO_STDOUT_ENABLE */
 102:Generated_Source\PSoC6\pdl\utilities\retarget_io/retarget.c **** 
 103:Generated_Source\PSoC6\pdl\utilities\retarget_io/retarget.c **** #if defined(IO_STDIN_ENABLE)
 104:Generated_Source\PSoC6\pdl\utilities\retarget_io/retarget.c **** 
 105:Generated_Source\PSoC6\pdl\utilities\retarget_io/retarget.c **** #if defined(__ARMCC_VERSION) /* ARM-MDK */
 106:Generated_Source\PSoC6\pdl\utilities\retarget_io/retarget.c ****     /***************************************************************************
 107:Generated_Source\PSoC6\pdl\utilities\retarget_io/retarget.c ****     * Function Name: fgetc
 108:Generated_Source\PSoC6\pdl\utilities\retarget_io/retarget.c ****     ***************************************************************************/
 109:Generated_Source\PSoC6\pdl\utilities\retarget_io/retarget.c ****     __attribute__((weak)) int fgetc(FILE *f) 
 110:Generated_Source\PSoC6\pdl\utilities\retarget_io/retarget.c ****     {
 111:Generated_Source\PSoC6\pdl\utilities\retarget_io/retarget.c ****         (void)f;
 112:Generated_Source\PSoC6\pdl\utilities\retarget_io/retarget.c ****         return (STDIO_GetChar());
 113:Generated_Source\PSoC6\pdl\utilities\retarget_io/retarget.c ****     }
 114:Generated_Source\PSoC6\pdl\utilities\retarget_io/retarget.c **** #elif defined (__ICCARM__) /* IAR */
 115:Generated_Source\PSoC6\pdl\utilities\retarget_io/retarget.c ****     __weak size_t __read(int handle, unsigned char * buffer, size_t size)
 116:Generated_Source\PSoC6\pdl\utilities\retarget_io/retarget.c ****     {
 117:Generated_Source\PSoC6\pdl\utilities\retarget_io/retarget.c ****         /* This template only reads from "standard in", for all other file
 118:Generated_Source\PSoC6\pdl\utilities\retarget_io/retarget.c ****         handles it returns failure. */
 119:Generated_Source\PSoC6\pdl\utilities\retarget_io/retarget.c ****         if ((handle != _LLIO_STDIN) || (buffer == NULL))
 120:Generated_Source\PSoC6\pdl\utilities\retarget_io/retarget.c ****         {
 121:Generated_Source\PSoC6\pdl\utilities\retarget_io/retarget.c ****             return (_LLIO_ERROR);
 122:Generated_Source\PSoC6\pdl\utilities\retarget_io/retarget.c ****         }
 123:Generated_Source\PSoC6\pdl\utilities\retarget_io/retarget.c ****         else
 124:Generated_Source\PSoC6\pdl\utilities\retarget_io/retarget.c ****         {
 125:Generated_Source\PSoC6\pdl\utilities\retarget_io/retarget.c ****             *buffer = STDIO_GetChar();
 126:Generated_Source\PSoC6\pdl\utilities\retarget_io/retarget.c ****             return (1);
 127:Generated_Source\PSoC6\pdl\utilities\retarget_io/retarget.c ****         }
 128:Generated_Source\PSoC6\pdl\utilities\retarget_io/retarget.c ****     }
 129:Generated_Source\PSoC6\pdl\utilities\retarget_io/retarget.c **** #else /* (__GNUC__)  GCC */
 130:Generated_Source\PSoC6\pdl\utilities\retarget_io/retarget.c ****     /* Add an explicit reference to the floating point scanf library to allow
 131:Generated_Source\PSoC6\pdl\utilities\retarget_io/retarget.c ****     the usage of floating point conversion specifier. */
 132:Generated_Source\PSoC6\pdl\utilities\retarget_io/retarget.c ****     __asm (".global _scanf_float");
ARM GAS  C:\Users\kateb\AppData\Local\Temp\ccDBiv4y.s 			page 5


 133:Generated_Source\PSoC6\pdl\utilities\retarget_io/retarget.c ****     __attribute__((weak)) int _read (int fd, char *ptr, int len)
 134:Generated_Source\PSoC6\pdl\utilities\retarget_io/retarget.c ****     {
  94              		.loc 1 134 0
  95              		.cfi_startproc
  96              		@ args = 0, pretend = 0, frame = 0
  97              		@ frame_needed = 0, uses_anonymous_args = 0
  98              	.LVL12:
  99 0000 70B5     		push	{r4, r5, r6, lr}
 100              		.cfi_def_cfa_offset 16
 101              		.cfi_offset 4, -16
 102              		.cfi_offset 5, -12
 103              		.cfi_offset 6, -8
 104              		.cfi_offset 14, -4
 105 0002 0D00     		movs	r5, r1
 106 0004 1600     		movs	r6, r2
 107              	.LVL13:
 135:Generated_Source\PSoC6\pdl\utilities\retarget_io/retarget.c ****         int nChars = 0;
 136:Generated_Source\PSoC6\pdl\utilities\retarget_io/retarget.c ****         (void)fd;
 137:Generated_Source\PSoC6\pdl\utilities\retarget_io/retarget.c ****         if (ptr != NULL)
 108              		.loc 1 137 0
 109 0006 0029     		cmp	r1, #0
 110 0008 0AD1     		bne	.L10
 135:Generated_Source\PSoC6\pdl\utilities\retarget_io/retarget.c ****         int nChars = 0;
 111              		.loc 1 135 0
 112 000a 0024     		movs	r4, #0
 113 000c 0BE0     		b	.L8
 114              	.LVL14:
 115              	.L9:
 138:Generated_Source\PSoC6\pdl\utilities\retarget_io/retarget.c ****         {
 139:Generated_Source\PSoC6\pdl\utilities\retarget_io/retarget.c ****             for(/* Empty */;nChars < len;++ptr)
 140:Generated_Source\PSoC6\pdl\utilities\retarget_io/retarget.c ****             {
 141:Generated_Source\PSoC6\pdl\utilities\retarget_io/retarget.c ****                 *ptr = (char)STDIO_GetChar();
 116              		.loc 1 141 0
 117 000e FFF7FEFF 		bl	STDIO_GetChar
 118              	.LVL15:
 119 0012 C0B2     		uxtb	r0, r0
 120 0014 2870     		strb	r0, [r5]
 142:Generated_Source\PSoC6\pdl\utilities\retarget_io/retarget.c ****                 ++nChars;
 121              		.loc 1 142 0
 122 0016 0134     		adds	r4, r4, #1
 123              	.LVL16:
 143:Generated_Source\PSoC6\pdl\utilities\retarget_io/retarget.c ****                 if(*ptr == '\n')
 124              		.loc 1 143 0
 125 0018 0A28     		cmp	r0, #10
 126 001a 04D0     		beq	.L8
 139:Generated_Source\PSoC6\pdl\utilities\retarget_io/retarget.c ****             {
 127              		.loc 1 139 0
 128 001c 0135     		adds	r5, r5, #1
 129              	.LVL17:
 130 001e 00E0     		b	.L7
 131              	.LVL18:
 132              	.L10:
 133 0020 0024     		movs	r4, #0
 134              	.LVL19:
 135              	.L7:
 139:Generated_Source\PSoC6\pdl\utilities\retarget_io/retarget.c ****             {
 136              		.loc 1 139 0 is_stmt 0 discriminator 1
ARM GAS  C:\Users\kateb\AppData\Local\Temp\ccDBiv4y.s 			page 6


 137 0022 B442     		cmp	r4, r6
 138 0024 F3DB     		blt	.L9
 139              	.LVL20:
 140              	.L8:
 144:Generated_Source\PSoC6\pdl\utilities\retarget_io/retarget.c ****                 {
 145:Generated_Source\PSoC6\pdl\utilities\retarget_io/retarget.c ****                     break;
 146:Generated_Source\PSoC6\pdl\utilities\retarget_io/retarget.c ****                 }
 147:Generated_Source\PSoC6\pdl\utilities\retarget_io/retarget.c ****             }
 148:Generated_Source\PSoC6\pdl\utilities\retarget_io/retarget.c ****         }
 149:Generated_Source\PSoC6\pdl\utilities\retarget_io/retarget.c ****         return (nChars);
 150:Generated_Source\PSoC6\pdl\utilities\retarget_io/retarget.c ****     }
 141              		.loc 1 150 0 is_stmt 1
 142 0026 2000     		movs	r0, r4
 143              		@ sp needed
 144              	.LVL21:
 145              	.LVL22:
 146              	.LVL23:
 147 0028 70BD     		pop	{r4, r5, r6, pc}
 148              		.cfi_endproc
 149              	.LFE492:
 150              		.size	_read, .-_read
 151 002a C046     		.text
 152              	.Letext0:
 153              		.file 2 "c:\\program files (x86)\\cypress\\psoc creator\\4.2\\psoc creator\\import\\gnu\\arm\\5.4.
 154              		.file 3 "c:\\program files (x86)\\cypress\\psoc creator\\4.2\\psoc creator\\import\\gnu\\arm\\5.4.
 155              		.file 4 "Generated_Source\\PSoC6\\pdl\\drivers/peripheral/rtc/cy_rtc.h"
 156              		.file 5 "Generated_Source\\PSoC6\\pdl\\drivers/peripheral/scb/cy_scb_spi.h"
 157              		.file 6 "Generated_Source\\PSoC6\\pdl\\drivers/peripheral/scb/cy_scb_uart.h"
 158              		.file 7 "Generated_Source\\PSoC6\\pdl\\drivers/peripheral/sar/cy_sar.h"
 159              		.file 8 "Generated_Source\\PSoC6/ADC.h"
 160              		.file 9 "Generated_Source\\PSoC6/DEBUG_UART.h"
 161              		.file 10 "Generated_Source\\PSoC6/RTC.h"
 162              		.file 11 "Generated_Source\\PSoC6/CY_EINK_SPIM.h"
 163              		.file 12 "./stdio_user.h"
 164              		.section	.debug_info,"",%progbits
 165              	.Ldebug_info0:
 166 0000 E9050000 		.4byte	0x5e9
 167 0004 0400     		.2byte	0x4
 168 0006 00000000 		.4byte	.Ldebug_abbrev0
 169 000a 04       		.byte	0x4
 170 000b 01       		.uleb128 0x1
 171 000c 00010000 		.4byte	.LASF93
 172 0010 0C       		.byte	0xc
 173 0011 C8050000 		.4byte	.LASF94
 174 0015 56040000 		.4byte	.LASF95
 175 0019 00000000 		.4byte	.Ldebug_ranges0+0
 176 001d 00000000 		.4byte	0
 177 0021 00000000 		.4byte	.Ldebug_line0
 178 0025 02       		.uleb128 0x2
 179 0026 01       		.byte	0x1
 180 0027 06       		.byte	0x6
 181 0028 87030000 		.4byte	.LASF0
 182 002c 03       		.uleb128 0x3
 183 002d 21030000 		.4byte	.LASF5
 184 0031 02       		.byte	0x2
 185 0032 1D       		.byte	0x1d
 186 0033 37000000 		.4byte	0x37
ARM GAS  C:\Users\kateb\AppData\Local\Temp\ccDBiv4y.s 			page 7


 187 0037 02       		.uleb128 0x2
 188 0038 01       		.byte	0x1
 189 0039 08       		.byte	0x8
 190 003a 54030000 		.4byte	.LASF1
 191 003e 02       		.uleb128 0x2
 192 003f 02       		.byte	0x2
 193 0040 05       		.byte	0x5
 194 0041 A4000000 		.4byte	.LASF2
 195 0045 02       		.uleb128 0x2
 196 0046 02       		.byte	0x2
 197 0047 07       		.byte	0x7
 198 0048 D7030000 		.4byte	.LASF3
 199 004c 02       		.uleb128 0x2
 200 004d 04       		.byte	0x4
 201 004e 05       		.byte	0x5
 202 004f B1050000 		.4byte	.LASF4
 203 0053 03       		.uleb128 0x3
 204 0054 C4010000 		.4byte	.LASF6
 205 0058 02       		.byte	0x2
 206 0059 41       		.byte	0x41
 207 005a 5E000000 		.4byte	0x5e
 208 005e 02       		.uleb128 0x2
 209 005f 04       		.byte	0x4
 210 0060 07       		.byte	0x7
 211 0061 DA040000 		.4byte	.LASF7
 212 0065 02       		.uleb128 0x2
 213 0066 08       		.byte	0x8
 214 0067 05       		.byte	0x5
 215 0068 B6010000 		.4byte	.LASF8
 216 006c 02       		.uleb128 0x2
 217 006d 08       		.byte	0x8
 218 006e 07       		.byte	0x7
 219 006f 93030000 		.4byte	.LASF9
 220 0073 04       		.uleb128 0x4
 221 0074 04       		.byte	0x4
 222 0075 05       		.byte	0x5
 223 0076 696E7400 		.ascii	"int\000"
 224 007a 02       		.uleb128 0x2
 225 007b 04       		.byte	0x4
 226 007c 07       		.byte	0x7
 227 007d B3030000 		.4byte	.LASF10
 228 0081 02       		.uleb128 0x2
 229 0082 08       		.byte	0x8
 230 0083 04       		.byte	0x4
 231 0084 3F030000 		.4byte	.LASF11
 232 0088 05       		.uleb128 0x5
 233 0089 04       		.byte	0x4
 234 008a 02       		.uleb128 0x2
 235 008b 04       		.byte	0x4
 236 008c 07       		.byte	0x7
 237 008d BC000000 		.4byte	.LASF12
 238 0091 06       		.uleb128 0x6
 239 0092 04       		.byte	0x4
 240 0093 97000000 		.4byte	0x97
 241 0097 02       		.uleb128 0x2
 242 0098 01       		.byte	0x1
 243 0099 08       		.byte	0x8
ARM GAS  C:\Users\kateb\AppData\Local\Temp\ccDBiv4y.s 			page 8


 244 009a FB030000 		.4byte	.LASF13
 245 009e 06       		.uleb128 0x6
 246 009f 04       		.byte	0x4
 247 00a0 A4000000 		.4byte	0xa4
 248 00a4 07       		.uleb128 0x7
 249 00a5 97000000 		.4byte	0x97
 250 00a9 03       		.uleb128 0x3
 251 00aa 59020000 		.4byte	.LASF14
 252 00ae 03       		.byte	0x3
 253 00af 18       		.byte	0x18
 254 00b0 2C000000 		.4byte	0x2c
 255 00b4 03       		.uleb128 0x3
 256 00b5 AA030000 		.4byte	.LASF15
 257 00b9 03       		.byte	0x3
 258 00ba 30       		.byte	0x30
 259 00bb 53000000 		.4byte	0x53
 260 00bf 08       		.uleb128 0x8
 261 00c0 B4000000 		.4byte	0xb4
 262 00c4 02       		.uleb128 0x2
 263 00c5 04       		.byte	0x4
 264 00c6 04       		.byte	0x4
 265 00c7 B1020000 		.4byte	.LASF16
 266 00cb 02       		.uleb128 0x2
 267 00cc 08       		.byte	0x8
 268 00cd 04       		.byte	0x4
 269 00ce EC040000 		.4byte	.LASF17
 270 00d2 02       		.uleb128 0x2
 271 00d3 01       		.byte	0x1
 272 00d4 02       		.byte	0x2
 273 00d5 44040000 		.4byte	.LASF18
 274 00d9 09       		.uleb128 0x9
 275 00da 01       		.byte	0x1
 276 00db 37000000 		.4byte	0x37
 277 00df 04       		.byte	0x4
 278 00e0 6A01     		.2byte	0x16a
 279 00e2 F3000000 		.4byte	0xf3
 280 00e6 0A       		.uleb128 0xa
 281 00e7 B8040000 		.4byte	.LASF19
 282 00eb 00       		.byte	0
 283 00ec 0A       		.uleb128 0xa
 284 00ed 13050000 		.4byte	.LASF20
 285 00f1 01       		.byte	0x1
 286 00f2 00       		.byte	0
 287 00f3 0B       		.uleb128 0xb
 288 00f4 00000000 		.4byte	.LASF21
 289 00f8 04       		.byte	0x4
 290 00f9 6D01     		.2byte	0x16d
 291 00fb D9000000 		.4byte	0xd9
 292 00ff 0C       		.uleb128 0xc
 293 0100 18       		.byte	0x18
 294 0101 04       		.byte	0x4
 295 0102 CE01     		.2byte	0x1ce
 296 0104 57010000 		.4byte	0x157
 297 0108 0D       		.uleb128 0xd
 298 0109 D5020000 		.4byte	.LASF22
 299 010d 04       		.byte	0x4
 300 010e D001     		.2byte	0x1d0
ARM GAS  C:\Users\kateb\AppData\Local\Temp\ccDBiv4y.s 			page 9


 301 0110 F3000000 		.4byte	0xf3
 302 0114 00       		.byte	0
 303 0115 0D       		.uleb128 0xd
 304 0116 3A030000 		.4byte	.LASF23
 305 011a 04       		.byte	0x4
 306 011b D301     		.2byte	0x1d3
 307 011d B4000000 		.4byte	0xb4
 308 0121 04       		.byte	0x4
 309 0122 0D       		.uleb128 0xd
 310 0123 51000000 		.4byte	.LASF24
 311 0127 04       		.byte	0x4
 312 0128 D501     		.2byte	0x1d5
 313 012a B4000000 		.4byte	0xb4
 314 012e 08       		.byte	0x8
 315 012f 0D       		.uleb128 0xd
 316 0130 43020000 		.4byte	.LASF25
 317 0134 04       		.byte	0x4
 318 0135 D801     		.2byte	0x1d8
 319 0137 B4000000 		.4byte	0xb4
 320 013b 0C       		.byte	0xc
 321 013c 0D       		.uleb128 0xd
 322 013d 2B040000 		.4byte	.LASF26
 323 0141 04       		.byte	0x4
 324 0142 DC01     		.2byte	0x1dc
 325 0144 B4000000 		.4byte	0xb4
 326 0148 10       		.byte	0x10
 327 0149 0D       		.uleb128 0xd
 328 014a 34030000 		.4byte	.LASF27
 329 014e 04       		.byte	0x4
 330 014f E001     		.2byte	0x1e0
 331 0151 B4000000 		.4byte	0xb4
 332 0155 14       		.byte	0x14
 333 0156 00       		.byte	0
 334 0157 0B       		.uleb128 0xb
 335 0158 02020000 		.4byte	.LASF28
 336 015c 04       		.byte	0x4
 337 015d E201     		.2byte	0x1e2
 338 015f FF000000 		.4byte	0xff
 339 0163 0C       		.uleb128 0xc
 340 0164 30       		.byte	0x30
 341 0165 04       		.byte	0x4
 342 0166 E501     		.2byte	0x1e5
 343 0168 87010000 		.4byte	0x187
 344 016c 0D       		.uleb128 0xd
 345 016d 0A050000 		.4byte	.LASF29
 346 0171 04       		.byte	0x4
 347 0172 E701     		.2byte	0x1e7
 348 0174 57010000 		.4byte	0x157
 349 0178 00       		.byte	0
 350 0179 0D       		.uleb128 0xd
 351 017a 5B050000 		.4byte	.LASF30
 352 017e 04       		.byte	0x4
 353 017f E801     		.2byte	0x1e8
 354 0181 57010000 		.4byte	0x157
 355 0185 18       		.byte	0x18
 356 0186 00       		.byte	0
 357 0187 0B       		.uleb128 0xb
ARM GAS  C:\Users\kateb\AppData\Local\Temp\ccDBiv4y.s 			page 10


 358 0188 5C000000 		.4byte	.LASF31
 359 018c 04       		.byte	0x4
 360 018d E901     		.2byte	0x1e9
 361 018f 63010000 		.4byte	0x163
 362 0193 06       		.uleb128 0x6
 363 0194 04       		.byte	0x4
 364 0195 99010000 		.4byte	0x199
 365 0199 0E       		.uleb128 0xe
 366 019a A4010000 		.4byte	0x1a4
 367 019e 0F       		.uleb128 0xf
 368 019f B4000000 		.4byte	0xb4
 369 01a3 00       		.byte	0
 370 01a4 0B       		.uleb128 0xb
 371 01a5 7E020000 		.4byte	.LASF32
 372 01a9 05       		.byte	0x5
 373 01aa BF01     		.2byte	0x1bf
 374 01ac 93010000 		.4byte	0x193
 375 01b0 10       		.uleb128 0x10
 376 01b1 F3040000 		.4byte	.LASF44
 377 01b5 24       		.byte	0x24
 378 01b6 05       		.byte	0x5
 379 01b7 4102     		.2byte	0x241
 380 01b9 33020000 		.4byte	0x233
 381 01bd 0D       		.uleb128 0xd
 382 01be D0030000 		.4byte	.LASF33
 383 01c2 05       		.byte	0x5
 384 01c3 4402     		.2byte	0x244
 385 01c5 BF000000 		.4byte	0xbf
 386 01c9 00       		.byte	0
 387 01ca 0D       		.uleb128 0xd
 388 01cb EA030000 		.4byte	.LASF34
 389 01cf 05       		.byte	0x5
 390 01d0 4602     		.2byte	0x246
 391 01d2 88000000 		.4byte	0x88
 392 01d6 04       		.byte	0x4
 393 01d7 0D       		.uleb128 0xd
 394 01d8 6D000000 		.4byte	.LASF35
 395 01dc 05       		.byte	0x5
 396 01dd 4702     		.2byte	0x247
 397 01df B4000000 		.4byte	0xb4
 398 01e3 08       		.byte	0x8
 399 01e4 0D       		.uleb128 0xd
 400 01e5 2B030000 		.4byte	.LASF36
 401 01e9 05       		.byte	0x5
 402 01ea 4802     		.2byte	0x248
 403 01ec BF000000 		.4byte	0xbf
 404 01f0 0C       		.byte	0xc
 405 01f1 0D       		.uleb128 0xd
 406 01f2 B7020000 		.4byte	.LASF37
 407 01f6 05       		.byte	0x5
 408 01f7 4A02     		.2byte	0x24a
 409 01f9 88000000 		.4byte	0x88
 410 01fd 10       		.byte	0x10
 411 01fe 0D       		.uleb128 0xd
 412 01ff 00030000 		.4byte	.LASF38
 413 0203 05       		.byte	0x5
 414 0204 4B02     		.2byte	0x24b
ARM GAS  C:\Users\kateb\AppData\Local\Temp\ccDBiv4y.s 			page 11


 415 0206 B4000000 		.4byte	0xb4
 416 020a 14       		.byte	0x14
 417 020b 0D       		.uleb128 0xd
 418 020c 18030000 		.4byte	.LASF39
 419 0210 05       		.byte	0x5
 420 0211 4C02     		.2byte	0x24c
 421 0213 BF000000 		.4byte	0xbf
 422 0217 18       		.byte	0x18
 423 0218 0D       		.uleb128 0xd
 424 0219 0A040000 		.4byte	.LASF40
 425 021d 05       		.byte	0x5
 426 021e 5202     		.2byte	0x252
 427 0220 A4010000 		.4byte	0x1a4
 428 0224 1C       		.byte	0x1c
 429 0225 0D       		.uleb128 0xd
 430 0226 F8020000 		.4byte	.LASF41
 431 022a 05       		.byte	0x5
 432 022b 5502     		.2byte	0x255
 433 022d B4000000 		.4byte	0xb4
 434 0231 20       		.byte	0x20
 435 0232 00       		.byte	0
 436 0233 0B       		.uleb128 0xb
 437 0234 92010000 		.4byte	.LASF42
 438 0238 05       		.byte	0x5
 439 0239 5802     		.2byte	0x258
 440 023b B0010000 		.4byte	0x1b0
 441 023f 0B       		.uleb128 0xb
 442 0240 77000000 		.4byte	.LASF43
 443 0244 06       		.byte	0x6
 444 0245 AB01     		.2byte	0x1ab
 445 0247 93010000 		.4byte	0x193
 446 024b 10       		.uleb128 0x10
 447 024c DC000000 		.4byte	.LASF45
 448 0250 38       		.byte	0x38
 449 0251 06       		.byte	0x6
 450 0252 4702     		.2byte	0x247
 451 0254 0F030000 		.4byte	0x30f
 452 0258 0D       		.uleb128 0xd
 453 0259 CF010000 		.4byte	.LASF46
 454 025d 06       		.byte	0x6
 455 025e 4A02     		.2byte	0x24a
 456 0260 BF000000 		.4byte	0xbf
 457 0264 00       		.byte	0
 458 0265 0D       		.uleb128 0xd
 459 0266 4B030000 		.4byte	.LASF47
 460 026a 06       		.byte	0x6
 461 026b 4B02     		.2byte	0x24b
 462 026d BF000000 		.4byte	0xbf
 463 0271 04       		.byte	0x4
 464 0272 0D       		.uleb128 0xd
 465 0273 62030000 		.4byte	.LASF48
 466 0277 06       		.byte	0x6
 467 0278 4D02     		.2byte	0x24d
 468 027a 88000000 		.4byte	0x88
 469 027e 08       		.byte	0x8
 470 027f 0D       		.uleb128 0xd
 471 0280 96000000 		.4byte	.LASF49
ARM GAS  C:\Users\kateb\AppData\Local\Temp\ccDBiv4y.s 			page 12


 472 0284 06       		.byte	0x6
 473 0285 4E02     		.2byte	0x24e
 474 0287 B4000000 		.4byte	0xb4
 475 028b 0C       		.byte	0xc
 476 028c 0D       		.uleb128 0xd
 477 028d BA050000 		.4byte	.LASF50
 478 0291 06       		.byte	0x6
 479 0292 4F02     		.2byte	0x24f
 480 0294 BF000000 		.4byte	0xbf
 481 0298 10       		.byte	0x10
 482 0299 0D       		.uleb128 0xd
 483 029a 43000000 		.4byte	.LASF51
 484 029e 06       		.byte	0x6
 485 029f 5002     		.2byte	0x250
 486 02a1 BF000000 		.4byte	0xbf
 487 02a5 14       		.byte	0x14
 488 02a6 0D       		.uleb128 0xd
 489 02a7 EA030000 		.4byte	.LASF34
 490 02ab 06       		.byte	0x6
 491 02ac 5202     		.2byte	0x252
 492 02ae 88000000 		.4byte	0x88
 493 02b2 18       		.byte	0x18
 494 02b3 0D       		.uleb128 0xd
 495 02b4 6D000000 		.4byte	.LASF35
 496 02b8 06       		.byte	0x6
 497 02b9 5302     		.2byte	0x253
 498 02bb B4000000 		.4byte	0xb4
 499 02bf 1C       		.byte	0x1c
 500 02c0 0D       		.uleb128 0xd
 501 02c1 2B030000 		.4byte	.LASF36
 502 02c5 06       		.byte	0x6
 503 02c6 5402     		.2byte	0x254
 504 02c8 BF000000 		.4byte	0xbf
 505 02cc 20       		.byte	0x20
 506 02cd 0D       		.uleb128 0xd
 507 02ce B7020000 		.4byte	.LASF37
 508 02d2 06       		.byte	0x6
 509 02d3 5602     		.2byte	0x256
 510 02d5 88000000 		.4byte	0x88
 511 02d9 24       		.byte	0x24
 512 02da 0D       		.uleb128 0xd
 513 02db 00030000 		.4byte	.LASF38
 514 02df 06       		.byte	0x6
 515 02e0 5702     		.2byte	0x257
 516 02e2 B4000000 		.4byte	0xb4
 517 02e6 28       		.byte	0x28
 518 02e7 0D       		.uleb128 0xd
 519 02e8 3D050000 		.4byte	.LASF52
 520 02ec 06       		.byte	0x6
 521 02ed 5802     		.2byte	0x258
 522 02ef BF000000 		.4byte	0xbf
 523 02f3 2C       		.byte	0x2c
 524 02f4 0D       		.uleb128 0xd
 525 02f5 0A040000 		.4byte	.LASF40
 526 02f9 06       		.byte	0x6
 527 02fa 5D02     		.2byte	0x25d
 528 02fc 3F020000 		.4byte	0x23f
ARM GAS  C:\Users\kateb\AppData\Local\Temp\ccDBiv4y.s 			page 13


 529 0300 30       		.byte	0x30
 530 0301 0D       		.uleb128 0xd
 531 0302 F8020000 		.4byte	.LASF41
 532 0306 06       		.byte	0x6
 533 0307 6002     		.2byte	0x260
 534 0309 B4000000 		.4byte	0xb4
 535 030d 34       		.byte	0x34
 536 030e 00       		.byte	0
 537 030f 0B       		.uleb128 0xb
 538 0310 77050000 		.4byte	.LASF53
 539 0314 06       		.byte	0x6
 540 0315 6302     		.2byte	0x263
 541 0317 4B020000 		.4byte	0x24b
 542 031b 09       		.uleb128 0x9
 543 031c 01       		.byte	0x1
 544 031d 37000000 		.4byte	0x37
 545 0321 07       		.byte	0x7
 546 0322 0504     		.2byte	0x405
 547 0324 41030000 		.4byte	0x341
 548 0328 0A       		.uleb128 0xa
 549 0329 BD020000 		.4byte	.LASF54
 550 032d 00       		.byte	0
 551 032e 0A       		.uleb128 0xa
 552 032f 24050000 		.4byte	.LASF55
 553 0333 01       		.byte	0x1
 554 0334 0A       		.uleb128 0xa
 555 0335 13040000 		.4byte	.LASF56
 556 0339 02       		.byte	0x2
 557 033a 0A       		.uleb128 0xa
 558 033b 29000000 		.4byte	.LASF57
 559 033f 03       		.byte	0x3
 560 0340 00       		.byte	0
 561 0341 0B       		.uleb128 0xb
 562 0342 D8010000 		.4byte	.LASF58
 563 0346 07       		.byte	0x7
 564 0347 0A04     		.2byte	0x40a
 565 0349 1B030000 		.4byte	0x31b
 566 034d 0C       		.uleb128 0xc
 567 034e 78       		.byte	0x78
 568 034f 07       		.byte	0x7
 569 0350 F404     		.2byte	0x4f4
 570 0352 1A040000 		.4byte	0x41a
 571 0356 0D       		.uleb128 0xd
 572 0357 04060000 		.4byte	.LASF59
 573 035b 07       		.byte	0x7
 574 035c F604     		.2byte	0x4f6
 575 035e B4000000 		.4byte	0xb4
 576 0362 00       		.byte	0
 577 0363 0D       		.uleb128 0xd
 578 0364 D1000000 		.4byte	.LASF60
 579 0368 07       		.byte	0x7
 580 0369 F704     		.2byte	0x4f7
 581 036b B4000000 		.4byte	0xb4
 582 036f 04       		.byte	0x4
 583 0370 0D       		.uleb128 0xd
 584 0371 4E050000 		.4byte	.LASF61
 585 0375 07       		.byte	0x7
ARM GAS  C:\Users\kateb\AppData\Local\Temp\ccDBiv4y.s 			page 14


 586 0376 F804     		.2byte	0x4f8
 587 0378 B4000000 		.4byte	0xb4
 588 037c 08       		.byte	0x8
 589 037d 0D       		.uleb128 0xd
 590 037e A4050000 		.4byte	.LASF62
 591 0382 07       		.byte	0x7
 592 0383 F904     		.2byte	0x4f9
 593 0385 B4000000 		.4byte	0xb4
 594 0389 0C       		.byte	0xc
 595 038a 0D       		.uleb128 0xd
 596 038b AB010000 		.4byte	.LASF63
 597 038f 07       		.byte	0x7
 598 0390 FA04     		.2byte	0x4fa
 599 0392 B4000000 		.4byte	0xb4
 600 0396 10       		.byte	0x10
 601 0397 0D       		.uleb128 0xd
 602 0398 4F020000 		.4byte	.LASF64
 603 039c 07       		.byte	0x7
 604 039d FB04     		.2byte	0x4fb
 605 039f 41030000 		.4byte	0x341
 606 03a3 14       		.byte	0x14
 607 03a4 0D       		.uleb128 0xd
 608 03a5 91050000 		.4byte	.LASF65
 609 03a9 07       		.byte	0x7
 610 03aa FC04     		.2byte	0x4fc
 611 03ac B4000000 		.4byte	0xb4
 612 03b0 18       		.byte	0x18
 613 03b1 0D       		.uleb128 0xd
 614 03b2 DC020000 		.4byte	.LASF66
 615 03b6 07       		.byte	0x7
 616 03b7 FD04     		.2byte	0x4fd
 617 03b9 1A040000 		.4byte	0x41a
 618 03bd 1C       		.byte	0x1c
 619 03be 0D       		.uleb128 0xd
 620 03bf 09060000 		.4byte	.LASF67
 621 03c3 07       		.byte	0x7
 622 03c4 FE04     		.2byte	0x4fe
 623 03c6 B4000000 		.4byte	0xb4
 624 03ca 5C       		.byte	0x5c
 625 03cb 0D       		.uleb128 0xd
 626 03cc C5000000 		.4byte	.LASF68
 627 03d0 07       		.byte	0x7
 628 03d1 FF04     		.2byte	0x4ff
 629 03d3 B4000000 		.4byte	0xb4
 630 03d7 60       		.byte	0x60
 631 03d8 0D       		.uleb128 0xd
 632 03d9 12060000 		.4byte	.LASF69
 633 03dd 07       		.byte	0x7
 634 03de 0005     		.2byte	0x500
 635 03e0 B4000000 		.4byte	0xb4
 636 03e4 64       		.byte	0x64
 637 03e5 0D       		.uleb128 0xd
 638 03e6 00040000 		.4byte	.LASF70
 639 03ea 07       		.byte	0x7
 640 03eb 0105     		.2byte	0x501
 641 03ed B4000000 		.4byte	0xb4
 642 03f1 68       		.byte	0x68
ARM GAS  C:\Users\kateb\AppData\Local\Temp\ccDBiv4y.s 			page 15


 643 03f2 0D       		.uleb128 0xd
 644 03f3 C0030000 		.4byte	.LASF71
 645 03f7 07       		.byte	0x7
 646 03f8 0205     		.2byte	0x502
 647 03fa B4000000 		.4byte	0xb4
 648 03fe 6C       		.byte	0x6c
 649 03ff 0D       		.uleb128 0xd
 650 0400 A3020000 		.4byte	.LASF72
 651 0404 07       		.byte	0x7
 652 0405 0305     		.2byte	0x503
 653 0407 D2000000 		.4byte	0xd2
 654 040b 70       		.byte	0x70
 655 040c 0D       		.uleb128 0xd
 656 040d F4000000 		.4byte	.LASF73
 657 0411 07       		.byte	0x7
 658 0412 0405     		.2byte	0x504
 659 0414 B4000000 		.4byte	0xb4
 660 0418 74       		.byte	0x74
 661 0419 00       		.byte	0
 662 041a 11       		.uleb128 0x11
 663 041b B4000000 		.4byte	0xb4
 664 041f 2A040000 		.4byte	0x42a
 665 0423 12       		.uleb128 0x12
 666 0424 8A000000 		.4byte	0x8a
 667 0428 0F       		.byte	0xf
 668 0429 00       		.byte	0
 669 042a 0B       		.uleb128 0xb
 670 042b 63050000 		.4byte	.LASF74
 671 042f 07       		.byte	0x7
 672 0430 0505     		.2byte	0x505
 673 0432 4D030000 		.4byte	0x34d
 674 0436 07       		.uleb128 0x7
 675 0437 A9000000 		.4byte	0xa9
 676 043b 13       		.uleb128 0x13
 677 043c 14       		.byte	0x14
 678 043d 08       		.byte	0x8
 679 043e 3B       		.byte	0x3b
 680 043f 80040000 		.4byte	0x480
 681 0443 14       		.uleb128 0x14
 682 0444 20060000 		.4byte	.LASF75
 683 0448 08       		.byte	0x8
 684 0449 3D       		.byte	0x3d
 685 044a B4000000 		.4byte	0xb4
 686 044e 00       		.byte	0
 687 044f 14       		.uleb128 0x14
 688 0450 98050000 		.4byte	.LASF76
 689 0454 08       		.byte	0x8
 690 0455 3E       		.byte	0x3e
 691 0456 B4000000 		.4byte	0xb4
 692 045a 04       		.byte	0x4
 693 045b 14       		.uleb128 0x14
 694 045c 4A040000 		.4byte	.LASF77
 695 0460 08       		.byte	0x8
 696 0461 3F       		.byte	0x3f
 697 0462 80040000 		.4byte	0x480
 698 0466 08       		.byte	0x8
 699 0467 14       		.uleb128 0x14
ARM GAS  C:\Users\kateb\AppData\Local\Temp\ccDBiv4y.s 			page 16


 700 0468 F0030000 		.4byte	.LASF78
 701 046c 08       		.byte	0x8
 702 046d 40       		.byte	0x40
 703 046e B4000000 		.4byte	0xb4
 704 0472 0C       		.byte	0xc
 705 0473 14       		.uleb128 0x14
 706 0474 61020000 		.4byte	.LASF79
 707 0478 08       		.byte	0x8
 708 0479 45       		.byte	0x45
 709 047a B4000000 		.4byte	0xb4
 710 047e 10       		.byte	0x10
 711 047f 00       		.byte	0
 712 0480 06       		.uleb128 0x6
 713 0481 04       		.byte	0x4
 714 0482 86040000 		.4byte	0x486
 715 0486 07       		.uleb128 0x7
 716 0487 2A040000 		.4byte	0x42a
 717 048b 03       		.uleb128 0x3
 718 048c 6C020000 		.4byte	.LASF80
 719 0490 08       		.byte	0x8
 720 0491 48       		.byte	0x48
 721 0492 3B040000 		.4byte	0x43b
 722 0496 15       		.uleb128 0x15
 723 0497 9C020000 		.4byte	.LASF81
 724 049b 01       		.byte	0x1
 725 049c 4F       		.byte	0x4f
 726 049d 73000000 		.4byte	0x73
 727 04a1 00000000 		.4byte	.LFB491
 728 04a5 24000000 		.4byte	.LFE491-.LFB491
 729 04a9 01       		.uleb128 0x1
 730 04aa 9C       		.byte	0x9c
 731 04ab F4040000 		.4byte	0x4f4
 732 04af 16       		.uleb128 0x16
 733 04b0 666400   		.ascii	"fd\000"
 734 04b3 01       		.byte	0x1
 735 04b4 4F       		.byte	0x4f
 736 04b5 73000000 		.4byte	0x73
 737 04b9 00000000 		.4byte	.LLST0
 738 04bd 16       		.uleb128 0x16
 739 04be 70747200 		.ascii	"ptr\000"
 740 04c2 01       		.byte	0x1
 741 04c3 4F       		.byte	0x4f
 742 04c4 9E000000 		.4byte	0x9e
 743 04c8 3A000000 		.4byte	.LLST1
 744 04cc 16       		.uleb128 0x16
 745 04cd 6C656E00 		.ascii	"len\000"
 746 04d1 01       		.byte	0x1
 747 04d2 4F       		.byte	0x4f
 748 04d3 73000000 		.4byte	0x73
 749 04d7 6E000000 		.4byte	.LLST2
 750 04db 17       		.uleb128 0x17
 751 04dc FB010000 		.4byte	.LASF83
 752 04e0 01       		.byte	0x1
 753 04e1 51       		.byte	0x51
 754 04e2 73000000 		.4byte	0x73
 755 04e6 B0000000 		.4byte	.LLST3
 756 04ea 18       		.uleb128 0x18
ARM GAS  C:\Users\kateb\AppData\Local\Temp\ccDBiv4y.s 			page 17


 757 04eb 14000000 		.4byte	.LVL3
 758 04ef D6050000 		.4byte	0x5d6
 759 04f3 00       		.byte	0
 760 04f4 15       		.uleb128 0x15
 761 04f5 6C030000 		.4byte	.LASF82
 762 04f9 01       		.byte	0x1
 763 04fa 85       		.byte	0x85
 764 04fb 73000000 		.4byte	0x73
 765 04ff 00000000 		.4byte	.LFB492
 766 0503 2A000000 		.4byte	.LFE492-.LFB492
 767 0507 01       		.uleb128 0x1
 768 0508 9C       		.byte	0x9c
 769 0509 52050000 		.4byte	0x552
 770 050d 16       		.uleb128 0x16
 771 050e 666400   		.ascii	"fd\000"
 772 0511 01       		.byte	0x1
 773 0512 85       		.byte	0x85
 774 0513 73000000 		.4byte	0x73
 775 0517 F1000000 		.4byte	.LLST4
 776 051b 16       		.uleb128 0x16
 777 051c 70747200 		.ascii	"ptr\000"
 778 0520 01       		.byte	0x1
 779 0521 85       		.byte	0x85
 780 0522 91000000 		.4byte	0x91
 781 0526 2B010000 		.4byte	.LLST5
 782 052a 16       		.uleb128 0x16
 783 052b 6C656E00 		.ascii	"len\000"
 784 052f 01       		.byte	0x1
 785 0530 85       		.byte	0x85
 786 0531 73000000 		.4byte	0x73
 787 0535 5F010000 		.4byte	.LLST6
 788 0539 17       		.uleb128 0x17
 789 053a FB010000 		.4byte	.LASF83
 790 053e 01       		.byte	0x1
 791 053f 87       		.byte	0x87
 792 0540 73000000 		.4byte	0x73
 793 0544 A1010000 		.4byte	.LLST7
 794 0548 18       		.uleb128 0x18
 795 0549 12000000 		.4byte	.LVL15
 796 054d E1050000 		.4byte	0x5e1
 797 0551 00       		.byte	0
 798 0552 11       		.uleb128 0x11
 799 0553 36040000 		.4byte	0x436
 800 0557 62050000 		.4byte	0x562
 801 055b 12       		.uleb128 0x12
 802 055c 8A000000 		.4byte	0x8a
 803 0560 0B       		.byte	0xb
 804 0561 00       		.byte	0
 805 0562 19       		.uleb128 0x19
 806 0563 2D020000 		.4byte	.LASF84
 807 0567 04       		.byte	0x4
 808 0568 FC02     		.2byte	0x2fc
 809 056a 6E050000 		.4byte	0x56e
 810 056e 07       		.uleb128 0x7
 811 056f 52050000 		.4byte	0x552
 812 0573 1A       		.uleb128 0x1a
 813 0574 1A020000 		.4byte	.LASF85
ARM GAS  C:\Users\kateb\AppData\Local\Temp\ccDBiv4y.s 			page 18


 814 0578 09       		.byte	0x9
 815 0579 87       		.byte	0x87
 816 057a 0F030000 		.4byte	0x30f
 817 057e 1A       		.uleb128 0x1a
 818 057f E7020000 		.4byte	.LASF86
 819 0583 0A       		.byte	0xa
 820 0584 7C       		.byte	0x7c
 821 0585 D2000000 		.4byte	0xd2
 822 0589 1A       		.uleb128 0x1a
 823 058a CC040000 		.4byte	.LASF87
 824 058e 0A       		.byte	0xa
 825 058f 7D       		.byte	0x7d
 826 0590 94050000 		.4byte	0x594
 827 0594 07       		.uleb128 0x7
 828 0595 87010000 		.4byte	0x187
 829 0599 1A       		.uleb128 0x1a
 830 059a 72030000 		.4byte	.LASF88
 831 059e 0B       		.byte	0xb
 832 059f 5E       		.byte	0x5e
 833 05a0 33020000 		.4byte	0x233
 834 05a4 19       		.uleb128 0x19
 835 05a5 17000000 		.4byte	.LASF89
 836 05a9 08       		.byte	0x8
 837 05aa 6001     		.2byte	0x160
 838 05ac B4000000 		.4byte	0xb4
 839 05b0 11       		.uleb128 0x11
 840 05b1 C0050000 		.4byte	0x5c0
 841 05b5 C0050000 		.4byte	0x5c0
 842 05b9 12       		.uleb128 0x12
 843 05ba 8A000000 		.4byte	0x8a
 844 05be 00       		.byte	0
 845 05bf 00       		.byte	0
 846 05c0 07       		.uleb128 0x7
 847 05c1 8B040000 		.4byte	0x48b
 848 05c5 19       		.uleb128 0x19
 849 05c6 35040000 		.4byte	.LASF90
 850 05ca 08       		.byte	0x8
 851 05cb 6401     		.2byte	0x164
 852 05cd D1050000 		.4byte	0x5d1
 853 05d1 07       		.uleb128 0x7
 854 05d2 B0050000 		.4byte	0x5b0
 855 05d6 1B       		.uleb128 0x1b
 856 05d7 0A030000 		.4byte	.LASF91
 857 05db 0A030000 		.4byte	.LASF91
 858 05df 0C       		.byte	0xc
 859 05e0 AE       		.byte	0xae
 860 05e1 1B       		.uleb128 0x1b
 861 05e2 AE000000 		.4byte	.LASF92
 862 05e6 AE000000 		.4byte	.LASF92
 863 05ea 0C       		.byte	0xc
 864 05eb B2       		.byte	0xb2
 865 05ec 00       		.byte	0
 866              		.section	.debug_abbrev,"",%progbits
 867              	.Ldebug_abbrev0:
 868 0000 01       		.uleb128 0x1
 869 0001 11       		.uleb128 0x11
 870 0002 01       		.byte	0x1
ARM GAS  C:\Users\kateb\AppData\Local\Temp\ccDBiv4y.s 			page 19


 871 0003 25       		.uleb128 0x25
 872 0004 0E       		.uleb128 0xe
 873 0005 13       		.uleb128 0x13
 874 0006 0B       		.uleb128 0xb
 875 0007 03       		.uleb128 0x3
 876 0008 0E       		.uleb128 0xe
 877 0009 1B       		.uleb128 0x1b
 878 000a 0E       		.uleb128 0xe
 879 000b 55       		.uleb128 0x55
 880 000c 17       		.uleb128 0x17
 881 000d 11       		.uleb128 0x11
 882 000e 01       		.uleb128 0x1
 883 000f 10       		.uleb128 0x10
 884 0010 17       		.uleb128 0x17
 885 0011 00       		.byte	0
 886 0012 00       		.byte	0
 887 0013 02       		.uleb128 0x2
 888 0014 24       		.uleb128 0x24
 889 0015 00       		.byte	0
 890 0016 0B       		.uleb128 0xb
 891 0017 0B       		.uleb128 0xb
 892 0018 3E       		.uleb128 0x3e
 893 0019 0B       		.uleb128 0xb
 894 001a 03       		.uleb128 0x3
 895 001b 0E       		.uleb128 0xe
 896 001c 00       		.byte	0
 897 001d 00       		.byte	0
 898 001e 03       		.uleb128 0x3
 899 001f 16       		.uleb128 0x16
 900 0020 00       		.byte	0
 901 0021 03       		.uleb128 0x3
 902 0022 0E       		.uleb128 0xe
 903 0023 3A       		.uleb128 0x3a
 904 0024 0B       		.uleb128 0xb
 905 0025 3B       		.uleb128 0x3b
 906 0026 0B       		.uleb128 0xb
 907 0027 49       		.uleb128 0x49
 908 0028 13       		.uleb128 0x13
 909 0029 00       		.byte	0
 910 002a 00       		.byte	0
 911 002b 04       		.uleb128 0x4
 912 002c 24       		.uleb128 0x24
 913 002d 00       		.byte	0
 914 002e 0B       		.uleb128 0xb
 915 002f 0B       		.uleb128 0xb
 916 0030 3E       		.uleb128 0x3e
 917 0031 0B       		.uleb128 0xb
 918 0032 03       		.uleb128 0x3
 919 0033 08       		.uleb128 0x8
 920 0034 00       		.byte	0
 921 0035 00       		.byte	0
 922 0036 05       		.uleb128 0x5
 923 0037 0F       		.uleb128 0xf
 924 0038 00       		.byte	0
 925 0039 0B       		.uleb128 0xb
 926 003a 0B       		.uleb128 0xb
 927 003b 00       		.byte	0
ARM GAS  C:\Users\kateb\AppData\Local\Temp\ccDBiv4y.s 			page 20


 928 003c 00       		.byte	0
 929 003d 06       		.uleb128 0x6
 930 003e 0F       		.uleb128 0xf
 931 003f 00       		.byte	0
 932 0040 0B       		.uleb128 0xb
 933 0041 0B       		.uleb128 0xb
 934 0042 49       		.uleb128 0x49
 935 0043 13       		.uleb128 0x13
 936 0044 00       		.byte	0
 937 0045 00       		.byte	0
 938 0046 07       		.uleb128 0x7
 939 0047 26       		.uleb128 0x26
 940 0048 00       		.byte	0
 941 0049 49       		.uleb128 0x49
 942 004a 13       		.uleb128 0x13
 943 004b 00       		.byte	0
 944 004c 00       		.byte	0
 945 004d 08       		.uleb128 0x8
 946 004e 35       		.uleb128 0x35
 947 004f 00       		.byte	0
 948 0050 49       		.uleb128 0x49
 949 0051 13       		.uleb128 0x13
 950 0052 00       		.byte	0
 951 0053 00       		.byte	0
 952 0054 09       		.uleb128 0x9
 953 0055 04       		.uleb128 0x4
 954 0056 01       		.byte	0x1
 955 0057 0B       		.uleb128 0xb
 956 0058 0B       		.uleb128 0xb
 957 0059 49       		.uleb128 0x49
 958 005a 13       		.uleb128 0x13
 959 005b 3A       		.uleb128 0x3a
 960 005c 0B       		.uleb128 0xb
 961 005d 3B       		.uleb128 0x3b
 962 005e 05       		.uleb128 0x5
 963 005f 01       		.uleb128 0x1
 964 0060 13       		.uleb128 0x13
 965 0061 00       		.byte	0
 966 0062 00       		.byte	0
 967 0063 0A       		.uleb128 0xa
 968 0064 28       		.uleb128 0x28
 969 0065 00       		.byte	0
 970 0066 03       		.uleb128 0x3
 971 0067 0E       		.uleb128 0xe
 972 0068 1C       		.uleb128 0x1c
 973 0069 0B       		.uleb128 0xb
 974 006a 00       		.byte	0
 975 006b 00       		.byte	0
 976 006c 0B       		.uleb128 0xb
 977 006d 16       		.uleb128 0x16
 978 006e 00       		.byte	0
 979 006f 03       		.uleb128 0x3
 980 0070 0E       		.uleb128 0xe
 981 0071 3A       		.uleb128 0x3a
 982 0072 0B       		.uleb128 0xb
 983 0073 3B       		.uleb128 0x3b
 984 0074 05       		.uleb128 0x5
ARM GAS  C:\Users\kateb\AppData\Local\Temp\ccDBiv4y.s 			page 21


 985 0075 49       		.uleb128 0x49
 986 0076 13       		.uleb128 0x13
 987 0077 00       		.byte	0
 988 0078 00       		.byte	0
 989 0079 0C       		.uleb128 0xc
 990 007a 13       		.uleb128 0x13
 991 007b 01       		.byte	0x1
 992 007c 0B       		.uleb128 0xb
 993 007d 0B       		.uleb128 0xb
 994 007e 3A       		.uleb128 0x3a
 995 007f 0B       		.uleb128 0xb
 996 0080 3B       		.uleb128 0x3b
 997 0081 05       		.uleb128 0x5
 998 0082 01       		.uleb128 0x1
 999 0083 13       		.uleb128 0x13
 1000 0084 00       		.byte	0
 1001 0085 00       		.byte	0
 1002 0086 0D       		.uleb128 0xd
 1003 0087 0D       		.uleb128 0xd
 1004 0088 00       		.byte	0
 1005 0089 03       		.uleb128 0x3
 1006 008a 0E       		.uleb128 0xe
 1007 008b 3A       		.uleb128 0x3a
 1008 008c 0B       		.uleb128 0xb
 1009 008d 3B       		.uleb128 0x3b
 1010 008e 05       		.uleb128 0x5
 1011 008f 49       		.uleb128 0x49
 1012 0090 13       		.uleb128 0x13
 1013 0091 38       		.uleb128 0x38
 1014 0092 0B       		.uleb128 0xb
 1015 0093 00       		.byte	0
 1016 0094 00       		.byte	0
 1017 0095 0E       		.uleb128 0xe
 1018 0096 15       		.uleb128 0x15
 1019 0097 01       		.byte	0x1
 1020 0098 27       		.uleb128 0x27
 1021 0099 19       		.uleb128 0x19
 1022 009a 01       		.uleb128 0x1
 1023 009b 13       		.uleb128 0x13
 1024 009c 00       		.byte	0
 1025 009d 00       		.byte	0
 1026 009e 0F       		.uleb128 0xf
 1027 009f 05       		.uleb128 0x5
 1028 00a0 00       		.byte	0
 1029 00a1 49       		.uleb128 0x49
 1030 00a2 13       		.uleb128 0x13
 1031 00a3 00       		.byte	0
 1032 00a4 00       		.byte	0
 1033 00a5 10       		.uleb128 0x10
 1034 00a6 13       		.uleb128 0x13
 1035 00a7 01       		.byte	0x1
 1036 00a8 03       		.uleb128 0x3
 1037 00a9 0E       		.uleb128 0xe
 1038 00aa 0B       		.uleb128 0xb
 1039 00ab 0B       		.uleb128 0xb
 1040 00ac 3A       		.uleb128 0x3a
 1041 00ad 0B       		.uleb128 0xb
ARM GAS  C:\Users\kateb\AppData\Local\Temp\ccDBiv4y.s 			page 22


 1042 00ae 3B       		.uleb128 0x3b
 1043 00af 05       		.uleb128 0x5
 1044 00b0 01       		.uleb128 0x1
 1045 00b1 13       		.uleb128 0x13
 1046 00b2 00       		.byte	0
 1047 00b3 00       		.byte	0
 1048 00b4 11       		.uleb128 0x11
 1049 00b5 01       		.uleb128 0x1
 1050 00b6 01       		.byte	0x1
 1051 00b7 49       		.uleb128 0x49
 1052 00b8 13       		.uleb128 0x13
 1053 00b9 01       		.uleb128 0x1
 1054 00ba 13       		.uleb128 0x13
 1055 00bb 00       		.byte	0
 1056 00bc 00       		.byte	0
 1057 00bd 12       		.uleb128 0x12
 1058 00be 21       		.uleb128 0x21
 1059 00bf 00       		.byte	0
 1060 00c0 49       		.uleb128 0x49
 1061 00c1 13       		.uleb128 0x13
 1062 00c2 2F       		.uleb128 0x2f
 1063 00c3 0B       		.uleb128 0xb
 1064 00c4 00       		.byte	0
 1065 00c5 00       		.byte	0
 1066 00c6 13       		.uleb128 0x13
 1067 00c7 13       		.uleb128 0x13
 1068 00c8 01       		.byte	0x1
 1069 00c9 0B       		.uleb128 0xb
 1070 00ca 0B       		.uleb128 0xb
 1071 00cb 3A       		.uleb128 0x3a
 1072 00cc 0B       		.uleb128 0xb
 1073 00cd 3B       		.uleb128 0x3b
 1074 00ce 0B       		.uleb128 0xb
 1075 00cf 01       		.uleb128 0x1
 1076 00d0 13       		.uleb128 0x13
 1077 00d1 00       		.byte	0
 1078 00d2 00       		.byte	0
 1079 00d3 14       		.uleb128 0x14
 1080 00d4 0D       		.uleb128 0xd
 1081 00d5 00       		.byte	0
 1082 00d6 03       		.uleb128 0x3
 1083 00d7 0E       		.uleb128 0xe
 1084 00d8 3A       		.uleb128 0x3a
 1085 00d9 0B       		.uleb128 0xb
 1086 00da 3B       		.uleb128 0x3b
 1087 00db 0B       		.uleb128 0xb
 1088 00dc 49       		.uleb128 0x49
 1089 00dd 13       		.uleb128 0x13
 1090 00de 38       		.uleb128 0x38
 1091 00df 0B       		.uleb128 0xb
 1092 00e0 00       		.byte	0
 1093 00e1 00       		.byte	0
 1094 00e2 15       		.uleb128 0x15
 1095 00e3 2E       		.uleb128 0x2e
 1096 00e4 01       		.byte	0x1
 1097 00e5 3F       		.uleb128 0x3f
 1098 00e6 19       		.uleb128 0x19
ARM GAS  C:\Users\kateb\AppData\Local\Temp\ccDBiv4y.s 			page 23


 1099 00e7 03       		.uleb128 0x3
 1100 00e8 0E       		.uleb128 0xe
 1101 00e9 3A       		.uleb128 0x3a
 1102 00ea 0B       		.uleb128 0xb
 1103 00eb 3B       		.uleb128 0x3b
 1104 00ec 0B       		.uleb128 0xb
 1105 00ed 27       		.uleb128 0x27
 1106 00ee 19       		.uleb128 0x19
 1107 00ef 49       		.uleb128 0x49
 1108 00f0 13       		.uleb128 0x13
 1109 00f1 11       		.uleb128 0x11
 1110 00f2 01       		.uleb128 0x1
 1111 00f3 12       		.uleb128 0x12
 1112 00f4 06       		.uleb128 0x6
 1113 00f5 40       		.uleb128 0x40
 1114 00f6 18       		.uleb128 0x18
 1115 00f7 9742     		.uleb128 0x2117
 1116 00f9 19       		.uleb128 0x19
 1117 00fa 01       		.uleb128 0x1
 1118 00fb 13       		.uleb128 0x13
 1119 00fc 00       		.byte	0
 1120 00fd 00       		.byte	0
 1121 00fe 16       		.uleb128 0x16
 1122 00ff 05       		.uleb128 0x5
 1123 0100 00       		.byte	0
 1124 0101 03       		.uleb128 0x3
 1125 0102 08       		.uleb128 0x8
 1126 0103 3A       		.uleb128 0x3a
 1127 0104 0B       		.uleb128 0xb
 1128 0105 3B       		.uleb128 0x3b
 1129 0106 0B       		.uleb128 0xb
 1130 0107 49       		.uleb128 0x49
 1131 0108 13       		.uleb128 0x13
 1132 0109 02       		.uleb128 0x2
 1133 010a 17       		.uleb128 0x17
 1134 010b 00       		.byte	0
 1135 010c 00       		.byte	0
 1136 010d 17       		.uleb128 0x17
 1137 010e 34       		.uleb128 0x34
 1138 010f 00       		.byte	0
 1139 0110 03       		.uleb128 0x3
 1140 0111 0E       		.uleb128 0xe
 1141 0112 3A       		.uleb128 0x3a
 1142 0113 0B       		.uleb128 0xb
 1143 0114 3B       		.uleb128 0x3b
 1144 0115 0B       		.uleb128 0xb
 1145 0116 49       		.uleb128 0x49
 1146 0117 13       		.uleb128 0x13
 1147 0118 02       		.uleb128 0x2
 1148 0119 17       		.uleb128 0x17
 1149 011a 00       		.byte	0
 1150 011b 00       		.byte	0
 1151 011c 18       		.uleb128 0x18
 1152 011d 898201   		.uleb128 0x4109
 1153 0120 00       		.byte	0
 1154 0121 11       		.uleb128 0x11
 1155 0122 01       		.uleb128 0x1
ARM GAS  C:\Users\kateb\AppData\Local\Temp\ccDBiv4y.s 			page 24


 1156 0123 31       		.uleb128 0x31
 1157 0124 13       		.uleb128 0x13
 1158 0125 00       		.byte	0
 1159 0126 00       		.byte	0
 1160 0127 19       		.uleb128 0x19
 1161 0128 34       		.uleb128 0x34
 1162 0129 00       		.byte	0
 1163 012a 03       		.uleb128 0x3
 1164 012b 0E       		.uleb128 0xe
 1165 012c 3A       		.uleb128 0x3a
 1166 012d 0B       		.uleb128 0xb
 1167 012e 3B       		.uleb128 0x3b
 1168 012f 05       		.uleb128 0x5
 1169 0130 49       		.uleb128 0x49
 1170 0131 13       		.uleb128 0x13
 1171 0132 3F       		.uleb128 0x3f
 1172 0133 19       		.uleb128 0x19
 1173 0134 3C       		.uleb128 0x3c
 1174 0135 19       		.uleb128 0x19
 1175 0136 00       		.byte	0
 1176 0137 00       		.byte	0
 1177 0138 1A       		.uleb128 0x1a
 1178 0139 34       		.uleb128 0x34
 1179 013a 00       		.byte	0
 1180 013b 03       		.uleb128 0x3
 1181 013c 0E       		.uleb128 0xe
 1182 013d 3A       		.uleb128 0x3a
 1183 013e 0B       		.uleb128 0xb
 1184 013f 3B       		.uleb128 0x3b
 1185 0140 0B       		.uleb128 0xb
 1186 0141 49       		.uleb128 0x49
 1187 0142 13       		.uleb128 0x13
 1188 0143 3F       		.uleb128 0x3f
 1189 0144 19       		.uleb128 0x19
 1190 0145 3C       		.uleb128 0x3c
 1191 0146 19       		.uleb128 0x19
 1192 0147 00       		.byte	0
 1193 0148 00       		.byte	0
 1194 0149 1B       		.uleb128 0x1b
 1195 014a 2E       		.uleb128 0x2e
 1196 014b 00       		.byte	0
 1197 014c 3F       		.uleb128 0x3f
 1198 014d 19       		.uleb128 0x19
 1199 014e 3C       		.uleb128 0x3c
 1200 014f 19       		.uleb128 0x19
 1201 0150 6E       		.uleb128 0x6e
 1202 0151 0E       		.uleb128 0xe
 1203 0152 03       		.uleb128 0x3
 1204 0153 0E       		.uleb128 0xe
 1205 0154 3A       		.uleb128 0x3a
 1206 0155 0B       		.uleb128 0xb
 1207 0156 3B       		.uleb128 0x3b
 1208 0157 0B       		.uleb128 0xb
 1209 0158 00       		.byte	0
 1210 0159 00       		.byte	0
 1211 015a 00       		.byte	0
 1212              		.section	.debug_loc,"",%progbits
ARM GAS  C:\Users\kateb\AppData\Local\Temp\ccDBiv4y.s 			page 25


 1213              	.Ldebug_loc0:
 1214              	.LLST0:
 1215 0000 00000000 		.4byte	.LVL0
 1216 0004 0E000000 		.4byte	.LVL2
 1217 0008 0100     		.2byte	0x1
 1218 000a 50       		.byte	0x50
 1219 000b 0E000000 		.4byte	.LVL2
 1220 000f 1A000000 		.4byte	.LVL6
 1221 0013 0400     		.2byte	0x4
 1222 0015 F3       		.byte	0xf3
 1223 0016 01       		.uleb128 0x1
 1224 0017 50       		.byte	0x50
 1225 0018 9F       		.byte	0x9f
 1226 0019 1A000000 		.4byte	.LVL6
 1227 001d 1C000000 		.4byte	.LVL7
 1228 0021 0100     		.2byte	0x1
 1229 0023 50       		.byte	0x50
 1230 0024 1C000000 		.4byte	.LVL7
 1231 0028 24000000 		.4byte	.LFE491
 1232 002c 0400     		.2byte	0x4
 1233 002e F3       		.byte	0xf3
 1234 002f 01       		.uleb128 0x1
 1235 0030 50       		.byte	0x50
 1236 0031 9F       		.byte	0x9f
 1237 0032 00000000 		.4byte	0
 1238 0036 00000000 		.4byte	0
 1239              	.LLST1:
 1240 003a 00000000 		.4byte	.LVL0
 1241 003e 0E000000 		.4byte	.LVL2
 1242 0042 0100     		.2byte	0x1
 1243 0044 51       		.byte	0x51
 1244 0045 0E000000 		.4byte	.LVL2
 1245 0049 1A000000 		.4byte	.LVL6
 1246 004d 0100     		.2byte	0x1
 1247 004f 55       		.byte	0x55
 1248 0050 1A000000 		.4byte	.LVL6
 1249 0054 1C000000 		.4byte	.LVL7
 1250 0058 0100     		.2byte	0x1
 1251 005a 51       		.byte	0x51
 1252 005b 1C000000 		.4byte	.LVL7
 1253 005f 22000000 		.4byte	.LVL10
 1254 0063 0100     		.2byte	0x1
 1255 0065 55       		.byte	0x55
 1256 0066 00000000 		.4byte	0
 1257 006a 00000000 		.4byte	0
 1258              	.LLST2:
 1259 006e 00000000 		.4byte	.LVL0
 1260 0072 0E000000 		.4byte	.LVL2
 1261 0076 0100     		.2byte	0x1
 1262 0078 52       		.byte	0x52
 1263 0079 0E000000 		.4byte	.LVL2
 1264 007d 1A000000 		.4byte	.LVL6
 1265 0081 0100     		.2byte	0x1
 1266 0083 56       		.byte	0x56
 1267 0084 1A000000 		.4byte	.LVL6
 1268 0088 1C000000 		.4byte	.LVL7
 1269 008c 0100     		.2byte	0x1
ARM GAS  C:\Users\kateb\AppData\Local\Temp\ccDBiv4y.s 			page 26


 1270 008e 52       		.byte	0x52
 1271 008f 1C000000 		.4byte	.LVL7
 1272 0093 22000000 		.4byte	.LVL11
 1273 0097 0100     		.2byte	0x1
 1274 0099 56       		.byte	0x56
 1275 009a 22000000 		.4byte	.LVL11
 1276 009e 24000000 		.4byte	.LFE491
 1277 00a2 0400     		.2byte	0x4
 1278 00a4 F3       		.byte	0xf3
 1279 00a5 01       		.uleb128 0x1
 1280 00a6 52       		.byte	0x52
 1281 00a7 9F       		.byte	0x9f
 1282 00a8 00000000 		.4byte	0
 1283 00ac 00000000 		.4byte	0
 1284              	.LLST3:
 1285 00b0 06000000 		.4byte	.LVL1
 1286 00b4 0E000000 		.4byte	.LVL2
 1287 00b8 0200     		.2byte	0x2
 1288 00ba 30       		.byte	0x30
 1289 00bb 9F       		.byte	0x9f
 1290 00bc 0E000000 		.4byte	.LVL2
 1291 00c0 1A000000 		.4byte	.LVL6
 1292 00c4 0100     		.2byte	0x1
 1293 00c6 54       		.byte	0x54
 1294 00c7 1A000000 		.4byte	.LVL6
 1295 00cb 1C000000 		.4byte	.LVL7
 1296 00cf 0200     		.2byte	0x2
 1297 00d1 30       		.byte	0x30
 1298 00d2 9F       		.byte	0x9f
 1299 00d3 1C000000 		.4byte	.LVL7
 1300 00d7 22000000 		.4byte	.LVL9
 1301 00db 0100     		.2byte	0x1
 1302 00dd 54       		.byte	0x54
 1303 00de 22000000 		.4byte	.LVL9
 1304 00e2 24000000 		.4byte	.LFE491
 1305 00e6 0100     		.2byte	0x1
 1306 00e8 50       		.byte	0x50
 1307 00e9 00000000 		.4byte	0
 1308 00ed 00000000 		.4byte	0
 1309              	.LLST4:
 1310 00f1 00000000 		.4byte	.LVL12
 1311 00f5 0E000000 		.4byte	.LVL14
 1312 00f9 0100     		.2byte	0x1
 1313 00fb 50       		.byte	0x50
 1314 00fc 0E000000 		.4byte	.LVL14
 1315 0100 20000000 		.4byte	.LVL18
 1316 0104 0400     		.2byte	0x4
 1317 0106 F3       		.byte	0xf3
 1318 0107 01       		.uleb128 0x1
 1319 0108 50       		.byte	0x50
 1320 0109 9F       		.byte	0x9f
 1321 010a 20000000 		.4byte	.LVL18
 1322 010e 22000000 		.4byte	.LVL19
 1323 0112 0100     		.2byte	0x1
 1324 0114 50       		.byte	0x50
 1325 0115 22000000 		.4byte	.LVL19
 1326 0119 2A000000 		.4byte	.LFE492
ARM GAS  C:\Users\kateb\AppData\Local\Temp\ccDBiv4y.s 			page 27


 1327 011d 0400     		.2byte	0x4
 1328 011f F3       		.byte	0xf3
 1329 0120 01       		.uleb128 0x1
 1330 0121 50       		.byte	0x50
 1331 0122 9F       		.byte	0x9f
 1332 0123 00000000 		.4byte	0
 1333 0127 00000000 		.4byte	0
 1334              	.LLST5:
 1335 012b 00000000 		.4byte	.LVL12
 1336 012f 0E000000 		.4byte	.LVL14
 1337 0133 0100     		.2byte	0x1
 1338 0135 51       		.byte	0x51
 1339 0136 0E000000 		.4byte	.LVL14
 1340 013a 20000000 		.4byte	.LVL18
 1341 013e 0100     		.2byte	0x1
 1342 0140 55       		.byte	0x55
 1343 0141 20000000 		.4byte	.LVL18
 1344 0145 22000000 		.4byte	.LVL19
 1345 0149 0100     		.2byte	0x1
 1346 014b 51       		.byte	0x51
 1347 014c 22000000 		.4byte	.LVL19
 1348 0150 28000000 		.4byte	.LVL22
 1349 0154 0100     		.2byte	0x1
 1350 0156 55       		.byte	0x55
 1351 0157 00000000 		.4byte	0
 1352 015b 00000000 		.4byte	0
 1353              	.LLST6:
 1354 015f 00000000 		.4byte	.LVL12
 1355 0163 0E000000 		.4byte	.LVL14
 1356 0167 0100     		.2byte	0x1
 1357 0169 52       		.byte	0x52
 1358 016a 0E000000 		.4byte	.LVL14
 1359 016e 20000000 		.4byte	.LVL18
 1360 0172 0100     		.2byte	0x1
 1361 0174 56       		.byte	0x56
 1362 0175 20000000 		.4byte	.LVL18
 1363 0179 22000000 		.4byte	.LVL19
 1364 017d 0100     		.2byte	0x1
 1365 017f 52       		.byte	0x52
 1366 0180 22000000 		.4byte	.LVL19
 1367 0184 28000000 		.4byte	.LVL23
 1368 0188 0100     		.2byte	0x1
 1369 018a 56       		.byte	0x56
 1370 018b 28000000 		.4byte	.LVL23
 1371 018f 2A000000 		.4byte	.LFE492
 1372 0193 0400     		.2byte	0x4
 1373 0195 F3       		.byte	0xf3
 1374 0196 01       		.uleb128 0x1
 1375 0197 52       		.byte	0x52
 1376 0198 9F       		.byte	0x9f
 1377 0199 00000000 		.4byte	0
 1378 019d 00000000 		.4byte	0
 1379              	.LLST7:
 1380 01a1 06000000 		.4byte	.LVL13
 1381 01a5 0E000000 		.4byte	.LVL14
 1382 01a9 0200     		.2byte	0x2
 1383 01ab 30       		.byte	0x30
ARM GAS  C:\Users\kateb\AppData\Local\Temp\ccDBiv4y.s 			page 28


 1384 01ac 9F       		.byte	0x9f
 1385 01ad 0E000000 		.4byte	.LVL14
 1386 01b1 20000000 		.4byte	.LVL18
 1387 01b5 0100     		.2byte	0x1
 1388 01b7 54       		.byte	0x54
 1389 01b8 20000000 		.4byte	.LVL18
 1390 01bc 22000000 		.4byte	.LVL19
 1391 01c0 0200     		.2byte	0x2
 1392 01c2 30       		.byte	0x30
 1393 01c3 9F       		.byte	0x9f
 1394 01c4 22000000 		.4byte	.LVL19
 1395 01c8 28000000 		.4byte	.LVL21
 1396 01cc 0100     		.2byte	0x1
 1397 01ce 54       		.byte	0x54
 1398 01cf 28000000 		.4byte	.LVL21
 1399 01d3 2A000000 		.4byte	.LFE492
 1400 01d7 0100     		.2byte	0x1
 1401 01d9 50       		.byte	0x50
 1402 01da 00000000 		.4byte	0
 1403 01de 00000000 		.4byte	0
 1404              		.section	.debug_aranges,"",%progbits
 1405 0000 24000000 		.4byte	0x24
 1406 0004 0200     		.2byte	0x2
 1407 0006 00000000 		.4byte	.Ldebug_info0
 1408 000a 04       		.byte	0x4
 1409 000b 00       		.byte	0
 1410 000c 0000     		.2byte	0
 1411 000e 0000     		.2byte	0
 1412 0010 00000000 		.4byte	.LFB491
 1413 0014 24000000 		.4byte	.LFE491-.LFB491
 1414 0018 00000000 		.4byte	.LFB492
 1415 001c 2A000000 		.4byte	.LFE492-.LFB492
 1416 0020 00000000 		.4byte	0
 1417 0024 00000000 		.4byte	0
 1418              		.section	.debug_ranges,"",%progbits
 1419              	.Ldebug_ranges0:
 1420 0000 00000000 		.4byte	.LFB491
 1421 0004 24000000 		.4byte	.LFE491
 1422 0008 00000000 		.4byte	.LFB492
 1423 000c 2A000000 		.4byte	.LFE492
 1424 0010 00000000 		.4byte	0
 1425 0014 00000000 		.4byte	0
 1426              		.section	.debug_line,"",%progbits
 1427              	.Ldebug_line0:
 1428 0000 D0020000 		.section	.debug_str,"MS",%progbits,1
 1428      02007B02 
 1428      00000201 
 1428      FB0E0D00 
 1428      01010101 
 1429              	.LASF21:
 1430 0000 63795F65 		.ascii	"cy_en_rtc_dst_format_t\000"
 1430      6E5F7274 
 1430      635F6473 
 1430      745F666F 
 1430      726D6174 
 1431              	.LASF89:
 1432 0017 4144435F 		.ascii	"ADC_currentConfig\000"
ARM GAS  C:\Users\kateb\AppData\Local\Temp\ccDBiv4y.s 			page 29


 1432      63757272 
 1432      656E7443 
 1432      6F6E6669 
 1432      6700
 1433              	.LASF57:
 1434 0029 43595F53 		.ascii	"CY_SAR_RANGE_COND_OUTSIDE\000"
 1434      41525F52 
 1434      414E4745 
 1434      5F434F4E 
 1434      445F4F55 
 1435              	.LASF51:
 1436 0043 72785269 		.ascii	"rxRingBufTail\000"
 1436      6E674275 
 1436      66546169 
 1436      6C00
 1437              	.LASF24:
 1438 0051 6461794F 		.ascii	"dayOfMonth\000"
 1438      664D6F6E 
 1438      746800
 1439              	.LASF31:
 1440 005c 63795F73 		.ascii	"cy_stc_rtc_dst_t\000"
 1440      74635F72 
 1440      74635F64 
 1440      73745F74 
 1440      00
 1441              	.LASF35:
 1442 006d 72784275 		.ascii	"rxBufSize\000"
 1442      6653697A 
 1442      6500
 1443              	.LASF43:
 1444 0077 63795F63 		.ascii	"cy_cb_scb_uart_handle_events_t\000"
 1444      625F7363 
 1444      625F7561 
 1444      72745F68 
 1444      616E646C 
 1445              	.LASF49:
 1446 0096 72785269 		.ascii	"rxRingBufSize\000"
 1446      6E674275 
 1446      6653697A 
 1446      6500
 1447              	.LASF2:
 1448 00a4 73686F72 		.ascii	"short int\000"
 1448      7420696E 
 1448      7400
 1449              	.LASF92:
 1450 00ae 53544449 		.ascii	"STDIO_GetChar\000"
 1450      4F5F4765 
 1450      74436861 
 1450      7200
 1451              	.LASF12:
 1452 00bc 73697A65 		.ascii	"sizetype\000"
 1452      74797065 
 1452      00
 1453              	.LASF68:
 1454 00c5 73617449 		.ascii	"satIntrMask\000"
 1454      6E74724D 
 1454      61736B00 
ARM GAS  C:\Users\kateb\AppData\Local\Temp\ccDBiv4y.s 			page 30


 1455              	.LASF60:
 1456 00d1 73616D70 		.ascii	"sampleCtrl\000"
 1456      6C654374 
 1456      726C00
 1457              	.LASF45:
 1458 00dc 63795F73 		.ascii	"cy_stc_scb_uart_context\000"
 1458      74635F73 
 1458      63625F75 
 1458      6172745F 
 1458      636F6E74 
 1459              	.LASF73:
 1460 00f4 76726566 		.ascii	"vrefMvValue\000"
 1460      4D765661 
 1460      6C756500 
 1461              	.LASF93:
 1462 0100 474E5520 		.ascii	"GNU C11 5.4.1 20160609 (release) [ARM/embedded-5-br"
 1462      43313120 
 1462      352E342E 
 1462      31203230 
 1462      31363036 
 1463 0133 616E6368 		.ascii	"anch revision 237715] -mcpu=cortex-m0plus -mthumb -"
 1463      20726576 
 1463      6973696F 
 1463      6E203233 
 1463      37373135 
 1464 0166 67202D4F 		.ascii	"g -Og -ffunction-sections -ffat-lto-objects\000"
 1464      67202D66 
 1464      66756E63 
 1464      74696F6E 
 1464      2D736563 
 1465              	.LASF42:
 1466 0192 63795F73 		.ascii	"cy_stc_scb_spi_context_t\000"
 1466      74635F73 
 1466      63625F73 
 1466      70695F63 
 1466      6F6E7465 
 1467              	.LASF63:
 1468 01ab 72616E67 		.ascii	"rangeThres\000"
 1468      65546872 
 1468      657300
 1469              	.LASF8:
 1470 01b6 6C6F6E67 		.ascii	"long long int\000"
 1470      206C6F6E 
 1470      6720696E 
 1470      7400
 1471              	.LASF6:
 1472 01c4 5F5F7569 		.ascii	"__uint32_t\000"
 1472      6E743332 
 1472      5F7400
 1473              	.LASF46:
 1474 01cf 74785374 		.ascii	"txStatus\000"
 1474      61747573 
 1474      00
 1475              	.LASF58:
 1476 01d8 63795F65 		.ascii	"cy_en_sar_range_detect_condition_t\000"
 1476      6E5F7361 
 1476      725F7261 
ARM GAS  C:\Users\kateb\AppData\Local\Temp\ccDBiv4y.s 			page 31


 1476      6E67655F 
 1476      64657465 
 1477              	.LASF83:
 1478 01fb 6E436861 		.ascii	"nChars\000"
 1478      727300
 1479              	.LASF28:
 1480 0202 63795F73 		.ascii	"cy_stc_rtc_dst_format_t\000"
 1480      74635F72 
 1480      74635F64 
 1480      73745F66 
 1480      6F726D61 
 1481              	.LASF85:
 1482 021a 44454255 		.ascii	"DEBUG_UART_context\000"
 1482      475F5541 
 1482      52545F63 
 1482      6F6E7465 
 1482      787400
 1483              	.LASF84:
 1484 022d 63795F52 		.ascii	"cy_RTC_daysInMonthTbl\000"
 1484      54435F64 
 1484      61797349 
 1484      6E4D6F6E 
 1484      74685462 
 1485              	.LASF25:
 1486 0243 7765656B 		.ascii	"weekOfMonth\000"
 1486      4F664D6F 
 1486      6E746800 
 1487              	.LASF64:
 1488 024f 72616E67 		.ascii	"rangeCond\000"
 1488      65436F6E 
 1488      6400
 1489              	.LASF14:
 1490 0259 75696E74 		.ascii	"uint8_t\000"
 1490      385F7400 
 1491              	.LASF79:
 1492 0261 636C6B44 		.ascii	"clkDivider\000"
 1492      69766964 
 1492      657200
 1493              	.LASF80:
 1494 026c 4144435F 		.ascii	"ADC_CONFIG_STRUCT\000"
 1494      434F4E46 
 1494      49475F53 
 1494      54525543 
 1494      5400
 1495              	.LASF32:
 1496 027e 63795F63 		.ascii	"cy_cb_scb_spi_handle_events_t\000"
 1496      625F7363 
 1496      625F7370 
 1496      695F6861 
 1496      6E646C65 
 1497              	.LASF81:
 1498 029c 5F777269 		.ascii	"_write\000"
 1498      746500
 1499              	.LASF72:
 1500 02a3 636F6E66 		.ascii	"configRouting\000"
 1500      6967526F 
 1500      7574696E 
ARM GAS  C:\Users\kateb\AppData\Local\Temp\ccDBiv4y.s 			page 32


 1500      6700
 1501              	.LASF16:
 1502 02b1 666C6F61 		.ascii	"float\000"
 1502      7400
 1503              	.LASF37:
 1504 02b7 74784275 		.ascii	"txBuf\000"
 1504      6600
 1505              	.LASF54:
 1506 02bd 43595F53 		.ascii	"CY_SAR_RANGE_COND_BELOW\000"
 1506      41525F52 
 1506      414E4745 
 1506      5F434F4E 
 1506      445F4245 
 1507              	.LASF22:
 1508 02d5 666F726D 		.ascii	"format\000"
 1508      617400
 1509              	.LASF66:
 1510 02dc 6368616E 		.ascii	"chanConfig\000"
 1510      436F6E66 
 1510      696700
 1511              	.LASF86:
 1512 02e7 5254435F 		.ascii	"RTC_rtcDstStatus\000"
 1512      72746344 
 1512      73745374 
 1512      61747573 
 1512      00
 1513              	.LASF41:
 1514 02f8 696E6974 		.ascii	"initKey\000"
 1514      4B657900 
 1515              	.LASF38:
 1516 0300 74784275 		.ascii	"txBufSize\000"
 1516      6653697A 
 1516      6500
 1517              	.LASF91:
 1518 030a 53544449 		.ascii	"STDIO_PutChar\000"
 1518      4F5F5075 
 1518      74436861 
 1518      7200
 1519              	.LASF39:
 1520 0318 74784275 		.ascii	"txBufIdx\000"
 1520      66496478 
 1520      00
 1521              	.LASF5:
 1522 0321 5F5F7569 		.ascii	"__uint8_t\000"
 1522      6E74385F 
 1522      7400
 1523              	.LASF36:
 1524 032b 72784275 		.ascii	"rxBufIdx\000"
 1524      66496478 
 1524      00
 1525              	.LASF27:
 1526 0334 6D6F6E74 		.ascii	"month\000"
 1526      6800
 1527              	.LASF23:
 1528 033a 686F7572 		.ascii	"hour\000"
 1528      00
 1529              	.LASF11:
ARM GAS  C:\Users\kateb\AppData\Local\Temp\ccDBiv4y.s 			page 33


 1530 033f 6C6F6E67 		.ascii	"long double\000"
 1530      20646F75 
 1530      626C6500 
 1531              	.LASF47:
 1532 034b 72785374 		.ascii	"rxStatus\000"
 1532      61747573 
 1532      00
 1533              	.LASF1:
 1534 0354 756E7369 		.ascii	"unsigned char\000"
 1534      676E6564 
 1534      20636861 
 1534      7200
 1535              	.LASF48:
 1536 0362 72785269 		.ascii	"rxRingBuf\000"
 1536      6E674275 
 1536      6600
 1537              	.LASF82:
 1538 036c 5F726561 		.ascii	"_read\000"
 1538      6400
 1539              	.LASF88:
 1540 0372 43595F45 		.ascii	"CY_EINK_SPIM_context\000"
 1540      494E4B5F 
 1540      5350494D 
 1540      5F636F6E 
 1540      74657874 
 1541              	.LASF0:
 1542 0387 7369676E 		.ascii	"signed char\000"
 1542      65642063 
 1542      68617200 
 1543              	.LASF9:
 1544 0393 6C6F6E67 		.ascii	"long long unsigned int\000"
 1544      206C6F6E 
 1544      6720756E 
 1544      7369676E 
 1544      65642069 
 1545              	.LASF15:
 1546 03aa 75696E74 		.ascii	"uint32_t\000"
 1546      33325F74 
 1546      00
 1547              	.LASF10:
 1548 03b3 756E7369 		.ascii	"unsigned int\000"
 1548      676E6564 
 1548      20696E74 
 1548      00
 1549              	.LASF71:
 1550 03c0 6D757853 		.ascii	"muxSwitchSqCtrl\000"
 1550      77697463 
 1550      68537143 
 1550      74726C00 
 1551              	.LASF33:
 1552 03d0 73746174 		.ascii	"status\000"
 1552      757300
 1553              	.LASF3:
 1554 03d7 73686F72 		.ascii	"short unsigned int\000"
 1554      7420756E 
 1554      7369676E 
 1554      65642069 
ARM GAS  C:\Users\kateb\AppData\Local\Temp\ccDBiv4y.s 			page 34


 1554      6E7400
 1555              	.LASF34:
 1556 03ea 72784275 		.ascii	"rxBuf\000"
 1556      6600
 1557              	.LASF78:
 1558 03f0 6D697363 		.ascii	"miscConfig\000"
 1558      436F6E66 
 1558      696700
 1559              	.LASF13:
 1560 03fb 63686172 		.ascii	"char\000"
 1560      00
 1561              	.LASF70:
 1562 0400 6D757853 		.ascii	"muxSwitch\000"
 1562      77697463 
 1562      6800
 1563              	.LASF40:
 1564 040a 63624576 		.ascii	"cbEvents\000"
 1564      656E7473 
 1564      00
 1565              	.LASF56:
 1566 0413 43595F53 		.ascii	"CY_SAR_RANGE_COND_ABOVE\000"
 1566      41525F52 
 1566      414E4745 
 1566      5F434F4E 
 1566      445F4142 
 1567              	.LASF26:
 1568 042b 6461794F 		.ascii	"dayOfWeek\000"
 1568      66576565 
 1568      6B00
 1569              	.LASF90:
 1570 0435 4144435F 		.ascii	"ADC_allConfigs\000"
 1570      616C6C43 
 1570      6F6E6669 
 1570      677300
 1571              	.LASF18:
 1572 0444 5F426F6F 		.ascii	"_Bool\000"
 1572      6C00
 1573              	.LASF77:
 1574 044a 6877436F 		.ascii	"hwConfigStc\000"
 1574      6E666967 
 1574      53746300 
 1575              	.LASF95:
 1576 0456 433A5C55 		.ascii	"C:\\Users\\kateb\\Documents\\PSoC Creator\\CE218136"
 1576      73657273 
 1576      5C6B6174 
 1576      65625C44 
 1576      6F63756D 
 1577 0484 5F45494E 		.ascii	"_EINK_CapSense_RTOS02\\CE222604_RTC_CTS_RTOS01.cyds"
 1577      4B5F4361 
 1577      7053656E 
 1577      73655F52 
 1577      544F5330 
 1578 04b6 6E00     		.ascii	"n\000"
 1579              	.LASF19:
 1580 04b8 43595F52 		.ascii	"CY_RTC_DST_RELATIVE\000"
 1580      54435F44 
 1580      53545F52 
ARM GAS  C:\Users\kateb\AppData\Local\Temp\ccDBiv4y.s 			page 35


 1580      454C4154 
 1580      49564500 
 1581              	.LASF87:
 1582 04cc 5254435F 		.ascii	"RTC_dstConfig\000"
 1582      64737443 
 1582      6F6E6669 
 1582      6700
 1583              	.LASF7:
 1584 04da 6C6F6E67 		.ascii	"long unsigned int\000"
 1584      20756E73 
 1584      69676E65 
 1584      6420696E 
 1584      7400
 1585              	.LASF17:
 1586 04ec 646F7562 		.ascii	"double\000"
 1586      6C6500
 1587              	.LASF44:
 1588 04f3 63795F73 		.ascii	"cy_stc_scb_spi_context\000"
 1588      74635F73 
 1588      63625F73 
 1588      70695F63 
 1588      6F6E7465 
 1589              	.LASF29:
 1590 050a 73746172 		.ascii	"startDst\000"
 1590      74447374 
 1590      00
 1591              	.LASF20:
 1592 0513 43595F52 		.ascii	"CY_RTC_DST_FIXED\000"
 1592      54435F44 
 1592      53545F46 
 1592      49584544 
 1592      00
 1593              	.LASF55:
 1594 0524 43595F53 		.ascii	"CY_SAR_RANGE_COND_INSIDE\000"
 1594      41525F52 
 1594      414E4745 
 1594      5F434F4E 
 1594      445F494E 
 1595              	.LASF52:
 1596 053d 74784C65 		.ascii	"txLeftToTransmit\000"
 1596      6674546F 
 1596      5472616E 
 1596      736D6974 
 1596      00
 1597              	.LASF61:
 1598 054e 73616D70 		.ascii	"sampleTime01\000"
 1598      6C655469 
 1598      6D653031 
 1598      00
 1599              	.LASF30:
 1600 055b 73746F70 		.ascii	"stopDst\000"
 1600      44737400 
 1601              	.LASF74:
 1602 0563 63795F73 		.ascii	"cy_stc_sar_config_t\000"
 1602      74635F73 
 1602      61725F63 
 1602      6F6E6669 
ARM GAS  C:\Users\kateb\AppData\Local\Temp\ccDBiv4y.s 			page 36


 1602      675F7400 
 1603              	.LASF53:
 1604 0577 63795F73 		.ascii	"cy_stc_scb_uart_context_t\000"
 1604      74635F73 
 1604      63625F75 
 1604      6172745F 
 1604      636F6E74 
 1605              	.LASF65:
 1606 0591 6368616E 		.ascii	"chanEn\000"
 1606      456E00
 1607              	.LASF76:
 1608 0598 6E756D43 		.ascii	"numChannels\000"
 1608      68616E6E 
 1608      656C7300 
 1609              	.LASF62:
 1610 05a4 73616D70 		.ascii	"sampleTime23\000"
 1610      6C655469 
 1610      6D653233 
 1610      00
 1611              	.LASF4:
 1612 05b1 6C6F6E67 		.ascii	"long int\000"
 1612      20696E74 
 1612      00
 1613              	.LASF50:
 1614 05ba 72785269 		.ascii	"rxRingBufHead\000"
 1614      6E674275 
 1614      66486561 
 1614      6400
 1615              	.LASF94:
 1616 05c8 47656E65 		.ascii	"Generated_Source\\PSoC6\\pdl\\utilities\\retarget_i"
 1616      72617465 
 1616      645F536F 
 1616      75726365 
 1616      5C50536F 
 1617 05f7 6F5C7265 		.ascii	"o\\retarget.c\000"
 1617      74617267 
 1617      65742E63 
 1617      00
 1618              	.LASF59:
 1619 0604 6374726C 		.ascii	"ctrl\000"
 1619      00
 1620              	.LASF67:
 1621 0609 696E7472 		.ascii	"intrMask\000"
 1621      4D61736B 
 1621      00
 1622              	.LASF69:
 1623 0612 72616E67 		.ascii	"rangeIntrMask\000"
 1623      65496E74 
 1623      724D6173 
 1623      6B00
 1624              	.LASF75:
 1625 0620 6368616E 		.ascii	"channelBase\000"
 1625      6E656C42 
 1625      61736500 
 1626              		.ident	"GCC: (GNU Tools for ARM Embedded Processors) 5.4.1 20160609 (release) [ARM/embedded-5-bran
